;  LST file generated by mikroListExporter - v.2.0 
; Date/Time: 2/08/2018 9:38:07 a. m.
;----------------------------------------------

;Address Opcode 	ASM
0x0000	0xF003EF64  	GOTO        1736
0x0004	0x0000      	NOP
0x0006	0x0000      	NOP
0x0008	0xF000EF00  	GOTO        0
0x000C	0x0000      	NOP
0x000E	0x0000      	NOP
0x0010	0x0000      	NOP
0x0012	0x0000      	NOP
0x0014	0x0000      	NOP
0x0016	0x0000      	NOP
0x0018	0xD7F3      	BRA         0
_Delay_50us:
;__Lib_Delays.c,19 :: 		void Delay_50us() {
;__Lib_Delays.c,20 :: 		Delay_us(50);
0x001C	0x0E10      	MOVLW       16
0x001E	0x6E0D      	MOVWF       R13, 0
L_Delay_50us2:
0x0020	0x2E0D      	DECFSZ      R13, 1, 0
0x0022	0xD7FE      	BRA         L_Delay_50us2
0x0024	0x0000      	NOP
;__Lib_Delays.c,21 :: 		}
L_end_Delay_50us:
0x0026	0x0012      	RETURN      0
; end of _Delay_50us
_Delay_5500us:
;__Lib_Delays.c,31 :: 		void Delay_5500us() {
;__Lib_Delays.c,32 :: 		Delay_us(5500);
0x0028	0x0E08      	MOVLW       8
0x002A	0x6E0C      	MOVWF       R12, 0
0x002C	0x0E23      	MOVLW       35
0x002E	0x6E0D      	MOVWF       R13, 0
L_Delay_5500us5:
0x0030	0x2E0D      	DECFSZ      R13, 1, 0
0x0032	0xD7FE      	BRA         L_Delay_5500us5
0x0034	0x2E0C      	DECFSZ      R12, 1, 0
0x0036	0xD7FC      	BRA         L_Delay_5500us5
;__Lib_Delays.c,33 :: 		}
L_end_Delay_5500us:
0x0038	0x0012      	RETURN      0
; end of _Delay_5500us
_Delay_1us:
;__Lib_Delays.c,7 :: 		void Delay_1us() {
;__Lib_Delays.c,8 :: 		Delay_us(1);
0x003A	0x0000      	NOP
;__Lib_Delays.c,9 :: 		}
L_end_Delay_1us:
0x003C	0x0012      	RETURN      0
; end of _Delay_1us
_Lcd_Cmd:
;__Lib_Lcd.c,18 :: 		
;__Lib_Lcd.c,20 :: 		
0x003E	0xBE49      	BTFSC       FARG_Lcd_Cmd_out_char, 7 
0x0040	0xD002      	BRA         L__Lcd_Cmd21
0x0042	0x9481      	BCF         LCD_D7, BitPos(LCD_D7+0) 
0x0044	0xD001      	BRA         L__Lcd_Cmd22
L__Lcd_Cmd21:
0x0046	0x8481      	BSF         LCD_D7, BitPos(LCD_D7+0) 
L__Lcd_Cmd22:
;__Lib_Lcd.c,21 :: 		
0x0048	0xBC49      	BTFSC       FARG_Lcd_Cmd_out_char, 6 
0x004A	0xD002      	BRA         L__Lcd_Cmd23
0x004C	0x9681      	BCF         LCD_D6, BitPos(LCD_D6+0) 
0x004E	0xD001      	BRA         L__Lcd_Cmd24
L__Lcd_Cmd23:
0x0050	0x8681      	BSF         LCD_D6, BitPos(LCD_D6+0) 
L__Lcd_Cmd24:
;__Lib_Lcd.c,22 :: 		
0x0052	0xBA49      	BTFSC       FARG_Lcd_Cmd_out_char, 5 
0x0054	0xD002      	BRA         L__Lcd_Cmd25
0x0056	0x9881      	BCF         LCD_D5, BitPos(LCD_D5+0) 
0x0058	0xD001      	BRA         L__Lcd_Cmd26
L__Lcd_Cmd25:
0x005A	0x8881      	BSF         LCD_D5, BitPos(LCD_D5+0) 
L__Lcd_Cmd26:
;__Lib_Lcd.c,23 :: 		
0x005C	0xB849      	BTFSC       FARG_Lcd_Cmd_out_char, 4 
0x005E	0xD002      	BRA         L__Lcd_Cmd27
0x0060	0x9A81      	BCF         LCD_D4, BitPos(LCD_D4+0) 
0x0062	0xD001      	BRA         L__Lcd_Cmd28
L__Lcd_Cmd27:
0x0064	0x8A81      	BSF         LCD_D4, BitPos(LCD_D4+0) 
L__Lcd_Cmd28:
;__Lib_Lcd.c,25 :: 		
0x0066	0xB039      	BTFSC       __Lib_Lcd_cmd_status, BitPos(__Lib_Lcd_cmd_status+0) 
0x0068	0xD002      	BRA         L__Lcd_Cmd29
0x006A	0x8E81      	BSF         LCD_RS, BitPos(LCD_RS+0) 
0x006C	0xD001      	BRA         L__Lcd_Cmd30
L__Lcd_Cmd29:
0x006E	0x9E81      	BCF         LCD_RS, BitPos(LCD_RS+0) 
L__Lcd_Cmd30:
;__Lib_Lcd.c,28 :: 		
0x0070	0x8C81      	BSF         LCD_EN, BitPos(LCD_EN+0) 
;__Lib_Lcd.c,29 :: 		
0x0072	0xDFE3      	RCALL       _Delay_1us
;__Lib_Lcd.c,30 :: 		
0x0074	0x9C81      	BCF         LCD_EN, BitPos(LCD_EN+0) 
;__Lib_Lcd.c,33 :: 		
0x0076	0xB649      	BTFSC       FARG_Lcd_Cmd_out_char, 3 
0x0078	0xD002      	BRA         L__Lcd_Cmd31
0x007A	0x9481      	BCF         LCD_D7, BitPos(LCD_D7+0) 
0x007C	0xD001      	BRA         L__Lcd_Cmd32
L__Lcd_Cmd31:
0x007E	0x8481      	BSF         LCD_D7, BitPos(LCD_D7+0) 
L__Lcd_Cmd32:
;__Lib_Lcd.c,34 :: 		
0x0080	0xB449      	BTFSC       FARG_Lcd_Cmd_out_char, 2 
0x0082	0xD002      	BRA         L__Lcd_Cmd33
0x0084	0x9681      	BCF         LCD_D6, BitPos(LCD_D6+0) 
0x0086	0xD001      	BRA         L__Lcd_Cmd34
L__Lcd_Cmd33:
0x0088	0x8681      	BSF         LCD_D6, BitPos(LCD_D6+0) 
L__Lcd_Cmd34:
;__Lib_Lcd.c,35 :: 		
0x008A	0xB249      	BTFSC       FARG_Lcd_Cmd_out_char, 1 
0x008C	0xD002      	BRA         L__Lcd_Cmd35
0x008E	0x9881      	BCF         LCD_D5, BitPos(LCD_D5+0) 
0x0090	0xD001      	BRA         L__Lcd_Cmd36
L__Lcd_Cmd35:
0x0092	0x8881      	BSF         LCD_D5, BitPos(LCD_D5+0) 
L__Lcd_Cmd36:
;__Lib_Lcd.c,36 :: 		
0x0094	0xB049      	BTFSC       FARG_Lcd_Cmd_out_char, 0 
0x0096	0xD002      	BRA         L__Lcd_Cmd37
0x0098	0x9A81      	BCF         LCD_D4, BitPos(LCD_D4+0) 
0x009A	0xD001      	BRA         L__Lcd_Cmd38
L__Lcd_Cmd37:
0x009C	0x8A81      	BSF         LCD_D4, BitPos(LCD_D4+0) 
L__Lcd_Cmd38:
;__Lib_Lcd.c,38 :: 		
0x009E	0xB039      	BTFSC       __Lib_Lcd_cmd_status, BitPos(__Lib_Lcd_cmd_status+0) 
0x00A0	0xD002      	BRA         L__Lcd_Cmd39
0x00A2	0x8E81      	BSF         LCD_RS, BitPos(LCD_RS+0) 
0x00A4	0xD001      	BRA         L__Lcd_Cmd40
L__Lcd_Cmd39:
0x00A6	0x9E81      	BCF         LCD_RS, BitPos(LCD_RS+0) 
L__Lcd_Cmd40:
;__Lib_Lcd.c,40 :: 		
0x00A8	0x8C81      	BSF         LCD_EN, BitPos(LCD_EN+0) 
;__Lib_Lcd.c,41 :: 		
0x00AA	0xDFC7      	RCALL       _Delay_1us
;__Lib_Lcd.c,42 :: 		
0x00AC	0x9C81      	BCF         LCD_EN, BitPos(LCD_EN+0) 
;__Lib_Lcd.c,44 :: 		
0x00AE	0xA039      	BTFSS       __Lib_Lcd_cmd_status, BitPos(__Lib_Lcd_cmd_status+0) 
0x00B0	0xD002      	BRA         L_Lcd_Cmd0
;__Lib_Lcd.c,45 :: 		
0x00B2	0xDFBA      	RCALL       _Delay_5500us
0x00B4	0xD001      	BRA         L_Lcd_Cmd1
L_Lcd_Cmd0:
;__Lib_Lcd.c,47 :: 		
0x00B6	0xDFB2      	RCALL       _Delay_50us
L_Lcd_Cmd1:
;__Lib_Lcd.c,48 :: 		
L_end_Lcd_Cmd:
0x00B8	0x0012      	RETURN      0
; end of _Lcd_Cmd
_Keypad_Key_Press:
;__Lib_Keypad4x4.c,39 :: 		
;__Lib_Keypad4x4.c,43 :: 		
0x00BA	0x6A44      	CLRF        Keypad_Key_Press_rslt_L0 
;__Lib_Keypad4x4.c,44 :: 		
0x00BC	0x6A46      	CLRF        Keypad_Key_Press_loc_L0 
;__Lib_Keypad4x4.c,45 :: 		
0x00BE	0x6A47      	CLRF        Keypad_Key_Press_rowcnt_L0 
;__Lib_Keypad4x4.c,46 :: 		
0x00C0	0x0E10      	MOVLW       16
0x00C2	0x6E48      	MOVWF       Keypad_Key_Press_shifter_L0 
;__Lib_Keypad4x4.c,48 :: 		
L_Keypad_Key_Press0:
0x00C4	0x0E04      	MOVLW       4
0x00C6	0x5C47      	SUBWF       Keypad_Key_Press_rowcnt_L0, 0 
0x00C8	0xE229      	BC          L_Keypad_Key_Press1
;__Lib_Keypad4x4.c,50 :: 		
0x00CA	0x0EF0      	MOVLW       240
0x00CC	0x6E83      	MOVWF       keypadPort 
;__Lib_Keypad4x4.c,51 :: 		
0x00CE	0x0E12      	MOVLW       18
0x00D0	0x6E00      	MOVWF       R0 
0x00D2	0x0E00      	MOVLW       0
0x00D4	0x6E01      	MOVWF       R1 
0x00D6	0x0E83      	MOVLW       keypadPort
0x00D8	0x2400      	ADDWF       R0, 0 
0x00DA	0x6EE1      	MOVWF       FSR1L 
0x00DC	0x0E0F      	MOVLW       hi_addr(keypadPort)
0x00DE	0x2001      	ADDWFC      R1, 0 
0x00E0	0x6EE2      	MOVWF       FSR1H 
0x00E2	0x1C48      	COMF        Keypad_Key_Press_shifter_L0, 0 
0x00E4	0x6E00      	MOVWF       R0 
0x00E6	0xFFE6C000  	MOVFF       R0, POSTINC1
;__Lib_Keypad4x4.c,55 :: 		
0x00EA	0xDFA7      	RCALL       _Delay_1us
;__Lib_Keypad4x4.c,56 :: 		
0x00EC	0xDFA6      	RCALL       _Delay_1us
;__Lib_Keypad4x4.c,57 :: 		
0x00EE	0x0E0F      	MOVLW       15
0x00F0	0x1483      	ANDWF       keypadPort, 0 
0x00F2	0x6E00      	MOVWF       R0 
0x00F4	0xF045C000  	MOVFF       R0, Keypad_Key_Press_kdata_L0
;__Lib_Keypad4x4.c,58 :: 		
0x00F8	0x5200      	MOVF        R0, 1 
0x00FA	0xE00A      	BZ          L_Keypad_Key_Press2
;__Lib_Keypad4x4.c,60 :: 		
0x00FC	0xF044C046  	MOVFF       Keypad_Key_Press_loc_L0, Keypad_Key_Press_rslt_L0
;__Lib_Keypad4x4.c,61 :: 		
L_Keypad_Key_Press3:
0x0100	0x5245      	MOVF        Keypad_Key_Press_kdata_L0, 1 
0x0102	0xE004      	BZ          L_Keypad_Key_Press4
;__Lib_Keypad4x4.c,62 :: 		
0x0104	0x3245      	RRCF        Keypad_Key_Press_kdata_L0, 1 
0x0106	0x9E45      	BCF         Keypad_Key_Press_kdata_L0, 7 
;__Lib_Keypad4x4.c,63 :: 		
0x0108	0x2A44      	INCF        Keypad_Key_Press_rslt_L0, 1 
;__Lib_Keypad4x4.c,64 :: 		
0x010A	0xD7FA      	BRA         L_Keypad_Key_Press3
L_Keypad_Key_Press4:
;__Lib_Keypad4x4.c,66 :: 		
0x010C	0x0E04      	MOVLW       4
0x010E	0x6E47      	MOVWF       Keypad_Key_Press_rowcnt_L0 
;__Lib_Keypad4x4.c,67 :: 		
L_Keypad_Key_Press2:
;__Lib_Keypad4x4.c,68 :: 		
0x0110	0x3648      	RLCF        Keypad_Key_Press_shifter_L0, 1 
0x0112	0x9048      	BCF         Keypad_Key_Press_shifter_L0, 0 
;__Lib_Keypad4x4.c,69 :: 		
0x0114	0x0E04      	MOVLW       4
0x0116	0x2646      	ADDWF       Keypad_Key_Press_loc_L0, 1 
;__Lib_Keypad4x4.c,70 :: 		
0x0118	0x2A47      	INCF        Keypad_Key_Press_rowcnt_L0, 1 
;__Lib_Keypad4x4.c,71 :: 		
0x011A	0xD7D4      	BRA         L_Keypad_Key_Press0
L_Keypad_Key_Press1:
;__Lib_Keypad4x4.c,73 :: 		
0x011C	0xF000C044  	MOVFF       Keypad_Key_Press_rslt_L0, R0
;__Lib_Keypad4x4.c,74 :: 		
L_end_Keypad_Key_Press:
0x0120	0x0012      	RETURN      0
; end of _Keypad_Key_Press
_Lcd_Chr_CP:
;__Lib_Lcd.c,50 :: 		
;__Lib_Lcd.c,52 :: 		
0x0122	0x9039      	BCF         __Lib_Lcd_cmd_status, BitPos(__Lib_Lcd_cmd_status+0) 
;__Lib_Lcd.c,53 :: 		
0x0124	0xF049C044  	MOVFF       FARG_Lcd_Chr_CP_out_char, FARG_Lcd_Cmd_out_char
0x0128	0xDF8A      	RCALL       _Lcd_Cmd
;__Lib_Lcd.c,54 :: 		
0x012A	0x8039      	BSF         __Lib_Lcd_cmd_status, BitPos(__Lib_Lcd_cmd_status+0) 
;__Lib_Lcd.c,55 :: 		
L_end_Lcd_Chr_CP:
0x012C	0x0012      	RETURN      0
; end of _Lcd_Chr_CP
_isdigit:
;__Lib_CType.c,23 :: 		
;__Lib_CType.c,24 :: 		
0x012E	0x5044      	MOVF        FARG_isdigit_character, 0 
0x0130	0x0839      	SUBLW       57
0x0132	0xE306      	BNC         L_isdigit9
0x0134	0x0E30      	MOVLW       48
0x0136	0x5C44      	SUBWF       FARG_isdigit_character, 0 
0x0138	0xE303      	BNC         L_isdigit9
0x013A	0x0E01      	MOVLW       1
0x013C	0x6E00      	MOVWF       R0 
0x013E	0xD001      	BRA         L_isdigit8
L_isdigit9:
0x0140	0x6A00      	CLRF        R0 
L_isdigit8:
;__Lib_CType.c,25 :: 		
L_end_isdigit:
0x0142	0x0012      	RETURN      0
; end of _isdigit
_Mul_16X16_U:
;__Lib_Math.c,440 :: 		
;__Lib_Math.c,447 :: 		
0x0144	0x6A0B      	CLRF        R11, 0
;__Lib_Math.c,448 :: 		
0x0146	0x6A0A      	CLRF        R10, 0
;__Lib_Math.c,449 :: 		
0x0148	0x6A09      	CLRF        R9, 0
;__Lib_Math.c,450 :: 		
0x014A	0x5000      	MOVF        R0, 0, 0
;__Lib_Math.c,451 :: 		
0x014C	0x0204      	MULWF       R4, 0
;__Lib_Math.c,453 :: 		
0x014E	0xF009CFF4  	MOVFF       PRODH, R9
;__Lib_Math.c,454 :: 		
0x0152	0xF008CFF3  	MOVFF       PRODL, R8
;__Lib_Math.c,455 :: 		
0x0156	0x5001      	MOVF        R1, 0, 0
;__Lib_Math.c,456 :: 		
0x0158	0x0205      	MULWF       R5, 0
;__Lib_Math.c,458 :: 		
0x015A	0xF00BCFF4  	MOVFF       PRODH, R11
;__Lib_Math.c,459 :: 		
0x015E	0xF00ACFF3  	MOVFF       PRODL, R10
;__Lib_Math.c,460 :: 		
0x0162	0x5000      	MOVF        R0, 0, 0
;__Lib_Math.c,461 :: 		
0x0164	0x0205      	MULWF       R5, 0
;__Lib_Math.c,463 :: 		
0x0166	0x50F3      	MOVF        PRODL, 0, 0
;__Lib_Math.c,464 :: 		
0x0168	0x2609      	ADDWF       R9, 1, 0
;__Lib_Math.c,465 :: 		
0x016A	0x50F4      	MOVF        PRODH, 0, 0
;__Lib_Math.c,466 :: 		
0x016C	0x220A      	ADDWFC      R10, 1, 0
;__Lib_Math.c,467 :: 		
0x016E	0x6AE8      	CLRF        WREG, 0
;__Lib_Math.c,468 :: 		
0x0170	0x220B      	ADDWFC      R11, 1, 0
;__Lib_Math.c,469 :: 		
0x0172	0x5001      	MOVF        R1, 0, 0
;__Lib_Math.c,470 :: 		
0x0174	0x0204      	MULWF       R4, 0
;__Lib_Math.c,472 :: 		
0x0176	0x50F3      	MOVF        PRODL, 0, 0
;__Lib_Math.c,473 :: 		
0x0178	0x2609      	ADDWF       R9, 1, 0
;__Lib_Math.c,474 :: 		
0x017A	0x50F4      	MOVF        PRODH, 0, 0
;__Lib_Math.c,475 :: 		
0x017C	0x220A      	ADDWFC      R10, 1, 0
;__Lib_Math.c,476 :: 		
0x017E	0x6AE8      	CLRF        WREG, 0
;__Lib_Math.c,477 :: 		
0x0180	0x220B      	ADDWFC      R11, 1, 0
;__Lib_Math.c,479 :: 		
0x0182	0xF000C008  	MOVFF       R8, R0
;__Lib_Math.c,480 :: 		
0x0186	0xF001C009  	MOVFF       R9, R1
;__Lib_Math.c,481 :: 		
0x018A	0xF002C00A  	MOVFF       R10, R2
;__Lib_Math.c,482 :: 		
0x018E	0xF003C00B  	MOVFF       R11, R3
;__Lib_Math.c,485 :: 		
L_end_Mul_16X16_U:
0x0192	0x0012      	RETURN      0
; end of _Mul_16X16_U
_atoi:
;__Lib_CStdlib.c,181 :: 		
;__Lib_CStdlib.c,186 :: 		
___atoi_skipws_atoi:
;__Lib_CStdlib.c,187 :: 		
0x0194	0xFFE9C03C  	MOVFF       FARG_atoi_s, FSR0L
0x0198	0xFFEAC03D  	MOVFF       FARG_atoi_s+1, FSR0H
0x019C	0xF03ECFEE  	MOVFF       POSTINC0, atoi_c_L0
0x01A0	0x0E00      	MOVLW       0
0x01A2	0x6E3F      	MOVWF       atoi_c_L0+1 
0x01A4	0x0E00      	MOVLW       0
0x01A6	0x6E3F      	MOVWF       atoi_c_L0+1 
;__Lib_CStdlib.c,188 :: 		
0x01A8	0x0E00      	MOVLW       0
0x01AA	0x183F      	XORWF       atoi_c_L0+1, 0 
0x01AC	0xE102      	BNZ         L__atoi101
0x01AE	0x0E20      	MOVLW       32
0x01B0	0x183E      	XORWF       atoi_c_L0, 0 
L__atoi101:
0x01B2	0xE007      	BZ          L__atoi90
0x01B4	0x0E00      	MOVLW       0
0x01B6	0x183F      	XORWF       atoi_c_L0+1, 0 
0x01B8	0xE102      	BNZ         L__atoi102
0x01BA	0x0E09      	MOVLW       9
0x01BC	0x183E      	XORWF       atoi_c_L0, 0 
L__atoi102:
0x01BE	0xE001      	BZ          L__atoi90
0x01C0	0xD003      	BRA         L_atoi55
L__atoi90:
;__Lib_CStdlib.c,189 :: 		
0x01C2	0x4A3C      	INFSNZ      FARG_atoi_s, 1 
0x01C4	0x2A3D      	INCF        FARG_atoi_s+1, 1 
;__Lib_CStdlib.c,190 :: 		
0x01C6	0xD7E6      	BRA         ___atoi_skipws_atoi
;__Lib_CStdlib.c,191 :: 		
L_atoi55:
;__Lib_CStdlib.c,192 :: 		
0x01C8	0x6A40      	CLRF        atoi_a_L0 
0x01CA	0x6A41      	CLRF        atoi_a_L0+1 
;__Lib_CStdlib.c,193 :: 		
0x01CC	0x6A42      	CLRF        atoi_sign_L0 
0x01CE	0x6A43      	CLRF        atoi_sign_L0+1 
;__Lib_CStdlib.c,194 :: 		
0x01D0	0x0E00      	MOVLW       0
0x01D2	0x183F      	XORWF       atoi_c_L0+1, 0 
0x01D4	0xE102      	BNZ         L__atoi103
0x01D6	0x0E2D      	MOVLW       45
0x01D8	0x183E      	XORWF       atoi_c_L0, 0 
L__atoi103:
0x01DA	0xE105      	BNZ         L_atoi56
;__Lib_CStdlib.c,195 :: 		
0x01DC	0x4A42      	INFSNZ      atoi_sign_L0, 1 
0x01DE	0x2A43      	INCF        atoi_sign_L0+1, 1 
;__Lib_CStdlib.c,196 :: 		
0x01E0	0x4A3C      	INFSNZ      FARG_atoi_s, 1 
0x01E2	0x2A3D      	INCF        FARG_atoi_s+1, 1 
;__Lib_CStdlib.c,197 :: 		
0x01E4	0xD008      	BRA         L_atoi57
L_atoi56:
;__Lib_CStdlib.c,199 :: 		
0x01E6	0x0E00      	MOVLW       0
0x01E8	0x183F      	XORWF       atoi_c_L0+1, 0 
0x01EA	0xE102      	BNZ         L__atoi104
0x01EC	0x0E2B      	MOVLW       43
0x01EE	0x183E      	XORWF       atoi_c_L0, 0 
L__atoi104:
0x01F0	0xE102      	BNZ         L_atoi58
;__Lib_CStdlib.c,200 :: 		
0x01F2	0x4A3C      	INFSNZ      FARG_atoi_s, 1 
0x01F4	0x2A3D      	INCF        FARG_atoi_s+1, 1 
L_atoi58:
L_atoi57:
;__Lib_CStdlib.c,201 :: 		
___atoi_conv_atoi:
;__Lib_CStdlib.c,202 :: 		
0x01F6	0xFFE9C03C  	MOVFF       FARG_atoi_s, FSR0L
0x01FA	0xFFEAC03D  	MOVFF       FARG_atoi_s+1, FSR0H
0x01FE	0xF03ECFEE  	MOVFF       POSTINC0, atoi_c_L0
0x0202	0x0E00      	MOVLW       0
0x0204	0x6E3F      	MOVWF       atoi_c_L0+1 
0x0206	0x0E00      	MOVLW       0
0x0208	0x6E3F      	MOVWF       atoi_c_L0+1 
;__Lib_CStdlib.c,203 :: 		
0x020A	0xF044C03E  	MOVFF       atoi_c_L0, FARG_isdigit_character
0x020E	0xDF8F      	RCALL       _isdigit
0x0210	0x5200      	MOVF        R0, 1 
0x0212	0xE018      	BZ          L_atoi59
;__Lib_CStdlib.c,204 :: 		
0x0214	0xF000C040  	MOVFF       atoi_a_L0, R0
0x0218	0xF001C041  	MOVFF       atoi_a_L0+1, R1
0x021C	0x0E0A      	MOVLW       10
0x021E	0x6E04      	MOVWF       R4 
0x0220	0x0E00      	MOVLW       0
0x0222	0x6E05      	MOVWF       R5 
0x0224	0xDF8F      	RCALL       _Mul_16X16_U
0x0226	0x0E30      	MOVLW       48
0x0228	0x5C3E      	SUBWF       atoi_c_L0, 0 
0x022A	0x6E02      	MOVWF       R2 
0x022C	0x0E00      	MOVLW       0
0x022E	0x583F      	SUBWFB      atoi_c_L0+1, 0 
0x0230	0x6E03      	MOVWF       R3 
0x0232	0x5002      	MOVF        R2, 0 
0x0234	0x2400      	ADDWF       R0, 0 
0x0236	0x6E40      	MOVWF       atoi_a_L0 
0x0238	0x5003      	MOVF        R3, 0 
0x023A	0x2001      	ADDWFC      R1, 0 
0x023C	0x6E41      	MOVWF       atoi_a_L0+1 
;__Lib_CStdlib.c,205 :: 		
0x023E	0x4A3C      	INFSNZ      FARG_atoi_s, 1 
0x0240	0x2A3D      	INCF        FARG_atoi_s+1, 1 
;__Lib_CStdlib.c,206 :: 		
0x0242	0xD7D9      	BRA         ___atoi_conv_atoi
;__Lib_CStdlib.c,207 :: 		
L_atoi59:
;__Lib_CStdlib.c,208 :: 		
0x0244	0x5042      	MOVF        atoi_sign_L0, 0 
0x0246	0x1043      	IORWF       atoi_sign_L0+1, 0 
0x0248	0xE008      	BZ          L_atoi60
;__Lib_CStdlib.c,209 :: 		
0x024A	0x5040      	MOVF        atoi_a_L0, 0 
0x024C	0x0800      	SUBLW       0
0x024E	0x6E00      	MOVWF       R0 
0x0250	0xF001C041  	MOVFF       atoi_a_L0+1, R1
0x0254	0x0E00      	MOVLW       0
0x0256	0x5601      	SUBFWB      R1, 1 
0x0258	0xD004      	BRA         L_end_atoi
L_atoi60:
;__Lib_CStdlib.c,210 :: 		
0x025A	0xF000C040  	MOVFF       atoi_a_L0, R0
0x025E	0xF001C041  	MOVFF       atoi_a_L0+1, R1
;__Lib_CStdlib.c,211 :: 		
L_end_atoi:
0x0262	0x0012      	RETURN      0
; end of _atoi
_Lcd_Chr:
;__Lib_Lcd.c,65 :: 		
;__Lib_Lcd.c,66 :: 		
0x0264	0xD00F      	BRA         L_Lcd_Chr4
;__Lib_Lcd.c,67 :: 		
L_Lcd_Chr6:
0x0266	0x0E80      	MOVLW       128
0x0268	0x6E3C      	MOVWF       FARG_Lcd_Chr_row 
0x026A	0xD019      	BRA         L_Lcd_Chr5
;__Lib_Lcd.c,68 :: 		
L_Lcd_Chr7:
0x026C	0x0EC0      	MOVLW       192
0x026E	0x6E3C      	MOVWF       FARG_Lcd_Chr_row 
0x0270	0xD016      	BRA         L_Lcd_Chr5
;__Lib_Lcd.c,69 :: 		
L_Lcd_Chr8:
0x0272	0x0E94      	MOVLW       148
0x0274	0x6E3C      	MOVWF       FARG_Lcd_Chr_row 
0x0276	0xD013      	BRA         L_Lcd_Chr5
;__Lib_Lcd.c,70 :: 		
L_Lcd_Chr9:
0x0278	0x0ED4      	MOVLW       212
0x027A	0x6E3C      	MOVWF       FARG_Lcd_Chr_row 
0x027C	0xD010      	BRA         L_Lcd_Chr5
;__Lib_Lcd.c,71 :: 		
L_Lcd_Chr10:
0x027E	0x0E80      	MOVLW       128
0x0280	0x6E3C      	MOVWF       FARG_Lcd_Chr_row 
;__Lib_Lcd.c,72 :: 		
0x0282	0xD00D      	BRA         L_Lcd_Chr5
L_Lcd_Chr4:
0x0284	0x503C      	MOVF        FARG_Lcd_Chr_row, 0 
0x0286	0x0A01      	XORLW       1
0x0288	0xE0EE      	BZ          L_Lcd_Chr6
0x028A	0x503C      	MOVF        FARG_Lcd_Chr_row, 0 
0x028C	0x0A02      	XORLW       2
0x028E	0xE0EE      	BZ          L_Lcd_Chr7
0x0290	0x503C      	MOVF        FARG_Lcd_Chr_row, 0 
0x0292	0x0A03      	XORLW       3
0x0294	0xE0EE      	BZ          L_Lcd_Chr8
0x0296	0x503C      	MOVF        FARG_Lcd_Chr_row, 0 
0x0298	0x0A04      	XORLW       4
0x029A	0xE0EE      	BZ          L_Lcd_Chr9
0x029C	0xD7F0      	BRA         L_Lcd_Chr10
L_Lcd_Chr5:
;__Lib_Lcd.c,74 :: 		
0x029E	0x043D      	DECF        FARG_Lcd_Chr_column, 0 
0x02A0	0x6E00      	MOVWF       R0 
0x02A2	0x503C      	MOVF        FARG_Lcd_Chr_row, 0 
0x02A4	0x2600      	ADDWF       R0, 1 
0x02A6	0xF03CC000  	MOVFF       R0, FARG_Lcd_Chr_row
;__Lib_Lcd.c,76 :: 		
0x02AA	0x8039      	BSF         __Lib_Lcd_cmd_status, BitPos(__Lib_Lcd_cmd_status+0) 
;__Lib_Lcd.c,77 :: 		
0x02AC	0xF049C000  	MOVFF       R0, FARG_Lcd_Cmd_out_char
0x02B0	0xDEC6      	RCALL       _Lcd_Cmd
;__Lib_Lcd.c,79 :: 		
0x02B2	0x9039      	BCF         __Lib_Lcd_cmd_status, BitPos(__Lib_Lcd_cmd_status+0) 
;__Lib_Lcd.c,80 :: 		
0x02B4	0xF049C03E  	MOVFF       FARG_Lcd_Chr_out_char, FARG_Lcd_Cmd_out_char
0x02B8	0xDEC2      	RCALL       _Lcd_Cmd
;__Lib_Lcd.c,81 :: 		
0x02BA	0x8039      	BSF         __Lib_Lcd_cmd_status, BitPos(__Lib_Lcd_cmd_status+0) 
;__Lib_Lcd.c,82 :: 		
L_end_Lcd_Chr:
0x02BC	0x0012      	RETURN      0
; end of _Lcd_Chr
_teclado_deco:
;TECLADO2018.c,34 :: 		char teclado_deco()
;TECLADO2018.c,36 :: 		char tec=0;
0x02BE	0x6A3C      	CLRF        teclado_deco_tec_L0 
;TECLADO2018.c,37 :: 		tec = Keypad_Key_Press();     //mejor
0x02C0	0xDEFC      	RCALL       _Keypad_Key_Press
0x02C2	0xF03CC000  	MOVFF       R0, teclado_deco_tec_L0
;TECLADO2018.c,38 :: 		if (tec!=0)
0x02C6	0x5000      	MOVF        R0, 0 
0x02C8	0x0A00      	XORLW       0
0x02CA	0xB4D8      	BTFSC       STATUS, 2 
0x02CC	0xD064      	BRA         L_teclado_deco0
;TECLADO2018.c,40 :: 		switch (tec)
0x02CE	0xD030      	BRA         L_teclado_deco1
;TECLADO2018.c,42 :: 		case 1:tec='7';break;
L_teclado_deco3:
0x02D0	0x0E37      	MOVLW       55
0x02D2	0x6E3C      	MOVWF       teclado_deco_tec_L0 
0x02D4	0xD05D      	BRA         L_teclado_deco2
;TECLADO2018.c,43 :: 		case 2:tec='8';break;
L_teclado_deco4:
0x02D6	0x0E38      	MOVLW       56
0x02D8	0x6E3C      	MOVWF       teclado_deco_tec_L0 
0x02DA	0xD05A      	BRA         L_teclado_deco2
;TECLADO2018.c,44 :: 		case 3:tec='9';break;
L_teclado_deco5:
0x02DC	0x0E39      	MOVLW       57
0x02DE	0x6E3C      	MOVWF       teclado_deco_tec_L0 
0x02E0	0xD057      	BRA         L_teclado_deco2
;TECLADO2018.c,45 :: 		case 4:tec='/';break;
L_teclado_deco6:
0x02E2	0x0E2F      	MOVLW       47
0x02E4	0x6E3C      	MOVWF       teclado_deco_tec_L0 
0x02E6	0xD054      	BRA         L_teclado_deco2
;TECLADO2018.c,46 :: 		case 5:tec='4';break;
L_teclado_deco7:
0x02E8	0x0E34      	MOVLW       52
0x02EA	0x6E3C      	MOVWF       teclado_deco_tec_L0 
0x02EC	0xD051      	BRA         L_teclado_deco2
;TECLADO2018.c,47 :: 		case 6:tec='5';break;
L_teclado_deco8:
0x02EE	0x0E35      	MOVLW       53
0x02F0	0x6E3C      	MOVWF       teclado_deco_tec_L0 
0x02F2	0xD04E      	BRA         L_teclado_deco2
;TECLADO2018.c,48 :: 		case 7:tec='6';break;
L_teclado_deco9:
0x02F4	0x0E36      	MOVLW       54
0x02F6	0x6E3C      	MOVWF       teclado_deco_tec_L0 
0x02F8	0xD04B      	BRA         L_teclado_deco2
;TECLADO2018.c,49 :: 		case 8:tec='*';break;
L_teclado_deco10:
0x02FA	0x0E2A      	MOVLW       42
0x02FC	0x6E3C      	MOVWF       teclado_deco_tec_L0 
0x02FE	0xD048      	BRA         L_teclado_deco2
;TECLADO2018.c,50 :: 		case 9:tec='1';break;
L_teclado_deco11:
0x0300	0x0E31      	MOVLW       49
0x0302	0x6E3C      	MOVWF       teclado_deco_tec_L0 
0x0304	0xD045      	BRA         L_teclado_deco2
;TECLADO2018.c,51 :: 		case 10:tec='2';break;
L_teclado_deco12:
0x0306	0x0E32      	MOVLW       50
0x0308	0x6E3C      	MOVWF       teclado_deco_tec_L0 
0x030A	0xD042      	BRA         L_teclado_deco2
;TECLADO2018.c,52 :: 		case 11:tec='3';break;
L_teclado_deco13:
0x030C	0x0E33      	MOVLW       51
0x030E	0x6E3C      	MOVWF       teclado_deco_tec_L0 
0x0310	0xD03F      	BRA         L_teclado_deco2
;TECLADO2018.c,53 :: 		case 12:tec='-';break;
L_teclado_deco14:
0x0312	0x0E2D      	MOVLW       45
0x0314	0x6E3C      	MOVWF       teclado_deco_tec_L0 
0x0316	0xD03C      	BRA         L_teclado_deco2
;TECLADO2018.c,54 :: 		case 13:tec='E';break;
L_teclado_deco15:
0x0318	0x0E45      	MOVLW       69
0x031A	0x6E3C      	MOVWF       teclado_deco_tec_L0 
0x031C	0xD039      	BRA         L_teclado_deco2
;TECLADO2018.c,55 :: 		case 14:tec='0';break;
L_teclado_deco16:
0x031E	0x0E30      	MOVLW       48
0x0320	0x6E3C      	MOVWF       teclado_deco_tec_L0 
0x0322	0xD036      	BRA         L_teclado_deco2
;TECLADO2018.c,56 :: 		case 15:tec='=';break;
L_teclado_deco17:
0x0324	0x0E3D      	MOVLW       61
0x0326	0x6E3C      	MOVWF       teclado_deco_tec_L0 
0x0328	0xD033      	BRA         L_teclado_deco2
;TECLADO2018.c,57 :: 		case 16:tec='+';break;
L_teclado_deco18:
0x032A	0x0E2B      	MOVLW       43
0x032C	0x6E3C      	MOVWF       teclado_deco_tec_L0 
0x032E	0xD030      	BRA         L_teclado_deco2
;TECLADO2018.c,58 :: 		}//Fin del switch
L_teclado_deco1:
0x0330	0x503C      	MOVF        teclado_deco_tec_L0, 0 
0x0332	0x0A01      	XORLW       1
0x0334	0xE0CD      	BZ          L_teclado_deco3
0x0336	0x503C      	MOVF        teclado_deco_tec_L0, 0 
0x0338	0x0A02      	XORLW       2
0x033A	0xE0CD      	BZ          L_teclado_deco4
0x033C	0x503C      	MOVF        teclado_deco_tec_L0, 0 
0x033E	0x0A03      	XORLW       3
0x0340	0xE0CD      	BZ          L_teclado_deco5
0x0342	0x503C      	MOVF        teclado_deco_tec_L0, 0 
0x0344	0x0A04      	XORLW       4
0x0346	0xE0CD      	BZ          L_teclado_deco6
0x0348	0x503C      	MOVF        teclado_deco_tec_L0, 0 
0x034A	0x0A05      	XORLW       5
0x034C	0xE0CD      	BZ          L_teclado_deco7
0x034E	0x503C      	MOVF        teclado_deco_tec_L0, 0 
0x0350	0x0A06      	XORLW       6
0x0352	0xE0CD      	BZ          L_teclado_deco8
0x0354	0x503C      	MOVF        teclado_deco_tec_L0, 0 
0x0356	0x0A07      	XORLW       7
0x0358	0xE0CD      	BZ          L_teclado_deco9
0x035A	0x503C      	MOVF        teclado_deco_tec_L0, 0 
0x035C	0x0A08      	XORLW       8
0x035E	0xE0CD      	BZ          L_teclado_deco10
0x0360	0x503C      	MOVF        teclado_deco_tec_L0, 0 
0x0362	0x0A09      	XORLW       9
0x0364	0xE0CD      	BZ          L_teclado_deco11
0x0366	0x503C      	MOVF        teclado_deco_tec_L0, 0 
0x0368	0x0A0A      	XORLW       10
0x036A	0xE0CD      	BZ          L_teclado_deco12
0x036C	0x503C      	MOVF        teclado_deco_tec_L0, 0 
0x036E	0x0A0B      	XORLW       11
0x0370	0xE0CD      	BZ          L_teclado_deco13
0x0372	0x503C      	MOVF        teclado_deco_tec_L0, 0 
0x0374	0x0A0C      	XORLW       12
0x0376	0xE0CD      	BZ          L_teclado_deco14
0x0378	0x503C      	MOVF        teclado_deco_tec_L0, 0 
0x037A	0x0A0D      	XORLW       13
0x037C	0xE0CD      	BZ          L_teclado_deco15
0x037E	0x503C      	MOVF        teclado_deco_tec_L0, 0 
0x0380	0x0A0E      	XORLW       14
0x0382	0xE0CD      	BZ          L_teclado_deco16
0x0384	0x503C      	MOVF        teclado_deco_tec_L0, 0 
0x0386	0x0A0F      	XORLW       15
0x0388	0xE0CD      	BZ          L_teclado_deco17
0x038A	0x503C      	MOVF        teclado_deco_tec_L0, 0 
0x038C	0x0A10      	XORLW       16
0x038E	0xE0CD      	BZ          L_teclado_deco18
L_teclado_deco2:
;TECLADO2018.c,59 :: 		return (tec);
0x0390	0xF000C03C  	MOVFF       teclado_deco_tec_L0, R0
0x0394	0xD000      	BRA         L_end_teclado_deco
;TECLADO2018.c,61 :: 		}//si hay una tecla valida
L_teclado_deco0:
;TECLADO2018.c,63 :: 		}
L_end_teclado_deco:
0x0396	0x0012      	RETURN      0
; end of _teclado_deco
_Lcd_Out:
;__Lib_Lcd.c,184 :: 		
;__Lib_Lcd.c,187 :: 		
0x0398	0xD00F      	BRA         L_Lcd_Out11
;__Lib_Lcd.c,188 :: 		
L_Lcd_Out13:
0x039A	0x0E80      	MOVLW       128
0x039C	0x6E3C      	MOVWF       FARG_Lcd_Out_row 
0x039E	0xD019      	BRA         L_Lcd_Out12
;__Lib_Lcd.c,189 :: 		
L_Lcd_Out14:
0x03A0	0x0EC0      	MOVLW       192
0x03A2	0x6E3C      	MOVWF       FARG_Lcd_Out_row 
0x03A4	0xD016      	BRA         L_Lcd_Out12
;__Lib_Lcd.c,190 :: 		
L_Lcd_Out15:
0x03A6	0x0E94      	MOVLW       148
0x03A8	0x6E3C      	MOVWF       FARG_Lcd_Out_row 
0x03AA	0xD013      	BRA         L_Lcd_Out12
;__Lib_Lcd.c,191 :: 		
L_Lcd_Out16:
0x03AC	0x0ED4      	MOVLW       212
0x03AE	0x6E3C      	MOVWF       FARG_Lcd_Out_row 
0x03B0	0xD010      	BRA         L_Lcd_Out12
;__Lib_Lcd.c,192 :: 		
L_Lcd_Out17:
0x03B2	0x0E80      	MOVLW       128
0x03B4	0x6E3C      	MOVWF       FARG_Lcd_Out_row 
;__Lib_Lcd.c,193 :: 		
0x03B6	0xD00D      	BRA         L_Lcd_Out12
L_Lcd_Out11:
0x03B8	0x503C      	MOVF        FARG_Lcd_Out_row, 0 
0x03BA	0x0A01      	XORLW       1
0x03BC	0xE0EE      	BZ          L_Lcd_Out13
0x03BE	0x503C      	MOVF        FARG_Lcd_Out_row, 0 
0x03C0	0x0A02      	XORLW       2
0x03C2	0xE0EE      	BZ          L_Lcd_Out14
0x03C4	0x503C      	MOVF        FARG_Lcd_Out_row, 0 
0x03C6	0x0A03      	XORLW       3
0x03C8	0xE0EE      	BZ          L_Lcd_Out15
0x03CA	0x503C      	MOVF        FARG_Lcd_Out_row, 0 
0x03CC	0x0A04      	XORLW       4
0x03CE	0xE0EE      	BZ          L_Lcd_Out16
0x03D0	0xD7F0      	BRA         L_Lcd_Out17
L_Lcd_Out12:
;__Lib_Lcd.c,194 :: 		
0x03D2	0x043D      	DECF        FARG_Lcd_Out_column, 0 
0x03D4	0x6E00      	MOVWF       R0 
0x03D6	0x503C      	MOVF        FARG_Lcd_Out_row, 0 
0x03D8	0x2600      	ADDWF       R0, 1 
0x03DA	0xF03CC000  	MOVFF       R0, FARG_Lcd_Out_row
;__Lib_Lcd.c,196 :: 		
0x03DE	0xF049C000  	MOVFF       R0, FARG_Lcd_Cmd_out_char
0x03E2	0xDE2D      	RCALL       _Lcd_Cmd
;__Lib_Lcd.c,197 :: 		
0x03E4	0x9039      	BCF         __Lib_Lcd_cmd_status, BitPos(__Lib_Lcd_cmd_status+0) 
;__Lib_Lcd.c,198 :: 		
0x03E6	0x6A40      	CLRF        Lcd_Out_i_L0 
;__Lib_Lcd.c,199 :: 		
L_Lcd_Out18:
0x03E8	0x5040      	MOVF        Lcd_Out_i_L0, 0 
0x03EA	0x243E      	ADDWF       FARG_Lcd_Out_text, 0 
0x03EC	0x6EE9      	MOVWF       FSR0L 
0x03EE	0x0E00      	MOVLW       0
0x03F0	0x203F      	ADDWFC      FARG_Lcd_Out_text+1, 0 
0x03F2	0x6EEA      	MOVWF       FSR0H 
0x03F4	0x52EE      	MOVF        POSTINC0, 1 
0x03F6	0xE00B      	BZ          L_Lcd_Out19
;__Lib_Lcd.c,200 :: 		
0x03F8	0x5040      	MOVF        Lcd_Out_i_L0, 0 
0x03FA	0x243E      	ADDWF       FARG_Lcd_Out_text, 0 
0x03FC	0x6EE9      	MOVWF       FSR0L 
0x03FE	0x0E00      	MOVLW       0
0x0400	0x203F      	ADDWFC      FARG_Lcd_Out_text+1, 0 
0x0402	0x6EEA      	MOVWF       FSR0H 
0x0404	0xF044CFEE  	MOVFF       POSTINC0, FARG_Lcd_Chr_CP_out_char
0x0408	0xDE8C      	RCALL       _Lcd_Chr_CP
0x040A	0x2A40      	INCF        Lcd_Out_i_L0, 1 
0x040C	0xD7ED      	BRA         L_Lcd_Out18
L_Lcd_Out19:
;__Lib_Lcd.c,201 :: 		
0x040E	0x8039      	BSF         __Lib_Lcd_cmd_status, BitPos(__Lib_Lcd_cmd_status+0) 
;__Lib_Lcd.c,202 :: 		
L_end_Lcd_Out:
0x0410	0x0012      	RETURN      0
; end of _Lcd_Out
_teclado_estado:
;TECLADO2018.c,66 :: 		void teclado_estado()
;TECLADO2018.c,68 :: 		tecla=teclado_deco();
0x0412	0xDF55      	RCALL       _teclado_deco
0x0414	0xF038C000  	MOVFF       R0, _tecla
;TECLADO2018.c,70 :: 		switch (estado_teclado)
0x0418	0xD0CB      	BRA         L_teclado_estado19
;TECLADO2018.c,72 :: 		case n1:
L_teclado_estado21:
;TECLADO2018.c,74 :: 		if ( (tecla!=0)  && (isdigit(tecla)))
0x041A	0x5038      	MOVF        _tecla, 0 
0x041C	0x0A00      	XORLW       0
0x041E	0xE01D      	BZ          L_teclado_estado24
0x0420	0xF044C038  	MOVFF       _tecla, FARG_isdigit_character
0x0424	0xDE84      	RCALL       _isdigit
0x0426	0x5200      	MOVF        R0, 1 
0x0428	0xE018      	BZ          L_teclado_estado24
L__teclado_estado61:
;TECLADO2018.c,76 :: 		led1=1;
0x042A	0x8089      	BSF         LATA0_bit, BitPos(LATA0_bit+0) 
;TECLADO2018.c,77 :: 		retardo_cad[0]=tecla;
0x042C	0xF02EC038  	MOVFF       _tecla, _retardo_cad
;TECLADO2018.c,78 :: 		estado_teclado=n2;
0x0430	0x0E01      	MOVLW       1
0x0432	0x6E1C      	MOVWF       _estado_teclado 
;TECLADO2018.c,79 :: 		Lcd_Chr(2,8,tecla);
0x0434	0x0E02      	MOVLW       2
0x0436	0x6E3C      	MOVWF       FARG_Lcd_Chr_row 
0x0438	0x0E08      	MOVLW       8
0x043A	0x6E3D      	MOVWF       FARG_Lcd_Chr_column 
0x043C	0xF03EC038  	MOVFF       _tecla, FARG_Lcd_Chr_out_char
0x0440	0xDF11      	RCALL       _Lcd_Chr
;TECLADO2018.c,80 :: 		Delay_ms(400); // retardo antirrebote
0x0442	0x0E03      	MOVLW       3
0x0444	0x6E0B      	MOVWF       R11, 0
0x0446	0x0E08      	MOVLW       8
0x0448	0x6E0C      	MOVWF       R12, 0
0x044A	0x0E77      	MOVLW       119
0x044C	0x6E0D      	MOVWF       R13, 0
L_teclado_estado25:
0x044E	0x2E0D      	DECFSZ      R13, 1, 0
0x0450	0xD7FE      	BRA         L_teclado_estado25
0x0452	0x2E0C      	DECFSZ      R12, 1, 0
0x0454	0xD7FC      	BRA         L_teclado_estado25
0x0456	0x2E0B      	DECFSZ      R11, 1, 0
0x0458	0xD7FA      	BRA         L_teclado_estado25
;TECLADO2018.c,81 :: 		}
L_teclado_estado24:
;TECLADO2018.c,82 :: 		break;
0x045A	0xD0BC      	BRA         L_teclado_estado20
;TECLADO2018.c,86 :: 		case n2:
L_teclado_estado26:
;TECLADO2018.c,87 :: 		if ((tecla!=0)  && (isdigit(tecla)))
0x045C	0x5038      	MOVF        _tecla, 0 
0x045E	0x0A00      	XORLW       0
0x0460	0xE01C      	BZ          L_teclado_estado29
0x0462	0xF044C038  	MOVFF       _tecla, FARG_isdigit_character
0x0466	0xDE63      	RCALL       _isdigit
0x0468	0x5200      	MOVF        R0, 1 
0x046A	0xE017      	BZ          L_teclado_estado29
L__teclado_estado60:
;TECLADO2018.c,89 :: 		retardo_cad[1]=tecla;
0x046C	0xF02FC038  	MOVFF       _tecla, _retardo_cad+1
;TECLADO2018.c,90 :: 		estado_teclado=n3;
0x0470	0x0E02      	MOVLW       2
0x0472	0x6E1C      	MOVWF       _estado_teclado 
;TECLADO2018.c,91 :: 		Lcd_Chr(2,9,tecla);
0x0474	0x0E02      	MOVLW       2
0x0476	0x6E3C      	MOVWF       FARG_Lcd_Chr_row 
0x0478	0x0E09      	MOVLW       9
0x047A	0x6E3D      	MOVWF       FARG_Lcd_Chr_column 
0x047C	0xF03EC038  	MOVFF       _tecla, FARG_Lcd_Chr_out_char
0x0480	0xDEF1      	RCALL       _Lcd_Chr
;TECLADO2018.c,92 :: 		Delay_ms(400); // retardo antirrebote
0x0482	0x0E03      	MOVLW       3
0x0484	0x6E0B      	MOVWF       R11, 0
0x0486	0x0E08      	MOVLW       8
0x0488	0x6E0C      	MOVWF       R12, 0
0x048A	0x0E77      	MOVLW       119
0x048C	0x6E0D      	MOVWF       R13, 0
L_teclado_estado30:
0x048E	0x2E0D      	DECFSZ      R13, 1, 0
0x0490	0xD7FE      	BRA         L_teclado_estado30
0x0492	0x2E0C      	DECFSZ      R12, 1, 0
0x0494	0xD7FC      	BRA         L_teclado_estado30
0x0496	0x2E0B      	DECFSZ      R11, 1, 0
0x0498	0xD7FA      	BRA         L_teclado_estado30
;TECLADO2018.c,93 :: 		}
L_teclado_estado29:
;TECLADO2018.c,94 :: 		break;
0x049A	0xD09C      	BRA         L_teclado_estado20
;TECLADO2018.c,97 :: 		case n3:
L_teclado_estado31:
;TECLADO2018.c,99 :: 		if ((tecla!=0)  && (isdigit(tecla)))
0x049C	0x5038      	MOVF        _tecla, 0 
0x049E	0x0A00      	XORLW       0
0x04A0	0xE01C      	BZ          L_teclado_estado34
0x04A2	0xF044C038  	MOVFF       _tecla, FARG_isdigit_character
0x04A6	0xDE43      	RCALL       _isdigit
0x04A8	0x5200      	MOVF        R0, 1 
0x04AA	0xE017      	BZ          L_teclado_estado34
L__teclado_estado59:
;TECLADO2018.c,101 :: 		retardo_cad[2]=tecla;
0x04AC	0xF030C038  	MOVFF       _tecla, _retardo_cad+2
;TECLADO2018.c,102 :: 		estado_teclado=n4;
0x04B0	0x0E03      	MOVLW       3
0x04B2	0x6E1C      	MOVWF       _estado_teclado 
;TECLADO2018.c,103 :: 		Lcd_Chr(2,10,tecla);
0x04B4	0x0E02      	MOVLW       2
0x04B6	0x6E3C      	MOVWF       FARG_Lcd_Chr_row 
0x04B8	0x0E0A      	MOVLW       10
0x04BA	0x6E3D      	MOVWF       FARG_Lcd_Chr_column 
0x04BC	0xF03EC038  	MOVFF       _tecla, FARG_Lcd_Chr_out_char
0x04C0	0xDED1      	RCALL       _Lcd_Chr
;TECLADO2018.c,104 :: 		Delay_ms(400); // retardo antirrebote
0x04C2	0x0E03      	MOVLW       3
0x04C4	0x6E0B      	MOVWF       R11, 0
0x04C6	0x0E08      	MOVLW       8
0x04C8	0x6E0C      	MOVWF       R12, 0
0x04CA	0x0E77      	MOVLW       119
0x04CC	0x6E0D      	MOVWF       R13, 0
L_teclado_estado35:
0x04CE	0x2E0D      	DECFSZ      R13, 1, 0
0x04D0	0xD7FE      	BRA         L_teclado_estado35
0x04D2	0x2E0C      	DECFSZ      R12, 1, 0
0x04D4	0xD7FC      	BRA         L_teclado_estado35
0x04D6	0x2E0B      	DECFSZ      R11, 1, 0
0x04D8	0xD7FA      	BRA         L_teclado_estado35
;TECLADO2018.c,105 :: 		}
L_teclado_estado34:
;TECLADO2018.c,106 :: 		break;
0x04DA	0xD07C      	BRA         L_teclado_estado20
;TECLADO2018.c,109 :: 		case n4:
L_teclado_estado36:
;TECLADO2018.c,110 :: 		if ((tecla!=0)  && (isdigit(tecla)))
0x04DC	0x5038      	MOVF        _tecla, 0 
0x04DE	0x0A00      	XORLW       0
0x04E0	0xE01C      	BZ          L_teclado_estado39
0x04E2	0xF044C038  	MOVFF       _tecla, FARG_isdigit_character
0x04E6	0xDE23      	RCALL       _isdigit
0x04E8	0x5200      	MOVF        R0, 1 
0x04EA	0xE017      	BZ          L_teclado_estado39
L__teclado_estado58:
;TECLADO2018.c,112 :: 		retardo_cad[3]=tecla;
0x04EC	0xF031C038  	MOVFF       _tecla, _retardo_cad+3
;TECLADO2018.c,113 :: 		estado_teclado=en;
0x04F0	0x0E04      	MOVLW       4
0x04F2	0x6E1C      	MOVWF       _estado_teclado 
;TECLADO2018.c,114 :: 		Lcd_Chr(2,11,tecla);
0x04F4	0x0E02      	MOVLW       2
0x04F6	0x6E3C      	MOVWF       FARG_Lcd_Chr_row 
0x04F8	0x0E0B      	MOVLW       11
0x04FA	0x6E3D      	MOVWF       FARG_Lcd_Chr_column 
0x04FC	0xF03EC038  	MOVFF       _tecla, FARG_Lcd_Chr_out_char
0x0500	0xDEB1      	RCALL       _Lcd_Chr
;TECLADO2018.c,115 :: 		Delay_ms(400); // retardo antirrebote
0x0502	0x0E03      	MOVLW       3
0x0504	0x6E0B      	MOVWF       R11, 0
0x0506	0x0E08      	MOVLW       8
0x0508	0x6E0C      	MOVWF       R12, 0
0x050A	0x0E77      	MOVLW       119
0x050C	0x6E0D      	MOVWF       R13, 0
L_teclado_estado40:
0x050E	0x2E0D      	DECFSZ      R13, 1, 0
0x0510	0xD7FE      	BRA         L_teclado_estado40
0x0512	0x2E0C      	DECFSZ      R12, 1, 0
0x0514	0xD7FC      	BRA         L_teclado_estado40
0x0516	0x2E0B      	DECFSZ      R11, 1, 0
0x0518	0xD7FA      	BRA         L_teclado_estado40
;TECLADO2018.c,117 :: 		}
L_teclado_estado39:
;TECLADO2018.c,118 :: 		break;
0x051A	0xD05C      	BRA         L_teclado_estado20
;TECLADO2018.c,120 :: 		case en:
L_teclado_estado41:
;TECLADO2018.c,122 :: 		if ((tecla!=0)  && (tecla!='='))  // no se presiono el igual
0x051C	0x5038      	MOVF        _tecla, 0 
0x051E	0x0A00      	XORLW       0
0x0520	0xE01D      	BZ          L_teclado_estado44
0x0522	0x5038      	MOVF        _tecla, 0 
0x0524	0x0A3D      	XORLW       61
0x0526	0xE01A      	BZ          L_teclado_estado44
L__teclado_estado57:
;TECLADO2018.c,124 :: 		led1=0;
0x0528	0x9089      	BCF         LATA0_bit, BitPos(LATA0_bit+0) 
;TECLADO2018.c,125 :: 		estado_teclado=n1; // vuelve al estado de  captura del primer numero
0x052A	0x6A1C      	CLRF        _estado_teclado 
;TECLADO2018.c,126 :: 		Lcd_Out(2,8,"      ");// borra la pantalla
0x052C	0x0E02      	MOVLW       2
0x052E	0x6E3C      	MOVWF       FARG_Lcd_Out_row 
0x0530	0x0E08      	MOVLW       8
0x0532	0x6E3D      	MOVWF       FARG_Lcd_Out_column 
0x0534	0x0E15      	MOVLW       ?lstr1_TECLADO2018
0x0536	0x6E3E      	MOVWF       FARG_Lcd_Out_text 
0x0538	0x0E00      	MOVLW       hi_addr(?lstr1_TECLADO2018)
0x053A	0x6E3F      	MOVWF       FARG_Lcd_Out_text+1 
0x053C	0xDF2D      	RCALL       _Lcd_Out
;TECLADO2018.c,127 :: 		Delay_ms(600); // retardo antirrebote
0x053E	0x0E04      	MOVLW       4
0x0540	0x6E0B      	MOVWF       R11, 0
0x0542	0x0E0C      	MOVLW       12
0x0544	0x6E0C      	MOVWF       R12, 0
0x0546	0x0E33      	MOVLW       51
0x0548	0x6E0D      	MOVWF       R13, 0
L_teclado_estado45:
0x054A	0x2E0D      	DECFSZ      R13, 1, 0
0x054C	0xD7FE      	BRA         L_teclado_estado45
0x054E	0x2E0C      	DECFSZ      R12, 1, 0
0x0550	0xD7FC      	BRA         L_teclado_estado45
0x0552	0x2E0B      	DECFSZ      R11, 1, 0
0x0554	0xD7FA      	BRA         L_teclado_estado45
0x0556	0x0000      	NOP
0x0558	0x0000      	NOP
;TECLADO2018.c,130 :: 		}
0x055A	0xD029      	BRA         L_teclado_estado46
L_teclado_estado44:
;TECLADO2018.c,132 :: 		else if ((tecla!=0)  && (tecla=='='))  //si se presiono el igual
0x055C	0x5038      	MOVF        _tecla, 0 
0x055E	0x0A00      	XORLW       0
0x0560	0xE026      	BZ          L_teclado_estado49
0x0562	0x5038      	MOVF        _tecla, 0 
0x0564	0x0A3D      	XORLW       61
0x0566	0xE123      	BNZ         L_teclado_estado49
L__teclado_estado56:
;TECLADO2018.c,134 :: 		led1=0;
0x0568	0x9089      	BCF         LATA0_bit, BitPos(LATA0_bit+0) 
;TECLADO2018.c,135 :: 		retardo_cad[4]=0;  //final de cadena
0x056A	0x6A32      	CLRF        _retardo_cad+4 
;TECLADO2018.c,136 :: 		retardo=atoi(retardo_cad); // lo pasa a numero y calcula el retardo deseado
0x056C	0x0E2E      	MOVLW       _retardo_cad
0x056E	0x6E3C      	MOVWF       FARG_atoi_s 
0x0570	0x0E00      	MOVLW       hi_addr(_retardo_cad)
0x0572	0x6E3D      	MOVWF       FARG_atoi_s+1 
0x0574	0xDE0F      	RCALL       _atoi
0x0576	0xF025C000  	MOVFF       R0, _retardo
0x057A	0xF026C001  	MOVFF       R1, _retardo+1
;TECLADO2018.c,137 :: 		estado_teclado=n1; // vuelve al estado de caprura del primer numero.
0x057E	0x6A1C      	CLRF        _estado_teclado 
;TECLADO2018.c,138 :: 		Lcd_Out(2,8,"      ");// borra la pantalla
0x0580	0x0E02      	MOVLW       2
0x0582	0x6E3C      	MOVWF       FARG_Lcd_Out_row 
0x0584	0x0E08      	MOVLW       8
0x0586	0x6E3D      	MOVWF       FARG_Lcd_Out_column 
0x0588	0x0E27      	MOVLW       ?lstr2_TECLADO2018
0x058A	0x6E3E      	MOVWF       FARG_Lcd_Out_text 
0x058C	0x0E00      	MOVLW       hi_addr(?lstr2_TECLADO2018)
0x058E	0x6E3F      	MOVWF       FARG_Lcd_Out_text+1 
0x0590	0xDF03      	RCALL       _Lcd_Out
;TECLADO2018.c,139 :: 		Delay_ms(600); // retardo antirrebote
0x0592	0x0E04      	MOVLW       4
0x0594	0x6E0B      	MOVWF       R11, 0
0x0596	0x0E0C      	MOVLW       12
0x0598	0x6E0C      	MOVWF       R12, 0
0x059A	0x0E33      	MOVLW       51
0x059C	0x6E0D      	MOVWF       R13, 0
L_teclado_estado50:
0x059E	0x2E0D      	DECFSZ      R13, 1, 0
0x05A0	0xD7FE      	BRA         L_teclado_estado50
0x05A2	0x2E0C      	DECFSZ      R12, 1, 0
0x05A4	0xD7FC      	BRA         L_teclado_estado50
0x05A6	0x2E0B      	DECFSZ      R11, 1, 0
0x05A8	0xD7FA      	BRA         L_teclado_estado50
0x05AA	0x0000      	NOP
0x05AC	0x0000      	NOP
;TECLADO2018.c,140 :: 		}
L_teclado_estado49:
L_teclado_estado46:
;TECLADO2018.c,142 :: 		break;
0x05AE	0xD012      	BRA         L_teclado_estado20
;TECLADO2018.c,145 :: 		}
L_teclado_estado19:
0x05B0	0x501C      	MOVF        _estado_teclado, 0 
0x05B2	0x0A00      	XORLW       0
0x05B4	0xB4D8      	BTFSC       STATUS, 2 
0x05B6	0xD731      	BRA         L_teclado_estado21
0x05B8	0x501C      	MOVF        _estado_teclado, 0 
0x05BA	0x0A01      	XORLW       1
0x05BC	0xB4D8      	BTFSC       STATUS, 2 
0x05BE	0xD74E      	BRA         L_teclado_estado26
0x05C0	0x501C      	MOVF        _estado_teclado, 0 
0x05C2	0x0A02      	XORLW       2
0x05C4	0xB4D8      	BTFSC       STATUS, 2 
0x05C6	0xD76A      	BRA         L_teclado_estado31
0x05C8	0x501C      	MOVF        _estado_teclado, 0 
0x05CA	0x0A03      	XORLW       3
0x05CC	0xE087      	BZ          L_teclado_estado36
0x05CE	0x501C      	MOVF        _estado_teclado, 0 
0x05D0	0x0A04      	XORLW       4
0x05D2	0xE0A4      	BZ          L_teclado_estado41
L_teclado_estado20:
;TECLADO2018.c,147 :: 		}
L_end_teclado_estado:
0x05D4	0x0012      	RETURN      0
; end of _teclado_estado
_Lcd_Init:
;__Lib_Lcd.c,84 :: 		
;__Lib_Lcd.c,86 :: 		
0x05D6	0x9C93      	BCF         LCD_EN_Direction, BitPos(LCD_EN_Direction+0) 
;__Lib_Lcd.c,87 :: 		
0x05D8	0x9E93      	BCF         LCD_RS_Direction, BitPos(LCD_RS_Direction+0) 
;__Lib_Lcd.c,88 :: 		
0x05DA	0x9A93      	BCF         LCD_D4_Direction, BitPos(LCD_D4_Direction+0) 
;__Lib_Lcd.c,89 :: 		
0x05DC	0x9893      	BCF         LCD_D5_Direction, BitPos(LCD_D5_Direction+0) 
;__Lib_Lcd.c,90 :: 		
0x05DE	0x9693      	BCF         LCD_D6_Direction, BitPos(LCD_D6_Direction+0) 
;__Lib_Lcd.c,91 :: 		
0x05E0	0x9493      	BCF         LCD_D7_Direction, BitPos(LCD_D7_Direction+0) 
;__Lib_Lcd.c,93 :: 		
0x05E2	0x9C81      	BCF         LCD_EN, BitPos(LCD_EN+0) 
;__Lib_Lcd.c,94 :: 		
0x05E4	0x9E81      	BCF         LCD_RS, BitPos(LCD_RS+0) 
;__Lib_Lcd.c,95 :: 		
0x05E6	0x9481      	BCF         LCD_D7, BitPos(LCD_D7+0) 
;__Lib_Lcd.c,96 :: 		
0x05E8	0x9681      	BCF         LCD_D6, BitPos(LCD_D6+0) 
;__Lib_Lcd.c,97 :: 		
0x05EA	0x9881      	BCF         LCD_D5, BitPos(LCD_D5+0) 
;__Lib_Lcd.c,98 :: 		
0x05EC	0x9A81      	BCF         LCD_D4, BitPos(LCD_D4+0) 
;__Lib_Lcd.c,100 :: 		
0x05EE	0xDD1C      	RCALL       _Delay_5500us
;__Lib_Lcd.c,101 :: 		
0x05F0	0xDD1B      	RCALL       _Delay_5500us
;__Lib_Lcd.c,102 :: 		
0x05F2	0xDD1A      	RCALL       _Delay_5500us
;__Lib_Lcd.c,105 :: 		
0x05F4	0x8881      	BSF         LCD_D5, BitPos(LCD_D5+0) 
;__Lib_Lcd.c,106 :: 		
0x05F6	0x8A81      	BSF         LCD_D4, BitPos(LCD_D4+0) 
;__Lib_Lcd.c,107 :: 		
0x05F8	0x8C81      	BSF         LCD_EN, BitPos(LCD_EN+0) 
;__Lib_Lcd.c,108 :: 		
0x05FA	0xDD1F      	RCALL       _Delay_1us
;__Lib_Lcd.c,109 :: 		
0x05FC	0x9C81      	BCF         LCD_EN, BitPos(LCD_EN+0) 
;__Lib_Lcd.c,110 :: 		
0x05FE	0xDD14      	RCALL       _Delay_5500us
;__Lib_Lcd.c,112 :: 		
0x0600	0x8C81      	BSF         LCD_EN, BitPos(LCD_EN+0) 
;__Lib_Lcd.c,113 :: 		
0x0602	0xDD1B      	RCALL       _Delay_1us
;__Lib_Lcd.c,114 :: 		
0x0604	0x9C81      	BCF         LCD_EN, BitPos(LCD_EN+0) 
;__Lib_Lcd.c,115 :: 		
0x0606	0xDD10      	RCALL       _Delay_5500us
;__Lib_Lcd.c,117 :: 		
0x0608	0x8C81      	BSF         LCD_EN, BitPos(LCD_EN+0) 
;__Lib_Lcd.c,118 :: 		
0x060A	0xDD17      	RCALL       _Delay_1us
;__Lib_Lcd.c,119 :: 		
0x060C	0x9C81      	BCF         LCD_EN, BitPos(LCD_EN+0) 
;__Lib_Lcd.c,120 :: 		
0x060E	0xDD0C      	RCALL       _Delay_5500us
;__Lib_Lcd.c,123 :: 		
0x0610	0x9A81      	BCF         LCD_D4, BitPos(LCD_D4+0) 
;__Lib_Lcd.c,124 :: 		
0x0612	0x8C81      	BSF         LCD_EN, BitPos(LCD_EN+0) 
;__Lib_Lcd.c,125 :: 		
0x0614	0xDD12      	RCALL       _Delay_1us
;__Lib_Lcd.c,126 :: 		
0x0616	0x9C81      	BCF         LCD_EN, BitPos(LCD_EN+0) 
;__Lib_Lcd.c,127 :: 		
0x0618	0xDD07      	RCALL       _Delay_5500us
;__Lib_Lcd.c,130 :: 		
0x061A	0x8C81      	BSF         LCD_EN, BitPos(LCD_EN+0) 
;__Lib_Lcd.c,131 :: 		
0x061C	0xDD0E      	RCALL       _Delay_1us
;__Lib_Lcd.c,132 :: 		
0x061E	0x9C81      	BCF         LCD_EN, BitPos(LCD_EN+0) 
;__Lib_Lcd.c,134 :: 		
0x0620	0x9881      	BCF         LCD_D5, BitPos(LCD_D5+0) 
;__Lib_Lcd.c,135 :: 		
0x0622	0x8481      	BSF         LCD_D7, BitPos(LCD_D7+0) 
;__Lib_Lcd.c,136 :: 		
0x0624	0x8C81      	BSF         LCD_EN, BitPos(LCD_EN+0) 
;__Lib_Lcd.c,137 :: 		
0x0626	0xDD09      	RCALL       _Delay_1us
;__Lib_Lcd.c,138 :: 		
0x0628	0x9C81      	BCF         LCD_EN, BitPos(LCD_EN+0) 
;__Lib_Lcd.c,139 :: 		
0x062A	0xDCFE      	RCALL       _Delay_5500us
;__Lib_Lcd.c,142 :: 		
0x062C	0x9481      	BCF         LCD_D7, BitPos(LCD_D7+0) 
;__Lib_Lcd.c,143 :: 		
0x062E	0x8A81      	BSF         LCD_D4, BitPos(LCD_D4+0) 
;__Lib_Lcd.c,144 :: 		
0x0630	0x8C81      	BSF         LCD_EN, BitPos(LCD_EN+0) 
;__Lib_Lcd.c,145 :: 		
0x0632	0xDD03      	RCALL       _Delay_1us
;__Lib_Lcd.c,146 :: 		
0x0634	0x9C81      	BCF         LCD_EN, BitPos(LCD_EN+0) 
;__Lib_Lcd.c,148 :: 		
0x0636	0x9A81      	BCF         LCD_D4, BitPos(LCD_D4+0) 
;__Lib_Lcd.c,149 :: 		
0x0638	0x8C81      	BSF         LCD_EN, BitPos(LCD_EN+0) 
;__Lib_Lcd.c,150 :: 		
0x063A	0xDCFF      	RCALL       _Delay_1us
;__Lib_Lcd.c,151 :: 		
0x063C	0x9C81      	BCF         LCD_EN, BitPos(LCD_EN+0) 
;__Lib_Lcd.c,152 :: 		
0x063E	0xDCF4      	RCALL       _Delay_5500us
;__Lib_Lcd.c,155 :: 		
0x0640	0x8C81      	BSF         LCD_EN, BitPos(LCD_EN+0) 
;__Lib_Lcd.c,156 :: 		
0x0642	0xDCFB      	RCALL       _Delay_1us
;__Lib_Lcd.c,157 :: 		
0x0644	0x9C81      	BCF         LCD_EN, BitPos(LCD_EN+0) 
;__Lib_Lcd.c,159 :: 		
0x0646	0x8A81      	BSF         LCD_D4, BitPos(LCD_D4+0) 
;__Lib_Lcd.c,160 :: 		
0x0648	0x8C81      	BSF         LCD_EN, BitPos(LCD_EN+0) 
;__Lib_Lcd.c,161 :: 		
0x064A	0xDCF7      	RCALL       _Delay_1us
;__Lib_Lcd.c,162 :: 		
0x064C	0x9C81      	BCF         LCD_EN, BitPos(LCD_EN+0) 
;__Lib_Lcd.c,163 :: 		
0x064E	0xDCEC      	RCALL       _Delay_5500us
;__Lib_Lcd.c,166 :: 		
0x0650	0x9A81      	BCF         LCD_D4, BitPos(LCD_D4+0) 
;__Lib_Lcd.c,167 :: 		
0x0652	0x8C81      	BSF         LCD_EN, BitPos(LCD_EN+0) 
;__Lib_Lcd.c,168 :: 		
0x0654	0xDCF2      	RCALL       _Delay_1us
;__Lib_Lcd.c,169 :: 		
0x0656	0x9C81      	BCF         LCD_EN, BitPos(LCD_EN+0) 
;__Lib_Lcd.c,171 :: 		
0x0658	0x8481      	BSF         LCD_D7, BitPos(LCD_D7+0) 
;__Lib_Lcd.c,172 :: 		
0x065A	0x8681      	BSF         LCD_D6, BitPos(LCD_D6+0) 
;__Lib_Lcd.c,173 :: 		
0x065C	0x8881      	BSF         LCD_D5, BitPos(LCD_D5+0) 
;__Lib_Lcd.c,174 :: 		
0x065E	0x8A81      	BSF         LCD_D4, BitPos(LCD_D4+0) 
;__Lib_Lcd.c,175 :: 		
0x0660	0x8C81      	BSF         LCD_EN, BitPos(LCD_EN+0) 
;__Lib_Lcd.c,176 :: 		
0x0662	0xDCEB      	RCALL       _Delay_1us
;__Lib_Lcd.c,177 :: 		
0x0664	0x9C81      	BCF         LCD_EN, BitPos(LCD_EN+0) 
;__Lib_Lcd.c,179 :: 		
0x0666	0xDCE0      	RCALL       _Delay_5500us
;__Lib_Lcd.c,181 :: 		
0x0668	0x8039      	BSF         __Lib_Lcd_cmd_status, BitPos(__Lib_Lcd_cmd_status+0) 
;__Lib_Lcd.c,182 :: 		
L_end_Lcd_Init:
0x066A	0x0012      	RETURN      0
; end of _Lcd_Init
___CC2DW:
;__Lib_System.c,21 :: 		
;__Lib_System.c,23 :: 		
_CC2DL_Loop1:
;__Lib_System.c,24 :: 		
0x066C	0x0009      	TBLRD*+
;__Lib_System.c,25 :: 		
0x066E	0xFFE6CFF5  	MOVFF       TABLAT, POSTINC1
;__Lib_System.c,26 :: 		
0x0672	0x0600      	DECF        R0, 1, 0
;__Lib_System.c,27 :: 		
0x0674	0xE1FB      	BNZ         _CC2DL_Loop1
;__Lib_System.c,28 :: 		
0x0676	0x0601      	DECF        R1, 1, 0
;__Lib_System.c,29 :: 		
0x0678	0xE1F9      	BNZ         _CC2DL_Loop1
;__Lib_System.c,31 :: 		
L_end___CC2DW:
0x067A	0x0012      	RETURN      0
; end of ___CC2DW
_miretardo:
;TECLADO2018.c,151 :: 		void miretardo(signed int valor)
;TECLADO2018.c,154 :: 		while (valor>0)
L_miretardo51:
0x067C	0x0E80      	MOVLW       128
0x067E	0x6E00      	MOVWF       R0 
0x0680	0x0E80      	MOVLW       128
0x0682	0x183B      	XORWF       FARG_miretardo_valor+1, 0 
0x0684	0x5C00      	SUBWF       R0, 0 
0x0686	0xE102      	BNZ         L__miretardo65
0x0688	0x503A      	MOVF        FARG_miretardo_valor, 0 
0x068A	0x0800      	SUBLW       0
L__miretardo65:
0x068C	0xE20F      	BC          L_miretardo52
;TECLADO2018.c,156 :: 		Delay_us(800);
0x068E	0x0E02      	MOVLW       2
0x0690	0x6E0C      	MOVWF       R12, 0
0x0692	0x0E08      	MOVLW       8
0x0694	0x6E0D      	MOVWF       R13, 0
L_miretardo53:
0x0696	0x2E0D      	DECFSZ      R13, 1, 0
0x0698	0xD7FE      	BRA         L_miretardo53
0x069A	0x2E0C      	DECFSZ      R12, 1, 0
0x069C	0xD7FC      	BRA         L_miretardo53
0x069E	0x0000      	NOP
;TECLADO2018.c,157 :: 		teclado_estado();
0x06A0	0xDEB8      	RCALL       _teclado_estado
;TECLADO2018.c,158 :: 		valor--;
0x06A2	0x0E01      	MOVLW       1
0x06A4	0x5E3A      	SUBWF       FARG_miretardo_valor, 1 
0x06A6	0x0E00      	MOVLW       0
0x06A8	0x5A3B      	SUBWFB      FARG_miretardo_valor+1, 1 
;TECLADO2018.c,159 :: 		}
0x06AA	0xD7E8      	BRA         L_miretardo51
L_miretardo52:
;TECLADO2018.c,161 :: 		}
L_end_miretardo:
0x06AC	0x0012      	RETURN      0
; end of _miretardo
_Keypad_Init:
;__Lib_Keypad4x4.c,34 :: 		
;__Lib_Keypad4x4.c,35 :: 		
0x06AE	0x0E12      	MOVLW       18
0x06B0	0x6E00      	MOVWF       R0 
0x06B2	0x0E00      	MOVLW       0
0x06B4	0x6E01      	MOVWF       R1 
0x06B6	0x0E83      	MOVLW       keypadPort
0x06B8	0x2400      	ADDWF       R0, 0 
0x06BA	0x6EE1      	MOVWF       FSR1L 
0x06BC	0x0E0F      	MOVLW       hi_addr(keypadPort)
0x06BE	0x2001      	ADDWFC      R1, 0 
0x06C0	0x6EE2      	MOVWF       FSR1H 
0x06C2	0x0EFF      	MOVLW       255
0x06C4	0x6EE6      	MOVWF       POSTINC1 
;__Lib_Keypad4x4.c,36 :: 		
L_end_Keypad_Init:
0x06C6	0x0012      	RETURN      0
; end of _Keypad_Init
_main:
0x06C8	0xF003EC96  	CALL        1836, 0
;TECLADO2018.c,163 :: 		void main()
;TECLADO2018.c,166 :: 		ANSELA=0;
0x06CC	0x010F      	MOVLB       15
0x06CE	0x6B5B      	CLRF        ANSELA, 1
;TECLADO2018.c,167 :: 		ANSELB=0;
0x06D0	0x6B5C      	CLRF        ANSELB, 1
;TECLADO2018.c,168 :: 		ANSELC=0;
0x06D2	0x6B5D      	CLRF        ANSELC, 1
;TECLADO2018.c,169 :: 		ANSELD=0;
0x06D4	0x6B5E      	CLRF        ANSELD, 1
;TECLADO2018.c,170 :: 		ANSELE=0;
0x06D6	0x6B5F      	CLRF        ANSELE, 1
;TECLADO2018.c,171 :: 		Lcd_Init();                        // Initialize LCD
0x06D8	0xDF7E      	RCALL       _Lcd_Init
;TECLADO2018.c,172 :: 		Lcd_Cmd(_LCD_CLEAR);               // Clear display
0x06DA	0x0E01      	MOVLW       1
0x06DC	0x6E49      	MOVWF       FARG_Lcd_Cmd_out_char 
0x06DE	0xDCAF      	RCALL       _Lcd_Cmd
;TECLADO2018.c,173 :: 		Lcd_Cmd(_LCD_CURSOR_OFF);          // Cursor off
0x06E0	0x0E0C      	MOVLW       12
0x06E2	0x6E49      	MOVWF       FARG_Lcd_Cmd_out_char 
0x06E4	0xDCAC      	RCALL       _Lcd_Cmd
;TECLADO2018.c,174 :: 		Lcd_Out(1,6,"TECLADO");
0x06E6	0x0E01      	MOVLW       1
0x06E8	0x6E3C      	MOVWF       FARG_Lcd_Out_row 
0x06EA	0x0E06      	MOVLW       6
0x06EC	0x6E3D      	MOVWF       FARG_Lcd_Out_column 
0x06EE	0x0E1D      	MOVLW       ?lstr3_TECLADO2018
0x06F0	0x6E3E      	MOVWF       FARG_Lcd_Out_text 
0x06F2	0x0E00      	MOVLW       hi_addr(?lstr3_TECLADO2018)
0x06F4	0x6E3F      	MOVWF       FARG_Lcd_Out_text+1 
0x06F6	0xDE50      	RCALL       _Lcd_Out
;TECLADO2018.c,176 :: 		Keypad_Init();
0x06F8	0xDFDA      	RCALL       _Keypad_Init
;TECLADO2018.c,180 :: 		TRISC0_bit=0; //salida led
0x06FA	0x9094      	BCF         TRISC0_bit, BitPos(TRISC0_bit+0) 
;TECLADO2018.c,181 :: 		TRISA0_bit=0; //salida led1
0x06FC	0x9092      	BCF         TRISA0_bit, BitPos(TRISA0_bit+0) 
;TECLADO2018.c,182 :: 		led=1;
0x06FE	0x808B      	BSF         LATC0_bit, BitPos(LATC0_bit+0) 
;TECLADO2018.c,183 :: 		led1=0;
0x0700	0x9089      	BCF         LATA0_bit, BitPos(LATA0_bit+0) 
;TECLADO2018.c,186 :: 		while (1)
L_main54:
;TECLADO2018.c,189 :: 		led=~led;//invierte el led
0x0702	0x708B      	BTG         LATC0_bit, BitPos(LATC0_bit+0) 
;TECLADO2018.c,190 :: 		miretardo(retardo);
0x0704	0xF03AC025  	MOVFF       _retardo, FARG_miretardo_valor
0x0708	0xF03BC026  	MOVFF       _retardo+1, FARG_miretardo_valor+1
0x070C	0xDFB7      	RCALL       _miretardo
;TECLADO2018.c,193 :: 		}
0x070E	0xD7F9      	BRA         L_main54
;TECLADO2018.c,198 :: 		}
L_end_main:
0x0710	0xD7FF      	BRA         $+0
; end of _main
0x072C	0xF015EE10  	LFSR        1, 21
0x0730	0x0E19      	MOVLW       25
0x0732	0x6E00      	MOVWF       R0 
0x0734	0x0E01      	MOVLW       1
0x0736	0x6E01      	MOVWF       R1 
0x0738	0x0E12      	MOVLW       18
0x073A	0x6EF6      	MOVWF       4086 
0x073C	0x0E07      	MOVLW       7
0x073E	0x6EF7      	MOVWF       TBLPTRH 
0x0740	0x0E00      	MOVLW       0
0x0742	0x6EF8      	MOVWF       TBLPTRU 
0x0744	0xF003EC36  	CALL        1644, 0
0x0748	0x0012      	RETURN      0
;TECLADO2018.c,0 :: ?ICS?lstr1_TECLADO2018
0x0712	0x2020 ;?ICS?lstr1_TECLADO2018+0
0x0714	0x2020 ;?ICS?lstr1_TECLADO2018+2
0x0716	0x2020 ;?ICS?lstr1_TECLADO2018+4
0x0718	0x00 ;?ICS?lstr1_TECLADO2018+6
; end of ?ICS?lstr1_TECLADO2018
;TECLADO2018.c,0 :: ?ICS_estado_teclado
0x0719	0x00 ;?ICS_estado_teclado+0
; end of ?ICS_estado_teclado
;TECLADO2018.c,0 :: ?ICS?lstr3_TECLADO2018
0x071A	0x4554 ;?ICS?lstr3_TECLADO2018+0
0x071C	0x4C43 ;?ICS?lstr3_TECLADO2018+2
0x071E	0x4441 ;?ICS?lstr3_TECLADO2018+4
0x0720	0x004F ;?ICS?lstr3_TECLADO2018+6
; end of ?ICS?lstr3_TECLADO2018
;TECLADO2018.c,0 :: ?ICS_retardo
0x0722	0x0064 ;?ICS_retardo+0
; end of ?ICS_retardo
;TECLADO2018.c,0 :: ?ICS?lstr2_TECLADO2018
0x0724	0x2020 ;?ICS?lstr2_TECLADO2018+0
0x0726	0x2020 ;?ICS?lstr2_TECLADO2018+2
0x0728	0x2020 ;?ICS?lstr2_TECLADO2018+4
0x072A	0x00 ;?ICS?lstr2_TECLADO2018+6
; end of ?ICS?lstr2_TECLADO2018
Symbol List:
//** Routines locations **
//ADDRESS    SIZE    PROCEDURE
//----------------------------------------------
0x001C      [12]    _Delay_50us
0x0028      [18]    _Delay_5500us
0x003A       [4]    _Delay_1us
0x003E     [124]    _Lcd_Cmd
0x00BA     [104]    _Keypad_Key_Press
0x0122      [12]    _Lcd_Chr_CP
0x012E      [22]    _isdigit
0x0144      [80]    _Mul_16X16_U
0x0194     [208]    _atoi
0x0264      [90]    _Lcd_Chr
0x02BE     [218]    _teclado_deco
0x0398     [122]    _Lcd_Out
0x0412     [452]    _teclado_estado
0x05D6     [150]    _Lcd_Init
0x066C      [16]    ___CC2DW
0x067C      [50]    _miretardo
0x06AE      [26]    _Keypad_Init
0x06C8      [74]    _main
//** Variables locations ** 
//ADDRESS    SIZE    VARIABLE
//----------------------------------------------
0x0000       [1]    R0
0x0001       [1]    ispunct_rslt_L0
0x0001       [1]    R1
0x0002       [2]    memset_pp_L0
0x0002       [2]    memcpy_dd_L0
0x0002       [2]    strlen_cp_L0
0x0002       [1]    R2
0x0002       [2]    memchr_s_L0
0x0003       [2]    memmove_tt_L0
0x0003       [1]    R3
0x0003       [2]    Ltrim_original_L0
0x0004       [2]    frexp_pom_L0
0x0004       [2]    strncpy_cp_L0
0x0004       [2]    strcpy_cp_L0
0x0004       [2]    strncat_cp_L0
0x0004       [2]    strcat_cp_L0
0x0004       [2]    memcpy_ss_L0
0x0004       [1]    R4
0x0005       [2]    Ltrim_p_L0
0x0005       [1]    R5
0x0005       [2]    LongWordToHex_input_half_L0
0x0005       [2]    LongIntToHex_input_half_L0
0x0005       [2]    memmove_ff_L0
0x0006       [1]    R6
0x0007       [1]    R7
0x0008       [1]    R8
0x0009       [1]    R9
0x000A       [1]    R10
0x000B       [1]    R11
0x000C       [1]    R12
0x000D       [1]    R13
0x000E       [1]    R14
0x000F       [1]    R15
0x0010       [1]    R16
0x0011       [1]    R17
0x0012       [1]    R18
0x0013       [1]    R19
0x0014       [1]    R20
0x0015       [7]    ?lstr1_TECLADO2018
0x001C       [1]    _estado_teclado
0x001D       [8]    ?lstr3_TECLADO2018
0x0025       [2]    _retardo
0x0027       [7]    ?lstr2_TECLADO2018
0x002E      [10]    _retardo_cad
0x0038       [1]    _tecla
0x0039       [0]    __Lib_Lcd_cmd_status
0x003A       [2]    FARG_miretardo_valor
0x003C       [2]    FARG_atoi_s
0x003C       [1]    teclado_deco_tec_L0
0x003C       [1]    FARG_Lcd_Out_row
0x003C       [1]    FARG_Lcd_Chr_row
0x003D       [1]    FARG_Lcd_Out_column
0x003D       [1]    FARG_Lcd_Chr_column
0x003E       [2]    atoi_c_L0
0x003E       [2]    FARG_Lcd_Out_text
0x003E       [1]    FARG_Lcd_Chr_out_char
0x0040       [1]    Lcd_Out_i_L0
0x0040       [2]    atoi_a_L0
0x0042       [2]    atoi_sign_L0
0x0044       [1]    FARG_Lcd_Chr_CP_out_char
0x0044       [1]    Keypad_Key_Press_rslt_L0
0x0044       [1]    FARG_isdigit_character
0x0045       [1]    Keypad_Key_Press_kdata_L0
0x0046       [1]    Keypad_Key_Press_loc_L0
0x0047       [1]    Keypad_Key_Press_rowcnt_L0
0x0048       [1]    Keypad_Key_Press_shifter_L0
0x0049       [1]    FARG_Lcd_Cmd_out_char
0x0F5B       [1]    ANSELA
0x0F5C       [1]    ANSELB
0x0F5D       [1]    ANSELC
0x0F5E       [1]    ANSELD
0x0F5F       [1]    ANSELE
0x0F81       [0]    RB2_bit
0x0F81       [0]    RB5_bit
0x0F81       [0]    RB3_bit
0x0F81       [0]    RB4_bit
0x0F81       [0]    RB7_bit
0x0F81       [0]    RB6_bit
0x0F81       [0]    LCD_D7
0x0F81       [0]    LCD_D6
0x0F81       [0]    LCD_D5
0x0F81       [0]    LCD_RS
0x0F81       [0]    LCD_EN
0x0F81       [0]    LCD_D4
0x0F83       [1]    PORTD
0x0F83       [1]    keypadPort
0x0F89       [0]    LATA0_bit
0x0F89       [0]    led1
0x0F8B       [0]    LATC0_bit
0x0F8B       [0]    led
0x0F92       [0]    TRISA0_bit
0x0F93       [0]    TRISB2_bit
0x0F93       [0]    LCD_D6_Direction
0x0F93       [0]    LCD_D7_Direction
0x0F93       [0]    LCD_D5_Direction
0x0F93       [0]    LCD_RS_Direction
0x0F93       [0]    LCD_EN_Direction
0x0F93       [0]    LCD_D4_Direction
0x0F93       [0]    TRISB3_bit
0x0F93       [0]    TRISB5_bit
0x0F93       [0]    TRISB6_bit
0x0F93       [0]    TRISB7_bit
0x0F93       [0]    TRISB4_bit
0x0F94       [0]    TRISC0_bit
0x0FD8       [1]    STATUS
0x0FD9       [1]    FSR2L
0x0FDA       [1]    FSR2H
0x0FDE       [1]    POSTINC2
0x0FE0       [1]    BSR
0x0FE1       [1]    FSR1L
0x0FE2       [1]    FSR1H
0x0FE4       [1]    PREINC1
0x0FE6       [1]    POSTINC1
0x0FE7       [1]    INDF1
0x0FE8       [1]    WREG
0x0FE9       [1]    FSR0L
0x0FEA       [1]    FSR0H
0x0FEE       [1]    POSTINC0
0x0FF3       [1]    PRODL
0x0FF4       [1]    PRODH
0x0FF5       [1]    TABLAT
0x0FF6       [1]    TBLPTRL
0x0FF7       [1]    TBLPTRH
0x0FF8       [1]    TBLPTRU
//** Constants locations ** 
//ADDRESS    SIZE    CONSTANT
//----------------------------------------------
0x0712       [7]    ?ICS?lstr1_TECLADO2018
0x0719       [1]    ?ICS_estado_teclado
0x071A       [8]    ?ICS?lstr3_TECLADO2018
0x0722       [2]    ?ICS_retardo
0x0724       [7]    ?ICS?lstr2_TECLADO2018
