;  LST file generated by mikroListExporter - v.2.0 
; Date/Time: 02/04/2024 21:33:37
;----------------------------------------------

;Address Opcode 	ASM
0x0000	0x2880      	GOTO       128
_SPI1_Write:
0x0003	0x0020      	MOVLB      0
0x0004	0x082C      	MOVF       FARG_SPI1_Write_data_, 0
0x0005	0x0024      	MOVLB      4
0x0006	0x0091      	MOVWF      SSPBUF
L_SPI1_Write8:
0x0007	0x1814      	BTFSC      SSPSTAT, 0
0x0008	0x280A      	GOTO       L_SPI1_Write9
0x0009	0x2807      	GOTO       L_SPI1_Write8
L_SPI1_Write9:
0x000A	0x0811      	MOVF       SSPBUF, 0
0x000B	0x00F0      	MOVWF      R0
L_end_SPI1_Write:
0x000C	0x0008      	RETURN
; end of _SPI1_Write
_SPI1_Init_Advanced:
0x000D	0x30FF      	MOVLW      _SPI1_Read
0x000E	0x0020      	MOVLB      0
0x000F	0x00A2      	MOVWF      _SPI_Rd_Ptr
0x0010	0x30FF      	MOVLW      hi_addr(_SPI1_Read)
0x0011	0x00A3      	MOVWF      _SPI_Rd_Ptr+1
0x0012	0x30FF      	MOVLW      FARG_SPI1_Read_buffer
0x0013	0x00A4      	MOVWF      _SPI_Rd_Ptr+2
0x0014	0x30FF      	MOVLW      hi_addr(FARG_SPI1_Read_buffer)
0x0015	0x00A5      	MOVWF      _SPI_Rd_Ptr+3
0x0016	0x3003      	MOVLW      _SPI1_Write
0x0017	0x00A6      	MOVWF      _SPI_Wr_Ptr
0x0018	0x3000      	MOVLW      hi_addr(_SPI1_Write)
0x0019	0x00A7      	MOVWF      _SPI_Wr_Ptr+1
0x001A	0x302C      	MOVLW      FARG_SPI1_Write_data_
0x001B	0x00A8      	MOVWF      _SPI_Wr_Ptr+2
0x001C	0x3000      	MOVLW      hi_addr(FARG_SPI1_Write_data_)
0x001D	0x00A9      	MOVWF      _SPI_Wr_Ptr+3
0x001E	0x0021      	MOVLB      1
0x001F	0x100C      	BCF        TRISA0_bit, BitPos(TRISA0_bit+0)
0x0020	0x0020      	MOVLB      0
0x0021	0x082C      	MOVF       FARG_SPI1_Init_Advanced_master, 0
0x0022	0x3A04      	XORLW      4
0x0023	0x1D03      	BTFSS      STATUS, 2
0x0024	0x2828      	GOTO       L_SPI1_Init_Advanced0
0x0025	0x0021      	MOVLB      1
0x0026	0x148C      	BSF        TRISA1_bit, BitPos(TRISA1_bit+0)
0x0027	0x282A      	GOTO       L_SPI1_Init_Advanced1
L_SPI1_Init_Advanced0:
0x0028	0x0021      	MOVLB      1
0x0029	0x108C      	BCF        TRISA1_bit, BitPos(TRISA1_bit+0)
L_SPI1_Init_Advanced1:
0x002A	0x150C      	BSF        TRISA2_bit, BitPos(TRISA2_bit+0)
0x002B	0x0024      	MOVLB      4
0x002C	0x0195      	CLRF       SSPCON
0x002D	0x1314      	BCF        SSPSTAT, 6
0x002E	0x1394      	BCF        SSPSTAT, 7
0x002F	0x0020      	MOVLB      0
0x0030	0x082C      	MOVF       FARG_SPI1_Init_Advanced_master, 0
0x0031	0x0024      	MOVLB      4
0x0032	0x0495      	IORWF       SSPCON, 1
0x0033	0x0020      	MOVLB      0
0x0034	0x082E      	MOVF       FARG_SPI1_Init_Advanced_clock_idle, 0
0x0035	0x0024      	MOVLB      4
0x0036	0x0495      	IORWF       SSPCON, 1
0x0037	0x0020      	MOVLB      0
0x0038	0x082D      	MOVF       FARG_SPI1_Init_Advanced_data_sample, 0
0x0039	0x0024      	MOVLB      4
0x003A	0x0494      	IORWF       SSPSTAT, 1
0x003B	0x0020      	MOVLB      0
0x003C	0x082E      	MOVF       FARG_SPI1_Init_Advanced_clock_idle, 0
0x003D	0x1903      	BTFSC      STATUS, 2
0x003E	0x2846      	GOTO       L_SPI1_Init_Advanced2
0x003F	0x082F      	MOVF       FARG_SPI1_Init_Advanced_transmit_edge, 0
0x0040	0x3A00      	XORLW      0
0x0041	0x1D03      	BTFSS      STATUS, 2
0x0042	0x2845      	GOTO       L_SPI1_Init_Advanced3
0x0043	0x0024      	MOVLB      4
0x0044	0x1714      	BSF        SSPSTAT, 6
L_SPI1_Init_Advanced3:
0x0045	0x284C      	GOTO       L_SPI1_Init_Advanced4
L_SPI1_Init_Advanced2:
0x0046	0x0020      	MOVLB      0
0x0047	0x082F      	MOVF       FARG_SPI1_Init_Advanced_transmit_edge, 0
0x0048	0x1903      	BTFSC      STATUS, 2
0x0049	0x284C      	GOTO       L_SPI1_Init_Advanced5
0x004A	0x0024      	MOVLB      4
0x004B	0x1714      	BSF        SSPSTAT, 6
L_SPI1_Init_Advanced5:
L_SPI1_Init_Advanced4:
0x004C	0x0024      	MOVLB      4
0x004D	0x1695      	BSF        SSPCON, 5
L_end_SPI1_Init_Advanced:
0x004E	0x0008      	RETURN
; end of _SPI1_Init_Advanced
_InitMain:
0x004F	0x0021      	MOVLB      1
0x0050	0x100C      	BCF        TRISA, 0
0x0051	0x108C      	BCF        TRISA, 1
0x0052	0x120C      	BCF        TRISA, 4
0x0053	0x128C      	BCF        TRISA, 5
0x0054	0x0022      	MOVLB      2
0x0055	0x160C      	BSF        LATA, 4
0x0056	0x168C      	BSF        LATA, 5
0x0057	0x0020      	MOVLB      0
0x0058	0x01AC      	CLRF       FARG_SPI1_Init_Advanced_master
0x0059	0x01AD      	CLRF       FARG_SPI1_Init_Advanced_data_sample
0x005A	0x01AE      	CLRF       FARG_SPI1_Init_Advanced_clock_idle
0x005B	0x3001      	MOVLW      1
0x005C	0x00AF      	MOVWF      FARG_SPI1_Init_Advanced_transmit_edge
0x005D	0x200D      	CALL       _SPI1_Init_Advanced
L_end_InitMain:
0x005E	0x0008      	RETURN
; end of _InitMain
___CC2DW:
_CC2DL_Loop1:
0x005F	0x0012      	MOVIW      FSR0++ 
0x0060	0x001E      	MOVWI      FSR1++ 
0x0061	0x03F0      	DECF       R0, 1
0x0062	0x1D03      	BTFSS      STATUS, 2
0x0063	0x285F      	GOTO       _CC2DL_Loop1
0x0064	0x03F1      	DECF       R1, 1
0x0065	0x1D03      	BTFSS      STATUS, 2
0x0066	0x285F      	GOTO       _CC2DL_Loop1
L_end___CC2DW:
0x0067	0x0008      	RETURN
; end of ___CC2DW
_signal_sen:
0x0068	0x0020      	MOVLB      0
0x0069	0x082B      	MOVF       FARG_signal_sen_values+1, 0
0x006A	0x00F0      	MOVWF      R0
0x006B	0x3000      	MOVLW      0
0x006C	0x1BAB      	BTFSC      FARG_signal_sen_values+1, 7
0x006D	0x30FF      	MOVLW      255
0x006E	0x00F1      	MOVWF      R1
0x006F	0x300F      	MOVLW      15
0x0070	0x0570      	ANDWF      R0, 0
0x0071	0x00AC      	MOVWF      FARG_SPI1_Write_data_
0x0072	0x3030      	MOVLW      48
0x0073	0x04AC      	IORWF       FARG_SPI1_Write_data_, 1
0x0074	0x0022      	MOVLB      2
0x0075	0x128C      	BCF        LATA, 5
0x0076	0x2003      	CALL       _SPI1_Write
0x0077	0x0020      	MOVLB      0
0x0078	0x082A      	MOVF       FARG_signal_sen_values, 0
0x0079	0x00AC      	MOVWF      FARG_SPI1_Write_data_
0x007A	0x2003      	CALL       _SPI1_Write
0x007B	0x0022      	MOVLB      2
0x007C	0x168C      	BSF        LATA, 5
0x007D	0x120C      	BCF        LATA, 4
0x007E	0x160C      	BSF        LATA, 4
L_end_signal_sen:
0x007F	0x0008      	RETURN
; end of _signal_sen
_main:
0x0080	0x0020      	MOVLB      0
0x0081	0x01A0      	CLRF       _i
0x0082	0x01A1      	CLRF       33
0x0083	0x30F3      	MOVLW      243
0x0084	0x0021      	MOVLB      1
0x0085	0x0099      	MOVWF      OSCCON
0x0086	0x204F      	CALL       _InitMain
L_main0:
0x0087	0x0020      	MOVLB      0
0x0088	0x0820      	MOVF       _i, 0
0x0089	0x00F0      	MOVWF      R0
0x008A	0x0821      	MOVF       _i+1, 0
0x008B	0x00F1      	MOVWF      R1
0x008C	0x35F0      	LSLF       R0, 1
0x008D	0x0DF1      	RLF        R1, 1
0x008E	0x30AF      	MOVLW      _sen
0x008F	0x0770      	ADDWF      R0, 0
0x0090	0x0084      	MOVWF      FSR0
0x0091	0x3080      	MOVLW      hi_addr(_sen)
0x0092	0x3D71      	ADDWFC     R1, 0
0x0093	0x0085      	MOVWF      FSR0H
0x0094	0x0800      	MOVF       INDF0, 0
0x0095	0x00AA      	MOVWF      FARG_signal_sen_values
0x0096	0x3101      	ADDFSR     0, 1
0x0097	0x0800      	MOVF       INDF0, 0
0x0098	0x00AB      	MOVWF      FARG_signal_sen_values+1
0x0099	0x2068      	CALL       _signal_sen
0x009A	0x0020      	MOVLB      0
0x009B	0x0AA0      	INCF       _i, 1
0x009C	0x1903      	BTFSC      STATUS, 2
0x009D	0x0AA1      	INCF       _i+1, 1
0x009E	0x0821      	MOVF       _i+1, 0
0x009F	0x3A01      	XORLW      1
0x00A0	0x1D03      	BTFSS      STATUS, 2
0x00A1	0x28A4      	GOTO       L__main7
0x00A2	0x3068      	MOVLW      104
0x00A3	0x0620      	XORWF      _i, 0
L__main7:
0x00A4	0x1D03      	BTFSS      STATUS, 2
0x00A5	0x28A8      	GOTO       L_main2
0x00A6	0x01A0      	CLRF       _i
0x00A7	0x01A1      	CLRF       _i+1
L_main2:
0x00A8	0x3002      	MOVLW      2
0x00A9	0x00FD      	MOVWF      R13
L_main3:
0x00AA	0x0BFD      	DECFSZ     R13, 1
0x00AB	0x28AA      	GOTO       L_main3
0x00AC	0x0000      	NOP
0x00AD	0x2887      	GOTO       L_main0
L_end_main:
0x00AE	0x28AE      	GOTO       $+0
; end of _main
;Parcial4_2195533.c,61 :: _sen
0x00AF	0x3400 ;_sen+0
0x00B0	0x3400 ;_sen+1
0x00B1	0x3439 ;_sen+2
0x00B2	0x3400 ;_sen+3
0x00B3	0x3472 ;_sen+4
0x00B4	0x3400 ;_sen+5
0x00B5	0x34AB ;_sen+6
0x00B6	0x3400 ;_sen+7
0x00B7	0x34E5 ;_sen+8
0x00B8	0x3400 ;_sen+9
0x00B9	0x341E ;_sen+10
0x00BA	0x3401 ;_sen+11
0x00BB	0x3456 ;_sen+12
0x00BC	0x3401 ;_sen+13
0x00BD	0x348F ;_sen+14
0x00BE	0x3401 ;_sen+15
0x00BF	0x34C8 ;_sen+16
0x00C0	0x3401 ;_sen+17
0x00C1	0x3400 ;_sen+18
0x00C2	0x3402 ;_sen+19
0x00C3	0x3439 ;_sen+20
0x00C4	0x3402 ;_sen+21
0x00C5	0x3471 ;_sen+22
0x00C6	0x3402 ;_sen+23
0x00C7	0x34A9 ;_sen+24
0x00C8	0x3402 ;_sen+25
0x00C9	0x34E1 ;_sen+26
0x00CA	0x3402 ;_sen+27
0x00CB	0x3419 ;_sen+28
0x00CC	0x3403 ;_sen+29
0x00CD	0x3450 ;_sen+30
0x00CE	0x3403 ;_sen+31
0x00CF	0x3487 ;_sen+32
0x00D0	0x3403 ;_sen+33
0x00D1	0x34BE ;_sen+34
0x00D2	0x3403 ;_sen+35
0x00D3	0x34F4 ;_sen+36
0x00D4	0x3403 ;_sen+37
0x00D5	0x342B ;_sen+38
0x00D6	0x3404 ;_sen+39
0x00D7	0x3460 ;_sen+40
0x00D8	0x3404 ;_sen+41
0x00D9	0x3496 ;_sen+42
0x00DA	0x3404 ;_sen+43
0x00DB	0x34CB ;_sen+44
0x00DC	0x3404 ;_sen+45
0x00DD	0x3400 ;_sen+46
0x00DE	0x3405 ;_sen+47
0x00DF	0x3434 ;_sen+48
0x00E0	0x3405 ;_sen+49
0x00E1	0x3468 ;_sen+50
0x00E2	0x3405 ;_sen+51
0x00E3	0x349C ;_sen+52
0x00E4	0x3405 ;_sen+53
0x00E5	0x34CF ;_sen+54
0x00E6	0x3405 ;_sen+55
0x00E7	0x3402 ;_sen+56
0x00E8	0x3406 ;_sen+57
0x00E9	0x3434 ;_sen+58
0x00EA	0x3406 ;_sen+59
0x00EB	0x3466 ;_sen+60
0x00EC	0x3406 ;_sen+61
0x00ED	0x3497 ;_sen+62
0x00EE	0x3406 ;_sen+63
0x00EF	0x34C8 ;_sen+64
0x00F0	0x3406 ;_sen+65
0x00F1	0x34F8 ;_sen+66
0x00F2	0x3406 ;_sen+67
0x00F3	0x3428 ;_sen+68
0x00F4	0x3407 ;_sen+69
0x00F5	0x3457 ;_sen+70
0x00F6	0x3407 ;_sen+71
0x00F7	0x3486 ;_sen+72
0x00F8	0x3407 ;_sen+73
0x00F9	0x34B4 ;_sen+74
0x00FA	0x3407 ;_sen+75
0x00FB	0x34E1 ;_sen+76
0x00FC	0x3407 ;_sen+77
0x00FD	0x340E ;_sen+78
0x00FE	0x3408 ;_sen+79
0x00FF	0x343A ;_sen+80
0x0100	0x3408 ;_sen+81
0x0101	0x3465 ;_sen+82
0x0102	0x3408 ;_sen+83
0x0103	0x3490 ;_sen+84
0x0104	0x3408 ;_sen+85
0x0105	0x34BA ;_sen+86
0x0106	0x3408 ;_sen+87
0x0107	0x34E4 ;_sen+88
0x0108	0x3408 ;_sen+89
0x0109	0x340C ;_sen+90
0x010A	0x3409 ;_sen+91
0x010B	0x3435 ;_sen+92
0x010C	0x3409 ;_sen+93
0x010D	0x345C ;_sen+94
0x010E	0x3409 ;_sen+95
0x010F	0x3483 ;_sen+96
0x0110	0x3409 ;_sen+97
0x0111	0x34A8 ;_sen+98
0x0112	0x3409 ;_sen+99
0x0113	0x34CE ;_sen+100
0x0114	0x3409 ;_sen+101
0x0115	0x34F2 ;_sen+102
0x0116	0x3409 ;_sen+103
0x0117	0x3416 ;_sen+104
0x0118	0x340A ;_sen+105
0x0119	0x3438 ;_sen+106
0x011A	0x340A ;_sen+107
0x011B	0x345A ;_sen+108
0x011C	0x340A ;_sen+109
0x011D	0x347C ;_sen+110
0x011E	0x340A ;_sen+111
0x011F	0x349C ;_sen+112
0x0120	0x340A ;_sen+113
0x0121	0x34BB ;_sen+114
0x0122	0x340A ;_sen+115
0x0123	0x34DA ;_sen+116
0x0124	0x340A ;_sen+117
0x0125	0x34F8 ;_sen+118
0x0126	0x340A ;_sen+119
0x0127	0x3415 ;_sen+120
0x0128	0x340B ;_sen+121
0x0129	0x3431 ;_sen+122
0x012A	0x340B ;_sen+123
0x012B	0x344D ;_sen+124
0x012C	0x340B ;_sen+125
0x012D	0x3467 ;_sen+126
0x012E	0x340B ;_sen+127
0x012F	0x3480 ;_sen+128
0x0130	0x340B ;_sen+129
0x0131	0x3499 ;_sen+130
0x0132	0x340B ;_sen+131
0x0133	0x34B1 ;_sen+132
0x0134	0x340B ;_sen+133
0x0135	0x34C8 ;_sen+134
0x0136	0x340B ;_sen+135
0x0137	0x34DD ;_sen+136
0x0138	0x340B ;_sen+137
0x0139	0x34F2 ;_sen+138
0x013A	0x340B ;_sen+139
0x013B	0x3406 ;_sen+140
0x013C	0x340C ;_sen+141
0x013D	0x341A ;_sen+142
0x013E	0x340C ;_sen+143
0x013F	0x342C ;_sen+144
0x0140	0x340C ;_sen+145
0x0141	0x343D ;_sen+146
0x0142	0x340C ;_sen+147
0x0143	0x344D ;_sen+148
0x0144	0x340C ;_sen+149
0x0145	0x345C ;_sen+150
0x0146	0x340C ;_sen+151
0x0147	0x346B ;_sen+152
0x0148	0x340C ;_sen+153
0x0149	0x3478 ;_sen+154
0x014A	0x340C ;_sen+155
0x014B	0x3484 ;_sen+156
0x014C	0x340C ;_sen+157
0x014D	0x3490 ;_sen+158
0x014E	0x340C ;_sen+159
0x014F	0x349A ;_sen+160
0x0150	0x340C ;_sen+161
0x0151	0x34A4 ;_sen+162
0x0152	0x340C ;_sen+163
0x0153	0x34AC ;_sen+164
0x0154	0x340C ;_sen+165
0x0155	0x34B4 ;_sen+166
0x0156	0x340C ;_sen+167
0x0157	0x34BA ;_sen+168
0x0158	0x340C ;_sen+169
0x0159	0x34C0 ;_sen+170
0x015A	0x340C ;_sen+171
0x015B	0x34C4 ;_sen+172
0x015C	0x340C ;_sen+173
0x015D	0x34C8 ;_sen+174
0x015E	0x340C ;_sen+175
0x015F	0x34CA ;_sen+176
0x0160	0x340C ;_sen+177
0x0161	0x34CC ;_sen+178
0x0162	0x340C ;_sen+179
0x0163	0x34CC ;_sen+180
0x0164	0x340C ;_sen+181
0x0165	0x34CC ;_sen+182
0x0166	0x340C ;_sen+183
0x0167	0x34CA ;_sen+184
0x0168	0x340C ;_sen+185
0x0169	0x34C8 ;_sen+186
0x016A	0x340C ;_sen+187
0x016B	0x34C4 ;_sen+188
0x016C	0x340C ;_sen+189
0x016D	0x34C0 ;_sen+190
0x016E	0x340C ;_sen+191
0x016F	0x34BA ;_sen+192
0x0170	0x340C ;_sen+193
0x0171	0x34B4 ;_sen+194
0x0172	0x340C ;_sen+195
0x0173	0x34AC ;_sen+196
0x0174	0x340C ;_sen+197
0x0175	0x34A4 ;_sen+198
0x0176	0x340C ;_sen+199
0x0177	0x349A ;_sen+200
0x0178	0x340C ;_sen+201
0x0179	0x3490 ;_sen+202
0x017A	0x340C ;_sen+203
0x017B	0x3484 ;_sen+204
0x017C	0x340C ;_sen+205
0x017D	0x3478 ;_sen+206
0x017E	0x340C ;_sen+207
0x017F	0x346B ;_sen+208
0x0180	0x340C ;_sen+209
0x0181	0x345C ;_sen+210
0x0182	0x340C ;_sen+211
0x0183	0x344D ;_sen+212
0x0184	0x340C ;_sen+213
0x0185	0x343D ;_sen+214
0x0186	0x340C ;_sen+215
0x0187	0x342C ;_sen+216
0x0188	0x340C ;_sen+217
0x0189	0x341A ;_sen+218
0x018A	0x340C ;_sen+219
0x018B	0x3406 ;_sen+220
0x018C	0x340C ;_sen+221
0x018D	0x34F2 ;_sen+222
0x018E	0x340B ;_sen+223
0x018F	0x34DD ;_sen+224
0x0190	0x340B ;_sen+225
0x0191	0x34C8 ;_sen+226
0x0192	0x340B ;_sen+227
0x0193	0x34B1 ;_sen+228
0x0194	0x340B ;_sen+229
0x0195	0x3499 ;_sen+230
0x0196	0x340B ;_sen+231
0x0197	0x3480 ;_sen+232
0x0198	0x340B ;_sen+233
0x0199	0x3467 ;_sen+234
0x019A	0x340B ;_sen+235
0x019B	0x344D ;_sen+236
0x019C	0x340B ;_sen+237
0x019D	0x3431 ;_sen+238
0x019E	0x340B ;_sen+239
0x019F	0x3415 ;_sen+240
0x01A0	0x340B ;_sen+241
0x01A1	0x34F8 ;_sen+242
0x01A2	0x340A ;_sen+243
0x01A3	0x34DA ;_sen+244
0x01A4	0x340A ;_sen+245
0x01A5	0x34BB ;_sen+246
0x01A6	0x340A ;_sen+247
0x01A7	0x349C ;_sen+248
0x01A8	0x340A ;_sen+249
0x01A9	0x347C ;_sen+250
0x01AA	0x340A ;_sen+251
0x01AB	0x345A ;_sen+252
0x01AC	0x340A ;_sen+253
0x01AD	0x3438 ;_sen+254
0x01AE	0x340A ;_sen+255
0x01AF	0x3416 ;_sen+256
0x01B0	0x340A ;_sen+257
0x01B1	0x34F2 ;_sen+258
0x01B2	0x3409 ;_sen+259
0x01B3	0x34CE ;_sen+260
0x01B4	0x3409 ;_sen+261
0x01B5	0x34A8 ;_sen+262
0x01B6	0x3409 ;_sen+263
0x01B7	0x3483 ;_sen+264
0x01B8	0x3409 ;_sen+265
0x01B9	0x345C ;_sen+266
0x01BA	0x3409 ;_sen+267
0x01BB	0x3435 ;_sen+268
0x01BC	0x3409 ;_sen+269
0x01BD	0x340C ;_sen+270
0x01BE	0x3409 ;_sen+271
0x01BF	0x34E4 ;_sen+272
0x01C0	0x3408 ;_sen+273
0x01C1	0x34BA ;_sen+274
0x01C2	0x3408 ;_sen+275
0x01C3	0x3490 ;_sen+276
0x01C4	0x3408 ;_sen+277
0x01C5	0x3465 ;_sen+278
0x01C6	0x3408 ;_sen+279
0x01C7	0x343A ;_sen+280
0x01C8	0x3408 ;_sen+281
0x01C9	0x340E ;_sen+282
0x01CA	0x3408 ;_sen+283
0x01CB	0x34E1 ;_sen+284
0x01CC	0x3407 ;_sen+285
0x01CD	0x34B4 ;_sen+286
0x01CE	0x3407 ;_sen+287
0x01CF	0x3486 ;_sen+288
0x01D0	0x3407 ;_sen+289
0x01D1	0x3457 ;_sen+290
0x01D2	0x3407 ;_sen+291
0x01D3	0x3428 ;_sen+292
0x01D4	0x3407 ;_sen+293
0x01D5	0x34F8 ;_sen+294
0x01D6	0x3406 ;_sen+295
0x01D7	0x34C8 ;_sen+296
0x01D8	0x3406 ;_sen+297
0x01D9	0x3497 ;_sen+298
0x01DA	0x3406 ;_sen+299
0x01DB	0x3466 ;_sen+300
0x01DC	0x3406 ;_sen+301
0x01DD	0x3434 ;_sen+302
0x01DE	0x3406 ;_sen+303
0x01DF	0x3402 ;_sen+304
0x01E0	0x3406 ;_sen+305
0x01E1	0x34CF ;_sen+306
0x01E2	0x3405 ;_sen+307
0x01E3	0x349C ;_sen+308
0x01E4	0x3405 ;_sen+309
0x01E5	0x3468 ;_sen+310
0x01E6	0x3405 ;_sen+311
0x01E7	0x3434 ;_sen+312
0x01E8	0x3405 ;_sen+313
0x01E9	0x3400 ;_sen+314
0x01EA	0x3405 ;_sen+315
0x01EB	0x34CB ;_sen+316
0x01EC	0x3404 ;_sen+317
0x01ED	0x3496 ;_sen+318
0x01EE	0x3404 ;_sen+319
0x01EF	0x3460 ;_sen+320
0x01F0	0x3404 ;_sen+321
0x01F1	0x342B ;_sen+322
0x01F2	0x3404 ;_sen+323
0x01F3	0x34F4 ;_sen+324
0x01F4	0x3403 ;_sen+325
0x01F5	0x34BE ;_sen+326
0x01F6	0x3403 ;_sen+327
0x01F7	0x3487 ;_sen+328
0x01F8	0x3403 ;_sen+329
0x01F9	0x3450 ;_sen+330
0x01FA	0x3403 ;_sen+331
0x01FB	0x3419 ;_sen+332
0x01FC	0x3403 ;_sen+333
0x01FD	0x34E1 ;_sen+334
0x01FE	0x3402 ;_sen+335
0x01FF	0x34A9 ;_sen+336
0x0200	0x3402 ;_sen+337
0x0201	0x3471 ;_sen+338
0x0202	0x3402 ;_sen+339
0x0203	0x3439 ;_sen+340
0x0204	0x3402 ;_sen+341
0x0205	0x3400 ;_sen+342
0x0206	0x3402 ;_sen+343
0x0207	0x34C8 ;_sen+344
0x0208	0x3401 ;_sen+345
0x0209	0x348F ;_sen+346
0x020A	0x3401 ;_sen+347
0x020B	0x3456 ;_sen+348
0x020C	0x3401 ;_sen+349
0x020D	0x341E ;_sen+350
0x020E	0x3401 ;_sen+351
0x020F	0x34E5 ;_sen+352
0x0210	0x3400 ;_sen+353
0x0211	0x34AB ;_sen+354
0x0212	0x3400 ;_sen+355
0x0213	0x3472 ;_sen+356
0x0214	0x3400 ;_sen+357
0x0215	0x3439 ;_sen+358
0x0216	0x3400 ;_sen+359
0x0217	0x3400 ;_sen+360
0x0218	0x3400 ;_sen+361
0x0219	0x3439 ;_sen+362
0x021A	0x3400 ;_sen+363
0x021B	0x3472 ;_sen+364
0x021C	0x3400 ;_sen+365
0x021D	0x34AB ;_sen+366
0x021E	0x3400 ;_sen+367
0x021F	0x34E5 ;_sen+368
0x0220	0x3400 ;_sen+369
0x0221	0x341E ;_sen+370
0x0222	0x3401 ;_sen+371
0x0223	0x3456 ;_sen+372
0x0224	0x3401 ;_sen+373
0x0225	0x348F ;_sen+374
0x0226	0x3401 ;_sen+375
0x0227	0x34C8 ;_sen+376
0x0228	0x3401 ;_sen+377
0x0229	0x3400 ;_sen+378
0x022A	0x3402 ;_sen+379
0x022B	0x3439 ;_sen+380
0x022C	0x3402 ;_sen+381
0x022D	0x3471 ;_sen+382
0x022E	0x3402 ;_sen+383
0x022F	0x34A9 ;_sen+384
0x0230	0x3402 ;_sen+385
0x0231	0x34E1 ;_sen+386
0x0232	0x3402 ;_sen+387
0x0233	0x3419 ;_sen+388
0x0234	0x3403 ;_sen+389
0x0235	0x3450 ;_sen+390
0x0236	0x3403 ;_sen+391
0x0237	0x3487 ;_sen+392
0x0238	0x3403 ;_sen+393
0x0239	0x34BE ;_sen+394
0x023A	0x3403 ;_sen+395
0x023B	0x34F4 ;_sen+396
0x023C	0x3403 ;_sen+397
0x023D	0x342B ;_sen+398
0x023E	0x3404 ;_sen+399
0x023F	0x3460 ;_sen+400
0x0240	0x3404 ;_sen+401
0x0241	0x3496 ;_sen+402
0x0242	0x3404 ;_sen+403
0x0243	0x34CB ;_sen+404
0x0244	0x3404 ;_sen+405
0x0245	0x3400 ;_sen+406
0x0246	0x3405 ;_sen+407
0x0247	0x3434 ;_sen+408
0x0248	0x3405 ;_sen+409
0x0249	0x3468 ;_sen+410
0x024A	0x3405 ;_sen+411
0x024B	0x349C ;_sen+412
0x024C	0x3405 ;_sen+413
0x024D	0x34CF ;_sen+414
0x024E	0x3405 ;_sen+415
0x024F	0x3402 ;_sen+416
0x0250	0x3406 ;_sen+417
0x0251	0x3434 ;_sen+418
0x0252	0x3406 ;_sen+419
0x0253	0x3466 ;_sen+420
0x0254	0x3406 ;_sen+421
0x0255	0x3497 ;_sen+422
0x0256	0x3406 ;_sen+423
0x0257	0x34C8 ;_sen+424
0x0258	0x3406 ;_sen+425
0x0259	0x34F8 ;_sen+426
0x025A	0x3406 ;_sen+427
0x025B	0x3428 ;_sen+428
0x025C	0x3407 ;_sen+429
0x025D	0x3457 ;_sen+430
0x025E	0x3407 ;_sen+431
0x025F	0x3486 ;_sen+432
0x0260	0x3407 ;_sen+433
0x0261	0x34B4 ;_sen+434
0x0262	0x3407 ;_sen+435
0x0263	0x34E1 ;_sen+436
0x0264	0x3407 ;_sen+437
0x0265	0x340E ;_sen+438
0x0266	0x3408 ;_sen+439
0x0267	0x343A ;_sen+440
0x0268	0x3408 ;_sen+441
0x0269	0x3465 ;_sen+442
0x026A	0x3408 ;_sen+443
0x026B	0x3490 ;_sen+444
0x026C	0x3408 ;_sen+445
0x026D	0x34BA ;_sen+446
0x026E	0x3408 ;_sen+447
0x026F	0x34E4 ;_sen+448
0x0270	0x3408 ;_sen+449
0x0271	0x340C ;_sen+450
0x0272	0x3409 ;_sen+451
0x0273	0x3435 ;_sen+452
0x0274	0x3409 ;_sen+453
0x0275	0x345C ;_sen+454
0x0276	0x3409 ;_sen+455
0x0277	0x3483 ;_sen+456
0x0278	0x3409 ;_sen+457
0x0279	0x34A8 ;_sen+458
0x027A	0x3409 ;_sen+459
0x027B	0x34CE ;_sen+460
0x027C	0x3409 ;_sen+461
0x027D	0x34F2 ;_sen+462
0x027E	0x3409 ;_sen+463
0x027F	0x3416 ;_sen+464
0x0280	0x340A ;_sen+465
0x0281	0x3438 ;_sen+466
0x0282	0x340A ;_sen+467
0x0283	0x345A ;_sen+468
0x0284	0x340A ;_sen+469
0x0285	0x347C ;_sen+470
0x0286	0x340A ;_sen+471
0x0287	0x349C ;_sen+472
0x0288	0x340A ;_sen+473
0x0289	0x34BB ;_sen+474
0x028A	0x340A ;_sen+475
0x028B	0x34DA ;_sen+476
0x028C	0x340A ;_sen+477
0x028D	0x34F8 ;_sen+478
0x028E	0x340A ;_sen+479
0x028F	0x3415 ;_sen+480
0x0290	0x340B ;_sen+481
0x0291	0x3431 ;_sen+482
0x0292	0x340B ;_sen+483
0x0293	0x344D ;_sen+484
0x0294	0x340B ;_sen+485
0x0295	0x3467 ;_sen+486
0x0296	0x340B ;_sen+487
0x0297	0x3480 ;_sen+488
0x0298	0x340B ;_sen+489
0x0299	0x3499 ;_sen+490
0x029A	0x340B ;_sen+491
0x029B	0x34B1 ;_sen+492
0x029C	0x340B ;_sen+493
0x029D	0x34C8 ;_sen+494
0x029E	0x340B ;_sen+495
0x029F	0x34DD ;_sen+496
0x02A0	0x340B ;_sen+497
0x02A1	0x34F2 ;_sen+498
0x02A2	0x340B ;_sen+499
0x02A3	0x3406 ;_sen+500
0x02A4	0x340C ;_sen+501
0x02A5	0x341A ;_sen+502
0x02A6	0x340C ;_sen+503
0x02A7	0x342C ;_sen+504
0x02A8	0x340C ;_sen+505
0x02A9	0x343D ;_sen+506
0x02AA	0x340C ;_sen+507
0x02AB	0x344D ;_sen+508
0x02AC	0x340C ;_sen+509
0x02AD	0x345C ;_sen+510
0x02AE	0x340C ;_sen+511
0x02AF	0x346B ;_sen+512
0x02B0	0x340C ;_sen+513
0x02B1	0x3478 ;_sen+514
0x02B2	0x340C ;_sen+515
0x02B3	0x3484 ;_sen+516
0x02B4	0x340C ;_sen+517
0x02B5	0x3490 ;_sen+518
0x02B6	0x340C ;_sen+519
0x02B7	0x349A ;_sen+520
0x02B8	0x340C ;_sen+521
0x02B9	0x34A4 ;_sen+522
0x02BA	0x340C ;_sen+523
0x02BB	0x34AC ;_sen+524
0x02BC	0x340C ;_sen+525
0x02BD	0x34B4 ;_sen+526
0x02BE	0x340C ;_sen+527
0x02BF	0x34BA ;_sen+528
0x02C0	0x340C ;_sen+529
0x02C1	0x34C0 ;_sen+530
0x02C2	0x340C ;_sen+531
0x02C3	0x34C4 ;_sen+532
0x02C4	0x340C ;_sen+533
0x02C5	0x34C8 ;_sen+534
0x02C6	0x340C ;_sen+535
0x02C7	0x34CA ;_sen+536
0x02C8	0x340C ;_sen+537
0x02C9	0x34CC ;_sen+538
0x02CA	0x340C ;_sen+539
0x02CB	0x34CC ;_sen+540
0x02CC	0x340C ;_sen+541
0x02CD	0x34CC ;_sen+542
0x02CE	0x340C ;_sen+543
0x02CF	0x34CA ;_sen+544
0x02D0	0x340C ;_sen+545
0x02D1	0x34C8 ;_sen+546
0x02D2	0x340C ;_sen+547
0x02D3	0x34C4 ;_sen+548
0x02D4	0x340C ;_sen+549
0x02D5	0x34C0 ;_sen+550
0x02D6	0x340C ;_sen+551
0x02D7	0x34BA ;_sen+552
0x02D8	0x340C ;_sen+553
0x02D9	0x34B4 ;_sen+554
0x02DA	0x340C ;_sen+555
0x02DB	0x34AC ;_sen+556
0x02DC	0x340C ;_sen+557
0x02DD	0x34A4 ;_sen+558
0x02DE	0x340C ;_sen+559
0x02DF	0x349A ;_sen+560
0x02E0	0x340C ;_sen+561
0x02E1	0x3490 ;_sen+562
0x02E2	0x340C ;_sen+563
0x02E3	0x3484 ;_sen+564
0x02E4	0x340C ;_sen+565
0x02E5	0x3478 ;_sen+566
0x02E6	0x340C ;_sen+567
0x02E7	0x346B ;_sen+568
0x02E8	0x340C ;_sen+569
0x02E9	0x345C ;_sen+570
0x02EA	0x340C ;_sen+571
0x02EB	0x344D ;_sen+572
0x02EC	0x340C ;_sen+573
0x02ED	0x343D ;_sen+574
0x02EE	0x340C ;_sen+575
0x02EF	0x342C ;_sen+576
0x02F0	0x340C ;_sen+577
0x02F1	0x341A ;_sen+578
0x02F2	0x340C ;_sen+579
0x02F3	0x3406 ;_sen+580
0x02F4	0x340C ;_sen+581
0x02F5	0x34F2 ;_sen+582
0x02F6	0x340B ;_sen+583
0x02F7	0x34DD ;_sen+584
0x02F8	0x340B ;_sen+585
0x02F9	0x34C8 ;_sen+586
0x02FA	0x340B ;_sen+587
0x02FB	0x34B1 ;_sen+588
0x02FC	0x340B ;_sen+589
0x02FD	0x3499 ;_sen+590
0x02FE	0x340B ;_sen+591
0x02FF	0x3480 ;_sen+592
0x0300	0x340B ;_sen+593
0x0301	0x3467 ;_sen+594
0x0302	0x340B ;_sen+595
0x0303	0x344D ;_sen+596
0x0304	0x340B ;_sen+597
0x0305	0x3431 ;_sen+598
0x0306	0x340B ;_sen+599
0x0307	0x3415 ;_sen+600
0x0308	0x340B ;_sen+601
0x0309	0x34F8 ;_sen+602
0x030A	0x340A ;_sen+603
0x030B	0x34DA ;_sen+604
0x030C	0x340A ;_sen+605
0x030D	0x34BB ;_sen+606
0x030E	0x340A ;_sen+607
0x030F	0x349C ;_sen+608
0x0310	0x340A ;_sen+609
0x0311	0x347C ;_sen+610
0x0312	0x340A ;_sen+611
0x0313	0x345A ;_sen+612
0x0314	0x340A ;_sen+613
0x0315	0x3438 ;_sen+614
0x0316	0x340A ;_sen+615
0x0317	0x3416 ;_sen+616
0x0318	0x340A ;_sen+617
0x0319	0x34F2 ;_sen+618
0x031A	0x3409 ;_sen+619
0x031B	0x34CE ;_sen+620
0x031C	0x3409 ;_sen+621
0x031D	0x34A8 ;_sen+622
0x031E	0x3409 ;_sen+623
0x031F	0x3483 ;_sen+624
0x0320	0x3409 ;_sen+625
0x0321	0x345C ;_sen+626
0x0322	0x3409 ;_sen+627
0x0323	0x3435 ;_sen+628
0x0324	0x3409 ;_sen+629
0x0325	0x340C ;_sen+630
0x0326	0x3409 ;_sen+631
0x0327	0x34E4 ;_sen+632
0x0328	0x3408 ;_sen+633
0x0329	0x34BA ;_sen+634
0x032A	0x3408 ;_sen+635
0x032B	0x3490 ;_sen+636
0x032C	0x3408 ;_sen+637
0x032D	0x3465 ;_sen+638
0x032E	0x3408 ;_sen+639
0x032F	0x343A ;_sen+640
0x0330	0x3408 ;_sen+641
0x0331	0x340E ;_sen+642
0x0332	0x3408 ;_sen+643
0x0333	0x34E1 ;_sen+644
0x0334	0x3407 ;_sen+645
0x0335	0x34B4 ;_sen+646
0x0336	0x3407 ;_sen+647
0x0337	0x3486 ;_sen+648
0x0338	0x3407 ;_sen+649
0x0339	0x3457 ;_sen+650
0x033A	0x3407 ;_sen+651
0x033B	0x3428 ;_sen+652
0x033C	0x3407 ;_sen+653
0x033D	0x34F8 ;_sen+654
0x033E	0x3406 ;_sen+655
0x033F	0x34C8 ;_sen+656
0x0340	0x3406 ;_sen+657
0x0341	0x3497 ;_sen+658
0x0342	0x3406 ;_sen+659
0x0343	0x3466 ;_sen+660
0x0344	0x3406 ;_sen+661
0x0345	0x3434 ;_sen+662
0x0346	0x3406 ;_sen+663
0x0347	0x3402 ;_sen+664
0x0348	0x3406 ;_sen+665
0x0349	0x34CF ;_sen+666
0x034A	0x3405 ;_sen+667
0x034B	0x349C ;_sen+668
0x034C	0x3405 ;_sen+669
0x034D	0x3468 ;_sen+670
0x034E	0x3405 ;_sen+671
0x034F	0x3434 ;_sen+672
0x0350	0x3405 ;_sen+673
0x0351	0x3400 ;_sen+674
0x0352	0x3405 ;_sen+675
0x0353	0x34CB ;_sen+676
0x0354	0x3404 ;_sen+677
0x0355	0x3496 ;_sen+678
0x0356	0x3404 ;_sen+679
0x0357	0x3460 ;_sen+680
0x0358	0x3404 ;_sen+681
0x0359	0x342B ;_sen+682
0x035A	0x3404 ;_sen+683
0x035B	0x34F4 ;_sen+684
0x035C	0x3403 ;_sen+685
0x035D	0x34BE ;_sen+686
0x035E	0x3403 ;_sen+687
0x035F	0x3487 ;_sen+688
0x0360	0x3403 ;_sen+689
0x0361	0x3450 ;_sen+690
0x0362	0x3403 ;_sen+691
0x0363	0x3419 ;_sen+692
0x0364	0x3403 ;_sen+693
0x0365	0x34E1 ;_sen+694
0x0366	0x3402 ;_sen+695
0x0367	0x34A9 ;_sen+696
0x0368	0x3402 ;_sen+697
0x0369	0x3471 ;_sen+698
0x036A	0x3402 ;_sen+699
0x036B	0x3439 ;_sen+700
0x036C	0x3402 ;_sen+701
0x036D	0x3400 ;_sen+702
0x036E	0x3402 ;_sen+703
0x036F	0x34C8 ;_sen+704
0x0370	0x3401 ;_sen+705
0x0371	0x348F ;_sen+706
0x0372	0x3401 ;_sen+707
0x0373	0x3456 ;_sen+708
0x0374	0x3401 ;_sen+709
0x0375	0x341E ;_sen+710
0x0376	0x3401 ;_sen+711
0x0377	0x34E5 ;_sen+712
0x0378	0x3400 ;_sen+713
0x0379	0x34AB ;_sen+714
0x037A	0x3400 ;_sen+715
0x037B	0x3472 ;_sen+716
0x037C	0x3400 ;_sen+717
0x037D	0x3439 ;_sen+718
0x037E	0x3400 ;_sen+719
0x037F	0x3400 ;_sen+720
0x0380	0x3400 ;_sen+721
; end of _sen
Symbol List:
//** Routines locations **
//ADDRESS    SIZE    PROCEDURE
//----------------------------------------------
0x0003      [10]    _SPI1_Write
0x000D      [66]    _SPI1_Init_Advanced
0x004F      [16]    _InitMain
0x005F       [9]    ___CC2DW
0x0068      [24]    _signal_sen
0x0080      [47]    _main
//** Variables locations ** 
//ADDRESS    SIZE    VARIABLE
//----------------------------------------------
0x0000       [1]    INDF0
0x0001       [1]    INDF1
0x0003       [1]    STATUS
0x0004       [1]    FSR0L
0x0005       [1]    FSR0H
0x0006       [1]    FSR1L
0x0007       [1]    FSR1H
0x000A       [1]    PCLATH
0x0020       [2]    _i
0x0022       [4]    _SPI_Rd_Ptr
0x0026       [4]    _SPI_Wr_Ptr
0x002A       [2]    FARG_signal_sen_values
0x002C       [1]    FARG_SPI1_Write_data_
0x002C       [1]    FARG_SPI1_Init_Advanced_master
0x002D       [1]    FARG_SPI1_Init_Advanced_data_sample
0x002E       [1]    FARG_SPI1_Init_Advanced_clock_idle
0x002F       [1]    FARG_SPI1_Init_Advanced_transmit_edge
0x0070       [1]    R0
0x0071       [1]    R1
0x0072       [1]    R2
0x0073       [1]    R3
0x0074       [1]    R4
0x0075       [1]    R5
0x0076       [1]    R6
0x0077       [1]    R7
0x0078       [1]    R8
0x0079       [1]    R9
0x007A       [1]    R10
0x007B       [1]    R11
0x007C       [1]    R12
0x007D       [1]    R13
0x007E       [1]    R14
0x007F       [1]    R15
0x008C       [0]    TRISA1_bit
0x008C       [0]    TRISA2_bit
0x008C       [1]    TRISA
0x008C       [0]    TRISA0_bit
0x0099       [1]    OSCCON
0x010C       [1]    LATA
0x0211       [1]    SSPBUF
0x0214       [1]    SSPSTAT
0x0215       [1]    SSPCON
//** Constants locations ** 
//ADDRESS    SIZE    CONSTANT
//----------------------------------------------
0x00AF     [722]    _sen
