;  LST file generated by mikroListExporter - v.2.0 
; Date/Time: 12/03/2024 03:01:49
;----------------------------------------------

;Address Opcode 	ASM
0x0000	0x2A59      	GOTO       601
_Delay_1us:
0x0003	0x3002      	MOVLW      2
0x0004	0x00FD      	MOVWF      R13
L_Delay_1us0:
0x0005	0x0BFD      	DECFSZ     R13, 1
0x0006	0x2805      	GOTO       L_Delay_1us0
0x0007	0x0000      	NOP
L_end_Delay_1us:
0x0008	0x0008      	RETURN
; end of _Delay_1us
_Delay_5500us:
0x0009	0x303A      	MOVLW      58
0x000A	0x00FC      	MOVWF      R12
0x000B	0x3023      	MOVLW      35
0x000C	0x00FD      	MOVWF      R13
L_Delay_5500us6:
0x000D	0x0BFD      	DECFSZ     R13, 1
0x000E	0x280D      	GOTO       L_Delay_5500us6
0x000F	0x0BFC      	DECFSZ     R12, 1
0x0010	0x280D      	GOTO       L_Delay_5500us6
L_end_Delay_5500us:
0x0011	0x0008      	RETURN
; end of _Delay_5500us
_Delay_50us:
0x0012	0x3085      	MOVLW      133
0x0013	0x00FD      	MOVWF      R13
L_Delay_50us3:
0x0014	0x0BFD      	DECFSZ     R13, 1
0x0015	0x2814      	GOTO       L_Delay_50us3
L_end_Delay_50us:
0x0016	0x0008      	RETURN
; end of _Delay_50us
_Lcd_Cmd:
0x0017	0x0020      	MOVLB      0
0x0018	0x1BDD      	BTFSC      FARG_Lcd_Cmd_out_char, 7
0x0019	0x281C      	GOTO       L__Lcd_Cmd21
0x001A	0x130C      	BCF        LCD_D7, BitPos(LCD_D7+0)
0x001B	0x281D      	GOTO       L__Lcd_Cmd22
L__Lcd_Cmd21:
0x001C	0x170C      	BSF        LCD_D7, BitPos(LCD_D7+0)
L__Lcd_Cmd22:
0x001D	0x1B5D      	BTFSC      FARG_Lcd_Cmd_out_char, 6
0x001E	0x2821      	GOTO       L__Lcd_Cmd23
0x001F	0x120C      	BCF        LCD_D6, BitPos(LCD_D6+0)
0x0020	0x2822      	GOTO       L__Lcd_Cmd24
L__Lcd_Cmd23:
0x0021	0x160C      	BSF        LCD_D6, BitPos(LCD_D6+0)
L__Lcd_Cmd24:
0x0022	0x1ADD      	BTFSC      FARG_Lcd_Cmd_out_char, 5
0x0023	0x2826      	GOTO       L__Lcd_Cmd25
0x0024	0x118C      	BCF        LCD_D5, BitPos(LCD_D5+0)
0x0025	0x2827      	GOTO       L__Lcd_Cmd26
L__Lcd_Cmd25:
0x0026	0x158C      	BSF        LCD_D5, BitPos(LCD_D5+0)
L__Lcd_Cmd26:
0x0027	0x1A5D      	BTFSC      FARG_Lcd_Cmd_out_char, 4
0x0028	0x282B      	GOTO       L__Lcd_Cmd27
0x0029	0x110C      	BCF        LCD_D4, BitPos(LCD_D4+0)
0x002A	0x282C      	GOTO       L__Lcd_Cmd28
L__Lcd_Cmd27:
0x002B	0x150C      	BSF        LCD_D4, BitPos(LCD_D4+0)
L__Lcd_Cmd28:
0x002C	0x1820      	BTFSC      __Lib_Lcd_cmd_status, BitPos(__Lib_Lcd_cmd_status+0)
0x002D	0x2830      	GOTO       L__Lcd_Cmd29
0x002E	0x140C      	BSF        LCD_RS, BitPos(LCD_RS+0)
0x002F	0x2831      	GOTO       L__Lcd_Cmd30
L__Lcd_Cmd29:
0x0030	0x100C      	BCF        LCD_RS, BitPos(LCD_RS+0)
L__Lcd_Cmd30:
0x0031	0x148C      	BSF        LCD_EN, BitPos(LCD_EN+0)
0x0032	0x2003      	CALL       _Delay_1us
0x0033	0x108C      	BCF        LCD_EN, BitPos(LCD_EN+0)
0x0034	0x19DD      	BTFSC      FARG_Lcd_Cmd_out_char, 3
0x0035	0x2838      	GOTO       L__Lcd_Cmd31
0x0036	0x130C      	BCF        LCD_D7, BitPos(LCD_D7+0)
0x0037	0x2839      	GOTO       L__Lcd_Cmd32
L__Lcd_Cmd31:
0x0038	0x170C      	BSF        LCD_D7, BitPos(LCD_D7+0)
L__Lcd_Cmd32:
0x0039	0x195D      	BTFSC      FARG_Lcd_Cmd_out_char, 2
0x003A	0x283D      	GOTO       L__Lcd_Cmd33
0x003B	0x120C      	BCF        LCD_D6, BitPos(LCD_D6+0)
0x003C	0x283E      	GOTO       L__Lcd_Cmd34
L__Lcd_Cmd33:
0x003D	0x160C      	BSF        LCD_D6, BitPos(LCD_D6+0)
L__Lcd_Cmd34:
0x003E	0x18DD      	BTFSC      FARG_Lcd_Cmd_out_char, 1
0x003F	0x2842      	GOTO       L__Lcd_Cmd35
0x0040	0x118C      	BCF        LCD_D5, BitPos(LCD_D5+0)
0x0041	0x2843      	GOTO       L__Lcd_Cmd36
L__Lcd_Cmd35:
0x0042	0x158C      	BSF        LCD_D5, BitPos(LCD_D5+0)
L__Lcd_Cmd36:
0x0043	0x185D      	BTFSC      FARG_Lcd_Cmd_out_char, 0
0x0044	0x2847      	GOTO       L__Lcd_Cmd37
0x0045	0x110C      	BCF        LCD_D4, BitPos(LCD_D4+0)
0x0046	0x2848      	GOTO       L__Lcd_Cmd38
L__Lcd_Cmd37:
0x0047	0x150C      	BSF        LCD_D4, BitPos(LCD_D4+0)
L__Lcd_Cmd38:
0x0048	0x1820      	BTFSC      __Lib_Lcd_cmd_status, BitPos(__Lib_Lcd_cmd_status+0)
0x0049	0x284C      	GOTO       L__Lcd_Cmd39
0x004A	0x140C      	BSF        LCD_RS, BitPos(LCD_RS+0)
0x004B	0x284D      	GOTO       L__Lcd_Cmd40
L__Lcd_Cmd39:
0x004C	0x100C      	BCF        LCD_RS, BitPos(LCD_RS+0)
L__Lcd_Cmd40:
0x004D	0x148C      	BSF        LCD_EN, BitPos(LCD_EN+0)
0x004E	0x2003      	CALL       _Delay_1us
0x004F	0x108C      	BCF        LCD_EN, BitPos(LCD_EN+0)
0x0050	0x1C20      	BTFSS      __Lib_Lcd_cmd_status, BitPos(__Lib_Lcd_cmd_status+0)
0x0051	0x2854      	GOTO       L_Lcd_Cmd0
0x0052	0x2009      	CALL       _Delay_5500us
0x0053	0x2855      	GOTO       L_Lcd_Cmd1
L_Lcd_Cmd0:
0x0054	0x2012      	CALL       _Delay_50us
L_Lcd_Cmd1:
L_end_Lcd_Cmd:
0x0055	0x0008      	RETURN
; end of _Lcd_Cmd
_Div_16X16_U:
0x0056	0x0020      	MOVLB      0
0x0057	0x01F8      	CLRF       R8
0x0058	0x01F9      	CLRF       R9
0x0059	0x3010      	MOVLW      16
0x005A	0x00FC      	MOVWF      R12
0x005B	0x0D71      	RLF        R1, 0
0x005C	0x0DF8      	RLF        R8, 1
0x005D	0x0DF9      	RLF        R9, 1
0x005E	0x0874      	MOVF       R4, 0
0x005F	0x02F8      	SUBWF      R8, 1
0x0060	0x0875      	MOVF       R5, 0
0x0061	0x1C03      	BTFSS      STATUS, 0
0x0062	0x0F75      	INCFSZ     R5, 0
0x0063	0x02F9      	SUBWF      R9, 1
0x0064	0x1803      	BTFSC      STATUS, 0
0x0065	0x286D      	GOTO       $+8
0x0066	0x0874      	MOVF       R4, 0
0x0067	0x07F8      	ADDWF      R8, 1
0x0068	0x0875      	MOVF       R5, 0
0x0069	0x1803      	BTFSC      STATUS, 0
0x006A	0x0F75      	INCFSZ     R5, 0
0x006B	0x07F9      	ADDWF      R9, 1
0x006C	0x1003      	BCF        STATUS, 0
0x006D	0x0DF0      	RLF        R0, 1
0x006E	0x0DF1      	RLF        R1, 1
0x006F	0x0BFC      	DECFSZ     R12, 1
0x0070	0x285B      	GOTO       $-21
L_end_Div_16X16_U:
0x0071	0x0008      	RETURN
; end of _Div_16X16_U
_Keypad_Key_Press:
0x0072	0x0020      	MOVLB      0
0x0073	0x01D6      	CLRF       Keypad_Key_Press_rslt_L0
0x0074	0x01D8      	CLRF       Keypad_Key_Press_loc_L0
0x0075	0x01D9      	CLRF       Keypad_Key_Press_rowcnt_L0
0x0076	0x3010      	MOVLW      16
0x0077	0x00DA      	MOVWF      Keypad_Key_Press_shifter_L0
L_Keypad_Key_Press0:
0x0078	0x3004      	MOVLW      4
0x0079	0x0259      	SUBWF      Keypad_Key_Press_rowcnt_L0, 0
0x007A	0x1803      	BTFSC      STATUS, 0
0x007B	0x28A5      	GOTO       L_Keypad_Key_Press1
0x007C	0x30F0      	MOVLW      240
0x007D	0x008D      	MOVWF      keypadPort
0x007E	0x3080      	MOVLW      128
0x007F	0x00F0      	MOVWF      R0
0x0080	0x3000      	MOVLW      0
0x0081	0x00F1      	MOVWF      R1
0x0082	0x300D      	MOVLW      keypadPort
0x0083	0x0770      	ADDWF      R0, 0
0x0084	0x0086      	MOVWF      FSR1
0x0085	0x3000      	MOVLW      hi_addr(keypadPort)
0x0086	0x3D71      	ADDWFC     R1, 0
0x0087	0x0087      	MOVWF      FSR1H
0x0088	0x095A      	COMF       Keypad_Key_Press_shifter_L0, 0
0x0089	0x00F0      	MOVWF      R0
0x008A	0x0870      	MOVF       R0, 0
0x008B	0x0081      	MOVWF      INDF1
0x008C	0x2003      	CALL       _Delay_1us
0x008D	0x2003      	CALL       _Delay_1us
0x008E	0x300F      	MOVLW      15
0x008F	0x050D      	ANDWF      keypadPort, 0
0x0090	0x00F0      	MOVWF      R0
0x0091	0x0870      	MOVF       R0, 0
0x0092	0x00D7      	MOVWF      Keypad_Key_Press_kdata_L0
0x0093	0x0870      	MOVF       R0, 0
0x0094	0x1903      	BTFSC      STATUS, 2
0x0095	0x28A0      	GOTO       L_Keypad_Key_Press2
0x0096	0x0858      	MOVF       Keypad_Key_Press_loc_L0, 0
0x0097	0x00D6      	MOVWF      Keypad_Key_Press_rslt_L0
L_Keypad_Key_Press3:
0x0098	0x0857      	MOVF       Keypad_Key_Press_kdata_L0, 0
0x0099	0x1903      	BTFSC      STATUS, 2
0x009A	0x289E      	GOTO       L_Keypad_Key_Press4
0x009B	0x36D7      	LSRF       Keypad_Key_Press_kdata_L0, 1
0x009C	0x0AD6      	INCF       Keypad_Key_Press_rslt_L0, 1
0x009D	0x2898      	GOTO       L_Keypad_Key_Press3
L_Keypad_Key_Press4:
0x009E	0x3004      	MOVLW      4
0x009F	0x00D9      	MOVWF      Keypad_Key_Press_rowcnt_L0
L_Keypad_Key_Press2:
0x00A0	0x35DA      	LSLF       Keypad_Key_Press_shifter_L0, 1
0x00A1	0x3004      	MOVLW      4
0x00A2	0x07D8      	ADDWF      Keypad_Key_Press_loc_L0, 1
0x00A3	0x0AD9      	INCF       Keypad_Key_Press_rowcnt_L0, 1
0x00A4	0x2878      	GOTO       L_Keypad_Key_Press0
L_Keypad_Key_Press1:
0x00A5	0x0856      	MOVF       Keypad_Key_Press_rslt_L0, 0
0x00A6	0x00F0      	MOVWF      R0
L_end_Keypad_Key_Press:
0x00A7	0x0008      	RETURN
; end of _Keypad_Key_Press
_WordToStr:
0x00A8	0x0020      	MOVLB      0
0x00A9	0x01DA      	CLRF       WordToStr_len_L0
L_WordToStr11:
0x00AA	0x3005      	MOVLW      5
0x00AB	0x025A      	SUBWF      WordToStr_len_L0, 0
0x00AC	0x1803      	BTFSC      STATUS, 0
0x00AD	0x28B8      	GOTO       L_WordToStr12
0x00AE	0x085A      	MOVF       WordToStr_len_L0, 0
0x00AF	0x0758      	ADDWF      FARG_WordToStr_output, 0
0x00B0	0x0086      	MOVWF      FSR1
0x00B1	0x3000      	MOVLW      0
0x00B2	0x3D59      	ADDWFC     FARG_WordToStr_output+1, 0
0x00B3	0x0087      	MOVWF      FSR1H
0x00B4	0x3020      	MOVLW      32
0x00B5	0x0081      	MOVWF      INDF1
0x00B6	0x0ADA      	INCF       WordToStr_len_L0, 1
0x00B7	0x28AA      	GOTO       L_WordToStr11
L_WordToStr12:
0x00B8	0x085A      	MOVF       WordToStr_len_L0, 0
0x00B9	0x0758      	ADDWF      FARG_WordToStr_output, 0
0x00BA	0x0086      	MOVWF      FSR1
0x00BB	0x3000      	MOVLW      0
0x00BC	0x3D59      	ADDWFC     FARG_WordToStr_output+1, 0
0x00BD	0x0087      	MOVWF      FSR1H
0x00BE	0x0181      	CLRF       INDF1
0x00BF	0x03DA      	DECF       WordToStr_len_L0, 1
L_WordToStr14:
0x00C0	0x085A      	MOVF       WordToStr_len_L0, 0
0x00C1	0x0758      	ADDWF      FARG_WordToStr_output, 0
0x00C2	0x00DB      	MOVWF      FLOC__WordToStr
0x00C3	0x3000      	MOVLW      0
0x00C4	0x3D59      	ADDWFC     FARG_WordToStr_output+1, 0
0x00C5	0x00DC      	MOVWF      FLOC__WordToStr+1
0x00C6	0x300A      	MOVLW      10
0x00C7	0x00F4      	MOVWF      R4
0x00C8	0x01F5      	CLRF       R5
0x00C9	0x0856      	MOVF       FARG_WordToStr_input, 0
0x00CA	0x00F0      	MOVWF      R0
0x00CB	0x0857      	MOVF       FARG_WordToStr_input+1, 0
0x00CC	0x00F1      	MOVWF      R1
0x00CD	0x2056      	CALL       _Div_16X16_U
0x00CE	0x0878      	MOVF       R8, 0
0x00CF	0x00F0      	MOVWF      R0
0x00D0	0x0879      	MOVF       R9, 0
0x00D1	0x00F1      	MOVWF      R1
0x00D2	0x3030      	MOVLW      48
0x00D3	0x07F0      	ADDWF      R0, 1
0x00D4	0x085B      	MOVF       FLOC__WordToStr, 0
0x00D5	0x0086      	MOVWF      FSR1
0x00D6	0x085C      	MOVF       FLOC__WordToStr+1, 0
0x00D7	0x0087      	MOVWF      FSR1H
0x00D8	0x0870      	MOVF       R0, 0
0x00D9	0x0081      	MOVWF      INDF1
0x00DA	0x300A      	MOVLW      10
0x00DB	0x00F4      	MOVWF      R4
0x00DC	0x01F5      	CLRF       R5
0x00DD	0x0856      	MOVF       FARG_WordToStr_input, 0
0x00DE	0x00F0      	MOVWF      R0
0x00DF	0x0857      	MOVF       FARG_WordToStr_input+1, 0
0x00E0	0x00F1      	MOVWF      R1
0x00E1	0x2056      	CALL       _Div_16X16_U
0x00E2	0x0870      	MOVF       R0, 0
0x00E3	0x00D6      	MOVWF      FARG_WordToStr_input
0x00E4	0x0871      	MOVF       R1, 0
0x00E5	0x00D7      	MOVWF      FARG_WordToStr_input+1
0x00E6	0x3000      	MOVLW      0
0x00E7	0x0671      	XORWF      R1, 0
0x00E8	0x1D03      	BTFSS      STATUS, 2
0x00E9	0x28EC      	GOTO       L__WordToStr379
0x00EA	0x3000      	MOVLW      0
0x00EB	0x0670      	XORWF      R0, 0
L__WordToStr379:
0x00EC	0x1D03      	BTFSS      STATUS, 2
0x00ED	0x28EF      	GOTO       L_WordToStr16
0x00EE	0x28F1      	GOTO       L_WordToStr15
L_WordToStr16:
0x00EF	0x03DA      	DECF       WordToStr_len_L0, 1
0x00F0	0x28C0      	GOTO       L_WordToStr14
L_WordToStr15:
L_end_WordToStr:
0x00F1	0x0008      	RETURN
; end of _WordToStr
_Delay_10us:
0x00F2	0x301A      	MOVLW      26
0x00F3	0x00FD      	MOVWF      R13
L_Delay_10us1:
0x00F4	0x0BFD      	DECFSZ     R13, 1
0x00F5	0x28F4      	GOTO       L_Delay_10us1
0x00F6	0x0000      	NOP
L_end_Delay_10us:
0x00F7	0x0008      	RETURN
; end of _Delay_10us
_Lcd_Chr_CP:
0x00F8	0x0020      	MOVLB      0
0x00F9	0x1020      	BCF        __Lib_Lcd_cmd_status, BitPos(__Lib_Lcd_cmd_status+0)
0x00FA	0x0856      	MOVF       FARG_Lcd_Chr_CP_out_char, 0
0x00FB	0x00DD      	MOVWF      FARG_Lcd_Cmd_out_char
0x00FC	0x2017      	CALL       _Lcd_Cmd
0x00FD	0x1420      	BSF        __Lib_Lcd_cmd_status, BitPos(__Lib_Lcd_cmd_status+0)
L_end_Lcd_Chr_CP:
0x00FE	0x0008      	RETURN
; end of _Lcd_Chr_CP
_Keypad_Key_Click:
0x00FF	0x2072      	CALL       _Keypad_Key_Press
0x0100	0x0870      	MOVF       R0, 0
0x0101	0x00CC      	MOVWF      Keypad_Key_Click_rslt_L0
L_Keypad_Key_Click5:
0x0102	0x300F      	MOVLW      15
0x0103	0x050D      	ANDWF      keypadPort, 0
0x0104	0x00F0      	MOVWF      R0
0x0105	0x1903      	BTFSC      STATUS, 2
0x0106	0x2909      	GOTO       L_Keypad_Key_Click6
0x0107	0x20F2      	CALL       _Delay_10us
0x0108	0x2902      	GOTO       L_Keypad_Key_Click5
L_Keypad_Key_Click6:
0x0109	0x084C      	MOVF       Keypad_Key_Click_rslt_L0, 0
0x010A	0x00F0      	MOVWF      R0
L_end_Keypad_Key_Click:
0x010B	0x0008      	RETURN
; end of _Keypad_Key_Click
_Lcd_Chr:
0x010C	0x291D      	GOTO       L_Lcd_Chr4
L_Lcd_Chr6:
0x010D	0x3080      	MOVLW      128
0x010E	0x0020      	MOVLB      0
0x010F	0x00CC      	MOVWF      FARG_Lcd_Chr_row
0x0110	0x292F      	GOTO       L_Lcd_Chr5
L_Lcd_Chr7:
0x0111	0x30C0      	MOVLW      192
0x0112	0x00CC      	MOVWF      FARG_Lcd_Chr_row
0x0113	0x292F      	GOTO       L_Lcd_Chr5
L_Lcd_Chr8:
0x0114	0x3094      	MOVLW      148
0x0115	0x00CC      	MOVWF      FARG_Lcd_Chr_row
0x0116	0x292F      	GOTO       L_Lcd_Chr5
L_Lcd_Chr9:
0x0117	0x30D4      	MOVLW      212
0x0118	0x00CC      	MOVWF      FARG_Lcd_Chr_row
0x0119	0x292F      	GOTO       L_Lcd_Chr5
L_Lcd_Chr10:
0x011A	0x3080      	MOVLW      128
0x011B	0x00CC      	MOVWF      FARG_Lcd_Chr_row
0x011C	0x292F      	GOTO       L_Lcd_Chr5
L_Lcd_Chr4:
0x011D	0x0020      	MOVLB      0
0x011E	0x084C      	MOVF       FARG_Lcd_Chr_row, 0
0x011F	0x3A01      	XORLW      1
0x0120	0x1903      	BTFSC      STATUS, 2
0x0121	0x290D      	GOTO       L_Lcd_Chr6
0x0122	0x084C      	MOVF       FARG_Lcd_Chr_row, 0
0x0123	0x3A02      	XORLW      2
0x0124	0x1903      	BTFSC      STATUS, 2
0x0125	0x2911      	GOTO       L_Lcd_Chr7
0x0126	0x084C      	MOVF       FARG_Lcd_Chr_row, 0
0x0127	0x3A03      	XORLW      3
0x0128	0x1903      	BTFSC      STATUS, 2
0x0129	0x2914      	GOTO       L_Lcd_Chr8
0x012A	0x084C      	MOVF       FARG_Lcd_Chr_row, 0
0x012B	0x3A04      	XORLW      4
0x012C	0x1903      	BTFSC      STATUS, 2
0x012D	0x2917      	GOTO       L_Lcd_Chr9
0x012E	0x291A      	GOTO       L_Lcd_Chr10
L_Lcd_Chr5:
0x012F	0x034D      	DECF       FARG_Lcd_Chr_column, 0
0x0130	0x00F0      	MOVWF      R0
0x0131	0x084C      	MOVF       FARG_Lcd_Chr_row, 0
0x0132	0x07F0      	ADDWF      R0, 1
0x0133	0x0870      	MOVF       R0, 0
0x0134	0x00CC      	MOVWF      FARG_Lcd_Chr_row
0x0135	0x1420      	BSF        __Lib_Lcd_cmd_status, BitPos(__Lib_Lcd_cmd_status+0)
0x0136	0x0870      	MOVF       R0, 0
0x0137	0x00DD      	MOVWF      FARG_Lcd_Cmd_out_char
0x0138	0x2017      	CALL       _Lcd_Cmd
0x0139	0x1020      	BCF        __Lib_Lcd_cmd_status, BitPos(__Lib_Lcd_cmd_status+0)
0x013A	0x084E      	MOVF       FARG_Lcd_Chr_out_char, 0
0x013B	0x00DD      	MOVWF      FARG_Lcd_Cmd_out_char
0x013C	0x2017      	CALL       _Lcd_Cmd
0x013D	0x1420      	BSF        __Lib_Lcd_cmd_status, BitPos(__Lib_Lcd_cmd_status+0)
L_end_Lcd_Chr:
0x013E	0x0008      	RETURN
; end of _Lcd_Chr
_IntToStr:
0x013F	0x0020      	MOVLB      0
0x0140	0x01D2      	CLRF       IntToStr_negative_L0
0x0141	0x01D3      	CLRF       IntToStr_negative_L0+1
0x0142	0x084C      	MOVF       FARG_IntToStr_input, 0
0x0143	0x00D4      	MOVWF      IntToStr_inword_L0
0x0144	0x084D      	MOVF       FARG_IntToStr_input+1, 0
0x0145	0x00D5      	MOVWF      IntToStr_inword_L0+1
0x0146	0x3080      	MOVLW      128
0x0147	0x064D      	XORWF      FARG_IntToStr_input+1, 0
0x0148	0x00F0      	MOVWF      R0
0x0149	0x3080      	MOVLW      128
0x014A	0x0270      	SUBWF      R0, 0
0x014B	0x1D03      	BTFSS      STATUS, 2
0x014C	0x294F      	GOTO       L__IntToStr387
0x014D	0x3000      	MOVLW      0
0x014E	0x024C      	SUBWF      FARG_IntToStr_input, 0
L__IntToStr387:
0x014F	0x1803      	BTFSC      STATUS, 0
0x0150	0x295D      	GOTO       L_IntToStr37
0x0151	0x3001      	MOVLW      1
0x0152	0x00D2      	MOVWF      IntToStr_negative_L0
0x0153	0x3000      	MOVLW      0
0x0154	0x00D3      	MOVWF      IntToStr_negative_L0+1
0x0155	0x084C      	MOVF       FARG_IntToStr_input, 0
0x0156	0x3C00      	SUBLW      0
0x0157	0x00D4      	MOVWF      IntToStr_inword_L0
0x0158	0x084D      	MOVF       FARG_IntToStr_input+1, 0
0x0159	0x1C03      	BTFSS      STATUS, 0
0x015A	0x3E01      	ADDLW      1
0x015B	0x01D5      	CLRF       IntToStr_inword_L0+1
0x015C	0x02D5      	SUBWF      IntToStr_inword_L0+1, 1
L_IntToStr37:
0x015D	0x0854      	MOVF       IntToStr_inword_L0, 0
0x015E	0x00D6      	MOVWF      FARG_WordToStr_input
0x015F	0x0855      	MOVF       IntToStr_inword_L0+1, 0
0x0160	0x00D7      	MOVWF      FARG_WordToStr_input+1
0x0161	0x084E      	MOVF       FARG_IntToStr_output, 0
0x0162	0x00D8      	MOVWF      FARG_WordToStr_output
0x0163	0x084F      	MOVF       FARG_IntToStr_output+1, 0
0x0164	0x00D9      	MOVWF      FARG_WordToStr_output+1
0x0165	0x20A8      	CALL       _WordToStr
0x0166	0x3006      	MOVLW      6
0x0167	0x00D0      	MOVWF      IntToStr_i_L0
0x0168	0x3000      	MOVLW      0
0x0169	0x00D1      	MOVWF      IntToStr_i_L0+1
L_IntToStr38:
0x016A	0x0851      	MOVF       IntToStr_i_L0+1, 0
0x016B	0x3C00      	SUBLW      0
0x016C	0x1D03      	BTFSS      STATUS, 2
0x016D	0x2970      	GOTO       L__IntToStr388
0x016E	0x0850      	MOVF       IntToStr_i_L0, 0
0x016F	0x3C00      	SUBLW      0
L__IntToStr388:
0x0170	0x1803      	BTFSC      STATUS, 0
0x0171	0x298B      	GOTO       L_IntToStr39
0x0172	0x0850      	MOVF       IntToStr_i_L0, 0
0x0173	0x074E      	ADDWF      FARG_IntToStr_output, 0
0x0174	0x0086      	MOVWF      FSR1
0x0175	0x0851      	MOVF       IntToStr_i_L0+1, 0
0x0176	0x3D4F      	ADDWFC     FARG_IntToStr_output+1, 0
0x0177	0x0087      	MOVWF      FSR1H
0x0178	0x3001      	MOVLW      1
0x0179	0x0250      	SUBWF      IntToStr_i_L0, 0
0x017A	0x00F0      	MOVWF      R0
0x017B	0x3000      	MOVLW      0
0x017C	0x3B51      	SUBWFB     IntToStr_i_L0+1, 0
0x017D	0x00F1      	MOVWF      R1
0x017E	0x0870      	MOVF       R0, 0
0x017F	0x074E      	ADDWF      FARG_IntToStr_output, 0
0x0180	0x0084      	MOVWF      FSR0
0x0181	0x0871      	MOVF       R1, 0
0x0182	0x3D4F      	ADDWFC     FARG_IntToStr_output+1, 0
0x0183	0x0085      	MOVWF      FSR0H
0x0184	0x0800      	MOVF       INDF0, 0
0x0185	0x0081      	MOVWF      INDF1
0x0186	0x3001      	MOVLW      1
0x0187	0x02D0      	SUBWF      IntToStr_i_L0, 1
0x0188	0x3000      	MOVLW      0
0x0189	0x3BD1      	SUBWFB     IntToStr_i_L0+1, 1
0x018A	0x296A      	GOTO       L_IntToStr38
L_IntToStr39:
0x018B	0x084E      	MOVF       FARG_IntToStr_output, 0
0x018C	0x0086      	MOVWF      FSR1
0x018D	0x084F      	MOVF       FARG_IntToStr_output+1, 0
0x018E	0x0087      	MOVWF      FSR1H
0x018F	0x3020      	MOVLW      32
0x0190	0x0081      	MOVWF      INDF1
0x0191	0x0852      	MOVF       IntToStr_negative_L0, 0
0x0192	0x0453      	IORWF       IntToStr_negative_L0+1, 0
0x0193	0x1903      	BTFSC      STATUS, 2
0x0194	0x29B1      	GOTO       L_IntToStr40
0x0195	0x01D0      	CLRF       IntToStr_i_L0
0x0196	0x01D1      	CLRF       IntToStr_i_L0+1
L_IntToStr41:
0x0197	0x0850      	MOVF       IntToStr_i_L0, 0
0x0198	0x074E      	ADDWF      FARG_IntToStr_output, 0
0x0199	0x0084      	MOVWF      FSR0
0x019A	0x0851      	MOVF       IntToStr_i_L0+1, 0
0x019B	0x3D4F      	ADDWFC     FARG_IntToStr_output+1, 0
0x019C	0x0085      	MOVWF      FSR0H
0x019D	0x0800      	MOVF       INDF0, 0
0x019E	0x3A20      	XORLW      32
0x019F	0x1D03      	BTFSS      STATUS, 2
0x01A0	0x29A5      	GOTO       L_IntToStr42
0x01A1	0x0AD0      	INCF       IntToStr_i_L0, 1
0x01A2	0x1903      	BTFSC      STATUS, 2
0x01A3	0x0AD1      	INCF       IntToStr_i_L0+1, 1
0x01A4	0x2997      	GOTO       L_IntToStr41
L_IntToStr42:
0x01A5	0x3001      	MOVLW      1
0x01A6	0x02D0      	SUBWF      IntToStr_i_L0, 1
0x01A7	0x3000      	MOVLW      0
0x01A8	0x3BD1      	SUBWFB     IntToStr_i_L0+1, 1
0x01A9	0x0850      	MOVF       IntToStr_i_L0, 0
0x01AA	0x074E      	ADDWF      FARG_IntToStr_output, 0
0x01AB	0x0086      	MOVWF      FSR1
0x01AC	0x0851      	MOVF       IntToStr_i_L0+1, 0
0x01AD	0x3D4F      	ADDWFC     FARG_IntToStr_output+1, 0
0x01AE	0x0087      	MOVWF      FSR1H
0x01AF	0x302D      	MOVLW      45
0x01B0	0x0081      	MOVWF      INDF1
L_IntToStr40:
L_end_IntToStr:
0x01B1	0x0008      	RETURN
; end of _IntToStr
_Keypad_Init:
0x01B2	0x3080      	MOVLW      128
0x01B3	0x00F0      	MOVWF      R0
0x01B4	0x3000      	MOVLW      0
0x01B5	0x00F1      	MOVWF      R1
0x01B6	0x300D      	MOVLW      keypadPort
0x01B7	0x0770      	ADDWF      R0, 0
0x01B8	0x0086      	MOVWF      FSR1
0x01B9	0x3000      	MOVLW      hi_addr(keypadPort)
0x01BA	0x3D71      	ADDWFC     R1, 0
0x01BB	0x0087      	MOVWF      FSR1H
0x01BC	0x30FF      	MOVLW      255
0x01BD	0x0081      	MOVWF      INDF1
L_end_Keypad_Init:
0x01BE	0x0008      	RETURN
; end of _Keypad_Init
___CC2DW:
_CC2DL_Loop1:
0x01BF	0x0012      	MOVIW      FSR0++ 
0x01C0	0x001E      	MOVWI      FSR1++ 
0x01C1	0x03F0      	DECF       R0, 1
0x01C2	0x1D03      	BTFSS      STATUS, 2
0x01C3	0x29BF      	GOTO       _CC2DL_Loop1
0x01C4	0x03F1      	DECF       R1, 1
0x01C5	0x1D03      	BTFSS      STATUS, 2
0x01C6	0x29BF      	GOTO       _CC2DL_Loop1
L_end___CC2DW:
0x01C7	0x0008      	RETURN
; end of ___CC2DW
_Lcd_Init:
0x01C8	0x0021      	MOVLB      1
0x01C9	0x108C      	BCF        LCD_EN_Direction, BitPos(LCD_EN_Direction+0)
0x01CA	0x100C      	BCF        LCD_RS_Direction, BitPos(LCD_RS_Direction+0)
0x01CB	0x110C      	BCF        LCD_D4_Direction, BitPos(LCD_D4_Direction+0)
0x01CC	0x118C      	BCF        LCD_D5_Direction, BitPos(LCD_D5_Direction+0)
0x01CD	0x120C      	BCF        LCD_D6_Direction, BitPos(LCD_D6_Direction+0)
0x01CE	0x130C      	BCF        LCD_D7_Direction, BitPos(LCD_D7_Direction+0)
0x01CF	0x0020      	MOVLB      0
0x01D0	0x108C      	BCF        LCD_EN, BitPos(LCD_EN+0)
0x01D1	0x100C      	BCF        LCD_RS, BitPos(LCD_RS+0)
0x01D2	0x130C      	BCF        LCD_D7, BitPos(LCD_D7+0)
0x01D3	0x120C      	BCF        LCD_D6, BitPos(LCD_D6+0)
0x01D4	0x118C      	BCF        LCD_D5, BitPos(LCD_D5+0)
0x01D5	0x110C      	BCF        LCD_D4, BitPos(LCD_D4+0)
0x01D6	0x2009      	CALL       _Delay_5500us
0x01D7	0x2009      	CALL       _Delay_5500us
0x01D8	0x2009      	CALL       _Delay_5500us
0x01D9	0x158C      	BSF        LCD_D5, BitPos(LCD_D5+0)
0x01DA	0x150C      	BSF        LCD_D4, BitPos(LCD_D4+0)
0x01DB	0x148C      	BSF        LCD_EN, BitPos(LCD_EN+0)
0x01DC	0x2003      	CALL       _Delay_1us
0x01DD	0x108C      	BCF        LCD_EN, BitPos(LCD_EN+0)
0x01DE	0x2009      	CALL       _Delay_5500us
0x01DF	0x148C      	BSF        LCD_EN, BitPos(LCD_EN+0)
0x01E0	0x2003      	CALL       _Delay_1us
0x01E1	0x108C      	BCF        LCD_EN, BitPos(LCD_EN+0)
0x01E2	0x2009      	CALL       _Delay_5500us
0x01E3	0x148C      	BSF        LCD_EN, BitPos(LCD_EN+0)
0x01E4	0x2003      	CALL       _Delay_1us
0x01E5	0x108C      	BCF        LCD_EN, BitPos(LCD_EN+0)
0x01E6	0x2009      	CALL       _Delay_5500us
0x01E7	0x110C      	BCF        LCD_D4, BitPos(LCD_D4+0)
0x01E8	0x148C      	BSF        LCD_EN, BitPos(LCD_EN+0)
0x01E9	0x2003      	CALL       _Delay_1us
0x01EA	0x108C      	BCF        LCD_EN, BitPos(LCD_EN+0)
0x01EB	0x2009      	CALL       _Delay_5500us
0x01EC	0x148C      	BSF        LCD_EN, BitPos(LCD_EN+0)
0x01ED	0x2003      	CALL       _Delay_1us
0x01EE	0x108C      	BCF        LCD_EN, BitPos(LCD_EN+0)
0x01EF	0x118C      	BCF        LCD_D5, BitPos(LCD_D5+0)
0x01F0	0x170C      	BSF        LCD_D7, BitPos(LCD_D7+0)
0x01F1	0x148C      	BSF        LCD_EN, BitPos(LCD_EN+0)
0x01F2	0x2003      	CALL       _Delay_1us
0x01F3	0x108C      	BCF        LCD_EN, BitPos(LCD_EN+0)
0x01F4	0x2009      	CALL       _Delay_5500us
0x01F5	0x130C      	BCF        LCD_D7, BitPos(LCD_D7+0)
0x01F6	0x150C      	BSF        LCD_D4, BitPos(LCD_D4+0)
0x01F7	0x148C      	BSF        LCD_EN, BitPos(LCD_EN+0)
0x01F8	0x2003      	CALL       _Delay_1us
0x01F9	0x108C      	BCF        LCD_EN, BitPos(LCD_EN+0)
0x01FA	0x110C      	BCF        LCD_D4, BitPos(LCD_D4+0)
0x01FB	0x148C      	BSF        LCD_EN, BitPos(LCD_EN+0)
0x01FC	0x2003      	CALL       _Delay_1us
0x01FD	0x108C      	BCF        LCD_EN, BitPos(LCD_EN+0)
0x01FE	0x2009      	CALL       _Delay_5500us
0x01FF	0x148C      	BSF        LCD_EN, BitPos(LCD_EN+0)
0x0200	0x2003      	CALL       _Delay_1us
0x0201	0x108C      	BCF        LCD_EN, BitPos(LCD_EN+0)
0x0202	0x150C      	BSF        LCD_D4, BitPos(LCD_D4+0)
0x0203	0x148C      	BSF        LCD_EN, BitPos(LCD_EN+0)
0x0204	0x2003      	CALL       _Delay_1us
0x0205	0x108C      	BCF        LCD_EN, BitPos(LCD_EN+0)
0x0206	0x2009      	CALL       _Delay_5500us
0x0207	0x110C      	BCF        LCD_D4, BitPos(LCD_D4+0)
0x0208	0x148C      	BSF        LCD_EN, BitPos(LCD_EN+0)
0x0209	0x2003      	CALL       _Delay_1us
0x020A	0x108C      	BCF        LCD_EN, BitPos(LCD_EN+0)
0x020B	0x170C      	BSF        LCD_D7, BitPos(LCD_D7+0)
0x020C	0x160C      	BSF        LCD_D6, BitPos(LCD_D6+0)
0x020D	0x158C      	BSF        LCD_D5, BitPos(LCD_D5+0)
0x020E	0x150C      	BSF        LCD_D4, BitPos(LCD_D4+0)
0x020F	0x148C      	BSF        LCD_EN, BitPos(LCD_EN+0)
0x0210	0x2003      	CALL       _Delay_1us
0x0211	0x108C      	BCF        LCD_EN, BitPos(LCD_EN+0)
0x0212	0x2009      	CALL       _Delay_5500us
0x0213	0x1420      	BSF        __Lib_Lcd_cmd_status, BitPos(__Lib_Lcd_cmd_status+0)
L_end_Lcd_Init:
0x0214	0x0008      	RETURN
; end of _Lcd_Init
_Lcd_Out:
0x0215	0x2A26      	GOTO       L_Lcd_Out11
L_Lcd_Out13:
0x0216	0x3080      	MOVLW      128
0x0217	0x0020      	MOVLB      0
0x0218	0x00CC      	MOVWF      FARG_Lcd_Out_row
0x0219	0x2A38      	GOTO       L_Lcd_Out12
L_Lcd_Out14:
0x021A	0x30C0      	MOVLW      192
0x021B	0x00CC      	MOVWF      FARG_Lcd_Out_row
0x021C	0x2A38      	GOTO       L_Lcd_Out12
L_Lcd_Out15:
0x021D	0x3094      	MOVLW      148
0x021E	0x00CC      	MOVWF      FARG_Lcd_Out_row
0x021F	0x2A38      	GOTO       L_Lcd_Out12
L_Lcd_Out16:
0x0220	0x30D4      	MOVLW      212
0x0221	0x00CC      	MOVWF      FARG_Lcd_Out_row
0x0222	0x2A38      	GOTO       L_Lcd_Out12
L_Lcd_Out17:
0x0223	0x3080      	MOVLW      128
0x0224	0x00CC      	MOVWF      FARG_Lcd_Out_row
0x0225	0x2A38      	GOTO       L_Lcd_Out12
L_Lcd_Out11:
0x0226	0x0020      	MOVLB      0
0x0227	0x084C      	MOVF       FARG_Lcd_Out_row, 0
0x0228	0x3A01      	XORLW      1
0x0229	0x1903      	BTFSC      STATUS, 2
0x022A	0x2A16      	GOTO       L_Lcd_Out13
0x022B	0x084C      	MOVF       FARG_Lcd_Out_row, 0
0x022C	0x3A02      	XORLW      2
0x022D	0x1903      	BTFSC      STATUS, 2
0x022E	0x2A1A      	GOTO       L_Lcd_Out14
0x022F	0x084C      	MOVF       FARG_Lcd_Out_row, 0
0x0230	0x3A03      	XORLW      3
0x0231	0x1903      	BTFSC      STATUS, 2
0x0232	0x2A1D      	GOTO       L_Lcd_Out15
0x0233	0x084C      	MOVF       FARG_Lcd_Out_row, 0
0x0234	0x3A04      	XORLW      4
0x0235	0x1903      	BTFSC      STATUS, 2
0x0236	0x2A20      	GOTO       L_Lcd_Out16
0x0237	0x2A23      	GOTO       L_Lcd_Out17
L_Lcd_Out12:
0x0238	0x034D      	DECF       FARG_Lcd_Out_column, 0
0x0239	0x00F0      	MOVWF      R0
0x023A	0x084C      	MOVF       FARG_Lcd_Out_row, 0
0x023B	0x07F0      	ADDWF      R0, 1
0x023C	0x0870      	MOVF       R0, 0
0x023D	0x00CC      	MOVWF      FARG_Lcd_Out_row
0x023E	0x0870      	MOVF       R0, 0
0x023F	0x00DD      	MOVWF      FARG_Lcd_Cmd_out_char
0x0240	0x2017      	CALL       _Lcd_Cmd
0x0241	0x1020      	BCF        __Lib_Lcd_cmd_status, BitPos(__Lib_Lcd_cmd_status+0)
0x0242	0x01D0      	CLRF       Lcd_Out_i_L0
L_Lcd_Out18:
0x0243	0x0850      	MOVF       Lcd_Out_i_L0, 0
0x0244	0x074E      	ADDWF      FARG_Lcd_Out_text, 0
0x0245	0x0084      	MOVWF      FSR0
0x0246	0x3000      	MOVLW      0
0x0247	0x3D4F      	ADDWFC     FARG_Lcd_Out_text+1, 0
0x0248	0x0085      	MOVWF      FSR0H
0x0249	0x0800      	MOVF       INDF0, 0
0x024A	0x1903      	BTFSC      STATUS, 2
0x024B	0x2A57      	GOTO       L_Lcd_Out19
0x024C	0x0850      	MOVF       Lcd_Out_i_L0, 0
0x024D	0x074E      	ADDWF      FARG_Lcd_Out_text, 0
0x024E	0x0084      	MOVWF      FSR0
0x024F	0x3000      	MOVLW      0
0x0250	0x3D4F      	ADDWFC     FARG_Lcd_Out_text+1, 0
0x0251	0x0085      	MOVWF      FSR0H
0x0252	0x0800      	MOVF       INDF0, 0
0x0253	0x00D6      	MOVWF      FARG_Lcd_Chr_CP_out_char
0x0254	0x20F8      	CALL       _Lcd_Chr_CP
0x0255	0x0AD0      	INCF       Lcd_Out_i_L0, 1
0x0256	0x2A43      	GOTO       L_Lcd_Out18
L_Lcd_Out19:
0x0257	0x1420      	BSF        __Lib_Lcd_cmd_status, BitPos(__Lib_Lcd_cmd_status+0)
L_end_Lcd_Out:
0x0258	0x0008      	RETURN
; end of _Lcd_Out
_main:
0x0259	0x3064      	MOVLW      100
0x025A	0x0020      	MOVLB      0
0x025B	0x00C9      	MOVWF      main_period_L0
0x025C	0x3000      	MOVLW      0
0x025D	0x00CA      	MOVWF      main_period_L0+1
0x025E	0x0023      	MOVLB      3
0x025F	0x018C      	CLRF       ANSELA
0x0260	0x018D      	CLRF       ANSELB
0x0261	0x0021      	MOVLB      1
0x0262	0x018C      	CLRF       TRISA
0x0263	0x30FF      	MOVLW      255
0x0264	0x008D      	MOVWF      TRISB
0x0265	0x138C      	BCF        TRISA7_bit, BitPos(TRISA7_bit+0)
0x0266	0x21C8      	CALL       _Lcd_Init
0x0267	0x3001      	MOVLW      1
0x0268	0x00DD      	MOVWF      FARG_Lcd_Cmd_out_char
0x0269	0x2017      	CALL       _Lcd_Cmd
0x026A	0x300C      	MOVLW      12
0x026B	0x00DD      	MOVWF      FARG_Lcd_Cmd_out_char
0x026C	0x2017      	CALL       _Lcd_Cmd
0x026D	0x3001      	MOVLW      1
0x026E	0x00CC      	MOVWF      FARG_Lcd_Out_row
0x026F	0x3001      	MOVLW      1
0x0270	0x00CD      	MOVWF      FARG_Lcd_Out_column
0x0271	0x3050      	MOVLW      80
0x0272	0x00A9      	MOVWF      ?lstr1_Parcial_2_2195533
0x0273	0x3065      	MOVLW      101
0x0274	0x00AA      	MOVWF      ?lstr1_Parcial_2_2195533+1
0x0275	0x3072      	MOVLW      114
0x0276	0x00AB      	MOVWF      ?lstr1_Parcial_2_2195533+2
0x0277	0x3069      	MOVLW      105
0x0278	0x00AC      	MOVWF      ?lstr1_Parcial_2_2195533+3
0x0279	0x306F      	MOVLW      111
0x027A	0x00AD      	MOVWF      ?lstr1_Parcial_2_2195533+4
0x027B	0x3064      	MOVLW      100
0x027C	0x00AE      	MOVWF      ?lstr1_Parcial_2_2195533+5
0x027D	0x306F      	MOVLW      111
0x027E	0x00AF      	MOVWF      ?lstr1_Parcial_2_2195533+6
0x027F	0x303A      	MOVLW      58
0x0280	0x00B0      	MOVWF      ?lstr1_Parcial_2_2195533+7
0x0281	0x3020      	MOVLW      32
0x0282	0x00B1      	MOVWF      ?lstr1_Parcial_2_2195533+8
0x0283	0x01B2      	CLRF       ?lstr1_Parcial_2_2195533+9
0x0284	0x3029      	MOVLW      ?lstr1_Parcial_2_2195533
0x0285	0x00CE      	MOVWF      FARG_Lcd_Out_text
0x0286	0x3000      	MOVLW      hi_addr(?lstr1_Parcial_2_2195533)
0x0287	0x00CF      	MOVWF      FARG_Lcd_Out_text+1
0x0288	0x2215      	CALL       _Lcd_Out
0x0289	0x3002      	MOVLW      2
0x028A	0x00CC      	MOVWF      FARG_Lcd_Out_row
0x028B	0x3001      	MOVLW      1
0x028C	0x00CD      	MOVWF      FARG_Lcd_Out_column
0x028D	0x3031      	MOVLW      49
0x028E	0x00B3      	MOVWF      ?lstr2_Parcial_2_2195533
0x028F	0x3030      	MOVLW      48
0x0290	0x00B4      	MOVWF      ?lstr2_Parcial_2_2195533+1
0x0291	0x3030      	MOVLW      48
0x0292	0x00B5      	MOVWF      ?lstr2_Parcial_2_2195533+2
0x0293	0x3020      	MOVLW      32
0x0294	0x00B6      	MOVWF      ?lstr2_Parcial_2_2195533+3
0x0295	0x306D      	MOVLW      109
0x0296	0x00B7      	MOVWF      ?lstr2_Parcial_2_2195533+4
0x0297	0x3073      	MOVLW      115
0x0298	0x00B8      	MOVWF      ?lstr2_Parcial_2_2195533+5
0x0299	0x01B9      	CLRF       ?lstr2_Parcial_2_2195533+6
0x029A	0x3033      	MOVLW      ?lstr2_Parcial_2_2195533
0x029B	0x00CE      	MOVWF      FARG_Lcd_Out_text
0x029C	0x3000      	MOVLW      hi_addr(?lstr2_Parcial_2_2195533)
0x029D	0x00CF      	MOVWF      FARG_Lcd_Out_text+1
0x029E	0x2215      	CALL       _Lcd_Out
0x029F	0x21B2      	CALL       _Keypad_Init
L_main0:
0x02A0	0x20FF      	CALL       _Keypad_Key_Click
0x02A1	0x0870      	MOVF       R0, 0
0x02A2	0x00CB      	MOVWF      main_key_L1
0x02A3	0x0870      	MOVF       R0, 0
0x02A4	0x3A00      	XORLW      0
0x02A5	0x1903      	BTFSC      STATUS, 2
0x02A6	0x2B1F      	GOTO       L_main2
0x02A7	0x3001      	MOVLW      1
0x02A8	0x00DD      	MOVWF      FARG_Lcd_Cmd_out_char
0x02A9	0x2017      	CALL       _Lcd_Cmd
0x02AA	0x3001      	MOVLW      1
0x02AB	0x00CC      	MOVWF      FARG_Lcd_Out_row
0x02AC	0x3001      	MOVLW      1
0x02AD	0x00CD      	MOVWF      FARG_Lcd_Out_column
0x02AE	0x3054      	MOVLW      84
0x02AF	0x00BA      	MOVWF      ?lstr3_Parcial_2_2195533
0x02B0	0x3065      	MOVLW      101
0x02B1	0x00BB      	MOVWF      ?lstr3_Parcial_2_2195533+1
0x02B2	0x3063      	MOVLW      99
0x02B3	0x00BC      	MOVWF      ?lstr3_Parcial_2_2195533+2
0x02B4	0x306C      	MOVLW      108
0x02B5	0x00BD      	MOVWF      ?lstr3_Parcial_2_2195533+3
0x02B6	0x3061      	MOVLW      97
0x02B7	0x00BE      	MOVWF      ?lstr3_Parcial_2_2195533+4
0x02B8	0x3020      	MOVLW      32
0x02B9	0x00BF      	MOVWF      ?lstr3_Parcial_2_2195533+5
0x02BA	0x3070      	MOVLW      112
0x02BB	0x00C0      	MOVWF      ?lstr3_Parcial_2_2195533+6
0x02BC	0x3075      	MOVLW      117
0x02BD	0x00C1      	MOVWF      ?lstr3_Parcial_2_2195533+7
0x02BE	0x306C      	MOVLW      108
0x02BF	0x00C2      	MOVWF      ?lstr3_Parcial_2_2195533+8
0x02C0	0x3073      	MOVLW      115
0x02C1	0x00C3      	MOVWF      ?lstr3_Parcial_2_2195533+9
0x02C2	0x3061      	MOVLW      97
0x02C3	0x00C4      	MOVWF      ?lstr3_Parcial_2_2195533+10
0x02C4	0x3064      	MOVLW      100
0x02C5	0x00C5      	MOVWF      ?lstr3_Parcial_2_2195533+11
0x02C6	0x3061      	MOVLW      97
0x02C7	0x00C6      	MOVWF      ?lstr3_Parcial_2_2195533+12
0x02C8	0x303A      	MOVLW      58
0x02C9	0x00C7      	MOVWF      ?lstr3_Parcial_2_2195533+13
0x02CA	0x01C8      	CLRF       ?lstr3_Parcial_2_2195533+14
0x02CB	0x303A      	MOVLW      ?lstr3_Parcial_2_2195533
0x02CC	0x00CE      	MOVWF      FARG_Lcd_Out_text
0x02CD	0x3000      	MOVLW      hi_addr(?lstr3_Parcial_2_2195533)
0x02CE	0x00CF      	MOVWF      FARG_Lcd_Out_text+1
0x02CF	0x2215      	CALL       _Lcd_Out
0x02D0	0x3002      	MOVLW      2
0x02D1	0x00CC      	MOVWF      FARG_Lcd_Chr_row
0x02D2	0x3005      	MOVLW      5
0x02D3	0x00CD      	MOVWF      FARG_Lcd_Chr_column
0x02D4	0x084B      	MOVF       main_key_L1, 0
0x02D5	0x00CE      	MOVWF      FARG_Lcd_Chr_out_char
0x02D6	0x210C      	CALL       _Lcd_Chr
0x02D7	0x2AFA      	GOTO       L_main3
L_main5:
0x02D8	0x3080      	MOVLW      128
0x02D9	0x064A      	XORWF      main_period_L0+1, 0
0x02DA	0x00F0      	MOVWF      R0
0x02DB	0x3080      	MOVLW      128
0x02DC	0x3A1F      	XORLW      31
0x02DD	0x0270      	SUBWF      R0, 0
0x02DE	0x1D03      	BTFSS      STATUS, 2
0x02DF	0x2AE2      	GOTO       L__main13
0x02E0	0x3040      	MOVLW      64
0x02E1	0x0249      	SUBWF      main_period_L0, 0
L__main13:
0x02E2	0x1803      	BTFSC      STATUS, 0
0x02E3	0x2AE8      	GOTO       L_main6
0x02E4	0x3064      	MOVLW      100
0x02E5	0x07C9      	ADDWF      main_period_L0, 1
0x02E6	0x3000      	MOVLW      0
0x02E7	0x3DCA      	ADDWFC     main_period_L0+1, 1
L_main6:
0x02E8	0x2B03      	GOTO       L_main4
L_main7:
0x02E9	0x3080      	MOVLW      128
0x02EA	0x00F0      	MOVWF      R0
0x02EB	0x3080      	MOVLW      128
0x02EC	0x064A      	XORWF      main_period_L0+1, 0
0x02ED	0x0270      	SUBWF      R0, 0
0x02EE	0x1D03      	BTFSS      STATUS, 2
0x02EF	0x2AF2      	GOTO       L__main14
0x02F0	0x0849      	MOVF       main_period_L0, 0
0x02F1	0x3C64      	SUBLW      100
L__main14:
0x02F2	0x1803      	BTFSC      STATUS, 0
0x02F3	0x2AF8      	GOTO       L_main8
0x02F4	0x3064      	MOVLW      100
0x02F5	0x02C9      	SUBWF      main_period_L0, 1
0x02F6	0x3000      	MOVLW      0
0x02F7	0x3BCA      	SUBWFB     main_period_L0+1, 1
L_main8:
0x02F8	0x2B03      	GOTO       L_main4
L_main9:
0x02F9	0x2B03      	GOTO       L_main4
L_main3:
0x02FA	0x084B      	MOVF       main_key_L1, 0
0x02FB	0x3A41      	XORLW      65
0x02FC	0x1903      	BTFSC      STATUS, 2
0x02FD	0x2AD8      	GOTO       L_main5
0x02FE	0x084B      	MOVF       main_key_L1, 0
0x02FF	0x3A42      	XORLW      66
0x0300	0x1903      	BTFSC      STATUS, 2
0x0301	0x2AE9      	GOTO       L_main7
0x0302	0x2AF9      	GOTO       L_main9
L_main4:
0x0303	0x0849      	MOVF       main_period_L0, 0
0x0304	0x00CC      	MOVWF      FARG_IntToStr_input
0x0305	0x084A      	MOVF       main_period_L0+1, 0
0x0306	0x00CD      	MOVWF      FARG_IntToStr_input+1
0x0307	0x3021      	MOVLW      _period_str
0x0308	0x00CE      	MOVWF      FARG_IntToStr_output
0x0309	0x3000      	MOVLW      hi_addr(_period_str)
0x030A	0x00CF      	MOVWF      FARG_IntToStr_output+1
0x030B	0x213F      	CALL       _IntToStr
0x030C	0x3002      	MOVLW      2
0x030D	0x00CC      	MOVWF      FARG_Lcd_Out_row
0x030E	0x3008      	MOVLW      8
0x030F	0x00CD      	MOVWF      FARG_Lcd_Out_column
0x0310	0x3021      	MOVLW      _period_str
0x0311	0x00CE      	MOVWF      FARG_Lcd_Out_text
0x0312	0x3000      	MOVLW      hi_addr(_period_str)
0x0313	0x00CF      	MOVWF      FARG_Lcd_Out_text+1
0x0314	0x2215      	CALL       _Lcd_Out
0x0315	0x3034      	MOVLW      52
0x0316	0x00FC      	MOVWF      R12
0x0317	0x30F1      	MOVLW      241
0x0318	0x00FD      	MOVWF      R13
L_main10:
0x0319	0x0BFD      	DECFSZ     R13, 1
0x031A	0x2B19      	GOTO       L_main10
0x031B	0x0BFC      	DECFSZ     R12, 1
0x031C	0x2B19      	GOTO       L_main10
0x031D	0x0000      	NOP
0x031E	0x0000      	NOP
L_main2:
0x031F	0x3080      	MOVLW      128
0x0320	0x068C      	XORWF      RA7_bit, 1
0x0321	0x3034      	MOVLW      52
0x0322	0x00FC      	MOVWF      R12
0x0323	0x30F1      	MOVLW      241
0x0324	0x00FD      	MOVWF      R13
L_main11:
0x0325	0x0BFD      	DECFSZ     R13, 1
0x0326	0x2B25      	GOTO       L_main11
0x0327	0x0BFC      	DECFSZ     R12, 1
0x0328	0x2B25      	GOTO       L_main11
0x0329	0x0000      	NOP
0x032A	0x0000      	NOP
0x032B	0x2AA0      	GOTO       L_main0
L_end_main:
0x032C	0x2B2C      	GOTO       $+0
; end of _main
;Parcial_2_2195533.c,0 :: ?ICS?lstr1_Parcial_2_2195533
0x032D	0x3450 ;?ICS?lstr1_Parcial_2_2195533+0
0x032E	0x3465 ;?ICS?lstr1_Parcial_2_2195533+1
0x032F	0x3472 ;?ICS?lstr1_Parcial_2_2195533+2
0x0330	0x3469 ;?ICS?lstr1_Parcial_2_2195533+3
0x0331	0x346F ;?ICS?lstr1_Parcial_2_2195533+4
0x0332	0x3464 ;?ICS?lstr1_Parcial_2_2195533+5
0x0333	0x346F ;?ICS?lstr1_Parcial_2_2195533+6
0x0334	0x343A ;?ICS?lstr1_Parcial_2_2195533+7
0x0335	0x3420 ;?ICS?lstr1_Parcial_2_2195533+8
0x0336	0x3400 ;?ICS?lstr1_Parcial_2_2195533+9
; end of ?ICS?lstr1_Parcial_2_2195533
;Parcial_2_2195533.c,0 :: ?ICS?lstr2_Parcial_2_2195533
0x0337	0x3431 ;?ICS?lstr2_Parcial_2_2195533+0
0x0338	0x3430 ;?ICS?lstr2_Parcial_2_2195533+1
0x0339	0x3430 ;?ICS?lstr2_Parcial_2_2195533+2
0x033A	0x3420 ;?ICS?lstr2_Parcial_2_2195533+3
0x033B	0x346D ;?ICS?lstr2_Parcial_2_2195533+4
0x033C	0x3473 ;?ICS?lstr2_Parcial_2_2195533+5
0x033D	0x3400 ;?ICS?lstr2_Parcial_2_2195533+6
; end of ?ICS?lstr2_Parcial_2_2195533
;Parcial_2_2195533.c,0 :: ?ICS?lstr3_Parcial_2_2195533
0x033E	0x3454 ;?ICS?lstr3_Parcial_2_2195533+0
0x033F	0x3465 ;?ICS?lstr3_Parcial_2_2195533+1
0x0340	0x3463 ;?ICS?lstr3_Parcial_2_2195533+2
0x0341	0x346C ;?ICS?lstr3_Parcial_2_2195533+3
0x0342	0x3461 ;?ICS?lstr3_Parcial_2_2195533+4
0x0343	0x3420 ;?ICS?lstr3_Parcial_2_2195533+5
0x0344	0x3470 ;?ICS?lstr3_Parcial_2_2195533+6
0x0345	0x3475 ;?ICS?lstr3_Parcial_2_2195533+7
0x0346	0x346C ;?ICS?lstr3_Parcial_2_2195533+8
0x0347	0x3473 ;?ICS?lstr3_Parcial_2_2195533+9
0x0348	0x3461 ;?ICS?lstr3_Parcial_2_2195533+10
0x0349	0x3464 ;?ICS?lstr3_Parcial_2_2195533+11
0x034A	0x3461 ;?ICS?lstr3_Parcial_2_2195533+12
0x034B	0x343A ;?ICS?lstr3_Parcial_2_2195533+13
0x034C	0x3400 ;?ICS?lstr3_Parcial_2_2195533+14
; end of ?ICS?lstr3_Parcial_2_2195533
;Parcial_2_2195533.c,0 :: ?ICSmain_period_L0
0x034D	0x3464 ;?ICSmain_period_L0+0
0x034E	0x3400 ;?ICSmain_period_L0+1
; end of ?ICSmain_period_L0
Symbol List:
//** Routines locations **
//ADDRESS    SIZE    PROCEDURE
//----------------------------------------------
0x0003       [6]    _Delay_1us
0x0009       [9]    _Delay_5500us
0x0012       [5]    _Delay_50us
0x0017      [63]    _Lcd_Cmd
0x0056      [28]    _Div_16X16_U
0x0072      [54]    _Keypad_Key_Press
0x00A8      [74]    _WordToStr
0x00F2       [6]    _Delay_10us
0x00F8       [7]    _Lcd_Chr_CP
0x00FF      [13]    _Keypad_Key_Click
0x010C      [51]    _Lcd_Chr
0x013F     [115]    _IntToStr
0x01B2      [13]    _Keypad_Init
0x01BF       [9]    ___CC2DW
0x01C8      [77]    _Lcd_Init
0x0215      [68]    _Lcd_Out
0x0259     [212]    _main
//** Variables locations ** 
//ADDRESS    SIZE    VARIABLE
//----------------------------------------------
0x0000       [1]    INDF0
0x0001       [1]    INDF1
0x0003       [1]    STATUS
0x0004       [1]    FSR0L
0x0005       [1]    FSR0H
0x0006       [1]    FSR1L
0x0007       [1]    FSR1H
0x000A       [1]    PCLATH
0x000C       [0]    RA1_bit
0x000C       [0]    RA2_bit
0x000C       [0]    RA6_bit
0x000C       [0]    LCD_RS
0x000C       [0]    RA3_bit
0x000C       [0]    RA4_bit
0x000C       [0]    LCD_D6
0x000C       [0]    LCD_D7
0x000C       [0]    RA0_bit
0x000C       [0]    LCD_D5
0x000C       [0]    LCD_EN
0x000C       [0]    RA7_bit
0x000C       [0]    LCD_D4
0x000D       [1]    keypadPort
0x000D       [1]    PORTB
0x0020       [0]    __Lib_Lcd_cmd_status
0x0021       [8]    _period_str
0x0029      [10]    ?lstr1_Parcial_2_2195533
0x0033       [7]    ?lstr2_Parcial_2_2195533
0x003A      [15]    ?lstr3_Parcial_2_2195533
0x0049       [2]    main_period_L0
0x004B       [1]    main_key_L1
0x004C       [1]    Keypad_Key_Click_rslt_L0
0x004C       [2]    FARG_IntToStr_input
0x004C       [1]    FARG_Lcd_Chr_row
0x004C       [1]    FARG_Lcd_Out_row
0x004D       [1]    FARG_Lcd_Chr_column
0x004D       [1]    FARG_Lcd_Out_column
0x004E       [1]    FARG_Lcd_Chr_out_char
0x004E       [2]    FARG_IntToStr_output
0x004E       [2]    FARG_Lcd_Out_text
0x0050       [1]    Lcd_Out_i_L0
0x0050       [2]    IntToStr_i_L0
0x0052       [2]    IntToStr_negative_L0
0x0054       [2]    IntToStr_inword_L0
0x0056       [1]    FARG_Lcd_Chr_CP_out_char
0x0056       [2]    FARG_WordToStr_input
0x0056       [1]    Keypad_Key_Press_rslt_L0
0x0057       [1]    Keypad_Key_Press_kdata_L0
0x0058       [2]    FARG_WordToStr_output
0x0058       [1]    Keypad_Key_Press_loc_L0
0x0059       [1]    Keypad_Key_Press_rowcnt_L0
0x005A       [1]    Keypad_Key_Press_shifter_L0
0x005A       [1]    WordToStr_len_L0
0x005B       [2]    FLOC__WordToStr
0x005D       [1]    FARG_Lcd_Cmd_out_char
0x0070       [1]    R0
0x0071       [1]    R1
0x0072       [1]    R2
0x0073       [1]    R3
0x0074       [1]    R4
0x0075       [1]    R5
0x0076       [1]    R6
0x0077       [1]    R7
0x0078       [1]    R8
0x0079       [1]    R9
0x007A       [1]    R10
0x007B       [1]    R11
0x007C       [1]    R12
0x007D       [1]    R13
0x007E       [1]    R14
0x007F       [1]    R15
0x008C       [0]    TRISA6_bit
0x008C       [0]    LCD_D4_Direction
0x008C       [1]    TRISA
0x008C       [0]    TRISA3_bit
0x008C       [0]    TRISA7_bit
0x008C       [0]    LCD_EN_Direction
0x008C       [0]    LCD_RS_Direction
0x008C       [0]    TRISA0_bit
0x008C       [0]    TRISA1_bit
0x008C       [0]    TRISA4_bit
0x008C       [0]    TRISA2_bit
0x008C       [0]    LCD_D5_Direction
0x008C       [0]    LCD_D6_Direction
0x008C       [0]    LCD_D7_Direction
0x008D       [1]    TRISB
0x018C       [1]    ANSELA
0x018D       [1]    ANSELB
//** Constants locations ** 
//ADDRESS    SIZE    CONSTANT
//----------------------------------------------
0x032D      [10]    ?ICS?lstr1_Parcial_2_2195533
0x0337       [7]    ?ICS?lstr2_Parcial_2_2195533
0x033E      [15]    ?ICS?lstr3_Parcial_2_2195533
0x034D       [2]    ?ICSmain_period_L0
