;  LST file generated by mikroListExporter - v.2.0 
; Date/Time: 12/03/2024 02:58:06
;----------------------------------------------

;Address Opcode 	ASM
0x0000	0x2B5A      	GOTO       858
_Delay_50us:
0x0003	0x3085      	MOVLW      133
0x0004	0x00FD      	MOVWF      R13
L_Delay_50us3:
0x0005	0x0BFD      	DECFSZ     R13, 1
0x0006	0x2805      	GOTO       L_Delay_50us3
L_end_Delay_50us:
0x0007	0x0008      	RETURN
; end of _Delay_50us
_Delay_5500us:
0x0008	0x303A      	MOVLW      58
0x0009	0x00FC      	MOVWF      R12
0x000A	0x3023      	MOVLW      35
0x000B	0x00FD      	MOVWF      R13
L_Delay_5500us6:
0x000C	0x0BFD      	DECFSZ     R13, 1
0x000D	0x280C      	GOTO       L_Delay_5500us6
0x000E	0x0BFC      	DECFSZ     R12, 1
0x000F	0x280C      	GOTO       L_Delay_5500us6
L_end_Delay_5500us:
0x0010	0x0008      	RETURN
; end of _Delay_5500us
_Delay_1us:
0x0011	0x3002      	MOVLW      2
0x0012	0x00FD      	MOVWF      R13
L_Delay_1us0:
0x0013	0x0BFD      	DECFSZ     R13, 1
0x0014	0x2813      	GOTO       L_Delay_1us0
0x0015	0x0000      	NOP
L_end_Delay_1us:
0x0016	0x0008      	RETURN
; end of _Delay_1us
_Lcd_Cmd:
0x0017	0x0020      	MOVLB      0
0x0018	0x1BD3      	BTFSC      FARG_Lcd_Cmd_out_char, 7
0x0019	0x281C      	GOTO       L__Lcd_Cmd21
0x001A	0x130C      	BCF        LCD_D7, BitPos(LCD_D7+0)
0x001B	0x281D      	GOTO       L__Lcd_Cmd22
L__Lcd_Cmd21:
0x001C	0x170C      	BSF        LCD_D7, BitPos(LCD_D7+0)
L__Lcd_Cmd22:
0x001D	0x1B53      	BTFSC      FARG_Lcd_Cmd_out_char, 6
0x001E	0x2821      	GOTO       L__Lcd_Cmd23
0x001F	0x120C      	BCF        LCD_D6, BitPos(LCD_D6+0)
0x0020	0x2822      	GOTO       L__Lcd_Cmd24
L__Lcd_Cmd23:
0x0021	0x160C      	BSF        LCD_D6, BitPos(LCD_D6+0)
L__Lcd_Cmd24:
0x0022	0x1AD3      	BTFSC      FARG_Lcd_Cmd_out_char, 5
0x0023	0x2826      	GOTO       L__Lcd_Cmd25
0x0024	0x118C      	BCF        LCD_D5, BitPos(LCD_D5+0)
0x0025	0x2827      	GOTO       L__Lcd_Cmd26
L__Lcd_Cmd25:
0x0026	0x158C      	BSF        LCD_D5, BitPos(LCD_D5+0)
L__Lcd_Cmd26:
0x0027	0x1A53      	BTFSC      FARG_Lcd_Cmd_out_char, 4
0x0028	0x282B      	GOTO       L__Lcd_Cmd27
0x0029	0x110C      	BCF        LCD_D4, BitPos(LCD_D4+0)
0x002A	0x282C      	GOTO       L__Lcd_Cmd28
L__Lcd_Cmd27:
0x002B	0x150C      	BSF        LCD_D4, BitPos(LCD_D4+0)
L__Lcd_Cmd28:
0x002C	0x1823      	BTFSC      __Lib_Lcd_cmd_status, BitPos(__Lib_Lcd_cmd_status+0)
0x002D	0x2830      	GOTO       L__Lcd_Cmd29
0x002E	0x140C      	BSF        LCD_RS, BitPos(LCD_RS+0)
0x002F	0x2831      	GOTO       L__Lcd_Cmd30
L__Lcd_Cmd29:
0x0030	0x100C      	BCF        LCD_RS, BitPos(LCD_RS+0)
L__Lcd_Cmd30:
0x0031	0x148C      	BSF        LCD_EN, BitPos(LCD_EN+0)
0x0032	0x2011      	CALL       _Delay_1us
0x0033	0x108C      	BCF        LCD_EN, BitPos(LCD_EN+0)
0x0034	0x19D3      	BTFSC      FARG_Lcd_Cmd_out_char, 3
0x0035	0x2838      	GOTO       L__Lcd_Cmd31
0x0036	0x130C      	BCF        LCD_D7, BitPos(LCD_D7+0)
0x0037	0x2839      	GOTO       L__Lcd_Cmd32
L__Lcd_Cmd31:
0x0038	0x170C      	BSF        LCD_D7, BitPos(LCD_D7+0)
L__Lcd_Cmd32:
0x0039	0x1953      	BTFSC      FARG_Lcd_Cmd_out_char, 2
0x003A	0x283D      	GOTO       L__Lcd_Cmd33
0x003B	0x120C      	BCF        LCD_D6, BitPos(LCD_D6+0)
0x003C	0x283E      	GOTO       L__Lcd_Cmd34
L__Lcd_Cmd33:
0x003D	0x160C      	BSF        LCD_D6, BitPos(LCD_D6+0)
L__Lcd_Cmd34:
0x003E	0x18D3      	BTFSC      FARG_Lcd_Cmd_out_char, 1
0x003F	0x2842      	GOTO       L__Lcd_Cmd35
0x0040	0x118C      	BCF        LCD_D5, BitPos(LCD_D5+0)
0x0041	0x2843      	GOTO       L__Lcd_Cmd36
L__Lcd_Cmd35:
0x0042	0x158C      	BSF        LCD_D5, BitPos(LCD_D5+0)
L__Lcd_Cmd36:
0x0043	0x1853      	BTFSC      FARG_Lcd_Cmd_out_char, 0
0x0044	0x2847      	GOTO       L__Lcd_Cmd37
0x0045	0x110C      	BCF        LCD_D4, BitPos(LCD_D4+0)
0x0046	0x2848      	GOTO       L__Lcd_Cmd38
L__Lcd_Cmd37:
0x0047	0x150C      	BSF        LCD_D4, BitPos(LCD_D4+0)
L__Lcd_Cmd38:
0x0048	0x1823      	BTFSC      __Lib_Lcd_cmd_status, BitPos(__Lib_Lcd_cmd_status+0)
0x0049	0x284C      	GOTO       L__Lcd_Cmd39
0x004A	0x140C      	BSF        LCD_RS, BitPos(LCD_RS+0)
0x004B	0x284D      	GOTO       L__Lcd_Cmd40
L__Lcd_Cmd39:
0x004C	0x100C      	BCF        LCD_RS, BitPos(LCD_RS+0)
L__Lcd_Cmd40:
0x004D	0x148C      	BSF        LCD_EN, BitPos(LCD_EN+0)
0x004E	0x2011      	CALL       _Delay_1us
0x004F	0x108C      	BCF        LCD_EN, BitPos(LCD_EN+0)
0x0050	0x1C23      	BTFSS      __Lib_Lcd_cmd_status, BitPos(__Lib_Lcd_cmd_status+0)
0x0051	0x2854      	GOTO       L_Lcd_Cmd0
0x0052	0x2008      	CALL       _Delay_5500us
0x0053	0x2855      	GOTO       L_Lcd_Cmd1
L_Lcd_Cmd0:
0x0054	0x2003      	CALL       _Delay_50us
L_Lcd_Cmd1:
L_end_Lcd_Cmd:
0x0055	0x0008      	RETURN
; end of _Lcd_Cmd
_Lcd_Chr_CP:
0x0056	0x0020      	MOVLB      0
0x0057	0x1023      	BCF        __Lib_Lcd_cmd_status, BitPos(__Lib_Lcd_cmd_status+0)
0x0058	0x084E      	MOVF       FARG_Lcd_Chr_CP_out_char, 0
0x0059	0x00D3      	MOVWF      FARG_Lcd_Cmd_out_char
0x005A	0x2017      	CALL       _Lcd_Cmd
0x005B	0x1423      	BSF        __Lib_Lcd_cmd_status, BitPos(__Lib_Lcd_cmd_status+0)
L_end_Lcd_Chr_CP:
0x005C	0x0008      	RETURN
; end of _Lcd_Chr_CP
_Keypad_Key_Press:
0x005D	0x0020      	MOVLB      0
0x005E	0x01CE      	CLRF       Keypad_Key_Press_rslt_L0
0x005F	0x01D0      	CLRF       Keypad_Key_Press_loc_L0
0x0060	0x01D1      	CLRF       Keypad_Key_Press_rowcnt_L0
0x0061	0x3010      	MOVLW      16
0x0062	0x00D2      	MOVWF      Keypad_Key_Press_shifter_L0
L_Keypad_Key_Press0:
0x0063	0x3004      	MOVLW      4
0x0064	0x0251      	SUBWF      Keypad_Key_Press_rowcnt_L0, 0
0x0065	0x1803      	BTFSC      STATUS, 0
0x0066	0x2890      	GOTO       L_Keypad_Key_Press1
0x0067	0x30F0      	MOVLW      240
0x0068	0x008D      	MOVWF      keypadPort
0x0069	0x3080      	MOVLW      128
0x006A	0x00F0      	MOVWF      R0
0x006B	0x3000      	MOVLW      0
0x006C	0x00F1      	MOVWF      R1
0x006D	0x300D      	MOVLW      keypadPort
0x006E	0x0770      	ADDWF      R0, 0
0x006F	0x0086      	MOVWF      FSR1
0x0070	0x3000      	MOVLW      hi_addr(keypadPort)
0x0071	0x3D71      	ADDWFC     R1, 0
0x0072	0x0087      	MOVWF      FSR1H
0x0073	0x0952      	COMF       Keypad_Key_Press_shifter_L0, 0
0x0074	0x00F0      	MOVWF      R0
0x0075	0x0870      	MOVF       R0, 0
0x0076	0x0081      	MOVWF      INDF1
0x0077	0x2011      	CALL       _Delay_1us
0x0078	0x2011      	CALL       _Delay_1us
0x0079	0x300F      	MOVLW      15
0x007A	0x050D      	ANDWF      keypadPort, 0
0x007B	0x00F0      	MOVWF      R0
0x007C	0x0870      	MOVF       R0, 0
0x007D	0x00CF      	MOVWF      Keypad_Key_Press_kdata_L0
0x007E	0x0870      	MOVF       R0, 0
0x007F	0x1903      	BTFSC      STATUS, 2
0x0080	0x288B      	GOTO       L_Keypad_Key_Press2
0x0081	0x0850      	MOVF       Keypad_Key_Press_loc_L0, 0
0x0082	0x00CE      	MOVWF      Keypad_Key_Press_rslt_L0
L_Keypad_Key_Press3:
0x0083	0x084F      	MOVF       Keypad_Key_Press_kdata_L0, 0
0x0084	0x1903      	BTFSC      STATUS, 2
0x0085	0x2889      	GOTO       L_Keypad_Key_Press4
0x0086	0x36CF      	LSRF       Keypad_Key_Press_kdata_L0, 1
0x0087	0x0ACE      	INCF       Keypad_Key_Press_rslt_L0, 1
0x0088	0x2883      	GOTO       L_Keypad_Key_Press3
L_Keypad_Key_Press4:
0x0089	0x3004      	MOVLW      4
0x008A	0x00D1      	MOVWF      Keypad_Key_Press_rowcnt_L0
L_Keypad_Key_Press2:
0x008B	0x35D2      	LSLF       Keypad_Key_Press_shifter_L0, 1
0x008C	0x3004      	MOVLW      4
0x008D	0x07D0      	ADDWF      Keypad_Key_Press_loc_L0, 1
0x008E	0x0AD1      	INCF       Keypad_Key_Press_rowcnt_L0, 1
0x008F	0x2863      	GOTO       L_Keypad_Key_Press0
L_Keypad_Key_Press1:
0x0090	0x084E      	MOVF       Keypad_Key_Press_rslt_L0, 0
0x0091	0x00F0      	MOVWF      R0
L_end_Keypad_Key_Press:
0x0092	0x0008      	RETURN
; end of _Keypad_Key_Press
_Delay_10us:
0x0093	0x301A      	MOVLW      26
0x0094	0x00FD      	MOVWF      R13
L_Delay_10us1:
0x0095	0x0BFD      	DECFSZ     R13, 1
0x0096	0x2895      	GOTO       L_Delay_10us1
0x0097	0x0000      	NOP
L_end_Delay_10us:
0x0098	0x0008      	RETURN
; end of _Delay_10us
_Keypad_Key_Click:
0x0099	0x205D      	CALL       _Keypad_Key_Press
0x009A	0x0870      	MOVF       R0, 0
0x009B	0x00C9      	MOVWF      Keypad_Key_Click_rslt_L0
L_Keypad_Key_Click5:
0x009C	0x300F      	MOVLW      15
0x009D	0x050D      	ANDWF      keypadPort, 0
0x009E	0x00F0      	MOVWF      R0
0x009F	0x1903      	BTFSC      STATUS, 2
0x00A0	0x28A3      	GOTO       L_Keypad_Key_Click6
0x00A1	0x2093      	CALL       _Delay_10us
0x00A2	0x289C      	GOTO       L_Keypad_Key_Click5
L_Keypad_Key_Click6:
0x00A3	0x0849      	MOVF       Keypad_Key_Click_rslt_L0, 0
0x00A4	0x00F0      	MOVWF      R0
L_end_Keypad_Key_Click:
0x00A5	0x0008      	RETURN
; end of _Keypad_Key_Click
_Lcd_Out:
0x00A6	0x28B7      	GOTO       L_Lcd_Out11
L_Lcd_Out13:
0x00A7	0x3080      	MOVLW      128
0x00A8	0x0020      	MOVLB      0
0x00A9	0x00C9      	MOVWF      FARG_Lcd_Out_row
0x00AA	0x28C9      	GOTO       L_Lcd_Out12
L_Lcd_Out14:
0x00AB	0x30C0      	MOVLW      192
0x00AC	0x00C9      	MOVWF      FARG_Lcd_Out_row
0x00AD	0x28C9      	GOTO       L_Lcd_Out12
L_Lcd_Out15:
0x00AE	0x3094      	MOVLW      148
0x00AF	0x00C9      	MOVWF      FARG_Lcd_Out_row
0x00B0	0x28C9      	GOTO       L_Lcd_Out12
L_Lcd_Out16:
0x00B1	0x30D4      	MOVLW      212
0x00B2	0x00C9      	MOVWF      FARG_Lcd_Out_row
0x00B3	0x28C9      	GOTO       L_Lcd_Out12
L_Lcd_Out17:
0x00B4	0x3080      	MOVLW      128
0x00B5	0x00C9      	MOVWF      FARG_Lcd_Out_row
0x00B6	0x28C9      	GOTO       L_Lcd_Out12
L_Lcd_Out11:
0x00B7	0x0020      	MOVLB      0
0x00B8	0x0849      	MOVF       FARG_Lcd_Out_row, 0
0x00B9	0x3A01      	XORLW      1
0x00BA	0x1903      	BTFSC      STATUS, 2
0x00BB	0x28A7      	GOTO       L_Lcd_Out13
0x00BC	0x0849      	MOVF       FARG_Lcd_Out_row, 0
0x00BD	0x3A02      	XORLW      2
0x00BE	0x1903      	BTFSC      STATUS, 2
0x00BF	0x28AB      	GOTO       L_Lcd_Out14
0x00C0	0x0849      	MOVF       FARG_Lcd_Out_row, 0
0x00C1	0x3A03      	XORLW      3
0x00C2	0x1903      	BTFSC      STATUS, 2
0x00C3	0x28AE      	GOTO       L_Lcd_Out15
0x00C4	0x0849      	MOVF       FARG_Lcd_Out_row, 0
0x00C5	0x3A04      	XORLW      4
0x00C6	0x1903      	BTFSC      STATUS, 2
0x00C7	0x28B1      	GOTO       L_Lcd_Out16
0x00C8	0x28B4      	GOTO       L_Lcd_Out17
L_Lcd_Out12:
0x00C9	0x034A      	DECF       FARG_Lcd_Out_column, 0
0x00CA	0x00F0      	MOVWF      R0
0x00CB	0x0849      	MOVF       FARG_Lcd_Out_row, 0
0x00CC	0x07F0      	ADDWF      R0, 1
0x00CD	0x0870      	MOVF       R0, 0
0x00CE	0x00C9      	MOVWF      FARG_Lcd_Out_row
0x00CF	0x0870      	MOVF       R0, 0
0x00D0	0x00D3      	MOVWF      FARG_Lcd_Cmd_out_char
0x00D1	0x2017      	CALL       _Lcd_Cmd
0x00D2	0x1023      	BCF        __Lib_Lcd_cmd_status, BitPos(__Lib_Lcd_cmd_status+0)
0x00D3	0x01CD      	CLRF       Lcd_Out_i_L0
L_Lcd_Out18:
0x00D4	0x084D      	MOVF       Lcd_Out_i_L0, 0
0x00D5	0x074B      	ADDWF      FARG_Lcd_Out_text, 0
0x00D6	0x0084      	MOVWF      FSR0
0x00D7	0x3000      	MOVLW      0
0x00D8	0x3D4C      	ADDWFC     FARG_Lcd_Out_text+1, 0
0x00D9	0x0085      	MOVWF      FSR0H
0x00DA	0x0800      	MOVF       INDF0, 0
0x00DB	0x1903      	BTFSC      STATUS, 2
0x00DC	0x28E8      	GOTO       L_Lcd_Out19
0x00DD	0x084D      	MOVF       Lcd_Out_i_L0, 0
0x00DE	0x074B      	ADDWF      FARG_Lcd_Out_text, 0
0x00DF	0x0084      	MOVWF      FSR0
0x00E0	0x3000      	MOVLW      0
0x00E1	0x3D4C      	ADDWFC     FARG_Lcd_Out_text+1, 0
0x00E2	0x0085      	MOVWF      FSR0H
0x00E3	0x0800      	MOVF       INDF0, 0
0x00E4	0x00CE      	MOVWF      FARG_Lcd_Chr_CP_out_char
0x00E5	0x2056      	CALL       _Lcd_Chr_CP
0x00E6	0x0ACD      	INCF       Lcd_Out_i_L0, 1
0x00E7	0x28D4      	GOTO       L_Lcd_Out18
L_Lcd_Out19:
0x00E8	0x1423      	BSF        __Lib_Lcd_cmd_status, BitPos(__Lib_Lcd_cmd_status+0)
L_end_Lcd_Out:
0x00E9	0x0008      	RETURN
; end of _Lcd_Out
_f_keypad:
0x00EA	0x2099      	CALL       _Keypad_Key_Click
0x00EB	0x0870      	MOVF       R0, 0
0x00EC	0x00A0      	MOVWF      _key
0x00ED	0x0870      	MOVF       R0, 0
0x00EE	0x3A00      	XORLW      0
0x00EF	0x1903      	BTFSC      STATUS, 2
0x00F0	0x2AD6      	GOTO       L_f_keypad0
0x00F1	0x2A82      	GOTO       L_f_keypad1
L_f_keypad3:
0x00F2	0x3064      	MOVLW      100
0x00F3	0x00C7      	MOVWF      f_keypad_T_variable_L0
0x00F4	0x3000      	MOVLW      0
0x00F5	0x00C8      	MOVWF      f_keypad_T_variable_L0+1
0x00F6	0x3002      	MOVLW      2
0x00F7	0x00C9      	MOVWF      FARG_Lcd_Out_row
0x00F8	0x3008      	MOVLW      8
0x00F9	0x00CA      	MOVWF      FARG_Lcd_Out_column
0x00FA	0x3031      	MOVLW      49
0x00FB	0x0021      	MOVLB      1
0x00FC	0x00A0      	MOVWF      ?lstr1_Parcial2_Correcci_n
0x00FD	0x3030      	MOVLW      48
0x00FE	0x00A1      	MOVWF      ?lstr1_Parcial2_Correcci_n+1
0x00FF	0x3030      	MOVLW      48
0x0100	0x00A2      	MOVWF      ?lstr1_Parcial2_Correcci_n+2
0x0101	0x3020      	MOVLW      32
0x0102	0x00A3      	MOVWF      ?lstr1_Parcial2_Correcci_n+3
0x0103	0x01A4      	CLRF       ?lstr1_Parcial2_Correcci_n+4
0x0104	0x30A0      	MOVLW      ?lstr1_Parcial2_Correcci_n
0x0105	0x0020      	MOVLB      0
0x0106	0x00CB      	MOVWF      FARG_Lcd_Out_text
0x0107	0x3000      	MOVLW      hi_addr(?lstr1_Parcial2_Correcci_n)
0x0108	0x00CC      	MOVWF      FARG_Lcd_Out_text+1
0x0109	0x20A6      	CALL       _Lcd_Out
0x010A	0x2AC2      	GOTO       L_f_keypad2
L_f_keypad4:
0x010B	0x30F4      	MOVLW      244
0x010C	0x00C7      	MOVWF      f_keypad_T_variable_L0
0x010D	0x3001      	MOVLW      1
0x010E	0x00C8      	MOVWF      f_keypad_T_variable_L0+1
0x010F	0x3002      	MOVLW      2
0x0110	0x00C9      	MOVWF      FARG_Lcd_Out_row
0x0111	0x3008      	MOVLW      8
0x0112	0x00CA      	MOVWF      FARG_Lcd_Out_column
0x0113	0x3035      	MOVLW      53
0x0114	0x0021      	MOVLB      1
0x0115	0x00A5      	MOVWF      ?lstr2_Parcial2_Correcci_n
0x0116	0x3030      	MOVLW      48
0x0117	0x00A6      	MOVWF      ?lstr2_Parcial2_Correcci_n+1
0x0118	0x3030      	MOVLW      48
0x0119	0x00A7      	MOVWF      ?lstr2_Parcial2_Correcci_n+2
0x011A	0x3020      	MOVLW      32
0x011B	0x00A8      	MOVWF      ?lstr2_Parcial2_Correcci_n+3
0x011C	0x01A9      	CLRF       ?lstr2_Parcial2_Correcci_n+4
0x011D	0x30A5      	MOVLW      ?lstr2_Parcial2_Correcci_n
0x011E	0x0020      	MOVLB      0
0x011F	0x00CB      	MOVWF      FARG_Lcd_Out_text
0x0120	0x3000      	MOVLW      hi_addr(?lstr2_Parcial2_Correcci_n)
0x0121	0x00CC      	MOVWF      FARG_Lcd_Out_text+1
0x0122	0x20A6      	CALL       _Lcd_Out
0x0123	0x2AC2      	GOTO       L_f_keypad2
L_f_keypad5:
0x0124	0x30E8      	MOVLW      232
0x0125	0x00C7      	MOVWF      f_keypad_T_variable_L0
0x0126	0x3003      	MOVLW      3
0x0127	0x00C8      	MOVWF      f_keypad_T_variable_L0+1
0x0128	0x3002      	MOVLW      2
0x0129	0x00C9      	MOVWF      FARG_Lcd_Out_row
0x012A	0x3008      	MOVLW      8
0x012B	0x00CA      	MOVWF      FARG_Lcd_Out_column
0x012C	0x3031      	MOVLW      49
0x012D	0x0021      	MOVLB      1
0x012E	0x00AA      	MOVWF      ?lstr3_Parcial2_Correcci_n
0x012F	0x3030      	MOVLW      48
0x0130	0x00AB      	MOVWF      ?lstr3_Parcial2_Correcci_n+1
0x0131	0x3030      	MOVLW      48
0x0132	0x00AC      	MOVWF      ?lstr3_Parcial2_Correcci_n+2
0x0133	0x3030      	MOVLW      48
0x0134	0x00AD      	MOVWF      ?lstr3_Parcial2_Correcci_n+3
0x0135	0x01AE      	CLRF       ?lstr3_Parcial2_Correcci_n+4
0x0136	0x30AA      	MOVLW      ?lstr3_Parcial2_Correcci_n
0x0137	0x0020      	MOVLB      0
0x0138	0x00CB      	MOVWF      FARG_Lcd_Out_text
0x0139	0x3000      	MOVLW      hi_addr(?lstr3_Parcial2_Correcci_n)
0x013A	0x00CC      	MOVWF      FARG_Lcd_Out_text+1
0x013B	0x20A6      	CALL       _Lcd_Out
0x013C	0x2AC2      	GOTO       L_f_keypad2
L_f_keypad6:
0x013D	0x30DC      	MOVLW      220
0x013E	0x00C7      	MOVWF      f_keypad_T_variable_L0
0x013F	0x3005      	MOVLW      5
0x0140	0x00C8      	MOVWF      f_keypad_T_variable_L0+1
0x0141	0x3002      	MOVLW      2
0x0142	0x00C9      	MOVWF      FARG_Lcd_Out_row
0x0143	0x3008      	MOVLW      8
0x0144	0x00CA      	MOVWF      FARG_Lcd_Out_column
0x0145	0x3031      	MOVLW      49
0x0146	0x0021      	MOVLB      1
0x0147	0x00AF      	MOVWF      ?lstr4_Parcial2_Correcci_n
0x0148	0x3035      	MOVLW      53
0x0149	0x00B0      	MOVWF      ?lstr4_Parcial2_Correcci_n+1
0x014A	0x3030      	MOVLW      48
0x014B	0x00B1      	MOVWF      ?lstr4_Parcial2_Correcci_n+2
0x014C	0x3030      	MOVLW      48
0x014D	0x00B2      	MOVWF      ?lstr4_Parcial2_Correcci_n+3
0x014E	0x01B3      	CLRF       ?lstr4_Parcial2_Correcci_n+4
0x014F	0x30AF      	MOVLW      ?lstr4_Parcial2_Correcci_n
0x0150	0x0020      	MOVLB      0
0x0151	0x00CB      	MOVWF      FARG_Lcd_Out_text
0x0152	0x3000      	MOVLW      hi_addr(?lstr4_Parcial2_Correcci_n)
0x0153	0x00CC      	MOVWF      FARG_Lcd_Out_text+1
0x0154	0x20A6      	CALL       _Lcd_Out
0x0155	0x2AC2      	GOTO       L_f_keypad2
L_f_keypad7:
0x0156	0x30D0      	MOVLW      208
0x0157	0x00C7      	MOVWF      f_keypad_T_variable_L0
0x0158	0x3007      	MOVLW      7
0x0159	0x00C8      	MOVWF      f_keypad_T_variable_L0+1
0x015A	0x3002      	MOVLW      2
0x015B	0x00C9      	MOVWF      FARG_Lcd_Out_row
0x015C	0x3008      	MOVLW      8
0x015D	0x00CA      	MOVWF      FARG_Lcd_Out_column
0x015E	0x3032      	MOVLW      50
0x015F	0x0021      	MOVLB      1
0x0160	0x00B4      	MOVWF      ?lstr5_Parcial2_Correcci_n
0x0161	0x3030      	MOVLW      48
0x0162	0x00B5      	MOVWF      ?lstr5_Parcial2_Correcci_n+1
0x0163	0x3030      	MOVLW      48
0x0164	0x00B6      	MOVWF      ?lstr5_Parcial2_Correcci_n+2
0x0165	0x3030      	MOVLW      48
0x0166	0x00B7      	MOVWF      ?lstr5_Parcial2_Correcci_n+3
0x0167	0x01B8      	CLRF       ?lstr5_Parcial2_Correcci_n+4
0x0168	0x30B4      	MOVLW      ?lstr5_Parcial2_Correcci_n
0x0169	0x0020      	MOVLB      0
0x016A	0x00CB      	MOVWF      FARG_Lcd_Out_text
0x016B	0x3000      	MOVLW      hi_addr(?lstr5_Parcial2_Correcci_n)
0x016C	0x00CC      	MOVWF      FARG_Lcd_Out_text+1
0x016D	0x20A6      	CALL       _Lcd_Out
0x016E	0x2AC2      	GOTO       L_f_keypad2
L_f_keypad8:
0x016F	0x30C4      	MOVLW      196
0x0170	0x00C7      	MOVWF      f_keypad_T_variable_L0
0x0171	0x3009      	MOVLW      9
0x0172	0x00C8      	MOVWF      f_keypad_T_variable_L0+1
0x0173	0x3002      	MOVLW      2
0x0174	0x00C9      	MOVWF      FARG_Lcd_Out_row
0x0175	0x3008      	MOVLW      8
0x0176	0x00CA      	MOVWF      FARG_Lcd_Out_column
0x0177	0x3032      	MOVLW      50
0x0178	0x0021      	MOVLB      1
0x0179	0x00B9      	MOVWF      ?lstr6_Parcial2_Correcci_n
0x017A	0x3035      	MOVLW      53
0x017B	0x00BA      	MOVWF      ?lstr6_Parcial2_Correcci_n+1
0x017C	0x3030      	MOVLW      48
0x017D	0x00BB      	MOVWF      ?lstr6_Parcial2_Correcci_n+2
0x017E	0x3030      	MOVLW      48
0x017F	0x00BC      	MOVWF      ?lstr6_Parcial2_Correcci_n+3
0x0180	0x01BD      	CLRF       ?lstr6_Parcial2_Correcci_n+4
0x0181	0x30B9      	MOVLW      ?lstr6_Parcial2_Correcci_n
0x0182	0x0020      	MOVLB      0
0x0183	0x00CB      	MOVWF      FARG_Lcd_Out_text
0x0184	0x3000      	MOVLW      hi_addr(?lstr6_Parcial2_Correcci_n)
0x0185	0x00CC      	MOVWF      FARG_Lcd_Out_text+1
0x0186	0x20A6      	CALL       _Lcd_Out
0x0187	0x2AC2      	GOTO       L_f_keypad2
L_f_keypad9:
0x0188	0x30B8      	MOVLW      184
0x0189	0x00C7      	MOVWF      f_keypad_T_variable_L0
0x018A	0x300B      	MOVLW      11
0x018B	0x00C8      	MOVWF      f_keypad_T_variable_L0+1
0x018C	0x3002      	MOVLW      2
0x018D	0x00C9      	MOVWF      FARG_Lcd_Out_row
0x018E	0x3008      	MOVLW      8
0x018F	0x00CA      	MOVWF      FARG_Lcd_Out_column
0x0190	0x3033      	MOVLW      51
0x0191	0x0021      	MOVLB      1
0x0192	0x00BE      	MOVWF      ?lstr7_Parcial2_Correcci_n
0x0193	0x3030      	MOVLW      48
0x0194	0x00BF      	MOVWF      ?lstr7_Parcial2_Correcci_n+1
0x0195	0x3030      	MOVLW      48
0x0196	0x00C0      	MOVWF      ?lstr7_Parcial2_Correcci_n+2
0x0197	0x3030      	MOVLW      48
0x0198	0x00C1      	MOVWF      ?lstr7_Parcial2_Correcci_n+3
0x0199	0x01C2      	CLRF       ?lstr7_Parcial2_Correcci_n+4
0x019A	0x30BE      	MOVLW      ?lstr7_Parcial2_Correcci_n
0x019B	0x0020      	MOVLB      0
0x019C	0x00CB      	MOVWF      FARG_Lcd_Out_text
0x019D	0x3000      	MOVLW      hi_addr(?lstr7_Parcial2_Correcci_n)
0x019E	0x00CC      	MOVWF      FARG_Lcd_Out_text+1
0x019F	0x20A6      	CALL       _Lcd_Out
0x01A0	0x2AC2      	GOTO       L_f_keypad2
L_f_keypad10:
0x01A1	0x30AC      	MOVLW      172
0x01A2	0x00C7      	MOVWF      f_keypad_T_variable_L0
0x01A3	0x300D      	MOVLW      13
0x01A4	0x00C8      	MOVWF      f_keypad_T_variable_L0+1
0x01A5	0x3002      	MOVLW      2
0x01A6	0x00C9      	MOVWF      FARG_Lcd_Out_row
0x01A7	0x3008      	MOVLW      8
0x01A8	0x00CA      	MOVWF      FARG_Lcd_Out_column
0x01A9	0x3033      	MOVLW      51
0x01AA	0x0021      	MOVLB      1
0x01AB	0x00C3      	MOVWF      ?lstr8_Parcial2_Correcci_n
0x01AC	0x3035      	MOVLW      53
0x01AD	0x00C4      	MOVWF      ?lstr8_Parcial2_Correcci_n+1
0x01AE	0x3030      	MOVLW      48
0x01AF	0x00C5      	MOVWF      ?lstr8_Parcial2_Correcci_n+2
0x01B0	0x3030      	MOVLW      48
0x01B1	0x00C6      	MOVWF      ?lstr8_Parcial2_Correcci_n+3
0x01B2	0x01C7      	CLRF       ?lstr8_Parcial2_Correcci_n+4
0x01B3	0x30C3      	MOVLW      ?lstr8_Parcial2_Correcci_n
0x01B4	0x0020      	MOVLB      0
0x01B5	0x00CB      	MOVWF      FARG_Lcd_Out_text
0x01B6	0x3000      	MOVLW      hi_addr(?lstr8_Parcial2_Correcci_n)
0x01B7	0x00CC      	MOVWF      FARG_Lcd_Out_text+1
0x01B8	0x20A6      	CALL       _Lcd_Out
0x01B9	0x2AC2      	GOTO       L_f_keypad2
L_f_keypad11:
0x01BA	0x3094      	MOVLW      148
0x01BB	0x00C7      	MOVWF      f_keypad_T_variable_L0
0x01BC	0x3011      	MOVLW      17
0x01BD	0x00C8      	MOVWF      f_keypad_T_variable_L0+1
0x01BE	0x3002      	MOVLW      2
0x01BF	0x00C9      	MOVWF      FARG_Lcd_Out_row
0x01C0	0x3008      	MOVLW      8
0x01C1	0x00CA      	MOVWF      FARG_Lcd_Out_column
0x01C2	0x3034      	MOVLW      52
0x01C3	0x0021      	MOVLB      1
0x01C4	0x00C8      	MOVWF      ?lstr9_Parcial2_Correcci_n
0x01C5	0x3035      	MOVLW      53
0x01C6	0x00C9      	MOVWF      ?lstr9_Parcial2_Correcci_n+1
0x01C7	0x3030      	MOVLW      48
0x01C8	0x00CA      	MOVWF      ?lstr9_Parcial2_Correcci_n+2
0x01C9	0x3030      	MOVLW      48
0x01CA	0x00CB      	MOVWF      ?lstr9_Parcial2_Correcci_n+3
0x01CB	0x01CC      	CLRF       ?lstr9_Parcial2_Correcci_n+4
0x01CC	0x30C8      	MOVLW      ?lstr9_Parcial2_Correcci_n
0x01CD	0x0020      	MOVLB      0
0x01CE	0x00CB      	MOVWF      FARG_Lcd_Out_text
0x01CF	0x3000      	MOVLW      hi_addr(?lstr9_Parcial2_Correcci_n)
0x01D0	0x00CC      	MOVWF      FARG_Lcd_Out_text+1
0x01D1	0x20A6      	CALL       _Lcd_Out
0x01D2	0x2AC2      	GOTO       L_f_keypad2
L_f_keypad12:
0x01D3	0x3088      	MOVLW      136
0x01D4	0x00C7      	MOVWF      f_keypad_T_variable_L0
0x01D5	0x3013      	MOVLW      19
0x01D6	0x00C8      	MOVWF      f_keypad_T_variable_L0+1
0x01D7	0x3002      	MOVLW      2
0x01D8	0x00C9      	MOVWF      FARG_Lcd_Out_row
0x01D9	0x3008      	MOVLW      8
0x01DA	0x00CA      	MOVWF      FARG_Lcd_Out_column
0x01DB	0x3035      	MOVLW      53
0x01DC	0x0021      	MOVLB      1
0x01DD	0x00CD      	MOVWF      ?lstr10_Parcial2_Correcci_n
0x01DE	0x3030      	MOVLW      48
0x01DF	0x00CE      	MOVWF      ?lstr10_Parcial2_Correcci_n+1
0x01E0	0x3030      	MOVLW      48
0x01E1	0x00CF      	MOVWF      ?lstr10_Parcial2_Correcci_n+2
0x01E2	0x3030      	MOVLW      48
0x01E3	0x00D0      	MOVWF      ?lstr10_Parcial2_Correcci_n+3
0x01E4	0x01D1      	CLRF       ?lstr10_Parcial2_Correcci_n+4
0x01E5	0x30CD      	MOVLW      ?lstr10_Parcial2_Correcci_n
0x01E6	0x0020      	MOVLB      0
0x01E7	0x00CB      	MOVWF      FARG_Lcd_Out_text
0x01E8	0x3000      	MOVLW      hi_addr(?lstr10_Parcial2_Correcci_n)
0x01E9	0x00CC      	MOVWF      FARG_Lcd_Out_text+1
0x01EA	0x20A6      	CALL       _Lcd_Out
0x01EB	0x2AC2      	GOTO       L_f_keypad2
L_f_keypad13:
0x01EC	0x307C      	MOVLW      124
0x01ED	0x00C7      	MOVWF      f_keypad_T_variable_L0
0x01EE	0x3015      	MOVLW      21
0x01EF	0x00C8      	MOVWF      f_keypad_T_variable_L0+1
0x01F0	0x3002      	MOVLW      2
0x01F1	0x00C9      	MOVWF      FARG_Lcd_Out_row
0x01F2	0x3008      	MOVLW      8
0x01F3	0x00CA      	MOVWF      FARG_Lcd_Out_column
0x01F4	0x3035      	MOVLW      53
0x01F5	0x0021      	MOVLB      1
0x01F6	0x00D2      	MOVWF      ?lstr11_Parcial2_Correcci_n
0x01F7	0x3035      	MOVLW      53
0x01F8	0x00D3      	MOVWF      ?lstr11_Parcial2_Correcci_n+1
0x01F9	0x3030      	MOVLW      48
0x01FA	0x00D4      	MOVWF      ?lstr11_Parcial2_Correcci_n+2
0x01FB	0x3030      	MOVLW      48
0x01FC	0x00D5      	MOVWF      ?lstr11_Parcial2_Correcci_n+3
0x01FD	0x01D6      	CLRF       ?lstr11_Parcial2_Correcci_n+4
0x01FE	0x30D2      	MOVLW      ?lstr11_Parcial2_Correcci_n
0x01FF	0x0020      	MOVLB      0
0x0200	0x00CB      	MOVWF      FARG_Lcd_Out_text
0x0201	0x3000      	MOVLW      hi_addr(?lstr11_Parcial2_Correcci_n)
0x0202	0x00CC      	MOVWF      FARG_Lcd_Out_text+1
0x0203	0x20A6      	CALL       _Lcd_Out
0x0204	0x2AC2      	GOTO       L_f_keypad2
L_f_keypad14:
0x0205	0x3070      	MOVLW      112
0x0206	0x00C7      	MOVWF      f_keypad_T_variable_L0
0x0207	0x3017      	MOVLW      23
0x0208	0x00C8      	MOVWF      f_keypad_T_variable_L0+1
0x0209	0x3002      	MOVLW      2
0x020A	0x00C9      	MOVWF      FARG_Lcd_Out_row
0x020B	0x3008      	MOVLW      8
0x020C	0x00CA      	MOVWF      FARG_Lcd_Out_column
0x020D	0x3036      	MOVLW      54
0x020E	0x0021      	MOVLB      1
0x020F	0x00D7      	MOVWF      ?lstr12_Parcial2_Correcci_n
0x0210	0x3030      	MOVLW      48
0x0211	0x00D8      	MOVWF      ?lstr12_Parcial2_Correcci_n+1
0x0212	0x3030      	MOVLW      48
0x0213	0x00D9      	MOVWF      ?lstr12_Parcial2_Correcci_n+2
0x0214	0x3030      	MOVLW      48
0x0215	0x00DA      	MOVWF      ?lstr12_Parcial2_Correcci_n+3
0x0216	0x01DB      	CLRF       ?lstr12_Parcial2_Correcci_n+4
0x0217	0x30D7      	MOVLW      ?lstr12_Parcial2_Correcci_n
0x0218	0x0020      	MOVLB      0
0x0219	0x00CB      	MOVWF      FARG_Lcd_Out_text
0x021A	0x3000      	MOVLW      hi_addr(?lstr12_Parcial2_Correcci_n)
0x021B	0x00CC      	MOVWF      FARG_Lcd_Out_text+1
0x021C	0x20A6      	CALL       _Lcd_Out
0x021D	0x2AC2      	GOTO       L_f_keypad2
L_f_keypad15:
0x021E	0x3064      	MOVLW      100
0x021F	0x00C7      	MOVWF      f_keypad_T_variable_L0
0x0220	0x3019      	MOVLW      25
0x0221	0x00C8      	MOVWF      f_keypad_T_variable_L0+1
0x0222	0x3002      	MOVLW      2
0x0223	0x00C9      	MOVWF      FARG_Lcd_Out_row
0x0224	0x3008      	MOVLW      8
0x0225	0x00CA      	MOVWF      FARG_Lcd_Out_column
0x0226	0x3036      	MOVLW      54
0x0227	0x0021      	MOVLB      1
0x0228	0x00DC      	MOVWF      ?lstr13_Parcial2_Correcci_n
0x0229	0x3035      	MOVLW      53
0x022A	0x00DD      	MOVWF      ?lstr13_Parcial2_Correcci_n+1
0x022B	0x3030      	MOVLW      48
0x022C	0x00DE      	MOVWF      ?lstr13_Parcial2_Correcci_n+2
0x022D	0x3030      	MOVLW      48
0x022E	0x00DF      	MOVWF      ?lstr13_Parcial2_Correcci_n+3
0x022F	0x01E0      	CLRF       ?lstr13_Parcial2_Correcci_n+4
0x0230	0x30DC      	MOVLW      ?lstr13_Parcial2_Correcci_n
0x0231	0x0020      	MOVLB      0
0x0232	0x00CB      	MOVWF      FARG_Lcd_Out_text
0x0233	0x3000      	MOVLW      hi_addr(?lstr13_Parcial2_Correcci_n)
0x0234	0x00CC      	MOVWF      FARG_Lcd_Out_text+1
0x0235	0x20A6      	CALL       _Lcd_Out
0x0236	0x2AC2      	GOTO       L_f_keypad2
L_f_keypad16:
0x0237	0x3058      	MOVLW      88
0x0238	0x00C7      	MOVWF      f_keypad_T_variable_L0
0x0239	0x301B      	MOVLW      27
0x023A	0x00C8      	MOVWF      f_keypad_T_variable_L0+1
0x023B	0x3002      	MOVLW      2
0x023C	0x00C9      	MOVWF      FARG_Lcd_Out_row
0x023D	0x3008      	MOVLW      8
0x023E	0x00CA      	MOVWF      FARG_Lcd_Out_column
0x023F	0x3037      	MOVLW      55
0x0240	0x0021      	MOVLB      1
0x0241	0x00E1      	MOVWF      ?lstr14_Parcial2_Correcci_n
0x0242	0x3030      	MOVLW      48
0x0243	0x00E2      	MOVWF      ?lstr14_Parcial2_Correcci_n+1
0x0244	0x3030      	MOVLW      48
0x0245	0x00E3      	MOVWF      ?lstr14_Parcial2_Correcci_n+2
0x0246	0x3030      	MOVLW      48
0x0247	0x00E4      	MOVWF      ?lstr14_Parcial2_Correcci_n+3
0x0248	0x01E5      	CLRF       ?lstr14_Parcial2_Correcci_n+4
0x0249	0x30E1      	MOVLW      ?lstr14_Parcial2_Correcci_n
0x024A	0x0020      	MOVLB      0
0x024B	0x00CB      	MOVWF      FARG_Lcd_Out_text
0x024C	0x3000      	MOVLW      hi_addr(?lstr14_Parcial2_Correcci_n)
0x024D	0x00CC      	MOVWF      FARG_Lcd_Out_text+1
0x024E	0x20A6      	CALL       _Lcd_Out
0x024F	0x2AC2      	GOTO       L_f_keypad2
L_f_keypad17:
0x0250	0x304C      	MOVLW      76
0x0251	0x00C7      	MOVWF      f_keypad_T_variable_L0
0x0252	0x301D      	MOVLW      29
0x0253	0x00C8      	MOVWF      f_keypad_T_variable_L0+1
0x0254	0x3002      	MOVLW      2
0x0255	0x00C9      	MOVWF      FARG_Lcd_Out_row
0x0256	0x3008      	MOVLW      8
0x0257	0x00CA      	MOVWF      FARG_Lcd_Out_column
0x0258	0x3037      	MOVLW      55
0x0259	0x0021      	MOVLB      1
0x025A	0x00E6      	MOVWF      ?lstr15_Parcial2_Correcci_n
0x025B	0x3035      	MOVLW      53
0x025C	0x00E7      	MOVWF      ?lstr15_Parcial2_Correcci_n+1
0x025D	0x3030      	MOVLW      48
0x025E	0x00E8      	MOVWF      ?lstr15_Parcial2_Correcci_n+2
0x025F	0x3030      	MOVLW      48
0x0260	0x00E9      	MOVWF      ?lstr15_Parcial2_Correcci_n+3
0x0261	0x01EA      	CLRF       ?lstr15_Parcial2_Correcci_n+4
0x0262	0x30E6      	MOVLW      ?lstr15_Parcial2_Correcci_n
0x0263	0x0020      	MOVLB      0
0x0264	0x00CB      	MOVWF      FARG_Lcd_Out_text
0x0265	0x3000      	MOVLW      hi_addr(?lstr15_Parcial2_Correcci_n)
0x0266	0x00CC      	MOVWF      FARG_Lcd_Out_text+1
0x0267	0x20A6      	CALL       _Lcd_Out
0x0268	0x2AC2      	GOTO       L_f_keypad2
L_f_keypad18:
0x0269	0x3040      	MOVLW      64
0x026A	0x00C7      	MOVWF      f_keypad_T_variable_L0
0x026B	0x301F      	MOVLW      31
0x026C	0x00C8      	MOVWF      f_keypad_T_variable_L0+1
0x026D	0x3002      	MOVLW      2
0x026E	0x00C9      	MOVWF      FARG_Lcd_Out_row
0x026F	0x3008      	MOVLW      8
0x0270	0x00CA      	MOVWF      FARG_Lcd_Out_column
0x0271	0x3038      	MOVLW      56
0x0272	0x0021      	MOVLB      1
0x0273	0x00EB      	MOVWF      ?lstr16_Parcial2_Correcci_n
0x0274	0x3030      	MOVLW      48
0x0275	0x00EC      	MOVWF      ?lstr16_Parcial2_Correcci_n+1
0x0276	0x3030      	MOVLW      48
0x0277	0x00ED      	MOVWF      ?lstr16_Parcial2_Correcci_n+2
0x0278	0x3030      	MOVLW      48
0x0279	0x00EE      	MOVWF      ?lstr16_Parcial2_Correcci_n+3
0x027A	0x01EF      	CLRF       ?lstr16_Parcial2_Correcci_n+4
0x027B	0x30EB      	MOVLW      ?lstr16_Parcial2_Correcci_n
0x027C	0x0020      	MOVLB      0
0x027D	0x00CB      	MOVWF      FARG_Lcd_Out_text
0x027E	0x3000      	MOVLW      hi_addr(?lstr16_Parcial2_Correcci_n)
0x027F	0x00CC      	MOVWF      FARG_Lcd_Out_text+1
0x0280	0x20A6      	CALL       _Lcd_Out
0x0281	0x2AC2      	GOTO       L_f_keypad2
L_f_keypad1:
0x0282	0x0820      	MOVF       _key, 0
0x0283	0x3A01      	XORLW      1
0x0284	0x1903      	BTFSC      STATUS, 2
0x0285	0x28F2      	GOTO       L_f_keypad3
0x0286	0x0820      	MOVF       _key, 0
0x0287	0x3A02      	XORLW      2
0x0288	0x1903      	BTFSC      STATUS, 2
0x0289	0x290B      	GOTO       L_f_keypad4
0x028A	0x0820      	MOVF       _key, 0
0x028B	0x3A03      	XORLW      3
0x028C	0x1903      	BTFSC      STATUS, 2
0x028D	0x2924      	GOTO       L_f_keypad5
0x028E	0x0820      	MOVF       _key, 0
0x028F	0x3A04      	XORLW      4
0x0290	0x1903      	BTFSC      STATUS, 2
0x0291	0x293D      	GOTO       L_f_keypad6
0x0292	0x0820      	MOVF       _key, 0
0x0293	0x3A05      	XORLW      5
0x0294	0x1903      	BTFSC      STATUS, 2
0x0295	0x2956      	GOTO       L_f_keypad7
0x0296	0x0820      	MOVF       _key, 0
0x0297	0x3A06      	XORLW      6
0x0298	0x1903      	BTFSC      STATUS, 2
0x0299	0x296F      	GOTO       L_f_keypad8
0x029A	0x0820      	MOVF       _key, 0
0x029B	0x3A07      	XORLW      7
0x029C	0x1903      	BTFSC      STATUS, 2
0x029D	0x2988      	GOTO       L_f_keypad9
0x029E	0x0820      	MOVF       _key, 0
0x029F	0x3A08      	XORLW      8
0x02A0	0x1903      	BTFSC      STATUS, 2
0x02A1	0x29A1      	GOTO       L_f_keypad10
0x02A2	0x0820      	MOVF       _key, 0
0x02A3	0x3A09      	XORLW      9
0x02A4	0x1903      	BTFSC      STATUS, 2
0x02A5	0x29BA      	GOTO       L_f_keypad11
0x02A6	0x0820      	MOVF       _key, 0
0x02A7	0x3A0A      	XORLW      10
0x02A8	0x1903      	BTFSC      STATUS, 2
0x02A9	0x29D3      	GOTO       L_f_keypad12
0x02AA	0x0820      	MOVF       _key, 0
0x02AB	0x3A0B      	XORLW      11
0x02AC	0x1903      	BTFSC      STATUS, 2
0x02AD	0x29EC      	GOTO       L_f_keypad13
0x02AE	0x0820      	MOVF       _key, 0
0x02AF	0x3A0C      	XORLW      12
0x02B0	0x1903      	BTFSC      STATUS, 2
0x02B1	0x2A05      	GOTO       L_f_keypad14
0x02B2	0x0820      	MOVF       _key, 0
0x02B3	0x3A0D      	XORLW      13
0x02B4	0x1903      	BTFSC      STATUS, 2
0x02B5	0x2A1E      	GOTO       L_f_keypad15
0x02B6	0x0820      	MOVF       _key, 0
0x02B7	0x3A0E      	XORLW      14
0x02B8	0x1903      	BTFSC      STATUS, 2
0x02B9	0x2A37      	GOTO       L_f_keypad16
0x02BA	0x0820      	MOVF       _key, 0
0x02BB	0x3A0F      	XORLW      15
0x02BC	0x1903      	BTFSC      STATUS, 2
0x02BD	0x2A50      	GOTO       L_f_keypad17
0x02BE	0x0820      	MOVF       _key, 0
0x02BF	0x3A10      	XORLW      16
0x02C0	0x1903      	BTFSC      STATUS, 2
0x02C1	0x2A69      	GOTO       L_f_keypad18
L_f_keypad2:
0x02C2	0x3009      	MOVLW      9
0x02C3	0x00FC      	MOVWF      R12
0x02C4	0x304E      	MOVLW      78
0x02C5	0x00FD      	MOVWF      R13
L_f_keypad19:
0x02C6	0x0BFD      	DECFSZ     R13, 1
0x02C7	0x2AC6      	GOTO       L_f_keypad19
0x02C8	0x0BFC      	DECFSZ     R12, 1
0x02C9	0x2AC6      	GOTO       L_f_keypad19
0x02CA	0x0000      	NOP
0x02CB	0x0847      	MOVF       f_keypad_T_variable_L0, 0
0x02CC	0x00F0      	MOVWF      R0
0x02CD	0x0848      	MOVF       f_keypad_T_variable_L0+1, 0
0x02CE	0x00F1      	MOVWF      R1
0x02CF	0x36F1      	LSRF       R1, 1
0x02D0	0x0CF0      	RRF        R0, 1
0x02D1	0x0870      	MOVF       R0, 0
0x02D2	0x00A1      	MOVWF      _T_end
0x02D3	0x0871      	MOVF       R1, 0
0x02D4	0x00A2      	MOVWF      _T_end+1
0x02D5	0x2AD6      	GOTO       L_end_f_keypad
L_f_keypad0:
L_end_f_keypad:
0x02D6	0x0008      	RETURN
; end of _f_keypad
_Periodo_Variable:
0x02D7	0x0020      	MOVLB      0
0x02D8	0x0843      	MOVF       FARG_Periodo_Variable_Period, 0
0x02D9	0x00C5      	MOVWF      Periodo_Variable_i_L0
0x02DA	0x0844      	MOVF       FARG_Periodo_Variable_Period+1, 0
0x02DB	0x00C6      	MOVWF      Periodo_Variable_i_L0+1
L_Periodo_Variable20:
0x02DC	0x3080      	MOVLW      128
0x02DD	0x00F0      	MOVWF      R0
0x02DE	0x3080      	MOVLW      128
0x02DF	0x0646      	XORWF      Periodo_Variable_i_L0+1, 0
0x02E0	0x0270      	SUBWF      R0, 0
0x02E1	0x1D03      	BTFSS      STATUS, 2
0x02E2	0x2AE5      	GOTO       L__Periodo_Variable28
0x02E3	0x0845      	MOVF       Periodo_Variable_i_L0, 0
0x02E4	0x3C00      	SUBLW      0
L__Periodo_Variable28:
0x02E5	0x1803      	BTFSC      STATUS, 0
0x02E6	0x2AF6      	GOTO       L_Periodo_Variable21
0x02E7	0x3009      	MOVLW      9
0x02E8	0x00FC      	MOVWF      R12
0x02E9	0x304E      	MOVLW      78
0x02EA	0x00FD      	MOVWF      R13
L_Periodo_Variable23:
0x02EB	0x0BFD      	DECFSZ     R13, 1
0x02EC	0x2AEB      	GOTO       L_Periodo_Variable23
0x02ED	0x0BFC      	DECFSZ     R12, 1
0x02EE	0x2AEB      	GOTO       L_Periodo_Variable23
0x02EF	0x0000      	NOP
0x02F0	0x20EA      	CALL       _f_keypad
0x02F1	0x3001      	MOVLW      1
0x02F2	0x02C5      	SUBWF      Periodo_Variable_i_L0, 1
0x02F3	0x3000      	MOVLW      0
0x02F4	0x3BC6      	SUBWFB     Periodo_Variable_i_L0+1, 1
0x02F5	0x2ADC      	GOTO       L_Periodo_Variable20
L_Periodo_Variable21:
L_end_Periodo_Variable:
0x02F6	0x0008      	RETURN
; end of _Periodo_Variable
_Keypad_Init:
0x02F7	0x3080      	MOVLW      128
0x02F8	0x00F0      	MOVWF      R0
0x02F9	0x3000      	MOVLW      0
0x02FA	0x00F1      	MOVWF      R1
0x02FB	0x300D      	MOVLW      keypadPort
0x02FC	0x0770      	ADDWF      R0, 0
0x02FD	0x0086      	MOVWF      FSR1
0x02FE	0x3000      	MOVLW      hi_addr(keypadPort)
0x02FF	0x3D71      	ADDWFC     R1, 0
0x0300	0x0087      	MOVWF      FSR1H
0x0301	0x30FF      	MOVLW      255
0x0302	0x0081      	MOVWF      INDF1
L_end_Keypad_Init:
0x0303	0x0008      	RETURN
; end of _Keypad_Init
_Lcd_Init:
0x0304	0x0021      	MOVLB      1
0x0305	0x108C      	BCF        LCD_EN_Direction, BitPos(LCD_EN_Direction+0)
0x0306	0x100C      	BCF        LCD_RS_Direction, BitPos(LCD_RS_Direction+0)
0x0307	0x110C      	BCF        LCD_D4_Direction, BitPos(LCD_D4_Direction+0)
0x0308	0x118C      	BCF        LCD_D5_Direction, BitPos(LCD_D5_Direction+0)
0x0309	0x120C      	BCF        LCD_D6_Direction, BitPos(LCD_D6_Direction+0)
0x030A	0x130C      	BCF        LCD_D7_Direction, BitPos(LCD_D7_Direction+0)
0x030B	0x0020      	MOVLB      0
0x030C	0x108C      	BCF        LCD_EN, BitPos(LCD_EN+0)
0x030D	0x100C      	BCF        LCD_RS, BitPos(LCD_RS+0)
0x030E	0x130C      	BCF        LCD_D7, BitPos(LCD_D7+0)
0x030F	0x120C      	BCF        LCD_D6, BitPos(LCD_D6+0)
0x0310	0x118C      	BCF        LCD_D5, BitPos(LCD_D5+0)
0x0311	0x110C      	BCF        LCD_D4, BitPos(LCD_D4+0)
0x0312	0x2008      	CALL       _Delay_5500us
0x0313	0x2008      	CALL       _Delay_5500us
0x0314	0x2008      	CALL       _Delay_5500us
0x0315	0x158C      	BSF        LCD_D5, BitPos(LCD_D5+0)
0x0316	0x150C      	BSF        LCD_D4, BitPos(LCD_D4+0)
0x0317	0x148C      	BSF        LCD_EN, BitPos(LCD_EN+0)
0x0318	0x2011      	CALL       _Delay_1us
0x0319	0x108C      	BCF        LCD_EN, BitPos(LCD_EN+0)
0x031A	0x2008      	CALL       _Delay_5500us
0x031B	0x148C      	BSF        LCD_EN, BitPos(LCD_EN+0)
0x031C	0x2011      	CALL       _Delay_1us
0x031D	0x108C      	BCF        LCD_EN, BitPos(LCD_EN+0)
0x031E	0x2008      	CALL       _Delay_5500us
0x031F	0x148C      	BSF        LCD_EN, BitPos(LCD_EN+0)
0x0320	0x2011      	CALL       _Delay_1us
0x0321	0x108C      	BCF        LCD_EN, BitPos(LCD_EN+0)
0x0322	0x2008      	CALL       _Delay_5500us
0x0323	0x110C      	BCF        LCD_D4, BitPos(LCD_D4+0)
0x0324	0x148C      	BSF        LCD_EN, BitPos(LCD_EN+0)
0x0325	0x2011      	CALL       _Delay_1us
0x0326	0x108C      	BCF        LCD_EN, BitPos(LCD_EN+0)
0x0327	0x2008      	CALL       _Delay_5500us
0x0328	0x148C      	BSF        LCD_EN, BitPos(LCD_EN+0)
0x0329	0x2011      	CALL       _Delay_1us
0x032A	0x108C      	BCF        LCD_EN, BitPos(LCD_EN+0)
0x032B	0x118C      	BCF        LCD_D5, BitPos(LCD_D5+0)
0x032C	0x170C      	BSF        LCD_D7, BitPos(LCD_D7+0)
0x032D	0x148C      	BSF        LCD_EN, BitPos(LCD_EN+0)
0x032E	0x2011      	CALL       _Delay_1us
0x032F	0x108C      	BCF        LCD_EN, BitPos(LCD_EN+0)
0x0330	0x2008      	CALL       _Delay_5500us
0x0331	0x130C      	BCF        LCD_D7, BitPos(LCD_D7+0)
0x0332	0x150C      	BSF        LCD_D4, BitPos(LCD_D4+0)
0x0333	0x148C      	BSF        LCD_EN, BitPos(LCD_EN+0)
0x0334	0x2011      	CALL       _Delay_1us
0x0335	0x108C      	BCF        LCD_EN, BitPos(LCD_EN+0)
0x0336	0x110C      	BCF        LCD_D4, BitPos(LCD_D4+0)
0x0337	0x148C      	BSF        LCD_EN, BitPos(LCD_EN+0)
0x0338	0x2011      	CALL       _Delay_1us
0x0339	0x108C      	BCF        LCD_EN, BitPos(LCD_EN+0)
0x033A	0x2008      	CALL       _Delay_5500us
0x033B	0x148C      	BSF        LCD_EN, BitPos(LCD_EN+0)
0x033C	0x2011      	CALL       _Delay_1us
0x033D	0x108C      	BCF        LCD_EN, BitPos(LCD_EN+0)
0x033E	0x150C      	BSF        LCD_D4, BitPos(LCD_D4+0)
0x033F	0x148C      	BSF        LCD_EN, BitPos(LCD_EN+0)
0x0340	0x2011      	CALL       _Delay_1us
0x0341	0x108C      	BCF        LCD_EN, BitPos(LCD_EN+0)
0x0342	0x2008      	CALL       _Delay_5500us
0x0343	0x110C      	BCF        LCD_D4, BitPos(LCD_D4+0)
0x0344	0x148C      	BSF        LCD_EN, BitPos(LCD_EN+0)
0x0345	0x2011      	CALL       _Delay_1us
0x0346	0x108C      	BCF        LCD_EN, BitPos(LCD_EN+0)
0x0347	0x170C      	BSF        LCD_D7, BitPos(LCD_D7+0)
0x0348	0x160C      	BSF        LCD_D6, BitPos(LCD_D6+0)
0x0349	0x158C      	BSF        LCD_D5, BitPos(LCD_D5+0)
0x034A	0x150C      	BSF        LCD_D4, BitPos(LCD_D4+0)
0x034B	0x148C      	BSF        LCD_EN, BitPos(LCD_EN+0)
0x034C	0x2011      	CALL       _Delay_1us
0x034D	0x108C      	BCF        LCD_EN, BitPos(LCD_EN+0)
0x034E	0x2008      	CALL       _Delay_5500us
0x034F	0x1423      	BSF        __Lib_Lcd_cmd_status, BitPos(__Lib_Lcd_cmd_status+0)
L_end_Lcd_Init:
0x0350	0x0008      	RETURN
; end of _Lcd_Init
___CC2DW:
_CC2DL_Loop1:
0x0351	0x0012      	MOVIW      FSR0++ 
0x0352	0x001E      	MOVWI      FSR1++ 
0x0353	0x03F0      	DECF       R0, 1
0x0354	0x1D03      	BTFSS      STATUS, 2
0x0355	0x2B51      	GOTO       _CC2DL_Loop1
0x0356	0x03F1      	DECF       R1, 1
0x0357	0x1D03      	BTFSS      STATUS, 2
0x0358	0x2B51      	GOTO       _CC2DL_Loop1
L_end___CC2DW:
0x0359	0x0008      	RETURN
; end of ___CC2DW
_main:
0x035A	0x0020      	MOVLB      0
0x035B	0x01A0      	CLRF       _key
0x035C	0x3064      	MOVLW      100
0x035D	0x00A1      	MOVWF      _T_end
0x035E	0x01A2      	CLRF       34
0x035F	0x30F3      	MOVLW      243
0x0360	0x0021      	MOVLB      1
0x0361	0x0099      	MOVWF      OSCCON
0x0362	0x0023      	MOVLB      3
0x0363	0x018C      	CLRF       ANSELA
0x0364	0x018D      	CLRF       ANSELB
0x0365	0x0021      	MOVLB      1
0x0366	0x018C      	CLRF       TRISA
0x0367	0x30FF      	MOVLW      255
0x0368	0x008D      	MOVWF      TRISB
0x0369	0x2304      	CALL       _Lcd_Init
0x036A	0x3001      	MOVLW      1
0x036B	0x00D3      	MOVWF      FARG_Lcd_Cmd_out_char
0x036C	0x2017      	CALL       _Lcd_Cmd
0x036D	0x300C      	MOVLW      12
0x036E	0x00D3      	MOVWF      FARG_Lcd_Cmd_out_char
0x036F	0x2017      	CALL       _Lcd_Cmd
0x0370	0x3001      	MOVLW      1
0x0371	0x00C9      	MOVWF      FARG_Lcd_Out_row
0x0372	0x3001      	MOVLW      1
0x0373	0x00CA      	MOVWF      FARG_Lcd_Out_column
0x0374	0x300E      	MOVLW      ?ICS?lstr17_Parcial2_Correcci_n
0x0375	0x0084      	MOVWF      FSR0
0x0376	0x3084      	MOVLW      hi_addr(?ICS?lstr17_Parcial2_Correcci_n)
0x0377	0x0085      	MOVWF      FSR0H
0x0378	0x3024      	MOVLW      ?lstr17_Parcial2_Correcci_n
0x0379	0x0086      	MOVWF      FSR1
0x037A	0x3000      	MOVLW      hi_addr(?lstr17_Parcial2_Correcci_n)
0x037B	0x0087      	MOVWF      FSR1H
0x037C	0x3012      	MOVLW      18
0x037D	0x00F0      	MOVWF      R0
0x037E	0x3001      	MOVLW      1
0x037F	0x00F1      	MOVWF      R1
0x0380	0x2351      	CALL       ___CC2DW
0x0381	0x3024      	MOVLW      ?lstr17_Parcial2_Correcci_n
0x0382	0x00CB      	MOVWF      FARG_Lcd_Out_text
0x0383	0x3000      	MOVLW      hi_addr(?lstr17_Parcial2_Correcci_n)
0x0384	0x00CC      	MOVWF      FARG_Lcd_Out_text+1
0x0385	0x20A6      	CALL       _Lcd_Out
0x0386	0x3002      	MOVLW      2
0x0387	0x00C9      	MOVWF      FARG_Lcd_Out_row
0x0388	0x3001      	MOVLW      1
0x0389	0x00CA      	MOVWF      FARG_Lcd_Out_column
0x038A	0x304E      	MOVLW      78
0x038B	0x00B6      	MOVWF      ?lstr18_Parcial2_Correcci_n
0x038C	0x3065      	MOVLW      101
0x038D	0x00B7      	MOVWF      ?lstr18_Parcial2_Correcci_n+1
0x038E	0x3077      	MOVLW      119
0x038F	0x00B8      	MOVWF      ?lstr18_Parcial2_Correcci_n+2
0x0390	0x3020      	MOVLW      32
0x0391	0x00B9      	MOVWF      ?lstr18_Parcial2_Correcci_n+3
0x0392	0x3054      	MOVLW      84
0x0393	0x00BA      	MOVWF      ?lstr18_Parcial2_Correcci_n+4
0x0394	0x303A      	MOVLW      58
0x0395	0x00BB      	MOVWF      ?lstr18_Parcial2_Correcci_n+5
0x0396	0x3020      	MOVLW      32
0x0397	0x00BC      	MOVWF      ?lstr18_Parcial2_Correcci_n+6
0x0398	0x01BD      	CLRF       ?lstr18_Parcial2_Correcci_n+7
0x0399	0x3036      	MOVLW      ?lstr18_Parcial2_Correcci_n
0x039A	0x00CB      	MOVWF      FARG_Lcd_Out_text
0x039B	0x3000      	MOVLW      hi_addr(?lstr18_Parcial2_Correcci_n)
0x039C	0x00CC      	MOVWF      FARG_Lcd_Out_text+1
0x039D	0x20A6      	CALL       _Lcd_Out
0x039E	0x3002      	MOVLW      2
0x039F	0x00C9      	MOVWF      FARG_Lcd_Out_row
0x03A0	0x300D      	MOVLW      13
0x03A1	0x00CA      	MOVWF      FARG_Lcd_Out_column
0x03A2	0x305B      	MOVLW      91
0x03A3	0x00BE      	MOVWF      ?lstr19_Parcial2_Correcci_n
0x03A4	0x306D      	MOVLW      109
0x03A5	0x00BF      	MOVWF      ?lstr19_Parcial2_Correcci_n+1
0x03A6	0x3073      	MOVLW      115
0x03A7	0x00C0      	MOVWF      ?lstr19_Parcial2_Correcci_n+2
0x03A8	0x305D      	MOVLW      93
0x03A9	0x00C1      	MOVWF      ?lstr19_Parcial2_Correcci_n+3
0x03AA	0x01C2      	CLRF       ?lstr19_Parcial2_Correcci_n+4
0x03AB	0x303E      	MOVLW      ?lstr19_Parcial2_Correcci_n
0x03AC	0x00CB      	MOVWF      FARG_Lcd_Out_text
0x03AD	0x3000      	MOVLW      hi_addr(?lstr19_Parcial2_Correcci_n)
0x03AE	0x00CC      	MOVWF      FARG_Lcd_Out_text+1
0x03AF	0x20A6      	CALL       _Lcd_Out
0x03B0	0x22F7      	CALL       _Keypad_Init
0x03B1	0x0021      	MOVLB      1
0x03B2	0x138C      	BCF        TRISA7_bit, BitPos(TRISA7_bit+0)
L_main24:
0x03B3	0x3080      	MOVLW      128
0x03B4	0x0022      	MOVLB      2
0x03B5	0x068C      	XORWF      LATA7_bit, 1
0x03B6	0x0020      	MOVLB      0
0x03B7	0x0821      	MOVF       _T_end, 0
0x03B8	0x00C3      	MOVWF      FARG_Periodo_Variable_Period
0x03B9	0x0822      	MOVF       _T_end+1, 0
0x03BA	0x00C4      	MOVWF      FARG_Periodo_Variable_Period+1
0x03BB	0x22D7      	CALL       _Periodo_Variable
0x03BC	0x2BB3      	GOTO       L_main24
L_end_main:
0x03BD	0x2BBD      	GOTO       $+0
; end of _main
;Parcial2_Correcci_n.c,0 :: ?ICS?lstr1_Parcial2_Correcci_n
0x03BE	0x3431 ;?ICS?lstr1_Parcial2_Correcci_n+0
0x03BF	0x3430 ;?ICS?lstr1_Parcial2_Correcci_n+1
0x03C0	0x3430 ;?ICS?lstr1_Parcial2_Correcci_n+2
0x03C1	0x3420 ;?ICS?lstr1_Parcial2_Correcci_n+3
0x03C2	0x3400 ;?ICS?lstr1_Parcial2_Correcci_n+4
; end of ?ICS?lstr1_Parcial2_Correcci_n
;Parcial2_Correcci_n.c,0 :: ?ICS?lstr2_Parcial2_Correcci_n
0x03C3	0x3435 ;?ICS?lstr2_Parcial2_Correcci_n+0
0x03C4	0x3430 ;?ICS?lstr2_Parcial2_Correcci_n+1
0x03C5	0x3430 ;?ICS?lstr2_Parcial2_Correcci_n+2
0x03C6	0x3420 ;?ICS?lstr2_Parcial2_Correcci_n+3
0x03C7	0x3400 ;?ICS?lstr2_Parcial2_Correcci_n+4
; end of ?ICS?lstr2_Parcial2_Correcci_n
;Parcial2_Correcci_n.c,0 :: ?ICS?lstr3_Parcial2_Correcci_n
0x03C8	0x3431 ;?ICS?lstr3_Parcial2_Correcci_n+0
0x03C9	0x3430 ;?ICS?lstr3_Parcial2_Correcci_n+1
0x03CA	0x3430 ;?ICS?lstr3_Parcial2_Correcci_n+2
0x03CB	0x3430 ;?ICS?lstr3_Parcial2_Correcci_n+3
0x03CC	0x3400 ;?ICS?lstr3_Parcial2_Correcci_n+4
; end of ?ICS?lstr3_Parcial2_Correcci_n
;Parcial2_Correcci_n.c,0 :: ?ICS?lstr4_Parcial2_Correcci_n
0x03CD	0x3431 ;?ICS?lstr4_Parcial2_Correcci_n+0
0x03CE	0x3435 ;?ICS?lstr4_Parcial2_Correcci_n+1
0x03CF	0x3430 ;?ICS?lstr4_Parcial2_Correcci_n+2
0x03D0	0x3430 ;?ICS?lstr4_Parcial2_Correcci_n+3
0x03D1	0x3400 ;?ICS?lstr4_Parcial2_Correcci_n+4
; end of ?ICS?lstr4_Parcial2_Correcci_n
;Parcial2_Correcci_n.c,0 :: ?ICS?lstr5_Parcial2_Correcci_n
0x03D2	0x3432 ;?ICS?lstr5_Parcial2_Correcci_n+0
0x03D3	0x3430 ;?ICS?lstr5_Parcial2_Correcci_n+1
0x03D4	0x3430 ;?ICS?lstr5_Parcial2_Correcci_n+2
0x03D5	0x3430 ;?ICS?lstr5_Parcial2_Correcci_n+3
0x03D6	0x3400 ;?ICS?lstr5_Parcial2_Correcci_n+4
; end of ?ICS?lstr5_Parcial2_Correcci_n
;Parcial2_Correcci_n.c,0 :: ?ICS?lstr6_Parcial2_Correcci_n
0x03D7	0x3432 ;?ICS?lstr6_Parcial2_Correcci_n+0
0x03D8	0x3435 ;?ICS?lstr6_Parcial2_Correcci_n+1
0x03D9	0x3430 ;?ICS?lstr6_Parcial2_Correcci_n+2
0x03DA	0x3430 ;?ICS?lstr6_Parcial2_Correcci_n+3
0x03DB	0x3400 ;?ICS?lstr6_Parcial2_Correcci_n+4
; end of ?ICS?lstr6_Parcial2_Correcci_n
;Parcial2_Correcci_n.c,0 :: ?ICS?lstr7_Parcial2_Correcci_n
0x03DC	0x3433 ;?ICS?lstr7_Parcial2_Correcci_n+0
0x03DD	0x3430 ;?ICS?lstr7_Parcial2_Correcci_n+1
0x03DE	0x3430 ;?ICS?lstr7_Parcial2_Correcci_n+2
0x03DF	0x3430 ;?ICS?lstr7_Parcial2_Correcci_n+3
0x03E0	0x3400 ;?ICS?lstr7_Parcial2_Correcci_n+4
; end of ?ICS?lstr7_Parcial2_Correcci_n
;Parcial2_Correcci_n.c,0 :: ?ICS?lstr8_Parcial2_Correcci_n
0x03E1	0x3433 ;?ICS?lstr8_Parcial2_Correcci_n+0
0x03E2	0x3435 ;?ICS?lstr8_Parcial2_Correcci_n+1
0x03E3	0x3430 ;?ICS?lstr8_Parcial2_Correcci_n+2
0x03E4	0x3430 ;?ICS?lstr8_Parcial2_Correcci_n+3
0x03E5	0x3400 ;?ICS?lstr8_Parcial2_Correcci_n+4
; end of ?ICS?lstr8_Parcial2_Correcci_n
;Parcial2_Correcci_n.c,0 :: ?ICS?lstr9_Parcial2_Correcci_n
0x03E6	0x3434 ;?ICS?lstr9_Parcial2_Correcci_n+0
0x03E7	0x3435 ;?ICS?lstr9_Parcial2_Correcci_n+1
0x03E8	0x3430 ;?ICS?lstr9_Parcial2_Correcci_n+2
0x03E9	0x3430 ;?ICS?lstr9_Parcial2_Correcci_n+3
0x03EA	0x3400 ;?ICS?lstr9_Parcial2_Correcci_n+4
; end of ?ICS?lstr9_Parcial2_Correcci_n
;Parcial2_Correcci_n.c,0 :: ?ICS?lstr10_Parcial2_Correcci_n
0x03EB	0x3435 ;?ICS?lstr10_Parcial2_Correcci_n+0
0x03EC	0x3430 ;?ICS?lstr10_Parcial2_Correcci_n+1
0x03ED	0x3430 ;?ICS?lstr10_Parcial2_Correcci_n+2
0x03EE	0x3430 ;?ICS?lstr10_Parcial2_Correcci_n+3
0x03EF	0x3400 ;?ICS?lstr10_Parcial2_Correcci_n+4
; end of ?ICS?lstr10_Parcial2_Correcci_n
;Parcial2_Correcci_n.c,0 :: ?ICS?lstr11_Parcial2_Correcci_n
0x03F0	0x3435 ;?ICS?lstr11_Parcial2_Correcci_n+0
0x03F1	0x3435 ;?ICS?lstr11_Parcial2_Correcci_n+1
0x03F2	0x3430 ;?ICS?lstr11_Parcial2_Correcci_n+2
0x03F3	0x3430 ;?ICS?lstr11_Parcial2_Correcci_n+3
0x03F4	0x3400 ;?ICS?lstr11_Parcial2_Correcci_n+4
; end of ?ICS?lstr11_Parcial2_Correcci_n
;Parcial2_Correcci_n.c,0 :: ?ICS?lstr12_Parcial2_Correcci_n
0x03F5	0x3436 ;?ICS?lstr12_Parcial2_Correcci_n+0
0x03F6	0x3430 ;?ICS?lstr12_Parcial2_Correcci_n+1
0x03F7	0x3430 ;?ICS?lstr12_Parcial2_Correcci_n+2
0x03F8	0x3430 ;?ICS?lstr12_Parcial2_Correcci_n+3
0x03F9	0x3400 ;?ICS?lstr12_Parcial2_Correcci_n+4
; end of ?ICS?lstr12_Parcial2_Correcci_n
;Parcial2_Correcci_n.c,0 :: ?ICS?lstr13_Parcial2_Correcci_n
0x03FA	0x3436 ;?ICS?lstr13_Parcial2_Correcci_n+0
0x03FB	0x3435 ;?ICS?lstr13_Parcial2_Correcci_n+1
0x03FC	0x3430 ;?ICS?lstr13_Parcial2_Correcci_n+2
0x03FD	0x3430 ;?ICS?lstr13_Parcial2_Correcci_n+3
0x03FE	0x3400 ;?ICS?lstr13_Parcial2_Correcci_n+4
; end of ?ICS?lstr13_Parcial2_Correcci_n
;Parcial2_Correcci_n.c,0 :: ?ICS?lstr14_Parcial2_Correcci_n
0x03FF	0x3437 ;?ICS?lstr14_Parcial2_Correcci_n+0
0x0400	0x3430 ;?ICS?lstr14_Parcial2_Correcci_n+1
0x0401	0x3430 ;?ICS?lstr14_Parcial2_Correcci_n+2
0x0402	0x3430 ;?ICS?lstr14_Parcial2_Correcci_n+3
0x0403	0x3400 ;?ICS?lstr14_Parcial2_Correcci_n+4
; end of ?ICS?lstr14_Parcial2_Correcci_n
;Parcial2_Correcci_n.c,0 :: ?ICS?lstr15_Parcial2_Correcci_n
0x0404	0x3437 ;?ICS?lstr15_Parcial2_Correcci_n+0
0x0405	0x3435 ;?ICS?lstr15_Parcial2_Correcci_n+1
0x0406	0x3430 ;?ICS?lstr15_Parcial2_Correcci_n+2
0x0407	0x3430 ;?ICS?lstr15_Parcial2_Correcci_n+3
0x0408	0x3400 ;?ICS?lstr15_Parcial2_Correcci_n+4
; end of ?ICS?lstr15_Parcial2_Correcci_n
;Parcial2_Correcci_n.c,0 :: ?ICS?lstr16_Parcial2_Correcci_n
0x0409	0x3438 ;?ICS?lstr16_Parcial2_Correcci_n+0
0x040A	0x3430 ;?ICS?lstr16_Parcial2_Correcci_n+1
0x040B	0x3430 ;?ICS?lstr16_Parcial2_Correcci_n+2
0x040C	0x3430 ;?ICS?lstr16_Parcial2_Correcci_n+3
0x040D	0x3400 ;?ICS?lstr16_Parcial2_Correcci_n+4
; end of ?ICS?lstr16_Parcial2_Correcci_n
;Parcial2_Correcci_n.c,0 :: ?ICS?lstr17_Parcial2_Correcci_n
0x040E	0x3454 ;?ICS?lstr17_Parcial2_Correcci_n+0
0x040F	0x343A ;?ICS?lstr17_Parcial2_Correcci_n+1
0x0410	0x3420 ;?ICS?lstr17_Parcial2_Correcci_n+2
0x0411	0x3420 ;?ICS?lstr17_Parcial2_Correcci_n+3
0x0412	0x3431 ;?ICS?lstr17_Parcial2_Correcci_n+4
0x0413	0x3430 ;?ICS?lstr17_Parcial2_Correcci_n+5
0x0414	0x3430 ;?ICS?lstr17_Parcial2_Correcci_n+6
0x0415	0x342D ;?ICS?lstr17_Parcial2_Correcci_n+7
0x0416	0x3438 ;?ICS?lstr17_Parcial2_Correcci_n+8
0x0417	0x3430 ;?ICS?lstr17_Parcial2_Correcci_n+9
0x0418	0x3430 ;?ICS?lstr17_Parcial2_Correcci_n+10
0x0419	0x3430 ;?ICS?lstr17_Parcial2_Correcci_n+11
0x041A	0x3420 ;?ICS?lstr17_Parcial2_Correcci_n+12
0x041B	0x345B ;?ICS?lstr17_Parcial2_Correcci_n+13
0x041C	0x346D ;?ICS?lstr17_Parcial2_Correcci_n+14
0x041D	0x3473 ;?ICS?lstr17_Parcial2_Correcci_n+15
0x041E	0x345D ;?ICS?lstr17_Parcial2_Correcci_n+16
0x041F	0x3400 ;?ICS?lstr17_Parcial2_Correcci_n+17
; end of ?ICS?lstr17_Parcial2_Correcci_n
;Parcial2_Correcci_n.c,0 :: ?ICS?lstr18_Parcial2_Correcci_n
0x0420	0x344E ;?ICS?lstr18_Parcial2_Correcci_n+0
0x0421	0x3465 ;?ICS?lstr18_Parcial2_Correcci_n+1
0x0422	0x3477 ;?ICS?lstr18_Parcial2_Correcci_n+2
0x0423	0x3420 ;?ICS?lstr18_Parcial2_Correcci_n+3
0x0424	0x3454 ;?ICS?lstr18_Parcial2_Correcci_n+4
0x0425	0x343A ;?ICS?lstr18_Parcial2_Correcci_n+5
0x0426	0x3420 ;?ICS?lstr18_Parcial2_Correcci_n+6
0x0427	0x3400 ;?ICS?lstr18_Parcial2_Correcci_n+7
; end of ?ICS?lstr18_Parcial2_Correcci_n
;Parcial2_Correcci_n.c,0 :: ?ICS?lstr19_Parcial2_Correcci_n
0x0428	0x345B ;?ICS?lstr19_Parcial2_Correcci_n+0
0x0429	0x346D ;?ICS?lstr19_Parcial2_Correcci_n+1
0x042A	0x3473 ;?ICS?lstr19_Parcial2_Correcci_n+2
0x042B	0x345D ;?ICS?lstr19_Parcial2_Correcci_n+3
0x042C	0x3400 ;?ICS?lstr19_Parcial2_Correcci_n+4
; end of ?ICS?lstr19_Parcial2_Correcci_n
Symbol List:
//** Routines locations **
//ADDRESS    SIZE    PROCEDURE
//----------------------------------------------
0x0003       [5]    _Delay_50us
0x0008       [9]    _Delay_5500us
0x0011       [6]    _Delay_1us
0x0017      [63]    _Lcd_Cmd
0x0056       [7]    _Lcd_Chr_CP
0x005D      [54]    _Keypad_Key_Press
0x0093       [6]    _Delay_10us
0x0099      [13]    _Keypad_Key_Click
0x00A6      [68]    _Lcd_Out
0x00EA     [493]    _f_keypad
0x02D7      [32]    _Periodo_Variable
0x02F7      [13]    _Keypad_Init
0x0304      [77]    _Lcd_Init
0x0351       [9]    ___CC2DW
0x035A     [100]    _main
//** Variables locations ** 
//ADDRESS    SIZE    VARIABLE
//----------------------------------------------
0x0000       [1]    INDF0
0x0001       [1]    INDF1
0x0003       [1]    STATUS
0x0004       [1]    FSR0L
0x0005       [1]    FSR0H
0x0006       [1]    FSR1L
0x0007       [1]    FSR1H
0x000A       [1]    PCLATH
0x000C       [0]    LCD_EN
0x000C       [0]    LCD_RS
0x000C       [0]    LCD_D4
0x000C       [0]    LCD_D7
0x000C       [0]    LCD_D6
0x000C       [0]    LCD_D5
0x000C       [0]    RA4_bit
0x000C       [0]    RA0_bit
0x000C       [0]    RA2_bit
0x000C       [0]    RA3_bit
0x000C       [0]    RA1_bit
0x000C       [0]    RA6_bit
0x000D       [1]    keypadPort
0x000D       [1]    PORTB
0x0020       [1]    _key
0x0021       [2]    _T_end
0x0023       [0]    __Lib_Lcd_cmd_status
0x0024      [18]    ?lstr17_Parcial2_Correcci_n
0x0036       [8]    ?lstr18_Parcial2_Correcci_n
0x003E       [5]    ?lstr19_Parcial2_Correcci_n
0x0043       [2]    FARG_Periodo_Variable_Period
0x0045       [2]    Periodo_Variable_i_L0
0x0047       [2]    f_keypad_T_variable_L0
0x0049       [1]    Keypad_Key_Click_rslt_L0
0x0049       [1]    FARG_Lcd_Out_row
0x004A       [1]    FARG_Lcd_Out_column
0x004B       [2]    FARG_Lcd_Out_text
0x004D       [1]    Lcd_Out_i_L0
0x004E       [1]    Keypad_Key_Press_rslt_L0
0x004E       [1]    FARG_Lcd_Chr_CP_out_char
0x004F       [1]    Keypad_Key_Press_kdata_L0
0x0050       [1]    Keypad_Key_Press_loc_L0
0x0051       [1]    Keypad_Key_Press_rowcnt_L0
0x0052       [1]    Keypad_Key_Press_shifter_L0
0x0053       [1]    FARG_Lcd_Cmd_out_char
0x0070       [1]    R0
0x0071       [1]    R1
0x0072       [1]    R2
0x0073       [1]    R3
0x0074       [1]    R4
0x0075       [1]    R5
0x0076       [1]    R6
0x0077       [1]    R7
0x0078       [1]    R8
0x0079       [1]    R9
0x007A       [1]    R10
0x007B       [1]    R11
0x007C       [1]    R12
0x007D       [1]    R13
0x007E       [1]    R14
0x007F       [1]    R15
0x008C       [0]    TRISA0_bit
0x008C       [0]    TRISA3_bit
0x008C       [0]    TRISA2_bit
0x008C       [0]    TRISA1_bit
0x008C       [0]    TRISA4_bit
0x008C       [0]    LCD_RS_Direction
0x008C       [1]    TRISA
0x008C       [0]    LCD_D5_Direction
0x008C       [0]    LCD_D6_Direction
0x008C       [0]    LCD_D7_Direction
0x008C       [0]    TRISA7_bit
0x008C       [0]    LCD_EN_Direction
0x008C       [0]    LCD_D4_Direction
0x008C       [0]    TRISA6_bit
0x008D       [1]    TRISB
0x0099       [1]    OSCCON
0x00A0       [5]    ?lstr1_Parcial2_Correcci_n
0x00A5       [5]    ?lstr2_Parcial2_Correcci_n
0x00AA       [5]    ?lstr3_Parcial2_Correcci_n
0x00AF       [5]    ?lstr4_Parcial2_Correcci_n
0x00B4       [5]    ?lstr5_Parcial2_Correcci_n
0x00B9       [5]    ?lstr6_Parcial2_Correcci_n
0x00BE       [5]    ?lstr7_Parcial2_Correcci_n
0x00C3       [5]    ?lstr8_Parcial2_Correcci_n
0x00C8       [5]    ?lstr9_Parcial2_Correcci_n
0x00CD       [5]    ?lstr10_Parcial2_Correcci_n
0x00D2       [5]    ?lstr11_Parcial2_Correcci_n
0x00D7       [5]    ?lstr12_Parcial2_Correcci_n
0x00DC       [5]    ?lstr13_Parcial2_Correcci_n
0x00E1       [5]    ?lstr14_Parcial2_Correcci_n
0x00E6       [5]    ?lstr15_Parcial2_Correcci_n
0x00EB       [5]    ?lstr16_Parcial2_Correcci_n
0x010C       [0]    LATA7_bit
0x010C       [0]    LED_PIN
0x018C       [1]    ANSELA
0x018D       [1]    ANSELB
//** Constants locations ** 
//ADDRESS    SIZE    CONSTANT
//----------------------------------------------
0x03BE       [5]    ?ICS?lstr1_Parcial2_Correcci_n
0x03C3       [5]    ?ICS?lstr2_Parcial2_Correcci_n
0x03C8       [5]    ?ICS?lstr3_Parcial2_Correcci_n
0x03CD       [5]    ?ICS?lstr4_Parcial2_Correcci_n
0x03D2       [5]    ?ICS?lstr5_Parcial2_Correcci_n
0x03D7       [5]    ?ICS?lstr6_Parcial2_Correcci_n
0x03DC       [5]    ?ICS?lstr7_Parcial2_Correcci_n
0x03E1       [5]    ?ICS?lstr8_Parcial2_Correcci_n
0x03E6       [5]    ?ICS?lstr9_Parcial2_Correcci_n
0x03EB       [5]    ?ICS?lstr10_Parcial2_Correcci_n
0x03F0       [5]    ?ICS?lstr11_Parcial2_Correcci_n
0x03F5       [5]    ?ICS?lstr12_Parcial2_Correcci_n
0x03FA       [5]    ?ICS?lstr13_Parcial2_Correcci_n
0x03FF       [5]    ?ICS?lstr14_Parcial2_Correcci_n
0x0404       [5]    ?ICS?lstr15_Parcial2_Correcci_n
0x0409       [5]    ?ICS?lstr16_Parcial2_Correcci_n
0x040E      [18]    ?ICS?lstr17_Parcial2_Correcci_n
0x0420       [8]    ?ICS?lstr18_Parcial2_Correcci_n
0x0428       [5]    ?ICS?lstr19_Parcial2_Correcci_n
