;  LST file generated by mikroListExporter - v.2.0 
; Date/Time: 20/02/2024 11:26:31
;----------------------------------------------

;Address Opcode 	ASM
0x0000	0x2803      	GOTO       3
_main:
;Display_7_Seg.c,14 :: 		void main(void){
;Display_7_Seg.c,15 :: 		unsigned short CONTADOR=0;
0x0003	0x0020      	MOVLB      0
0x0004	0x01A0      	CLRF       main_CONTADOR_L0
;Display_7_Seg.c,17 :: 		OSCCON.F0=0; // spll ircf ircf ircf ircf x scs scs
0x0005	0x0021      	MOVLB      1
0x0006	0x1019      	BCF        OSCCON, 0
;Display_7_Seg.c,18 :: 		OSCCON.F1=0;
0x0007	0x1099      	BCF        OSCCON, 1
;Display_7_Seg.c,19 :: 		OSCCON.F3=0;
0x0008	0x1199      	BCF        OSCCON, 3
;Display_7_Seg.c,20 :: 		OSCCON.F4=1;
0x0009	0x1619      	BSF        OSCCON, 4
;Display_7_Seg.c,21 :: 		OSCCON.F5=1;
0x000A	0x1699      	BSF        OSCCON, 5
;Display_7_Seg.c,22 :: 		OSCCON.F6=1;
0x000B	0x1719      	BSF        OSCCON, 6
;Display_7_Seg.c,23 :: 		OSCCON.F7=1; // PLL Habilitado = 1/ deshabilitado = 0
0x000C	0x1799      	BSF        OSCCON, 7
;Display_7_Seg.c,24 :: 		TRISB = 0;
0x000D	0x018D      	CLRF       TRISB
;Display_7_Seg.c,26 :: 		ANSELB = 0;
0x000E	0x0023      	MOVLB      3
0x000F	0x018D      	CLRF       ANSELB
;Display_7_Seg.c,28 :: 		while(1){ // Bucle infinito.
L_main0:
;Display_7_Seg.c,30 :: 		LATB = DIGITOS [CONTADOR];
0x0010	0x3032      	MOVLW      _DIGITOS
0x0011	0x0084      	MOVWF      FSR0
0x0012	0x3080      	MOVLW      hi_addr(_DIGITOS)
0x0013	0x0085      	MOVWF      FSR0H
0x0014	0x0020      	MOVLB      0
0x0015	0x0820      	MOVF       main_CONTADOR_L0, 0
0x0016	0x0784      	ADDWF      FSR0, 1
0x0017	0x1803      	BTFSC      STATUS, 0
0x0018	0x0A85      	INCF       FSR0H, 1
0x0019	0x0800      	MOVF       INDF0, 0
0x001A	0x0022      	MOVLB      2
0x001B	0x008D      	MOVWF      LATB
;Display_7_Seg.c,32 :: 		CONTADOR++; // Se incrementa el valor del conteo.
0x001C	0x0020      	MOVLB      0
0x001D	0x0AA0      	INCF       main_CONTADOR_L0, 1
;Display_7_Seg.c,33 :: 		delay_ms(500); // Se hace un retardo de 1/2 segundo.
0x001E	0x3015      	MOVLW      21
0x001F	0x00FB      	MOVWF      R11
0x0020	0x304B      	MOVLW      75
0x0021	0x00FC      	MOVWF      R12
0x0022	0x30BE      	MOVLW      190
0x0023	0x00FD      	MOVWF      R13
L_main2:
0x0024	0x0BFD      	DECFSZ     R13, 1
0x0025	0x2824      	GOTO       L_main2
0x0026	0x0BFC      	DECFSZ     R12, 1
0x0027	0x2824      	GOTO       L_main2
0x0028	0x0BFB      	DECFSZ     R11, 1
0x0029	0x2824      	GOTO       L_main2
0x002A	0x0000      	NOP
;Display_7_Seg.c,34 :: 		if (contador == 10) contador = 0;
0x002B	0x0820      	MOVF       main_CONTADOR_L0, 0
0x002C	0x3A0A      	XORLW      10
0x002D	0x1D03      	BTFSS      STATUS, 2
0x002E	0x2830      	GOTO       L_main3
0x002F	0x01A0      	CLRF       main_CONTADOR_L0
L_main3:
;Display_7_Seg.c,35 :: 		}
0x0030	0x2810      	GOTO       L_main0
;Display_7_Seg.c,36 :: 		}
L_end_main:
0x0031	0x2831      	GOTO       $+0
; end of _main
;Display_7_Seg.c,1 :: _DIGITOS
0x0032	0x343F ;_DIGITOS+0
0x0033	0x3406 ;_DIGITOS+1
0x0034	0x345B ;_DIGITOS+2
0x0035	0x344F ;_DIGITOS+3
0x0036	0x3466 ;_DIGITOS+4
0x0037	0x346D ;_DIGITOS+5
0x0038	0x347D ;_DIGITOS+6
0x0039	0x3407 ;_DIGITOS+7
0x003A	0x347F ;_DIGITOS+8
0x003B	0x346F ;_DIGITOS+9
; end of _DIGITOS
Symbol List:
//** Routines locations **
//ADDRESS    SIZE    PROCEDURE
//----------------------------------------------
0x0003      [47]    _main
//** Variables locations ** 
//ADDRESS    SIZE    VARIABLE
//----------------------------------------------
0x0000       [1]    INDF0
0x0001       [1]    INDF1
0x0003       [1]    STATUS
0x0004       [1]    FSR0L
0x0005       [1]    FSR0H
0x0006       [1]    FSR1L
0x0007       [1]    FSR1H
0x000A       [1]    PCLATH
0x0020       [1]    main_CONTADOR_L0
0x0070       [1]    R0
0x0071       [1]    R1
0x0072       [1]    R2
0x0073       [1]    R3
0x0074       [1]    R4
0x0075       [1]    R5
0x0076       [1]    R6
0x0077       [1]    R7
0x0078       [1]    R8
0x0079       [1]    R9
0x007A       [1]    R10
0x007B       [1]    R11
0x007C       [1]    R12
0x007D       [1]    R13
0x007E       [1]    R14
0x007F       [1]    R15
0x008D       [1]    TRISB
0x0099       [1]    OSCCON
0x010D       [1]    LATB
0x018D       [1]    ANSELB
//** Constants locations ** 
//ADDRESS    SIZE    CONSTANT
//----------------------------------------------
0x0032      [10]    _DIGITOS
