;  LST file generated by mikroListExporter - v.2.0 
; Date/Time: 14/03/2024 11:08:47
;----------------------------------------------

;Address Opcode 	ASM
0x0000	0x2871      	GOTO       113
_UART1_Write:
L_UART1_Write3:
0x0003	0x0023      	MOVLB      3
0x0004	0x189E      	BTFSC      TXSTA, 1
0x0005	0x2808      	GOTO       L_UART1_Write4
0x0006	0x0000      	NOP
0x0007	0x2803      	GOTO       L_UART1_Write3
L_UART1_Write4:
0x0008	0x0020      	MOVLB      0
0x0009	0x0835      	MOVF       FARG_UART1_Write_data_, 0
0x000A	0x0023      	MOVLB      3
0x000B	0x009A      	MOVWF      TXREG
L_end_UART1_Write:
0x000C	0x0008      	RETURN
; end of _UART1_Write
_UART1_Init:
0x000D	0x3003      	MOVLW      _UART1_Write
0x000E	0x0020      	MOVLB      0
0x000F	0x00A4      	MOVWF      _UART_Wr_Ptr
0x0010	0x3000      	MOVLW      hi_addr(_UART1_Write)
0x0011	0x00A5      	MOVWF      _UART_Wr_Ptr+1
0x0012	0x3035      	MOVLW      FARG_UART1_Write_data_
0x0013	0x00A6      	MOVWF      _UART_Wr_Ptr+2
0x0014	0x3000      	MOVLW      hi_addr(FARG_UART1_Write_data_)
0x0015	0x00A7      	MOVWF      _UART_Wr_Ptr+3
0x0016	0x3067      	MOVLW      _UART1_Read
0x0017	0x00A8      	MOVWF      _UART_Rd_Ptr
0x0018	0x3000      	MOVLW      hi_addr(_UART1_Read)
0x0019	0x00A9      	MOVWF      _UART_Rd_Ptr+1
0x001A	0x3000      	MOVLW      0
0x001B	0x00AA      	MOVWF      _UART_Rd_Ptr+2
0x001C	0x3000      	MOVLW      0
0x001D	0x00AB      	MOVWF      _UART_Rd_Ptr+3
0x001E	0x3061      	MOVLW      _UART1_Data_Ready
0x001F	0x00AC      	MOVWF      _UART_Rdy_Ptr
0x0020	0x3000      	MOVLW      hi_addr(_UART1_Data_Ready)
0x0021	0x00AD      	MOVWF      _UART_Rdy_Ptr+1
0x0022	0x3000      	MOVLW      0
0x0023	0x00AE      	MOVWF      _UART_Rdy_Ptr+2
0x0024	0x3000      	MOVLW      0
0x0025	0x00AF      	MOVWF      _UART_Rdy_Ptr+3
0x0026	0x30FF      	MOVLW      _UART1_Tx_Idle
0x0027	0x00A0      	MOVWF      _UART_Tx_Idle_Ptr
0x0028	0x30FF      	MOVLW      hi_addr(_UART1_Tx_Idle)
0x0029	0x00A1      	MOVWF      _UART_Tx_Idle_Ptr+1
0x002A	0x3000      	MOVLW      0
0x002B	0x00A2      	MOVWF      _UART_Tx_Idle_Ptr+2
0x002C	0x3000      	MOVLW      0
0x002D	0x00A3      	MOVWF      _UART_Tx_Idle_Ptr+3
0x002E	0x0023      	MOVLB      3
0x002F	0x169E      	BSF        TXSTA, 5
0x0030	0x3090      	MOVLW      144
0x0031	0x009D      	MOVWF      RCSTA
0x0032	0x0021      	MOVLB      1
0x0033	0x148D      	BSF        TRISB1_bit, BitPos(TRISB1_bit+0)
0x0034	0x110D      	BCF        TRISB2_bit, BitPos(TRISB2_bit+0)
L_UART1_Init0:
0x0035	0x0020      	MOVLB      0
0x0036	0x1E91      	BTFSS      PIR1, 5
0x0037	0x283C      	GOTO       L_UART1_Init1
0x0038	0x0023      	MOVLB      3
0x0039	0x0819      	MOVF       RCREG, 0
0x003A	0x00F0      	MOVWF      R0
0x003B	0x2835      	GOTO       L_UART1_Init0
L_UART1_Init1:
L_end_UART1_Init:
0x003C	0x0008      	RETURN
; end of _UART1_Init
___CC2DW:
_CC2DL_Loop1:
0x003D	0x0012      	MOVIW      FSR0++ 
0x003E	0x001E      	MOVWI      FSR1++ 
0x003F	0x03F0      	DECF       R0, 1
0x0040	0x1D03      	BTFSS      STATUS, 2
0x0041	0x283D      	GOTO       _CC2DL_Loop1
0x0042	0x03F1      	DECF       R1, 1
0x0043	0x1D03      	BTFSS      STATUS, 2
0x0044	0x283D      	GOTO       _CC2DL_Loop1
L_end___CC2DW:
0x0045	0x0008      	RETURN
; end of ___CC2DW
_UART1_Write_Text:
0x0046	0x0020      	MOVLB      0
0x0047	0x01B4      	CLRF       UART1_Write_Text_counter_L0
0x0048	0x0831      	MOVF       FARG_UART1_Write_Text_uart_text, 0
0x0049	0x0084      	MOVWF      FSR0
0x004A	0x0832      	MOVF       FARG_UART1_Write_Text_uart_text+1, 0
0x004B	0x0085      	MOVWF      FSR0H
0x004C	0x0800      	MOVF       INDF0, 0
0x004D	0x00B3      	MOVWF      UART1_Write_Text_data__L0
L_UART1_Write_Text5:
0x004E	0x0833      	MOVF       UART1_Write_Text_data__L0, 0
0x004F	0x3A00      	XORLW      0
0x0050	0x1903      	BTFSC      STATUS, 2
0x0051	0x2860      	GOTO       L_UART1_Write_Text6
0x0052	0x0833      	MOVF       UART1_Write_Text_data__L0, 0
0x0053	0x00B5      	MOVWF      FARG_UART1_Write_data_
0x0054	0x2003      	CALL       _UART1_Write
0x0055	0x0020      	MOVLB      0
0x0056	0x0AB4      	INCF       UART1_Write_Text_counter_L0, 1
0x0057	0x0834      	MOVF       UART1_Write_Text_counter_L0, 0
0x0058	0x0731      	ADDWF      FARG_UART1_Write_Text_uart_text, 0
0x0059	0x0084      	MOVWF      FSR0
0x005A	0x3000      	MOVLW      0
0x005B	0x3D32      	ADDWFC     FARG_UART1_Write_Text_uart_text+1, 0
0x005C	0x0085      	MOVWF      FSR0H
0x005D	0x0800      	MOVF       INDF0, 0
0x005E	0x00B3      	MOVWF      UART1_Write_Text_data__L0
0x005F	0x284E      	GOTO       L_UART1_Write_Text5
L_UART1_Write_Text6:
L_end_UART1_Write_Text:
0x0060	0x0008      	RETURN
; end of _UART1_Write_Text
_UART1_Data_Ready:
0x0061	0x3000      	MOVLW      0
0x0062	0x0020      	MOVLB      0
0x0063	0x1A91      	BTFSC      PIR1, 5
0x0064	0x3001      	MOVLW      1
0x0065	0x00F0      	MOVWF      R0
L_end_UART1_Data_Ready:
0x0066	0x0008      	RETURN
; end of _UART1_Data_Ready
_UART1_Read:
0x0067	0x0023      	MOVLB      3
0x0068	0x0819      	MOVF       RCREG, 0
0x0069	0x00F1      	MOVWF      R1
0x006A	0x1C9D      	BTFSS      RCSTA, 1
0x006B	0x286E      	GOTO       L_UART1_Read2
0x006C	0x121D      	BCF        RCSTA, 4
0x006D	0x161D      	BSF        RCSTA, 4
L_UART1_Read2:
0x006E	0x0871      	MOVF       R1, 0
0x006F	0x00F0      	MOVWF      R0
L_end_UART1_Read:
0x0070	0x0008      	RETURN
; end of _UART1_Read
_main:
0x0071	0x0023      	MOVLB      3
0x0072	0x018C      	CLRF       ANSELA
0x0073	0x0021      	MOVLB      1
0x0074	0x018C      	CLRF       TRISA
0x0075	0x0023      	MOVLB      3
0x0076	0x018D      	CLRF       ANSELB
0x0077	0x3022      	MOVLW      34
0x0078	0x0021      	MOVLB      1
0x0079	0x008D      	MOVWF      TRISB
0x007A	0x30F0      	MOVLW      240
0x007B	0x0099      	MOVWF      OSCCON
0x007C	0x0022      	MOVLB      2
0x007D	0x139D      	BCF        APFCON0, 7
0x007E	0x101E      	BCF        APFCON1, 0
0x007F	0x0023      	MOVLB      3
0x0080	0x159F      	BSF        BAUDCON, 3
0x0081	0x308A      	MOVLW      138
0x0082	0x009B      	MOVWF      SPBRG
0x0083	0x019C      	CLRF       SPBRG+1
0x0084	0x151E      	BSF        TXSTA, 2
0x0085	0x200D      	CALL       _UART1_Init
0x0086	0x3005      	MOVLW      5
0x0087	0x00FB      	MOVWF      R11
0x0088	0x300F      	MOVLW      15
0x0089	0x00FC      	MOVWF      R12
0x008A	0x30F1      	MOVLW      241
0x008B	0x00FD      	MOVWF      R13
L_main0:
0x008C	0x0BFD      	DECFSZ     R13, 1
0x008D	0x288C      	GOTO       L_main0
0x008E	0x0BFC      	DECFSZ     R12, 1
0x008F	0x288C      	GOTO       L_main0
0x0090	0x0BFB      	DECFSZ     R11, 1
0x0091	0x288C      	GOTO       L_main0
0x0092	0x30EE      	MOVLW      ?ICS?lstr1_EUSART_Basico
0x0093	0x0084      	MOVWF      FSR0
0x0094	0x3080      	MOVLW      hi_addr(?ICS?lstr1_EUSART_Basico)
0x0095	0x0085      	MOVWF      FSR0H
0x0096	0x30A0      	MOVLW      ?lstr1_EUSART_Basico
0x0097	0x0086      	MOVWF      FSR1
0x0098	0x3000      	MOVLW      hi_addr(?lstr1_EUSART_Basico)
0x0099	0x0087      	MOVWF      FSR1H
0x009A	0x3019      	MOVLW      25
0x009B	0x00F0      	MOVWF      R0
0x009C	0x3001      	MOVLW      1
0x009D	0x00F1      	MOVWF      R1
0x009E	0x203D      	CALL       ___CC2DW
0x009F	0x30A0      	MOVLW      ?lstr1_EUSART_Basico
0x00A0	0x0020      	MOVLB      0
0x00A1	0x00B1      	MOVWF      FARG_UART1_Write_Text_uart_text
0x00A2	0x3000      	MOVLW      hi_addr(?lstr1_EUSART_Basico)
0x00A3	0x00B2      	MOVWF      FARG_UART1_Write_Text_uart_text+1
0x00A4	0x2046      	CALL       _UART1_Write_Text
0x00A5	0x300D      	MOVLW      13
0x00A6	0x00B5      	MOVWF      FARG_UART1_Write_data_
0x00A7	0x2003      	CALL       _UART1_Write
0x00A8	0x300A      	MOVLW      10
0x00A9	0x0020      	MOVLB      0
0x00AA	0x00B5      	MOVWF      FARG_UART1_Write_data_
0x00AB	0x2003      	CALL       _UART1_Write
0x00AC	0x3007      	MOVLW      ?ICS?lstr2_EUSART_Basico
0x00AD	0x0084      	MOVWF      FSR0
0x00AE	0x3081      	MOVLW      hi_addr(?ICS?lstr2_EUSART_Basico)
0x00AF	0x0085      	MOVWF      FSR0H
0x00B0	0x30B9      	MOVLW      ?lstr2_EUSART_Basico
0x00B1	0x0086      	MOVWF      FSR1
0x00B2	0x3000      	MOVLW      hi_addr(?lstr2_EUSART_Basico)
0x00B3	0x0087      	MOVWF      FSR1H
0x00B4	0x3014      	MOVLW      20
0x00B5	0x00F0      	MOVWF      R0
0x00B6	0x3001      	MOVLW      1
0x00B7	0x00F1      	MOVWF      R1
0x00B8	0x203D      	CALL       ___CC2DW
0x00B9	0x30B9      	MOVLW      ?lstr2_EUSART_Basico
0x00BA	0x0020      	MOVLB      0
0x00BB	0x00B1      	MOVWF      FARG_UART1_Write_Text_uart_text
0x00BC	0x3000      	MOVLW      hi_addr(?lstr2_EUSART_Basico)
0x00BD	0x00B2      	MOVWF      FARG_UART1_Write_Text_uart_text+1
0x00BE	0x2046      	CALL       _UART1_Write_Text
0x00BF	0x300D      	MOVLW      13
0x00C0	0x00B5      	MOVWF      FARG_UART1_Write_data_
0x00C1	0x2003      	CALL       _UART1_Write
0x00C2	0x300A      	MOVLW      10
0x00C3	0x0020      	MOVLB      0
0x00C4	0x00B5      	MOVWF      FARG_UART1_Write_data_
0x00C5	0x2003      	CALL       _UART1_Write
L_main1:
0x00C6	0x2061      	CALL       _UART1_Data_Ready
0x00C7	0x0870      	MOVF       R0, 0
0x00C8	0x3A01      	XORLW      1
0x00C9	0x1D03      	BTFSS      STATUS, 2
0x00CA	0x28EC      	GOTO       L_main3
0x00CB	0x2067      	CALL       _UART1_Read
0x00CC	0x0870      	MOVF       R0, 0
0x00CD	0x0020      	MOVLB      0
0x00CE	0x00B0      	MOVWF      main_DATO_L0
0x00CF	0x301B      	MOVLW      ?ICS?lstr3_EUSART_Basico
0x00D0	0x0084      	MOVWF      FSR0
0x00D1	0x3081      	MOVLW      hi_addr(?ICS?lstr3_EUSART_Basico)
0x00D2	0x0085      	MOVWF      FSR0H
0x00D3	0x30CD      	MOVLW      ?lstr3_EUSART_Basico
0x00D4	0x0086      	MOVWF      FSR1
0x00D5	0x3000      	MOVLW      hi_addr(?lstr3_EUSART_Basico)
0x00D6	0x0087      	MOVWF      FSR1H
0x00D7	0x3017      	MOVLW      23
0x00D8	0x00F0      	MOVWF      R0
0x00D9	0x3001      	MOVLW      1
0x00DA	0x00F1      	MOVWF      R1
0x00DB	0x203D      	CALL       ___CC2DW
0x00DC	0x30CD      	MOVLW      ?lstr3_EUSART_Basico
0x00DD	0x00B1      	MOVWF      FARG_UART1_Write_Text_uart_text
0x00DE	0x3000      	MOVLW      hi_addr(?lstr3_EUSART_Basico)
0x00DF	0x00B2      	MOVWF      FARG_UART1_Write_Text_uart_text+1
0x00E0	0x2046      	CALL       _UART1_Write_Text
0x00E1	0x0830      	MOVF       main_DATO_L0, 0
0x00E2	0x00B5      	MOVWF      FARG_UART1_Write_data_
0x00E3	0x2003      	CALL       _UART1_Write
0x00E4	0x300D      	MOVLW      13
0x00E5	0x0020      	MOVLB      0
0x00E6	0x00B5      	MOVWF      FARG_UART1_Write_data_
0x00E7	0x2003      	CALL       _UART1_Write
0x00E8	0x300A      	MOVLW      10
0x00E9	0x0020      	MOVLB      0
0x00EA	0x00B5      	MOVWF      FARG_UART1_Write_data_
0x00EB	0x2003      	CALL       _UART1_Write
L_main3:
0x00EC	0x28C6      	GOTO       L_main1
L_end_main:
0x00ED	0x28ED      	GOTO       $+0
; end of _main
;EUSART_Basico.c,0 :: ?ICS?lstr1_EUSART_Basico
0x00EE	0x3442 ;?ICS?lstr1_EUSART_Basico+0
0x00EF	0x3469 ;?ICS?lstr1_EUSART_Basico+1
0x00F0	0x3465 ;?ICS?lstr1_EUSART_Basico+2
0x00F1	0x346E ;?ICS?lstr1_EUSART_Basico+3
0x00F2	0x3476 ;?ICS?lstr1_EUSART_Basico+4
0x00F3	0x3465 ;?ICS?lstr1_EUSART_Basico+5
0x00F4	0x346E ;?ICS?lstr1_EUSART_Basico+6
0x00F5	0x3469 ;?ICS?lstr1_EUSART_Basico+7
0x00F6	0x3464 ;?ICS?lstr1_EUSART_Basico+8
0x00F7	0x346F ;?ICS?lstr1_EUSART_Basico+9
0x00F8	0x3420 ;?ICS?lstr1_EUSART_Basico+10
0x00F9	0x3461 ;?ICS?lstr1_EUSART_Basico+11
0x00FA	0x346C ;?ICS?lstr1_EUSART_Basico+12
0x00FB	0x3420 ;?ICS?lstr1_EUSART_Basico+13
0x00FC	0x3473 ;?ICS?lstr1_EUSART_Basico+14
0x00FD	0x3469 ;?ICS?lstr1_EUSART_Basico+15
0x00FE	0x346D ;?ICS?lstr1_EUSART_Basico+16
0x00FF	0x3475 ;?ICS?lstr1_EUSART_Basico+17
0x0100	0x346C ;?ICS?lstr1_EUSART_Basico+18
0x0101	0x3461 ;?ICS?lstr1_EUSART_Basico+19
0x0102	0x3464 ;?ICS?lstr1_EUSART_Basico+20
0x0103	0x346F ;?ICS?lstr1_EUSART_Basico+21
0x0104	0x3472 ;?ICS?lstr1_EUSART_Basico+22
0x0105	0x343A ;?ICS?lstr1_EUSART_Basico+23
0x0106	0x3400 ;?ICS?lstr1_EUSART_Basico+24
; end of ?ICS?lstr1_EUSART_Basico
;EUSART_Basico.c,0 :: ?ICS?lstr2_EUSART_Basico
0x0107	0x3450 ;?ICS?lstr2_EUSART_Basico+0
0x0108	0x3475 ;?ICS?lstr2_EUSART_Basico+1
0x0109	0x346C ;?ICS?lstr2_EUSART_Basico+2
0x010A	0x3473 ;?ICS?lstr2_EUSART_Basico+3
0x010B	0x3465 ;?ICS?lstr2_EUSART_Basico+4
0x010C	0x3420 ;?ICS?lstr2_EUSART_Basico+5
0x010D	0x3475 ;?ICS?lstr2_EUSART_Basico+6
0x010E	0x346E ;?ICS?lstr2_EUSART_Basico+7
0x010F	0x3461 ;?ICS?lstr2_EUSART_Basico+8
0x0110	0x3420 ;?ICS?lstr2_EUSART_Basico+9
0x0111	0x3474 ;?ICS?lstr2_EUSART_Basico+10
0x0112	0x3465 ;?ICS?lstr2_EUSART_Basico+11
0x0113	0x3463 ;?ICS?lstr2_EUSART_Basico+12
0x0114	0x346C ;?ICS?lstr2_EUSART_Basico+13
0x0115	0x3461 ;?ICS?lstr2_EUSART_Basico+14
0x0116	0x3421 ;?ICS?lstr2_EUSART_Basico+15
0x0117	0x342E ;?ICS?lstr2_EUSART_Basico+16
0x0118	0x342E ;?ICS?lstr2_EUSART_Basico+17
0x0119	0x342E ;?ICS?lstr2_EUSART_Basico+18
0x011A	0x3400 ;?ICS?lstr2_EUSART_Basico+19
; end of ?ICS?lstr2_EUSART_Basico
;EUSART_Basico.c,0 :: ?ICS?lstr3_EUSART_Basico
0x011B	0x3455 ;?ICS?lstr3_EUSART_Basico+0
0x011C	0x3473 ;?ICS?lstr3_EUSART_Basico+1
0x011D	0x3474 ;?ICS?lstr3_EUSART_Basico+2
0x011E	0x3465 ;?ICS?lstr3_EUSART_Basico+3
0x011F	0x3464 ;?ICS?lstr3_EUSART_Basico+4
0x0120	0x3420 ;?ICS?lstr3_EUSART_Basico+5
0x0121	0x3470 ;?ICS?lstr3_EUSART_Basico+6
0x0122	0x3475 ;?ICS?lstr3_EUSART_Basico+7
0x0123	0x346C ;?ICS?lstr3_EUSART_Basico+8
0x0124	0x3473 ;?ICS?lstr3_EUSART_Basico+9
0x0125	0x346F ;?ICS?lstr3_EUSART_Basico+10
0x0126	0x3420 ;?ICS?lstr3_EUSART_Basico+11
0x0127	0x346C ;?ICS?lstr3_EUSART_Basico+12
0x0128	0x3461 ;?ICS?lstr3_EUSART_Basico+13
0x0129	0x3420 ;?ICS?lstr3_EUSART_Basico+14
0x012A	0x3474 ;?ICS?lstr3_EUSART_Basico+15
0x012B	0x3465 ;?ICS?lstr3_EUSART_Basico+16
0x012C	0x3463 ;?ICS?lstr3_EUSART_Basico+17
0x012D	0x346C ;?ICS?lstr3_EUSART_Basico+18
0x012E	0x3461 ;?ICS?lstr3_EUSART_Basico+19
0x012F	0x343A ;?ICS?lstr3_EUSART_Basico+20
0x0130	0x3420 ;?ICS?lstr3_EUSART_Basico+21
0x0131	0x3400 ;?ICS?lstr3_EUSART_Basico+22
; end of ?ICS?lstr3_EUSART_Basico
Symbol List:
//** Routines locations **
//ADDRESS    SIZE    PROCEDURE
//----------------------------------------------
0x0003      [10]    _UART1_Write
0x000D      [48]    _UART1_Init
0x003D       [9]    ___CC2DW
0x0046      [27]    _UART1_Write_Text
0x0061       [6]    _UART1_Data_Ready
0x0067      [10]    _UART1_Read
0x0071     [125]    _main
//** Variables locations ** 
//ADDRESS    SIZE    VARIABLE
//----------------------------------------------
0x0000       [1]    INDF0
0x0001       [1]    INDF1
0x0003       [1]    STATUS
0x0004       [1]    FSR0L
0x0005       [1]    FSR0H
0x0006       [1]    FSR1L
0x0007       [1]    FSR1H
0x000A       [1]    PCLATH
0x0011       [1]    PIR1
0x0020       [4]    _UART_Tx_Idle_Ptr
0x0024       [4]    _UART_Wr_Ptr
0x0028       [4]    _UART_Rd_Ptr
0x002C       [4]    _UART_Rdy_Ptr
0x0030       [1]    main_DATO_L0
0x0031       [2]    FARG_UART1_Write_Text_uart_text
0x0033       [1]    UART1_Write_Text_data__L0
0x0034       [1]    UART1_Write_Text_counter_L0
0x0035       [1]    FARG_UART1_Write_data_
0x0070       [1]    R0
0x0071       [1]    R1
0x0072       [1]    R2
0x0073       [1]    R3
0x0074       [1]    R4
0x0075       [1]    R5
0x0076       [1]    R6
0x0077       [1]    R7
0x0078       [1]    R8
0x0079       [1]    R9
0x007A       [1]    R10
0x007B       [1]    R11
0x007C       [1]    R12
0x007D       [1]    R13
0x007E       [1]    R14
0x007F       [1]    R15
0x008C       [1]    TRISA
0x008D       [0]    TRISB2_bit
0x008D       [0]    TRISB1_bit
0x008D       [1]    TRISB
0x0099       [1]    OSCCON
0x00A0      [25]    ?lstr1_EUSART_Basico
0x00B9      [20]    ?lstr2_EUSART_Basico
0x00CD      [23]    ?lstr3_EUSART_Basico
0x011D       [1]    APFCON0
0x011E       [1]    APFCON1
0x018C       [1]    ANSELA
0x018D       [1]    ANSELB
0x0199       [1]    RCREG
0x019A       [1]    TXREG
0x019B       [2]    SPBRG
0x019C       [1]    SPBRGH
0x019D       [1]    RCSTA
0x019E       [1]    TXSTA
0x019F       [1]    BAUDCON
//** Constants locations ** 
//ADDRESS    SIZE    CONSTANT
//----------------------------------------------
0x00EE      [25]    ?ICS?lstr1_EUSART_Basico
0x0107      [20]    ?ICS?lstr2_EUSART_Basico
0x011B      [23]    ?ICS?lstr3_EUSART_Basico
