;  LST file generated by mikroListExporter - v.2.0 
; Date/Time: 04/03/2024 01:17:41 p. m.
;----------------------------------------------

;Address Opcode 	ASM
0x0000	0x2B20      	GOTO       800
_Delay_50us:
;__Lib_Delays.c,19 :: 		void Delay_50us() {
;__Lib_Delays.c,20 :: 		Delay_us(50);
0x0003	0x3085      	MOVLW      133
0x0004	0x00FD      	MOVWF      R13
L_Delay_50us3:
0x0005	0x0BFD      	DECFSZ     R13, 1
0x0006	0x2805      	GOTO       L_Delay_50us3
;__Lib_Delays.c,21 :: 		}
L_end_Delay_50us:
0x0007	0x0008      	RETURN
; end of _Delay_50us
_Delay_5500us:
;__Lib_Delays.c,31 :: 		void Delay_5500us() {
;__Lib_Delays.c,32 :: 		Delay_us(5500);
0x0008	0x303A      	MOVLW      58
0x0009	0x00FC      	MOVWF      R12
0x000A	0x3023      	MOVLW      35
0x000B	0x00FD      	MOVWF      R13
L_Delay_5500us6:
0x000C	0x0BFD      	DECFSZ     R13, 1
0x000D	0x280C      	GOTO       L_Delay_5500us6
0x000E	0x0BFC      	DECFSZ     R12, 1
0x000F	0x280C      	GOTO       L_Delay_5500us6
;__Lib_Delays.c,33 :: 		}
L_end_Delay_5500us:
0x0010	0x0008      	RETURN
; end of _Delay_5500us
_Delay_1us:
;__Lib_Delays.c,7 :: 		void Delay_1us() {
;__Lib_Delays.c,8 :: 		Delay_us(1);
0x0011	0x3002      	MOVLW      2
0x0012	0x00FD      	MOVWF      R13
L_Delay_1us0:
0x0013	0x0BFD      	DECFSZ     R13, 1
0x0014	0x2813      	GOTO       L_Delay_1us0
0x0015	0x0000      	NOP
;__Lib_Delays.c,9 :: 		}
L_end_Delay_1us:
0x0016	0x0008      	RETURN
; end of _Delay_1us
_Lcd_Cmd:
;__Lib_Lcd.c,18 :: 		
;__Lib_Lcd.c,20 :: 		
0x0017	0x0021      	MOVLB      1
0x0018	0x1BC5      	BTFSC      FARG_Lcd_Cmd_out_char, 7
0x0019	0x281D      	GOTO       L__Lcd_Cmd21
0x001A	0x0020      	MOVLB      0
0x001B	0x130C      	BCF        LCD_D7, BitPos(LCD_D7+0)
0x001C	0x281F      	GOTO       L__Lcd_Cmd22
L__Lcd_Cmd21:
0x001D	0x0020      	MOVLB      0
0x001E	0x170C      	BSF        LCD_D7, BitPos(LCD_D7+0)
L__Lcd_Cmd22:
;__Lib_Lcd.c,21 :: 		
0x001F	0x0021      	MOVLB      1
0x0020	0x1B45      	BTFSC      FARG_Lcd_Cmd_out_char, 6
0x0021	0x2825      	GOTO       L__Lcd_Cmd23
0x0022	0x0020      	MOVLB      0
0x0023	0x120C      	BCF        LCD_D6, BitPos(LCD_D6+0)
0x0024	0x2827      	GOTO       L__Lcd_Cmd24
L__Lcd_Cmd23:
0x0025	0x0020      	MOVLB      0
0x0026	0x160C      	BSF        LCD_D6, BitPos(LCD_D6+0)
L__Lcd_Cmd24:
;__Lib_Lcd.c,22 :: 		
0x0027	0x0021      	MOVLB      1
0x0028	0x1AC5      	BTFSC      FARG_Lcd_Cmd_out_char, 5
0x0029	0x282D      	GOTO       L__Lcd_Cmd25
0x002A	0x0020      	MOVLB      0
0x002B	0x118C      	BCF        LCD_D5, BitPos(LCD_D5+0)
0x002C	0x282F      	GOTO       L__Lcd_Cmd26
L__Lcd_Cmd25:
0x002D	0x0020      	MOVLB      0
0x002E	0x158C      	BSF        LCD_D5, BitPos(LCD_D5+0)
L__Lcd_Cmd26:
;__Lib_Lcd.c,23 :: 		
0x002F	0x0021      	MOVLB      1
0x0030	0x1A45      	BTFSC      FARG_Lcd_Cmd_out_char, 4
0x0031	0x2835      	GOTO       L__Lcd_Cmd27
0x0032	0x0020      	MOVLB      0
0x0033	0x110C      	BCF        LCD_D4, BitPos(LCD_D4+0)
0x0034	0x2837      	GOTO       L__Lcd_Cmd28
L__Lcd_Cmd27:
0x0035	0x0020      	MOVLB      0
0x0036	0x150C      	BSF        LCD_D4, BitPos(LCD_D4+0)
L__Lcd_Cmd28:
;__Lib_Lcd.c,25 :: 		
0x0037	0x0021      	MOVLB      1
0x0038	0x1838      	BTFSC      __Lib_Lcd_cmd_status, BitPos(__Lib_Lcd_cmd_status+0)
0x0039	0x283D      	GOTO       L__Lcd_Cmd29
0x003A	0x0020      	MOVLB      0
0x003B	0x140C      	BSF        LCD_RS, BitPos(LCD_RS+0)
0x003C	0x283F      	GOTO       L__Lcd_Cmd30
L__Lcd_Cmd29:
0x003D	0x0020      	MOVLB      0
0x003E	0x100C      	BCF        LCD_RS, BitPos(LCD_RS+0)
L__Lcd_Cmd30:
;__Lib_Lcd.c,28 :: 		
0x003F	0x148C      	BSF        LCD_EN, BitPos(LCD_EN+0)
;__Lib_Lcd.c,29 :: 		
0x0040	0x2011      	CALL       _Delay_1us
;__Lib_Lcd.c,30 :: 		
0x0041	0x108C      	BCF        LCD_EN, BitPos(LCD_EN+0)
;__Lib_Lcd.c,33 :: 		
0x0042	0x0021      	MOVLB      1
0x0043	0x19C5      	BTFSC      FARG_Lcd_Cmd_out_char, 3
0x0044	0x2848      	GOTO       L__Lcd_Cmd31
0x0045	0x0020      	MOVLB      0
0x0046	0x130C      	BCF        LCD_D7, BitPos(LCD_D7+0)
0x0047	0x284A      	GOTO       L__Lcd_Cmd32
L__Lcd_Cmd31:
0x0048	0x0020      	MOVLB      0
0x0049	0x170C      	BSF        LCD_D7, BitPos(LCD_D7+0)
L__Lcd_Cmd32:
;__Lib_Lcd.c,34 :: 		
0x004A	0x0021      	MOVLB      1
0x004B	0x1945      	BTFSC      FARG_Lcd_Cmd_out_char, 2
0x004C	0x2850      	GOTO       L__Lcd_Cmd33
0x004D	0x0020      	MOVLB      0
0x004E	0x120C      	BCF        LCD_D6, BitPos(LCD_D6+0)
0x004F	0x2852      	GOTO       L__Lcd_Cmd34
L__Lcd_Cmd33:
0x0050	0x0020      	MOVLB      0
0x0051	0x160C      	BSF        LCD_D6, BitPos(LCD_D6+0)
L__Lcd_Cmd34:
;__Lib_Lcd.c,35 :: 		
0x0052	0x0021      	MOVLB      1
0x0053	0x18C5      	BTFSC      FARG_Lcd_Cmd_out_char, 1
0x0054	0x2858      	GOTO       L__Lcd_Cmd35
0x0055	0x0020      	MOVLB      0
0x0056	0x118C      	BCF        LCD_D5, BitPos(LCD_D5+0)
0x0057	0x285A      	GOTO       L__Lcd_Cmd36
L__Lcd_Cmd35:
0x0058	0x0020      	MOVLB      0
0x0059	0x158C      	BSF        LCD_D5, BitPos(LCD_D5+0)
L__Lcd_Cmd36:
;__Lib_Lcd.c,36 :: 		
0x005A	0x0021      	MOVLB      1
0x005B	0x1845      	BTFSC      FARG_Lcd_Cmd_out_char, 0
0x005C	0x2860      	GOTO       L__Lcd_Cmd37
0x005D	0x0020      	MOVLB      0
0x005E	0x110C      	BCF        LCD_D4, BitPos(LCD_D4+0)
0x005F	0x2862      	GOTO       L__Lcd_Cmd38
L__Lcd_Cmd37:
0x0060	0x0020      	MOVLB      0
0x0061	0x150C      	BSF        LCD_D4, BitPos(LCD_D4+0)
L__Lcd_Cmd38:
;__Lib_Lcd.c,38 :: 		
0x0062	0x0021      	MOVLB      1
0x0063	0x1838      	BTFSC      __Lib_Lcd_cmd_status, BitPos(__Lib_Lcd_cmd_status+0)
0x0064	0x2868      	GOTO       L__Lcd_Cmd39
0x0065	0x0020      	MOVLB      0
0x0066	0x140C      	BSF        LCD_RS, BitPos(LCD_RS+0)
0x0067	0x286A      	GOTO       L__Lcd_Cmd40
L__Lcd_Cmd39:
0x0068	0x0020      	MOVLB      0
0x0069	0x100C      	BCF        LCD_RS, BitPos(LCD_RS+0)
L__Lcd_Cmd40:
;__Lib_Lcd.c,40 :: 		
0x006A	0x148C      	BSF        LCD_EN, BitPos(LCD_EN+0)
;__Lib_Lcd.c,41 :: 		
0x006B	0x2011      	CALL       _Delay_1us
;__Lib_Lcd.c,42 :: 		
0x006C	0x108C      	BCF        LCD_EN, BitPos(LCD_EN+0)
;__Lib_Lcd.c,44 :: 		
0x006D	0x0021      	MOVLB      1
0x006E	0x1C38      	BTFSS      __Lib_Lcd_cmd_status, BitPos(__Lib_Lcd_cmd_status+0)
0x006F	0x2872      	GOTO       L_Lcd_Cmd0
;__Lib_Lcd.c,45 :: 		
0x0070	0x2008      	CALL       _Delay_5500us
0x0071	0x2873      	GOTO       L_Lcd_Cmd1
L_Lcd_Cmd0:
;__Lib_Lcd.c,47 :: 		
0x0072	0x2003      	CALL       _Delay_50us
L_Lcd_Cmd1:
;__Lib_Lcd.c,48 :: 		
L_end_Lcd_Cmd:
0x0073	0x0008      	RETURN
; end of _Lcd_Cmd
_Lcd_Chr_CP:
;__Lib_Lcd.c,50 :: 		
;__Lib_Lcd.c,52 :: 		
0x0074	0x0021      	MOVLB      1
0x0075	0x1038      	BCF        __Lib_Lcd_cmd_status, BitPos(__Lib_Lcd_cmd_status+0)
;__Lib_Lcd.c,53 :: 		
0x0076	0x0844      	MOVF       FARG_Lcd_Chr_CP_out_char, 0
0x0077	0x00C5      	MOVWF      FARG_Lcd_Cmd_out_char
0x0078	0x2017      	CALL       _Lcd_Cmd
;__Lib_Lcd.c,54 :: 		
0x0079	0x0021      	MOVLB      1
0x007A	0x1438      	BSF        __Lib_Lcd_cmd_status, BitPos(__Lib_Lcd_cmd_status+0)
;__Lib_Lcd.c,55 :: 		
L_end_Lcd_Chr_CP:
0x007B	0x0008      	RETURN
; end of _Lcd_Chr_CP
_Div_8X8_U:
;__Lib_Math.c,188 :: 		
;__Lib_Math.c,195 :: 		
0x007C	0x0020      	MOVLB      0
;__Lib_Math.c,196 :: 		
0x007D	0x01F8      	CLRF       R8
;__Lib_Math.c,197 :: 		
0x007E	0x3008      	MOVLW      8
;__Lib_Math.c,198 :: 		
0x007F	0x00FC      	MOVWF      R12
;__Lib_Math.c,199 :: 		
0x0080	0x0D70      	RLF        R0, 0
;__Lib_Math.c,200 :: 		
0x0081	0x0DF8      	RLF        R8, 1
;__Lib_Math.c,201 :: 		
0x0082	0x0874      	MOVF       R4, 0
;__Lib_Math.c,202 :: 		
0x0083	0x02F8      	SUBWF      R8, 1
;__Lib_Math.c,203 :: 		
0x0084	0x1803      	BTFSC      STATUS, 0
;__Lib_Math.c,204 :: 		
0x0085	0x2888      	GOTO       $+3
;__Lib_Math.c,205 :: 		
0x0086	0x07F8      	ADDWF      R8, 1
;__Lib_Math.c,206 :: 		
0x0087	0x1003      	BCF        STATUS, 0
;__Lib_Math.c,207 :: 		
0x0088	0x0DF0      	RLF        R0, 1
;__Lib_Math.c,208 :: 		
0x0089	0x0BFC      	DECFSZ     R12, 1
;__Lib_Math.c,209 :: 		
0x008A	0x2880      	GOTO       $-10
;__Lib_Math.c,211 :: 		
L_end_Div_8X8_U:
0x008B	0x0008      	RETURN
; end of _Div_8X8_U
_Keypad_Key_Press:
;__Lib_Keypad4x4.c,39 :: 		
;__Lib_Keypad4x4.c,43 :: 		
0x008C	0x0021      	MOVLB      1
0x008D	0x01BE      	CLRF       Keypad_Key_Press_rslt_L0
;__Lib_Keypad4x4.c,44 :: 		
0x008E	0x01C0      	CLRF       Keypad_Key_Press_loc_L0
;__Lib_Keypad4x4.c,45 :: 		
0x008F	0x01C1      	CLRF       Keypad_Key_Press_rowcnt_L0
;__Lib_Keypad4x4.c,46 :: 		
0x0090	0x3010      	MOVLW      16
0x0091	0x00C2      	MOVWF      Keypad_Key_Press_shifter_L0
;__Lib_Keypad4x4.c,48 :: 		
L_Keypad_Key_Press0:
0x0092	0x3004      	MOVLW      4
0x0093	0x0241      	SUBWF      Keypad_Key_Press_rowcnt_L0, 0
0x0094	0x1803      	BTFSC      STATUS, 0
0x0095	0x28C3      	GOTO       L_Keypad_Key_Press1
;__Lib_Keypad4x4.c,50 :: 		
0x0096	0x30F0      	MOVLW      240
0x0097	0x0020      	MOVLB      0
0x0098	0x008D      	MOVWF      keypadPort
;__Lib_Keypad4x4.c,51 :: 		
0x0099	0x3080      	MOVLW      128
0x009A	0x00F0      	MOVWF      R0
0x009B	0x3000      	MOVLW      0
0x009C	0x00F1      	MOVWF      R1
0x009D	0x300D      	MOVLW      keypadPort
0x009E	0x0770      	ADDWF      R0, 0
0x009F	0x0086      	MOVWF      FSR1
0x00A0	0x3000      	MOVLW      hi_addr(keypadPort)
0x00A1	0x3D71      	ADDWFC     R1, 0
0x00A2	0x0087      	MOVWF      FSR1H
0x00A3	0x0021      	MOVLB      1
0x00A4	0x0942      	COMF       Keypad_Key_Press_shifter_L0, 0
0x00A5	0x00F0      	MOVWF      R0
0x00A6	0x0870      	MOVF       R0, 0
0x00A7	0x0081      	MOVWF      INDF1
;__Lib_Keypad4x4.c,55 :: 		
0x00A8	0x2011      	CALL       _Delay_1us
;__Lib_Keypad4x4.c,56 :: 		
0x00A9	0x2011      	CALL       _Delay_1us
;__Lib_Keypad4x4.c,57 :: 		
0x00AA	0x300F      	MOVLW      15
0x00AB	0x0020      	MOVLB      0
0x00AC	0x050D      	ANDWF      keypadPort, 0
0x00AD	0x00F0      	MOVWF      R0
0x00AE	0x0870      	MOVF       R0, 0
0x00AF	0x0021      	MOVLB      1
0x00B0	0x00BF      	MOVWF      Keypad_Key_Press_kdata_L0
;__Lib_Keypad4x4.c,58 :: 		
0x00B1	0x0870      	MOVF       R0, 0
0x00B2	0x1903      	BTFSC      STATUS, 2
0x00B3	0x28BE      	GOTO       L_Keypad_Key_Press2
;__Lib_Keypad4x4.c,60 :: 		
0x00B4	0x0840      	MOVF       Keypad_Key_Press_loc_L0, 0
0x00B5	0x00BE      	MOVWF      Keypad_Key_Press_rslt_L0
;__Lib_Keypad4x4.c,61 :: 		
L_Keypad_Key_Press3:
0x00B6	0x083F      	MOVF       Keypad_Key_Press_kdata_L0, 0
0x00B7	0x1903      	BTFSC      STATUS, 2
0x00B8	0x28BC      	GOTO       L_Keypad_Key_Press4
;__Lib_Keypad4x4.c,62 :: 		
0x00B9	0x36BF      	LSRF       Keypad_Key_Press_kdata_L0, 1
;__Lib_Keypad4x4.c,63 :: 		
0x00BA	0x0ABE      	INCF       Keypad_Key_Press_rslt_L0, 1
;__Lib_Keypad4x4.c,64 :: 		
0x00BB	0x28B6      	GOTO       L_Keypad_Key_Press3
L_Keypad_Key_Press4:
;__Lib_Keypad4x4.c,66 :: 		
0x00BC	0x3004      	MOVLW      4
0x00BD	0x00C1      	MOVWF      Keypad_Key_Press_rowcnt_L0
;__Lib_Keypad4x4.c,67 :: 		
L_Keypad_Key_Press2:
;__Lib_Keypad4x4.c,68 :: 		
0x00BE	0x35C2      	LSLF       Keypad_Key_Press_shifter_L0, 1
;__Lib_Keypad4x4.c,69 :: 		
0x00BF	0x3004      	MOVLW      4
0x00C0	0x07C0      	ADDWF      Keypad_Key_Press_loc_L0, 1
;__Lib_Keypad4x4.c,70 :: 		
0x00C1	0x0AC1      	INCF       Keypad_Key_Press_rowcnt_L0, 1
;__Lib_Keypad4x4.c,71 :: 		
0x00C2	0x2892      	GOTO       L_Keypad_Key_Press0
L_Keypad_Key_Press1:
;__Lib_Keypad4x4.c,73 :: 		
0x00C3	0x083E      	MOVF       Keypad_Key_Press_rslt_L0, 0
0x00C4	0x00F0      	MOVWF      R0
;__Lib_Keypad4x4.c,74 :: 		
L_end_Keypad_Key_Press:
0x00C5	0x0008      	RETURN
; end of _Keypad_Key_Press
_ByteToStr:
;__Lib_Conversions.c,66 :: 		
;__Lib_Conversions.c,69 :: 		
0x00C6	0x0021      	MOVLB      1
0x00C7	0x01C1      	CLRF       ByteToStr_DigitPos_L0
L_ByteToStr0:
0x00C8	0x3003      	MOVLW      3
0x00C9	0x0241      	SUBWF      ByteToStr_DigitPos_L0, 0
0x00CA	0x1803      	BTFSC      STATUS, 0
0x00CB	0x28D6      	GOTO       L_ByteToStr1
;__Lib_Conversions.c,70 :: 		
0x00CC	0x0841      	MOVF       ByteToStr_DigitPos_L0, 0
0x00CD	0x073F      	ADDWF      FARG_ByteToStr_output, 0
0x00CE	0x0086      	MOVWF      FSR1
0x00CF	0x3000      	MOVLW      0
0x00D0	0x3D40      	ADDWFC     FARG_ByteToStr_output+1, 0
0x00D1	0x0087      	MOVWF      FSR1H
0x00D2	0x3020      	MOVLW      32
0x00D3	0x0081      	MOVWF      INDF1
;__Lib_Conversions.c,69 :: 		
0x00D4	0x0AC1      	INCF       ByteToStr_DigitPos_L0, 1
;__Lib_Conversions.c,70 :: 		
0x00D5	0x28C8      	GOTO       L_ByteToStr0
L_ByteToStr1:
;__Lib_Conversions.c,72 :: 		
0x00D6	0x0841      	MOVF       ByteToStr_DigitPos_L0, 0
0x00D7	0x073F      	ADDWF      FARG_ByteToStr_output, 0
0x00D8	0x0086      	MOVWF      FSR1
0x00D9	0x3000      	MOVLW      0
0x00DA	0x3D40      	ADDWFC     FARG_ByteToStr_output+1, 0
0x00DB	0x0087      	MOVWF      FSR1H
0x00DC	0x0181      	CLRF       INDF1
0x00DD	0x03C1      	DECF       ByteToStr_DigitPos_L0, 1
;__Lib_Conversions.c,74 :: 		
L_ByteToStr3:
;__Lib_Conversions.c,75 :: 		
0x00DE	0x0841      	MOVF       ByteToStr_DigitPos_L0, 0
0x00DF	0x073F      	ADDWF      FARG_ByteToStr_output, 0
0x00E0	0x00C2      	MOVWF      FLOC__ByteToStr
0x00E1	0x3000      	MOVLW      0
0x00E2	0x3D40      	ADDWFC     FARG_ByteToStr_output+1, 0
0x00E3	0x00C3      	MOVWF      FLOC__ByteToStr+1
0x00E4	0x300A      	MOVLW      10
0x00E5	0x00F4      	MOVWF      R4
0x00E6	0x083E      	MOVF       FARG_ByteToStr_input, 0
0x00E7	0x00F0      	MOVWF      R0
0x00E8	0x207C      	CALL       _Div_8X8_U
0x00E9	0x0878      	MOVF       R8, 0
0x00EA	0x00F0      	MOVWF      R0
0x00EB	0x3030      	MOVLW      48
0x00EC	0x07F0      	ADDWF      R0, 1
0x00ED	0x0021      	MOVLB      1
0x00EE	0x0842      	MOVF       FLOC__ByteToStr, 0
0x00EF	0x0086      	MOVWF      FSR1
0x00F0	0x0843      	MOVF       FLOC__ByteToStr+1, 0
0x00F1	0x0087      	MOVWF      FSR1H
0x00F2	0x0870      	MOVF       R0, 0
0x00F3	0x0081      	MOVWF      INDF1
;__Lib_Conversions.c,76 :: 		
0x00F4	0x300A      	MOVLW      10
0x00F5	0x00F4      	MOVWF      R4
0x00F6	0x083E      	MOVF       FARG_ByteToStr_input, 0
0x00F7	0x00F0      	MOVWF      R0
0x00F8	0x207C      	CALL       _Div_8X8_U
0x00F9	0x0870      	MOVF       R0, 0
0x00FA	0x0021      	MOVLB      1
0x00FB	0x00BE      	MOVWF      FARG_ByteToStr_input
;__Lib_Conversions.c,77 :: 		
0x00FC	0x0870      	MOVF       R0, 0
0x00FD	0x3A00      	XORLW      0
0x00FE	0x1D03      	BTFSS      STATUS, 2
0x00FF	0x2901      	GOTO       L_ByteToStr5
;__Lib_Conversions.c,78 :: 		
0x0100	0x2903      	GOTO       L_ByteToStr4
L_ByteToStr5:
;__Lib_Conversions.c,79 :: 		
0x0101	0x03C1      	DECF       ByteToStr_DigitPos_L0, 1
;__Lib_Conversions.c,80 :: 		
0x0102	0x28DE      	GOTO       L_ByteToStr3
L_ByteToStr4:
;__Lib_Conversions.c,81 :: 		
L_end_ByteToStr:
0x0103	0x0008      	RETURN
; end of _ByteToStr
_Lcd_Out:
;__Lib_Lcd.c,184 :: 		
;__Lib_Lcd.c,187 :: 		
0x0104	0x2915      	GOTO       L_Lcd_Out11
;__Lib_Lcd.c,188 :: 		
L_Lcd_Out13:
0x0105	0x3080      	MOVLW      128
0x0106	0x0021      	MOVLB      1
0x0107	0x00BE      	MOVWF      FARG_Lcd_Out_row
0x0108	0x2927      	GOTO       L_Lcd_Out12
;__Lib_Lcd.c,189 :: 		
L_Lcd_Out14:
0x0109	0x30C0      	MOVLW      192
0x010A	0x00BE      	MOVWF      FARG_Lcd_Out_row
0x010B	0x2927      	GOTO       L_Lcd_Out12
;__Lib_Lcd.c,190 :: 		
L_Lcd_Out15:
0x010C	0x3094      	MOVLW      148
0x010D	0x00BE      	MOVWF      FARG_Lcd_Out_row
0x010E	0x2927      	GOTO       L_Lcd_Out12
;__Lib_Lcd.c,191 :: 		
L_Lcd_Out16:
0x010F	0x30D4      	MOVLW      212
0x0110	0x00BE      	MOVWF      FARG_Lcd_Out_row
0x0111	0x2927      	GOTO       L_Lcd_Out12
;__Lib_Lcd.c,192 :: 		
L_Lcd_Out17:
0x0112	0x3080      	MOVLW      128
0x0113	0x00BE      	MOVWF      FARG_Lcd_Out_row
;__Lib_Lcd.c,193 :: 		
0x0114	0x2927      	GOTO       L_Lcd_Out12
L_Lcd_Out11:
0x0115	0x0021      	MOVLB      1
0x0116	0x083E      	MOVF       FARG_Lcd_Out_row, 0
0x0117	0x3A01      	XORLW      1
0x0118	0x1903      	BTFSC      STATUS, 2
0x0119	0x2905      	GOTO       L_Lcd_Out13
0x011A	0x083E      	MOVF       FARG_Lcd_Out_row, 0
0x011B	0x3A02      	XORLW      2
0x011C	0x1903      	BTFSC      STATUS, 2
0x011D	0x2909      	GOTO       L_Lcd_Out14
0x011E	0x083E      	MOVF       FARG_Lcd_Out_row, 0
0x011F	0x3A03      	XORLW      3
0x0120	0x1903      	BTFSC      STATUS, 2
0x0121	0x290C      	GOTO       L_Lcd_Out15
0x0122	0x083E      	MOVF       FARG_Lcd_Out_row, 0
0x0123	0x3A04      	XORLW      4
0x0124	0x1903      	BTFSC      STATUS, 2
0x0125	0x290F      	GOTO       L_Lcd_Out16
0x0126	0x2912      	GOTO       L_Lcd_Out17
L_Lcd_Out12:
;__Lib_Lcd.c,194 :: 		
0x0127	0x033F      	DECF       FARG_Lcd_Out_column, 0
0x0128	0x00F0      	MOVWF      R0
0x0129	0x083E      	MOVF       FARG_Lcd_Out_row, 0
0x012A	0x07F0      	ADDWF      R0, 1
0x012B	0x0870      	MOVF       R0, 0
0x012C	0x00BE      	MOVWF      FARG_Lcd_Out_row
;__Lib_Lcd.c,196 :: 		
0x012D	0x0870      	MOVF       R0, 0
0x012E	0x00C5      	MOVWF      FARG_Lcd_Cmd_out_char
0x012F	0x2017      	CALL       _Lcd_Cmd
;__Lib_Lcd.c,197 :: 		
0x0130	0x0021      	MOVLB      1
0x0131	0x1038      	BCF        __Lib_Lcd_cmd_status, BitPos(__Lib_Lcd_cmd_status+0)
;__Lib_Lcd.c,198 :: 		
0x0132	0x01C2      	CLRF       Lcd_Out_i_L0
;__Lib_Lcd.c,199 :: 		
L_Lcd_Out18:
0x0133	0x0842      	MOVF       Lcd_Out_i_L0, 0
0x0134	0x0740      	ADDWF      FARG_Lcd_Out_text, 0
0x0135	0x0084      	MOVWF      FSR0
0x0136	0x3000      	MOVLW      0
0x0137	0x3D41      	ADDWFC     FARG_Lcd_Out_text+1, 0
0x0138	0x0085      	MOVWF      FSR0H
0x0139	0x0800      	MOVF       INDF0, 0
0x013A	0x1903      	BTFSC      STATUS, 2
0x013B	0x2947      	GOTO       L_Lcd_Out19
;__Lib_Lcd.c,200 :: 		
0x013C	0x0842      	MOVF       Lcd_Out_i_L0, 0
0x013D	0x0740      	ADDWF      FARG_Lcd_Out_text, 0
0x013E	0x0084      	MOVWF      FSR0
0x013F	0x3000      	MOVLW      0
0x0140	0x3D41      	ADDWFC     FARG_Lcd_Out_text+1, 0
0x0141	0x0085      	MOVWF      FSR0H
0x0142	0x0800      	MOVF       INDF0, 0
0x0143	0x00C4      	MOVWF      FARG_Lcd_Chr_CP_out_char
0x0144	0x2074      	CALL       _Lcd_Chr_CP
0x0145	0x0AC2      	INCF       Lcd_Out_i_L0, 1
0x0146	0x2933      	GOTO       L_Lcd_Out18
L_Lcd_Out19:
;__Lib_Lcd.c,201 :: 		
0x0147	0x1438      	BSF        __Lib_Lcd_cmd_status, BitPos(__Lib_Lcd_cmd_status+0)
;__Lib_Lcd.c,202 :: 		
L_end_Lcd_Out:
0x0148	0x0008      	RETURN
; end of _Lcd_Out
_teclado_deco:
;evaluacio_2.c,24 :: 		char teclado_deco()
;evaluacio_2.c,26 :: 		char tec=0;
0x0149	0x0021      	MOVLB      1
0x014A	0x01BD      	CLRF       teclado_deco_tec_L0
;evaluacio_2.c,28 :: 		tec = Keypad_Key_Press();     //mejor
0x014B	0x208C      	CALL       _Keypad_Key_Press
0x014C	0x0870      	MOVF       R0, 0
0x014D	0x00BD      	MOVWF      teclado_deco_tec_L0
;evaluacio_2.c,29 :: 		if (tec!=0)
0x014E	0x0870      	MOVF       R0, 0
0x014F	0x3A00      	XORLW      0
0x0150	0x1903      	BTFSC      STATUS, 2
0x0151	0x2A9E      	GOTO       L_teclado_deco0
;evaluacio_2.c,31 :: 		sins=11;
0x0152	0x300B      	MOVLW      11
0x0153	0x0020      	MOVLB      0
0x0154	0x00EE      	MOVWF      _sins
0x0155	0x3000      	MOVLW      0
0x0156	0x00EF      	MOVWF      _sins+1
;evaluacio_2.c,32 :: 		ByteToStr(sins,tex);
0x0157	0x300B      	MOVLW      11
0x0158	0x0021      	MOVLB      1
0x0159	0x00BE      	MOVWF      FARG_ByteToStr_input
0x015A	0x30B4      	MOVLW      _tex
0x015B	0x00BF      	MOVWF      FARG_ByteToStr_output
0x015C	0x3000      	MOVLW      hi_addr(_tex)
0x015D	0x00C0      	MOVWF      FARG_ByteToStr_output+1
0x015E	0x20C6      	CALL       _ByteToStr
;evaluacio_2.c,34 :: 		Lcd_Out(1,8,tex);
0x015F	0x3001      	MOVLW      1
0x0160	0x00BE      	MOVWF      FARG_Lcd_Out_row
0x0161	0x3008      	MOVLW      8
0x0162	0x00BF      	MOVWF      FARG_Lcd_Out_column
0x0163	0x30B4      	MOVLW      _tex
0x0164	0x00C0      	MOVWF      FARG_Lcd_Out_text
0x0165	0x3000      	MOVLW      hi_addr(_tex)
0x0166	0x00C1      	MOVWF      FARG_Lcd_Out_text+1
0x0167	0x2104      	CALL       _Lcd_Out
;evaluacio_2.c,35 :: 		switch (tec)
0x0168	0x2A49      	GOTO       L_teclado_deco1
;evaluacio_2.c,37 :: 		case 1: retardo=100;Lcd_Out(2,8, "100 "); break;
L_teclado_deco3:
0x0169	0x3064      	MOVLW      100
0x016A	0x00BB      	MOVWF      teclado_deco_retardo_L0
0x016B	0x3000      	MOVLW      0
0x016C	0x00BC      	MOVWF      teclado_deco_retardo_L0+1
0x016D	0x3002      	MOVLW      2
0x016E	0x00BE      	MOVWF      FARG_Lcd_Out_row
0x016F	0x3008      	MOVLW      8
0x0170	0x00BF      	MOVWF      FARG_Lcd_Out_column
0x0171	0x303E      	MOVLW      ?lstr1_evaluacio_2
0x0172	0x00C0      	MOVWF      FARG_Lcd_Out_text
0x0173	0x3000      	MOVLW      hi_addr(?lstr1_evaluacio_2)
0x0174	0x00C1      	MOVWF      FARG_Lcd_Out_text+1
0x0175	0x2104      	CALL       _Lcd_Out
0x0176	0x2A89      	GOTO       L_teclado_deco2
;evaluacio_2.c,38 :: 		case 2: retardo=300;Lcd_Out(2,8, "300 "); break;
L_teclado_deco4:
0x0177	0x302C      	MOVLW      44
0x0178	0x00BB      	MOVWF      teclado_deco_retardo_L0
0x0179	0x3001      	MOVLW      1
0x017A	0x00BC      	MOVWF      teclado_deco_retardo_L0+1
0x017B	0x3002      	MOVLW      2
0x017C	0x00BE      	MOVWF      FARG_Lcd_Out_row
0x017D	0x3008      	MOVLW      8
0x017E	0x00BF      	MOVWF      FARG_Lcd_Out_column
0x017F	0x304D      	MOVLW      ?lstr2_evaluacio_2
0x0180	0x00C0      	MOVWF      FARG_Lcd_Out_text
0x0181	0x3000      	MOVLW      hi_addr(?lstr2_evaluacio_2)
0x0182	0x00C1      	MOVWF      FARG_Lcd_Out_text+1
0x0183	0x2104      	CALL       _Lcd_Out
0x0184	0x2A89      	GOTO       L_teclado_deco2
;evaluacio_2.c,39 :: 		case 3: retardo=700;Lcd_Out(2,8, "700 "); break;
L_teclado_deco5:
0x0185	0x30BC      	MOVLW      188
0x0186	0x00BB      	MOVWF      teclado_deco_retardo_L0
0x0187	0x3002      	MOVLW      2
0x0188	0x00BC      	MOVWF      teclado_deco_retardo_L0+1
0x0189	0x3002      	MOVLW      2
0x018A	0x00BE      	MOVWF      FARG_Lcd_Out_row
0x018B	0x3008      	MOVLW      8
0x018C	0x00BF      	MOVWF      FARG_Lcd_Out_column
0x018D	0x3048      	MOVLW      ?lstr3_evaluacio_2
0x018E	0x00C0      	MOVWF      FARG_Lcd_Out_text
0x018F	0x3000      	MOVLW      hi_addr(?lstr3_evaluacio_2)
0x0190	0x00C1      	MOVWF      FARG_Lcd_Out_text+1
0x0191	0x2104      	CALL       _Lcd_Out
0x0192	0x2A89      	GOTO       L_teclado_deco2
;evaluacio_2.c,40 :: 		case 4: retardo=800;Lcd_Out(2,8, "800 "); break;
L_teclado_deco6:
0x0193	0x3020      	MOVLW      32
0x0194	0x00BB      	MOVWF      teclado_deco_retardo_L0
0x0195	0x3003      	MOVLW      3
0x0196	0x00BC      	MOVWF      teclado_deco_retardo_L0+1
0x0197	0x3002      	MOVLW      2
0x0198	0x00BE      	MOVWF      FARG_Lcd_Out_row
0x0199	0x3008      	MOVLW      8
0x019A	0x00BF      	MOVWF      FARG_Lcd_Out_column
0x019B	0x3043      	MOVLW      ?lstr4_evaluacio_2
0x019C	0x00C0      	MOVWF      FARG_Lcd_Out_text
0x019D	0x3000      	MOVLW      hi_addr(?lstr4_evaluacio_2)
0x019E	0x00C1      	MOVWF      FARG_Lcd_Out_text+1
0x019F	0x2104      	CALL       _Lcd_Out
0x01A0	0x2A89      	GOTO       L_teclado_deco2
;evaluacio_2.c,41 :: 		case 5: retardo=1000;Lcd_Out(2,8, "1000"); break;
L_teclado_deco7:
0x01A1	0x30E8      	MOVLW      232
0x01A2	0x00BB      	MOVWF      teclado_deco_retardo_L0
0x01A3	0x3003      	MOVLW      3
0x01A4	0x00BC      	MOVWF      teclado_deco_retardo_L0+1
0x01A5	0x3002      	MOVLW      2
0x01A6	0x00BE      	MOVWF      FARG_Lcd_Out_row
0x01A7	0x3008      	MOVLW      8
0x01A8	0x00BF      	MOVWF      FARG_Lcd_Out_column
0x01A9	0x302A      	MOVLW      ?lstr5_evaluacio_2
0x01AA	0x00C0      	MOVWF      FARG_Lcd_Out_text
0x01AB	0x3000      	MOVLW      hi_addr(?lstr5_evaluacio_2)
0x01AC	0x00C1      	MOVWF      FARG_Lcd_Out_text+1
0x01AD	0x2104      	CALL       _Lcd_Out
0x01AE	0x2A89      	GOTO       L_teclado_deco2
;evaluacio_2.c,42 :: 		case 6: retardo=1500;Lcd_Out(2,8, "1500"); break;
L_teclado_deco8:
0x01AF	0x30DC      	MOVLW      220
0x01B0	0x00BB      	MOVWF      teclado_deco_retardo_L0
0x01B1	0x3005      	MOVLW      5
0x01B2	0x00BC      	MOVWF      teclado_deco_retardo_L0+1
0x01B3	0x3002      	MOVLW      2
0x01B4	0x00BE      	MOVWF      FARG_Lcd_Out_row
0x01B5	0x3008      	MOVLW      8
0x01B6	0x00BF      	MOVWF      FARG_Lcd_Out_column
0x01B7	0x3025      	MOVLW      ?lstr6_evaluacio_2
0x01B8	0x00C0      	MOVWF      FARG_Lcd_Out_text
0x01B9	0x3000      	MOVLW      hi_addr(?lstr6_evaluacio_2)
0x01BA	0x00C1      	MOVWF      FARG_Lcd_Out_text+1
0x01BB	0x2104      	CALL       _Lcd_Out
0x01BC	0x2A89      	GOTO       L_teclado_deco2
;evaluacio_2.c,43 :: 		case 7: retardo=2000;Lcd_Out(2,8, "2000"); break;
L_teclado_deco9:
0x01BD	0x30D0      	MOVLW      208
0x01BE	0x00BB      	MOVWF      teclado_deco_retardo_L0
0x01BF	0x3007      	MOVLW      7
0x01C0	0x00BC      	MOVWF      teclado_deco_retardo_L0+1
0x01C1	0x3002      	MOVLW      2
0x01C2	0x00BE      	MOVWF      FARG_Lcd_Out_row
0x01C3	0x3008      	MOVLW      8
0x01C4	0x00BF      	MOVWF      FARG_Lcd_Out_column
0x01C5	0x3020      	MOVLW      ?lstr7_evaluacio_2
0x01C6	0x00C0      	MOVWF      FARG_Lcd_Out_text
0x01C7	0x3000      	MOVLW      hi_addr(?lstr7_evaluacio_2)
0x01C8	0x00C1      	MOVWF      FARG_Lcd_Out_text+1
0x01C9	0x2104      	CALL       _Lcd_Out
0x01CA	0x2A89      	GOTO       L_teclado_deco2
;evaluacio_2.c,44 :: 		case 8: retardo=2500;Lcd_Out(2,8, "2500"); break;
L_teclado_deco10:
0x01CB	0x30C4      	MOVLW      196
0x01CC	0x00BB      	MOVWF      teclado_deco_retardo_L0
0x01CD	0x3009      	MOVLW      9
0x01CE	0x00BC      	MOVWF      teclado_deco_retardo_L0+1
0x01CF	0x3002      	MOVLW      2
0x01D0	0x00BE      	MOVWF      FARG_Lcd_Out_row
0x01D1	0x3008      	MOVLW      8
0x01D2	0x00BF      	MOVWF      FARG_Lcd_Out_column
0x01D3	0x3039      	MOVLW      ?lstr8_evaluacio_2
0x01D4	0x00C0      	MOVWF      FARG_Lcd_Out_text
0x01D5	0x3000      	MOVLW      hi_addr(?lstr8_evaluacio_2)
0x01D6	0x00C1      	MOVWF      FARG_Lcd_Out_text+1
0x01D7	0x2104      	CALL       _Lcd_Out
0x01D8	0x2A89      	GOTO       L_teclado_deco2
;evaluacio_2.c,45 :: 		case 9: retardo=3500;Lcd_Out(2,8, "3500"); break;
L_teclado_deco11:
0x01D9	0x30AC      	MOVLW      172
0x01DA	0x00BB      	MOVWF      teclado_deco_retardo_L0
0x01DB	0x300D      	MOVLW      13
0x01DC	0x00BC      	MOVWF      teclado_deco_retardo_L0+1
0x01DD	0x3002      	MOVLW      2
0x01DE	0x00BE      	MOVWF      FARG_Lcd_Out_row
0x01DF	0x3008      	MOVLW      8
0x01E0	0x00BF      	MOVWF      FARG_Lcd_Out_column
0x01E1	0x3034      	MOVLW      ?lstr9_evaluacio_2
0x01E2	0x00C0      	MOVWF      FARG_Lcd_Out_text
0x01E3	0x3000      	MOVLW      hi_addr(?lstr9_evaluacio_2)
0x01E4	0x00C1      	MOVWF      FARG_Lcd_Out_text+1
0x01E5	0x2104      	CALL       _Lcd_Out
0x01E6	0x2A89      	GOTO       L_teclado_deco2
;evaluacio_2.c,46 :: 		case 10: retardo=4000;Lcd_Out(2,8, "4000"); break;
L_teclado_deco12:
0x01E7	0x30A0      	MOVLW      160
0x01E8	0x00BB      	MOVWF      teclado_deco_retardo_L0
0x01E9	0x300F      	MOVLW      15
0x01EA	0x00BC      	MOVWF      teclado_deco_retardo_L0+1
0x01EB	0x3002      	MOVLW      2
0x01EC	0x00BE      	MOVWF      FARG_Lcd_Out_row
0x01ED	0x3008      	MOVLW      8
0x01EE	0x00BF      	MOVWF      FARG_Lcd_Out_column
0x01EF	0x302F      	MOVLW      ?lstr10_evaluacio_2
0x01F0	0x00C0      	MOVWF      FARG_Lcd_Out_text
0x01F1	0x3000      	MOVLW      hi_addr(?lstr10_evaluacio_2)
0x01F2	0x00C1      	MOVWF      FARG_Lcd_Out_text+1
0x01F3	0x2104      	CALL       _Lcd_Out
0x01F4	0x2A89      	GOTO       L_teclado_deco2
;evaluacio_2.c,47 :: 		case 11: retardo=5000;Lcd_Out(2,8, "5000"); break;
L_teclado_deco13:
0x01F5	0x3088      	MOVLW      136
0x01F6	0x00BB      	MOVWF      teclado_deco_retardo_L0
0x01F7	0x3013      	MOVLW      19
0x01F8	0x00BC      	MOVWF      teclado_deco_retardo_L0+1
0x01F9	0x3002      	MOVLW      2
0x01FA	0x00BE      	MOVWF      FARG_Lcd_Out_row
0x01FB	0x3008      	MOVLW      8
0x01FC	0x00BF      	MOVWF      FARG_Lcd_Out_column
0x01FD	0x30A0      	MOVLW      ?lstr11_evaluacio_2
0x01FE	0x00C0      	MOVWF      FARG_Lcd_Out_text
0x01FF	0x3000      	MOVLW      hi_addr(?lstr11_evaluacio_2)
0x0200	0x00C1      	MOVWF      FARG_Lcd_Out_text+1
0x0201	0x2104      	CALL       _Lcd_Out
0x0202	0x2A89      	GOTO       L_teclado_deco2
;evaluacio_2.c,48 :: 		case 12: retardo=6000;Lcd_Out(2,8, "6000"); break;
L_teclado_deco14:
0x0203	0x3070      	MOVLW      112
0x0204	0x00BB      	MOVWF      teclado_deco_retardo_L0
0x0205	0x3017      	MOVLW      23
0x0206	0x00BC      	MOVWF      teclado_deco_retardo_L0+1
0x0207	0x3002      	MOVLW      2
0x0208	0x00BE      	MOVWF      FARG_Lcd_Out_row
0x0209	0x3008      	MOVLW      8
0x020A	0x00BF      	MOVWF      FARG_Lcd_Out_column
0x020B	0x3069      	MOVLW      ?lstr12_evaluacio_2
0x020C	0x00C0      	MOVWF      FARG_Lcd_Out_text
0x020D	0x3000      	MOVLW      hi_addr(?lstr12_evaluacio_2)
0x020E	0x00C1      	MOVWF      FARG_Lcd_Out_text+1
0x020F	0x2104      	CALL       _Lcd_Out
0x0210	0x2A89      	GOTO       L_teclado_deco2
;evaluacio_2.c,49 :: 		case 13: retardo=6500;Lcd_Out(2,8, "6500"); break;
L_teclado_deco15:
0x0211	0x3064      	MOVLW      100
0x0212	0x00BB      	MOVWF      teclado_deco_retardo_L0
0x0213	0x3019      	MOVLW      25
0x0214	0x00BC      	MOVWF      teclado_deco_retardo_L0+1
0x0215	0x3002      	MOVLW      2
0x0216	0x00BE      	MOVWF      FARG_Lcd_Out_row
0x0217	0x3008      	MOVLW      8
0x0218	0x00BF      	MOVWF      FARG_Lcd_Out_column
0x0219	0x3064      	MOVLW      ?lstr13_evaluacio_2
0x021A	0x00C0      	MOVWF      FARG_Lcd_Out_text
0x021B	0x3000      	MOVLW      hi_addr(?lstr13_evaluacio_2)
0x021C	0x00C1      	MOVWF      FARG_Lcd_Out_text+1
0x021D	0x2104      	CALL       _Lcd_Out
0x021E	0x2A89      	GOTO       L_teclado_deco2
;evaluacio_2.c,50 :: 		case 14: retardo=7000;Lcd_Out(2,8, "7000"); break;
L_teclado_deco16:
0x021F	0x3058      	MOVLW      88
0x0220	0x00BB      	MOVWF      teclado_deco_retardo_L0
0x0221	0x301B      	MOVLW      27
0x0222	0x00BC      	MOVWF      teclado_deco_retardo_L0+1
0x0223	0x3002      	MOVLW      2
0x0224	0x00BE      	MOVWF      FARG_Lcd_Out_row
0x0225	0x3008      	MOVLW      8
0x0226	0x00BF      	MOVWF      FARG_Lcd_Out_column
0x0227	0x30AF      	MOVLW      ?lstr14_evaluacio_2
0x0228	0x00C0      	MOVWF      FARG_Lcd_Out_text
0x0229	0x3000      	MOVLW      hi_addr(?lstr14_evaluacio_2)
0x022A	0x00C1      	MOVWF      FARG_Lcd_Out_text+1
0x022B	0x2104      	CALL       _Lcd_Out
0x022C	0x2A89      	GOTO       L_teclado_deco2
;evaluacio_2.c,51 :: 		case 15: retardo=7500;Lcd_Out(2,8, "7500"); break;
L_teclado_deco17:
0x022D	0x304C      	MOVLW      76
0x022E	0x00BB      	MOVWF      teclado_deco_retardo_L0
0x022F	0x301D      	MOVLW      29
0x0230	0x00BC      	MOVWF      teclado_deco_retardo_L0+1
0x0231	0x3002      	MOVLW      2
0x0232	0x00BE      	MOVWF      FARG_Lcd_Out_row
0x0233	0x3008      	MOVLW      8
0x0234	0x00BF      	MOVWF      FARG_Lcd_Out_column
0x0235	0x30AA      	MOVLW      ?lstr15_evaluacio_2
0x0236	0x00C0      	MOVWF      FARG_Lcd_Out_text
0x0237	0x3000      	MOVLW      hi_addr(?lstr15_evaluacio_2)
0x0238	0x00C1      	MOVWF      FARG_Lcd_Out_text+1
0x0239	0x2104      	CALL       _Lcd_Out
0x023A	0x2A89      	GOTO       L_teclado_deco2
;evaluacio_2.c,52 :: 		case 16: retardo=8000;Lcd_Out(2,8, "8000"); break;
L_teclado_deco18:
0x023B	0x3040      	MOVLW      64
0x023C	0x00BB      	MOVWF      teclado_deco_retardo_L0
0x023D	0x301F      	MOVLW      31
0x023E	0x00BC      	MOVWF      teclado_deco_retardo_L0+1
0x023F	0x3002      	MOVLW      2
0x0240	0x00BE      	MOVWF      FARG_Lcd_Out_row
0x0241	0x3008      	MOVLW      8
0x0242	0x00BF      	MOVWF      FARG_Lcd_Out_column
0x0243	0x30A5      	MOVLW      ?lstr16_evaluacio_2
0x0244	0x00C0      	MOVWF      FARG_Lcd_Out_text
0x0245	0x3000      	MOVLW      hi_addr(?lstr16_evaluacio_2)
0x0246	0x00C1      	MOVWF      FARG_Lcd_Out_text+1
0x0247	0x2104      	CALL       _Lcd_Out
0x0248	0x2A89      	GOTO       L_teclado_deco2
;evaluacio_2.c,53 :: 		}//Fin del switch
L_teclado_deco1:
0x0249	0x083D      	MOVF       teclado_deco_tec_L0, 0
0x024A	0x3A01      	XORLW      1
0x024B	0x1903      	BTFSC      STATUS, 2
0x024C	0x2969      	GOTO       L_teclado_deco3
0x024D	0x083D      	MOVF       teclado_deco_tec_L0, 0
0x024E	0x3A02      	XORLW      2
0x024F	0x1903      	BTFSC      STATUS, 2
0x0250	0x2977      	GOTO       L_teclado_deco4
0x0251	0x083D      	MOVF       teclado_deco_tec_L0, 0
0x0252	0x3A03      	XORLW      3
0x0253	0x1903      	BTFSC      STATUS, 2
0x0254	0x2985      	GOTO       L_teclado_deco5
0x0255	0x083D      	MOVF       teclado_deco_tec_L0, 0
0x0256	0x3A04      	XORLW      4
0x0257	0x1903      	BTFSC      STATUS, 2
0x0258	0x2993      	GOTO       L_teclado_deco6
0x0259	0x083D      	MOVF       teclado_deco_tec_L0, 0
0x025A	0x3A05      	XORLW      5
0x025B	0x1903      	BTFSC      STATUS, 2
0x025C	0x29A1      	GOTO       L_teclado_deco7
0x025D	0x083D      	MOVF       teclado_deco_tec_L0, 0
0x025E	0x3A06      	XORLW      6
0x025F	0x1903      	BTFSC      STATUS, 2
0x0260	0x29AF      	GOTO       L_teclado_deco8
0x0261	0x083D      	MOVF       teclado_deco_tec_L0, 0
0x0262	0x3A07      	XORLW      7
0x0263	0x1903      	BTFSC      STATUS, 2
0x0264	0x29BD      	GOTO       L_teclado_deco9
0x0265	0x083D      	MOVF       teclado_deco_tec_L0, 0
0x0266	0x3A08      	XORLW      8
0x0267	0x1903      	BTFSC      STATUS, 2
0x0268	0x29CB      	GOTO       L_teclado_deco10
0x0269	0x083D      	MOVF       teclado_deco_tec_L0, 0
0x026A	0x3A09      	XORLW      9
0x026B	0x1903      	BTFSC      STATUS, 2
0x026C	0x29D9      	GOTO       L_teclado_deco11
0x026D	0x083D      	MOVF       teclado_deco_tec_L0, 0
0x026E	0x3A0A      	XORLW      10
0x026F	0x1903      	BTFSC      STATUS, 2
0x0270	0x29E7      	GOTO       L_teclado_deco12
0x0271	0x083D      	MOVF       teclado_deco_tec_L0, 0
0x0272	0x3A0B      	XORLW      11
0x0273	0x1903      	BTFSC      STATUS, 2
0x0274	0x29F5      	GOTO       L_teclado_deco13
0x0275	0x083D      	MOVF       teclado_deco_tec_L0, 0
0x0276	0x3A0C      	XORLW      12
0x0277	0x1903      	BTFSC      STATUS, 2
0x0278	0x2A03      	GOTO       L_teclado_deco14
0x0279	0x083D      	MOVF       teclado_deco_tec_L0, 0
0x027A	0x3A0D      	XORLW      13
0x027B	0x1903      	BTFSC      STATUS, 2
0x027C	0x2A11      	GOTO       L_teclado_deco15
0x027D	0x083D      	MOVF       teclado_deco_tec_L0, 0
0x027E	0x3A0E      	XORLW      14
0x027F	0x1903      	BTFSC      STATUS, 2
0x0280	0x2A1F      	GOTO       L_teclado_deco16
0x0281	0x083D      	MOVF       teclado_deco_tec_L0, 0
0x0282	0x3A0F      	XORLW      15
0x0283	0x1903      	BTFSC      STATUS, 2
0x0284	0x2A2D      	GOTO       L_teclado_deco17
0x0285	0x083D      	MOVF       teclado_deco_tec_L0, 0
0x0286	0x3A10      	XORLW      16
0x0287	0x1903      	BTFSC      STATUS, 2
0x0288	0x2A3B      	GOTO       L_teclado_deco18
L_teclado_deco2:
;evaluacio_2.c,54 :: 		Delay_us(900);
0x0289	0x300A      	MOVLW      10
0x028A	0x00FC      	MOVWF      R12
0x028B	0x3058      	MOVLW      88
0x028C	0x00FD      	MOVWF      R13
L_teclado_deco19:
0x028D	0x0BFD      	DECFSZ     R13, 1
0x028E	0x2A8D      	GOTO       L_teclado_deco19
0x028F	0x0BFC      	DECFSZ     R12, 1
0x0290	0x2A8D      	GOTO       L_teclado_deco19
0x0291	0x0000      	NOP
;evaluacio_2.c,55 :: 		final=retardo/2;
0x0292	0x083B      	MOVF       teclado_deco_retardo_L0, 0
0x0293	0x00F0      	MOVWF      R0
0x0294	0x083C      	MOVF       teclado_deco_retardo_L0+1, 0
0x0295	0x00F1      	MOVWF      R1
0x0296	0x36F1      	LSRF       R1, 1
0x0297	0x0CF0      	RRF        R0, 1
0x0298	0x0870      	MOVF       R0, 0
0x0299	0x0020      	MOVLB      0
0x029A	0x00DD      	MOVWF      _final
0x029B	0x0871      	MOVF       R1, 0
0x029C	0x00DE      	MOVWF      _final+1
;evaluacio_2.c,57 :: 		return (final);
0x029D	0x2A9E      	GOTO       L_end_teclado_deco
;evaluacio_2.c,58 :: 		}//si hay una tecla valida
L_teclado_deco0:
;evaluacio_2.c,59 :: 		}
L_end_teclado_deco:
0x029E	0x0008      	RETURN
; end of _teclado_deco
_miretardo:
;evaluacio_2.c,62 :: 		void miretardo(signed int valor)
;evaluacio_2.c,64 :: 		while (valor > 0)
L_miretardo20:
0x029F	0x3080      	MOVLW      128
0x02A0	0x00F0      	MOVWF      R0
0x02A1	0x3080      	MOVLW      128
0x02A2	0x0021      	MOVLB      1
0x02A3	0x063A      	XORWF      FARG_miretardo_valor+1, 0
0x02A4	0x0270      	SUBWF      R0, 0
0x02A5	0x1D03      	BTFSS      STATUS, 2
0x02A6	0x2AA9      	GOTO       L__miretardo27
0x02A7	0x0839      	MOVF       FARG_miretardo_valor, 0
0x02A8	0x3C00      	SUBLW      0
L__miretardo27:
0x02A9	0x1803      	BTFSC      STATUS, 0
0x02AA	0x2ABB      	GOTO       L_miretardo21
;evaluacio_2.c,66 :: 		Delay_us(900);
0x02AB	0x300A      	MOVLW      10
0x02AC	0x00FC      	MOVWF      R12
0x02AD	0x3058      	MOVLW      88
0x02AE	0x00FD      	MOVWF      R13
L_miretardo22:
0x02AF	0x0BFD      	DECFSZ     R13, 1
0x02B0	0x2AAF      	GOTO       L_miretardo22
0x02B1	0x0BFC      	DECFSZ     R12, 1
0x02B2	0x2AAF      	GOTO       L_miretardo22
0x02B3	0x0000      	NOP
;evaluacio_2.c,67 :: 		teclado_deco();
0x02B4	0x2149      	CALL       _teclado_deco
;evaluacio_2.c,68 :: 		valor--;
0x02B5	0x3001      	MOVLW      1
0x02B6	0x0021      	MOVLB      1
0x02B7	0x02B9      	SUBWF      FARG_miretardo_valor, 1
0x02B8	0x3000      	MOVLW      0
0x02B9	0x3BBA      	SUBWFB     FARG_miretardo_valor+1, 1
;evaluacio_2.c,69 :: 		}
0x02BA	0x2A9F      	GOTO       L_miretardo20
L_miretardo21:
;evaluacio_2.c,70 :: 		}
L_end_miretardo:
0x02BB	0x0008      	RETURN
; end of _miretardo
_Keypad_Init:
;__Lib_Keypad4x4.c,34 :: 		
;__Lib_Keypad4x4.c,35 :: 		
0x02BC	0x3080      	MOVLW      128
0x02BD	0x00F0      	MOVWF      R0
0x02BE	0x3000      	MOVLW      0
0x02BF	0x00F1      	MOVWF      R1
0x02C0	0x300D      	MOVLW      keypadPort
0x02C1	0x0770      	ADDWF      R0, 0
0x02C2	0x0086      	MOVWF      FSR1
0x02C3	0x3000      	MOVLW      hi_addr(keypadPort)
0x02C4	0x3D71      	ADDWFC     R1, 0
0x02C5	0x0087      	MOVWF      FSR1H
0x02C6	0x30FF      	MOVLW      255
0x02C7	0x0081      	MOVWF      INDF1
;__Lib_Keypad4x4.c,36 :: 		
L_end_Keypad_Init:
0x02C8	0x0008      	RETURN
; end of _Keypad_Init
_Lcd_Init:
;__Lib_Lcd.c,84 :: 		
;__Lib_Lcd.c,86 :: 		
0x02C9	0x0021      	MOVLB      1
0x02CA	0x108C      	BCF        LCD_EN_Direction, BitPos(LCD_EN_Direction+0)
;__Lib_Lcd.c,87 :: 		
0x02CB	0x100C      	BCF        LCD_RS_Direction, BitPos(LCD_RS_Direction+0)
;__Lib_Lcd.c,88 :: 		
0x02CC	0x110C      	BCF        LCD_D4_Direction, BitPos(LCD_D4_Direction+0)
;__Lib_Lcd.c,89 :: 		
0x02CD	0x118C      	BCF        LCD_D5_Direction, BitPos(LCD_D5_Direction+0)
;__Lib_Lcd.c,90 :: 		
0x02CE	0x120C      	BCF        LCD_D6_Direction, BitPos(LCD_D6_Direction+0)
;__Lib_Lcd.c,91 :: 		
0x02CF	0x130C      	BCF        LCD_D7_Direction, BitPos(LCD_D7_Direction+0)
;__Lib_Lcd.c,93 :: 		
0x02D0	0x0020      	MOVLB      0
0x02D1	0x108C      	BCF        LCD_EN, BitPos(LCD_EN+0)
;__Lib_Lcd.c,94 :: 		
0x02D2	0x100C      	BCF        LCD_RS, BitPos(LCD_RS+0)
;__Lib_Lcd.c,95 :: 		
0x02D3	0x130C      	BCF        LCD_D7, BitPos(LCD_D7+0)
;__Lib_Lcd.c,96 :: 		
0x02D4	0x120C      	BCF        LCD_D6, BitPos(LCD_D6+0)
;__Lib_Lcd.c,97 :: 		
0x02D5	0x118C      	BCF        LCD_D5, BitPos(LCD_D5+0)
;__Lib_Lcd.c,98 :: 		
0x02D6	0x110C      	BCF        LCD_D4, BitPos(LCD_D4+0)
;__Lib_Lcd.c,100 :: 		
0x02D7	0x2008      	CALL       _Delay_5500us
;__Lib_Lcd.c,101 :: 		
0x02D8	0x2008      	CALL       _Delay_5500us
;__Lib_Lcd.c,102 :: 		
0x02D9	0x2008      	CALL       _Delay_5500us
;__Lib_Lcd.c,105 :: 		
0x02DA	0x158C      	BSF        LCD_D5, BitPos(LCD_D5+0)
;__Lib_Lcd.c,106 :: 		
0x02DB	0x150C      	BSF        LCD_D4, BitPos(LCD_D4+0)
;__Lib_Lcd.c,107 :: 		
0x02DC	0x148C      	BSF        LCD_EN, BitPos(LCD_EN+0)
;__Lib_Lcd.c,108 :: 		
0x02DD	0x2011      	CALL       _Delay_1us
;__Lib_Lcd.c,109 :: 		
0x02DE	0x108C      	BCF        LCD_EN, BitPos(LCD_EN+0)
;__Lib_Lcd.c,110 :: 		
0x02DF	0x2008      	CALL       _Delay_5500us
;__Lib_Lcd.c,112 :: 		
0x02E0	0x148C      	BSF        LCD_EN, BitPos(LCD_EN+0)
;__Lib_Lcd.c,113 :: 		
0x02E1	0x2011      	CALL       _Delay_1us
;__Lib_Lcd.c,114 :: 		
0x02E2	0x108C      	BCF        LCD_EN, BitPos(LCD_EN+0)
;__Lib_Lcd.c,115 :: 		
0x02E3	0x2008      	CALL       _Delay_5500us
;__Lib_Lcd.c,117 :: 		
0x02E4	0x148C      	BSF        LCD_EN, BitPos(LCD_EN+0)
;__Lib_Lcd.c,118 :: 		
0x02E5	0x2011      	CALL       _Delay_1us
;__Lib_Lcd.c,119 :: 		
0x02E6	0x108C      	BCF        LCD_EN, BitPos(LCD_EN+0)
;__Lib_Lcd.c,120 :: 		
0x02E7	0x2008      	CALL       _Delay_5500us
;__Lib_Lcd.c,123 :: 		
0x02E8	0x110C      	BCF        LCD_D4, BitPos(LCD_D4+0)
;__Lib_Lcd.c,124 :: 		
0x02E9	0x148C      	BSF        LCD_EN, BitPos(LCD_EN+0)
;__Lib_Lcd.c,125 :: 		
0x02EA	0x2011      	CALL       _Delay_1us
;__Lib_Lcd.c,126 :: 		
0x02EB	0x108C      	BCF        LCD_EN, BitPos(LCD_EN+0)
;__Lib_Lcd.c,127 :: 		
0x02EC	0x2008      	CALL       _Delay_5500us
;__Lib_Lcd.c,130 :: 		
0x02ED	0x148C      	BSF        LCD_EN, BitPos(LCD_EN+0)
;__Lib_Lcd.c,131 :: 		
0x02EE	0x2011      	CALL       _Delay_1us
;__Lib_Lcd.c,132 :: 		
0x02EF	0x108C      	BCF        LCD_EN, BitPos(LCD_EN+0)
;__Lib_Lcd.c,134 :: 		
0x02F0	0x118C      	BCF        LCD_D5, BitPos(LCD_D5+0)
;__Lib_Lcd.c,135 :: 		
0x02F1	0x170C      	BSF        LCD_D7, BitPos(LCD_D7+0)
;__Lib_Lcd.c,136 :: 		
0x02F2	0x148C      	BSF        LCD_EN, BitPos(LCD_EN+0)
;__Lib_Lcd.c,137 :: 		
0x02F3	0x2011      	CALL       _Delay_1us
;__Lib_Lcd.c,138 :: 		
0x02F4	0x108C      	BCF        LCD_EN, BitPos(LCD_EN+0)
;__Lib_Lcd.c,139 :: 		
0x02F5	0x2008      	CALL       _Delay_5500us
;__Lib_Lcd.c,142 :: 		
0x02F6	0x130C      	BCF        LCD_D7, BitPos(LCD_D7+0)
;__Lib_Lcd.c,143 :: 		
0x02F7	0x150C      	BSF        LCD_D4, BitPos(LCD_D4+0)
;__Lib_Lcd.c,144 :: 		
0x02F8	0x148C      	BSF        LCD_EN, BitPos(LCD_EN+0)
;__Lib_Lcd.c,145 :: 		
0x02F9	0x2011      	CALL       _Delay_1us
;__Lib_Lcd.c,146 :: 		
0x02FA	0x108C      	BCF        LCD_EN, BitPos(LCD_EN+0)
;__Lib_Lcd.c,148 :: 		
0x02FB	0x110C      	BCF        LCD_D4, BitPos(LCD_D4+0)
;__Lib_Lcd.c,149 :: 		
0x02FC	0x148C      	BSF        LCD_EN, BitPos(LCD_EN+0)
;__Lib_Lcd.c,150 :: 		
0x02FD	0x2011      	CALL       _Delay_1us
;__Lib_Lcd.c,151 :: 		
0x02FE	0x108C      	BCF        LCD_EN, BitPos(LCD_EN+0)
;__Lib_Lcd.c,152 :: 		
0x02FF	0x2008      	CALL       _Delay_5500us
;__Lib_Lcd.c,155 :: 		
0x0300	0x148C      	BSF        LCD_EN, BitPos(LCD_EN+0)
;__Lib_Lcd.c,156 :: 		
0x0301	0x2011      	CALL       _Delay_1us
;__Lib_Lcd.c,157 :: 		
0x0302	0x108C      	BCF        LCD_EN, BitPos(LCD_EN+0)
;__Lib_Lcd.c,159 :: 		
0x0303	0x150C      	BSF        LCD_D4, BitPos(LCD_D4+0)
;__Lib_Lcd.c,160 :: 		
0x0304	0x148C      	BSF        LCD_EN, BitPos(LCD_EN+0)
;__Lib_Lcd.c,161 :: 		
0x0305	0x2011      	CALL       _Delay_1us
;__Lib_Lcd.c,162 :: 		
0x0306	0x108C      	BCF        LCD_EN, BitPos(LCD_EN+0)
;__Lib_Lcd.c,163 :: 		
0x0307	0x2008      	CALL       _Delay_5500us
;__Lib_Lcd.c,166 :: 		
0x0308	0x110C      	BCF        LCD_D4, BitPos(LCD_D4+0)
;__Lib_Lcd.c,167 :: 		
0x0309	0x148C      	BSF        LCD_EN, BitPos(LCD_EN+0)
;__Lib_Lcd.c,168 :: 		
0x030A	0x2011      	CALL       _Delay_1us
;__Lib_Lcd.c,169 :: 		
0x030B	0x108C      	BCF        LCD_EN, BitPos(LCD_EN+0)
;__Lib_Lcd.c,171 :: 		
0x030C	0x170C      	BSF        LCD_D7, BitPos(LCD_D7+0)
;__Lib_Lcd.c,172 :: 		
0x030D	0x160C      	BSF        LCD_D6, BitPos(LCD_D6+0)
;__Lib_Lcd.c,173 :: 		
0x030E	0x158C      	BSF        LCD_D5, BitPos(LCD_D5+0)
;__Lib_Lcd.c,174 :: 		
0x030F	0x150C      	BSF        LCD_D4, BitPos(LCD_D4+0)
;__Lib_Lcd.c,175 :: 		
0x0310	0x148C      	BSF        LCD_EN, BitPos(LCD_EN+0)
;__Lib_Lcd.c,176 :: 		
0x0311	0x2011      	CALL       _Delay_1us
;__Lib_Lcd.c,177 :: 		
0x0312	0x108C      	BCF        LCD_EN, BitPos(LCD_EN+0)
;__Lib_Lcd.c,179 :: 		
0x0313	0x2008      	CALL       _Delay_5500us
;__Lib_Lcd.c,181 :: 		
0x0314	0x0021      	MOVLB      1
0x0315	0x1438      	BSF        __Lib_Lcd_cmd_status, BitPos(__Lib_Lcd_cmd_status+0)
;__Lib_Lcd.c,182 :: 		
L_end_Lcd_Init:
0x0316	0x0008      	RETURN
; end of _Lcd_Init
___CC2DW:
;__Lib_System.c,71 :: 		
;__Lib_System.c,73 :: 		
_CC2DL_Loop1:
;__Lib_System.c,74 :: 		
0x0317	0x0012      	MOVIW      FSR0++ 
;__Lib_System.c,75 :: 		
0x0318	0x001E      	MOVWI      FSR1++ 
;__Lib_System.c,76 :: 		
0x0319	0x03F0      	DECF       R0, 1
;__Lib_System.c,77 :: 		
0x031A	0x1D03      	BTFSS      STATUS, 2
;__Lib_System.c,78 :: 		
0x031B	0x2B17      	GOTO       _CC2DL_Loop1
;__Lib_System.c,79 :: 		
0x031C	0x03F1      	DECF       R1, 1
;__Lib_System.c,80 :: 		
0x031D	0x1D03      	BTFSS      STATUS, 2
;__Lib_System.c,81 :: 		
0x031E	0x2B17      	GOTO       _CC2DL_Loop1
;__Lib_System.c,83 :: 		
L_end___CC2DW:
0x031F	0x0008      	RETURN
; end of ___CC2DW
_main:
0x0320	0x23D6      	CALL       982
;evaluacio_2.c,82 :: 		void main() {
;evaluacio_2.c,84 :: 		OSCCON = 0b01110000;
0x0321	0x3070      	MOVLW      112
0x0322	0x0021      	MOVLB      1
0x0323	0x0099      	MOVWF      OSCCON
;evaluacio_2.c,85 :: 		ANSELA=0;
0x0324	0x0023      	MOVLB      3
0x0325	0x018C      	CLRF       ANSELA
;evaluacio_2.c,86 :: 		ANSELB=0;
0x0326	0x018D      	CLRF       ANSELB
;evaluacio_2.c,87 :: 		Lcd_Init();
0x0327	0x22C9      	CALL       _Lcd_Init
;evaluacio_2.c,88 :: 		Lcd_Cmd(_LCD_CLEAR);
0x0328	0x3001      	MOVLW      1
0x0329	0x00C5      	MOVWF      FARG_Lcd_Cmd_out_char
0x032A	0x2017      	CALL       _Lcd_Cmd
;evaluacio_2.c,89 :: 		Lcd_Cmd(_LCD_CURSOR_OFF);
0x032B	0x300C      	MOVLW      12
0x032C	0x0021      	MOVLB      1
0x032D	0x00C5      	MOVWF      FARG_Lcd_Cmd_out_char
0x032E	0x2017      	CALL       _Lcd_Cmd
;evaluacio_2.c,90 :: 		Lcd_Out(1, 1, "TECLADO");
0x032F	0x3001      	MOVLW      1
0x0330	0x0021      	MOVLB      1
0x0331	0x00BE      	MOVWF      FARG_Lcd_Out_row
0x0332	0x3001      	MOVLW      1
0x0333	0x00BF      	MOVWF      FARG_Lcd_Out_column
0x0334	0x3055      	MOVLW      ?lstr17_evaluacio_2
0x0335	0x00C0      	MOVWF      FARG_Lcd_Out_text
0x0336	0x3000      	MOVLW      hi_addr(?lstr17_evaluacio_2)
0x0337	0x00C1      	MOVWF      FARG_Lcd_Out_text+1
0x0338	0x2104      	CALL       _Lcd_Out
;evaluacio_2.c,91 :: 		Lcd_Out(2, 1, "ms");
0x0339	0x3002      	MOVLW      2
0x033A	0x00BE      	MOVWF      FARG_Lcd_Out_row
0x033B	0x3001      	MOVLW      1
0x033C	0x00BF      	MOVWF      FARG_Lcd_Out_column
0x033D	0x3052      	MOVLW      ?lstr18_evaluacio_2
0x033E	0x00C0      	MOVWF      FARG_Lcd_Out_text
0x033F	0x3000      	MOVLW      hi_addr(?lstr18_evaluacio_2)
0x0340	0x00C1      	MOVWF      FARG_Lcd_Out_text+1
0x0341	0x2104      	CALL       _Lcd_Out
;evaluacio_2.c,92 :: 		Keypad_Init();
0x0342	0x22BC      	CALL       _Keypad_Init
;evaluacio_2.c,94 :: 		TRISA7_bit = 0; //salida led
0x0343	0x138C      	BCF        TRISA7_bit, BitPos(TRISA7_bit+0)
;evaluacio_2.c,95 :: 		led = 1;
0x0344	0x0022      	MOVLB      2
0x0345	0x178C      	BSF        LATA7_bit, BitPos(LATA7_bit+0)
;evaluacio_2.c,97 :: 		Lcd_Out(2,8,"100 ");
0x0346	0x3002      	MOVLW      2
0x0347	0x0021      	MOVLB      1
0x0348	0x00BE      	MOVWF      FARG_Lcd_Out_row
0x0349	0x3008      	MOVLW      8
0x034A	0x00BF      	MOVWF      FARG_Lcd_Out_column
0x034B	0x305F      	MOVLW      ?lstr19_evaluacio_2
0x034C	0x00C0      	MOVWF      FARG_Lcd_Out_text
0x034D	0x3000      	MOVLW      hi_addr(?lstr19_evaluacio_2)
0x034E	0x00C1      	MOVWF      FARG_Lcd_Out_text+1
0x034F	0x2104      	CALL       _Lcd_Out
;evaluacio_2.c,99 :: 		while (1) {
L_main23:
;evaluacio_2.c,100 :: 		led = ~led; //invierte el led
0x0350	0x3080      	MOVLW      128
0x0351	0x0022      	MOVLB      2
0x0352	0x068C      	XORWF      LATA7_bit, 1
;evaluacio_2.c,101 :: 		miretardo(final);
0x0353	0x0020      	MOVLB      0
0x0354	0x085D      	MOVF       _final, 0
0x0355	0x0021      	MOVLB      1
0x0356	0x00B9      	MOVWF      FARG_miretardo_valor
0x0357	0x0020      	MOVLB      0
0x0358	0x085E      	MOVF       _final+1, 0
0x0359	0x0021      	MOVLB      1
0x035A	0x00BA      	MOVWF      FARG_miretardo_valor+1
0x035B	0x229F      	CALL       _miretardo
;evaluacio_2.c,102 :: 		sins=00;
0x035C	0x0020      	MOVLB      0
0x035D	0x01EE      	CLRF       _sins
0x035E	0x01EF      	CLRF       _sins+1
;evaluacio_2.c,103 :: 		ByteToStr(sins,tex);
0x035F	0x0021      	MOVLB      1
0x0360	0x01BE      	CLRF       FARG_ByteToStr_input
0x0361	0x30B4      	MOVLW      _tex
0x0362	0x00BF      	MOVWF      FARG_ByteToStr_output
0x0363	0x3000      	MOVLW      hi_addr(_tex)
0x0364	0x00C0      	MOVWF      FARG_ByteToStr_output+1
0x0365	0x20C6      	CALL       _ByteToStr
;evaluacio_2.c,104 :: 		Lcd_Out(1,8,tex);
0x0366	0x3001      	MOVLW      1
0x0367	0x00BE      	MOVWF      FARG_Lcd_Out_row
0x0368	0x3008      	MOVLW      8
0x0369	0x00BF      	MOVWF      FARG_Lcd_Out_column
0x036A	0x30B4      	MOVLW      _tex
0x036B	0x00C0      	MOVWF      FARG_Lcd_Out_text
0x036C	0x3000      	MOVLW      hi_addr(_tex)
0x036D	0x00C1      	MOVWF      FARG_Lcd_Out_text+1
0x036E	0x2104      	CALL       _Lcd_Out
;evaluacio_2.c,105 :: 		}
0x036F	0x2B50      	GOTO       L_main23
;evaluacio_2.c,106 :: 		}
L_end_main:
0x0370	0x2B70      	GOTO       $+0
; end of _main
0x03D6	0x3074      	MOVLW      116
0x03D7	0x0084      	MOVWF      FSR0
0x03D8	0x3083      	MOVLW      131
0x03D9	0x0085      	MOVWF      FSR0H
0x03DA	0x304E      	MOVLW      78
0x03DB	0x00F0      	MOVWF      R0
0x03DC	0x3001      	MOVLW      1
0x03DD	0x00F1      	MOVWF      R1
0x03DE	0x3020      	MOVLW      32
0x03DF	0x0086      	MOVWF      FSR1
0x03E0	0x3000      	MOVLW      0
0x03E1	0x0087      	MOVWF      FSR1H
0x03E2	0x2317      	CALL       791
0x03E3	0x30C2      	MOVLW      194
0x03E4	0x0084      	MOVWF      FSR0
0x03E5	0x3083      	MOVLW      131
0x03E6	0x0085      	MOVWF      FSR0H
0x03E7	0x3014      	MOVLW      20
0x03E8	0x00F0      	MOVWF      R0
0x03E9	0x3001      	MOVLW      1
0x03EA	0x00F1      	MOVWF      R1
0x03EB	0x30A0      	MOVLW      160
0x03EC	0x0086      	MOVWF      FSR1
0x03ED	0x3000      	MOVLW      0
0x03EE	0x0087      	MOVWF      FSR1H
0x03EF	0x2317      	CALL       791
0x03F0	0x0008      	RETURN
;evaluacio_2.c,0 :: ?ICS?lstr7_evaluacio_2
0x0374	0x3432 ;?ICS?lstr7_evaluacio_2+0
0x0375	0x3430 ;?ICS?lstr7_evaluacio_2+1
0x0376	0x3430 ;?ICS?lstr7_evaluacio_2+2
0x0377	0x3430 ;?ICS?lstr7_evaluacio_2+3
0x0378	0x3400 ;?ICS?lstr7_evaluacio_2+4
; end of ?ICS?lstr7_evaluacio_2
;evaluacio_2.c,0 :: ?ICS?lstr6_evaluacio_2
0x0379	0x3431 ;?ICS?lstr6_evaluacio_2+0
0x037A	0x3435 ;?ICS?lstr6_evaluacio_2+1
0x037B	0x3430 ;?ICS?lstr6_evaluacio_2+2
0x037C	0x3430 ;?ICS?lstr6_evaluacio_2+3
0x037D	0x3400 ;?ICS?lstr6_evaluacio_2+4
; end of ?ICS?lstr6_evaluacio_2
;evaluacio_2.c,0 :: ?ICS?lstr5_evaluacio_2
0x037E	0x3431 ;?ICS?lstr5_evaluacio_2+0
0x037F	0x3430 ;?ICS?lstr5_evaluacio_2+1
0x0380	0x3430 ;?ICS?lstr5_evaluacio_2+2
0x0381	0x3430 ;?ICS?lstr5_evaluacio_2+3
0x0382	0x3400 ;?ICS?lstr5_evaluacio_2+4
; end of ?ICS?lstr5_evaluacio_2
;evaluacio_2.c,0 :: ?ICS?lstr10_evaluacio_2
0x0383	0x3434 ;?ICS?lstr10_evaluacio_2+0
0x0384	0x3430 ;?ICS?lstr10_evaluacio_2+1
0x0385	0x3430 ;?ICS?lstr10_evaluacio_2+2
0x0386	0x3430 ;?ICS?lstr10_evaluacio_2+3
0x0387	0x3400 ;?ICS?lstr10_evaluacio_2+4
; end of ?ICS?lstr10_evaluacio_2
;evaluacio_2.c,0 :: ?ICS?lstr9_evaluacio_2
0x0388	0x3433 ;?ICS?lstr9_evaluacio_2+0
0x0389	0x3435 ;?ICS?lstr9_evaluacio_2+1
0x038A	0x3430 ;?ICS?lstr9_evaluacio_2+2
0x038B	0x3430 ;?ICS?lstr9_evaluacio_2+3
0x038C	0x3400 ;?ICS?lstr9_evaluacio_2+4
; end of ?ICS?lstr9_evaluacio_2
;evaluacio_2.c,0 :: ?ICS?lstr8_evaluacio_2
0x038D	0x3432 ;?ICS?lstr8_evaluacio_2+0
0x038E	0x3435 ;?ICS?lstr8_evaluacio_2+1
0x038F	0x3430 ;?ICS?lstr8_evaluacio_2+2
0x0390	0x3430 ;?ICS?lstr8_evaluacio_2+3
0x0391	0x3400 ;?ICS?lstr8_evaluacio_2+4
; end of ?ICS?lstr8_evaluacio_2
;evaluacio_2.c,0 :: ?ICS?lstr1_evaluacio_2
0x0392	0x3431 ;?ICS?lstr1_evaluacio_2+0
0x0393	0x3430 ;?ICS?lstr1_evaluacio_2+1
0x0394	0x3430 ;?ICS?lstr1_evaluacio_2+2
0x0395	0x3420 ;?ICS?lstr1_evaluacio_2+3
0x0396	0x3400 ;?ICS?lstr1_evaluacio_2+4
; end of ?ICS?lstr1_evaluacio_2
;evaluacio_2.c,0 :: ?ICS?lstr4_evaluacio_2
0x0397	0x3438 ;?ICS?lstr4_evaluacio_2+0
0x0398	0x3430 ;?ICS?lstr4_evaluacio_2+1
0x0399	0x3430 ;?ICS?lstr4_evaluacio_2+2
0x039A	0x3420 ;?ICS?lstr4_evaluacio_2+3
0x039B	0x3400 ;?ICS?lstr4_evaluacio_2+4
; end of ?ICS?lstr4_evaluacio_2
;evaluacio_2.c,0 :: ?ICS?lstr3_evaluacio_2
0x039C	0x3437 ;?ICS?lstr3_evaluacio_2+0
0x039D	0x3430 ;?ICS?lstr3_evaluacio_2+1
0x039E	0x3430 ;?ICS?lstr3_evaluacio_2+2
0x039F	0x3420 ;?ICS?lstr3_evaluacio_2+3
0x03A0	0x3400 ;?ICS?lstr3_evaluacio_2+4
; end of ?ICS?lstr3_evaluacio_2
;evaluacio_2.c,0 :: ?ICS?lstr2_evaluacio_2
0x03A1	0x3433 ;?ICS?lstr2_evaluacio_2+0
0x03A2	0x3430 ;?ICS?lstr2_evaluacio_2+1
0x03A3	0x3430 ;?ICS?lstr2_evaluacio_2+2
0x03A4	0x3420 ;?ICS?lstr2_evaluacio_2+3
0x03A5	0x3400 ;?ICS?lstr2_evaluacio_2+4
; end of ?ICS?lstr2_evaluacio_2
;evaluacio_2.c,0 :: ?ICS?lstr18_evaluacio_2
0x03A6	0x346D ;?ICS?lstr18_evaluacio_2+0
0x03A7	0x3473 ;?ICS?lstr18_evaluacio_2+1
0x03A8	0x3400 ;?ICS?lstr18_evaluacio_2+2
; end of ?ICS?lstr18_evaluacio_2
;evaluacio_2.c,0 :: ?ICS?lstr17_evaluacio_2
0x03A9	0x3454 ;?ICS?lstr17_evaluacio_2+0
0x03AA	0x3445 ;?ICS?lstr17_evaluacio_2+1
0x03AB	0x3443 ;?ICS?lstr17_evaluacio_2+2
0x03AC	0x344C ;?ICS?lstr17_evaluacio_2+3
0x03AD	0x3441 ;?ICS?lstr17_evaluacio_2+4
0x03AE	0x3444 ;?ICS?lstr17_evaluacio_2+5
0x03AF	0x344F ;?ICS?lstr17_evaluacio_2+6
0x03B0	0x3400 ;?ICS?lstr17_evaluacio_2+7
; end of ?ICS?lstr17_evaluacio_2
;evaluacio_2.c,0 :: ?ICS_final
0x03B1	0x3432 ;?ICS_final+0
0x03B2	0x3400 ;?ICS_final+1
; end of ?ICS_final
;evaluacio_2.c,0 :: ?ICS?lstr19_evaluacio_2
0x03B3	0x3431 ;?ICS?lstr19_evaluacio_2+0
0x03B4	0x3430 ;?ICS?lstr19_evaluacio_2+1
0x03B5	0x3430 ;?ICS?lstr19_evaluacio_2+2
0x03B6	0x3420 ;?ICS?lstr19_evaluacio_2+3
0x03B7	0x3400 ;?ICS?lstr19_evaluacio_2+4
; end of ?ICS?lstr19_evaluacio_2
;evaluacio_2.c,0 :: ?ICS?lstr13_evaluacio_2
0x03B8	0x3436 ;?ICS?lstr13_evaluacio_2+0
0x03B9	0x3435 ;?ICS?lstr13_evaluacio_2+1
0x03BA	0x3430 ;?ICS?lstr13_evaluacio_2+2
0x03BB	0x3430 ;?ICS?lstr13_evaluacio_2+3
0x03BC	0x3400 ;?ICS?lstr13_evaluacio_2+4
; end of ?ICS?lstr13_evaluacio_2
;evaluacio_2.c,0 :: ?ICS?lstr12_evaluacio_2
0x03BD	0x3436 ;?ICS?lstr12_evaluacio_2+0
0x03BE	0x3430 ;?ICS?lstr12_evaluacio_2+1
0x03BF	0x3430 ;?ICS?lstr12_evaluacio_2+2
0x03C0	0x3430 ;?ICS?lstr12_evaluacio_2+3
0x03C1	0x3400 ;?ICS?lstr12_evaluacio_2+4
; end of ?ICS?lstr12_evaluacio_2
;evaluacio_2.c,0 :: ?ICS?lstr11_evaluacio_2
0x03C2	0x3435 ;?ICS?lstr11_evaluacio_2+0
0x03C3	0x3430 ;?ICS?lstr11_evaluacio_2+1
0x03C4	0x3430 ;?ICS?lstr11_evaluacio_2+2
0x03C5	0x3430 ;?ICS?lstr11_evaluacio_2+3
0x03C6	0x3400 ;?ICS?lstr11_evaluacio_2+4
; end of ?ICS?lstr11_evaluacio_2
;evaluacio_2.c,0 :: ?ICS?lstr16_evaluacio_2
0x03C7	0x3438 ;?ICS?lstr16_evaluacio_2+0
0x03C8	0x3430 ;?ICS?lstr16_evaluacio_2+1
0x03C9	0x3430 ;?ICS?lstr16_evaluacio_2+2
0x03CA	0x3430 ;?ICS?lstr16_evaluacio_2+3
0x03CB	0x3400 ;?ICS?lstr16_evaluacio_2+4
; end of ?ICS?lstr16_evaluacio_2
;evaluacio_2.c,0 :: ?ICS?lstr15_evaluacio_2
0x03CC	0x3437 ;?ICS?lstr15_evaluacio_2+0
0x03CD	0x3435 ;?ICS?lstr15_evaluacio_2+1
0x03CE	0x3430 ;?ICS?lstr15_evaluacio_2+2
0x03CF	0x3430 ;?ICS?lstr15_evaluacio_2+3
0x03D0	0x3400 ;?ICS?lstr15_evaluacio_2+4
; end of ?ICS?lstr15_evaluacio_2
;evaluacio_2.c,0 :: ?ICS?lstr14_evaluacio_2
0x03D1	0x3437 ;?ICS?lstr14_evaluacio_2+0
0x03D2	0x3430 ;?ICS?lstr14_evaluacio_2+1
0x03D3	0x3430 ;?ICS?lstr14_evaluacio_2+2
0x03D4	0x3430 ;?ICS?lstr14_evaluacio_2+3
0x03D5	0x3400 ;?ICS?lstr14_evaluacio_2+4
; end of ?ICS?lstr14_evaluacio_2
Symbol List:
//** Routines locations **
//ADDRESS    SIZE    PROCEDURE
//----------------------------------------------
0x0003       [5]    _Delay_50us
0x0008       [9]    _Delay_5500us
0x0011       [6]    _Delay_1us
0x0017      [93]    _Lcd_Cmd
0x0074       [8]    _Lcd_Chr_CP
0x007C      [16]    _Div_8X8_U
0x008C      [58]    _Keypad_Key_Press
0x00C6      [62]    _ByteToStr
0x0104      [69]    _Lcd_Out
0x0149     [342]    _teclado_deco
0x029F      [29]    _miretardo
0x02BC      [13]    _Keypad_Init
0x02C9      [78]    _Lcd_Init
0x0317       [9]    ___CC2DW
0x0320      [80]    _main
//** Variables locations ** 
//ADDRESS    SIZE    VARIABLE
//----------------------------------------------
0x0000       [1]    INDF0
0x0001       [1]    INDF1
0x0003       [1]    STATUS
0x0004       [1]    FSR0L
0x0005       [1]    FSR0H
0x0006       [1]    FSR1L
0x0007       [1]    FSR1H
0x000A       [1]    PCLATH
0x000C       [0]    LCD_D6
0x000C       [0]    LCD_D5
0x000C       [0]    RA0_bit
0x000C       [0]    LCD_D7
0x000C       [0]    LCD_RS
0x000C       [0]    LCD_EN
0x000C       [0]    LCD_D4
0x000C       [0]    RA4_bit
0x000C       [0]    RA6_bit
0x000C       [0]    RA2_bit
0x000C       [0]    RA1_bit
0x000C       [0]    RA3_bit
0x000D       [1]    keypadPort
0x000D       [1]    PORTB
0x0020       [5]    ?lstr7_evaluacio_2
0x0025       [5]    ?lstr6_evaluacio_2
0x002A       [5]    ?lstr5_evaluacio_2
0x002F       [5]    ?lstr10_evaluacio_2
0x0034       [5]    ?lstr9_evaluacio_2
0x0039       [5]    ?lstr8_evaluacio_2
0x003E       [5]    ?lstr1_evaluacio_2
0x0043       [5]    ?lstr4_evaluacio_2
0x0048       [5]    ?lstr3_evaluacio_2
0x004D       [5]    ?lstr2_evaluacio_2
0x0052       [3]    ?lstr18_evaluacio_2
0x0055       [8]    ?lstr17_evaluacio_2
0x005D       [2]    _final
0x005F       [5]    ?lstr19_evaluacio_2
0x0064       [5]    ?lstr13_evaluacio_2
0x0069       [5]    ?lstr12_evaluacio_2
0x006E       [2]    _sins
0x0070       [1]    R0
0x0071       [1]    R1
0x0072       [1]    R2
0x0073       [1]    R3
0x0074       [1]    R4
0x0075       [1]    R5
0x0076       [1]    R6
0x0077       [1]    R7
0x0078       [1]    R8
0x0079       [1]    R9
0x007A       [1]    R10
0x007B       [1]    R11
0x007C       [1]    R12
0x007D       [1]    R13
0x007E       [1]    R14
0x007F       [1]    R15
0x008C       [0]    TRISA2_bit
0x008C       [0]    LCD_D6_Direction
0x008C       [0]    TRISA3_bit
0x008C       [0]    TRISA0_bit
0x008C       [0]    LCD_D7_Direction
0x008C       [0]    TRISA1_bit
0x008C       [0]    TRISA7_bit
0x008C       [0]    LCD_RS_Direction
0x008C       [0]    LCD_EN_Direction
0x008C       [0]    TRISA6_bit
0x008C       [0]    LCD_D4_Direction
0x008C       [0]    LCD_D5_Direction
0x008C       [0]    TRISA4_bit
0x0099       [1]    OSCCON
0x00A0       [5]    ?lstr11_evaluacio_2
0x00A5       [5]    ?lstr16_evaluacio_2
0x00AA       [5]    ?lstr15_evaluacio_2
0x00AF       [5]    ?lstr14_evaluacio_2
0x00B4       [4]    _tex
0x00B8       [0]    __Lib_Lcd_cmd_status
0x00B9       [2]    FARG_miretardo_valor
0x00BB       [2]    teclado_deco_retardo_L0
0x00BD       [1]    teclado_deco_tec_L0
0x00BE       [1]    Keypad_Key_Press_rslt_L0
0x00BE       [1]    FARG_Lcd_Out_row
0x00BE       [1]    FARG_ByteToStr_input
0x00BF       [1]    Keypad_Key_Press_kdata_L0
0x00BF       [1]    FARG_Lcd_Out_column
0x00BF       [2]    FARG_ByteToStr_output
0x00C0       [2]    FARG_Lcd_Out_text
0x00C0       [1]    Keypad_Key_Press_loc_L0
0x00C1       [1]    ByteToStr_DigitPos_L0
0x00C1       [1]    Keypad_Key_Press_rowcnt_L0
0x00C2       [1]    Keypad_Key_Press_shifter_L0
0x00C2       [2]    FLOC__ByteToStr
0x00C2       [1]    Lcd_Out_i_L0
0x00C4       [1]    FARG_Lcd_Chr_CP_out_char
0x00C5       [1]    FARG_Lcd_Cmd_out_char
0x010C       [0]    LATA7_bit
0x010C       [0]    led
0x018C       [1]    ANSELA
0x018D       [1]    ANSELB
//** Constants locations ** 
//ADDRESS    SIZE    CONSTANT
//----------------------------------------------
0x0374       [5]    ?ICS?lstr7_evaluacio_2
0x0379       [5]    ?ICS?lstr6_evaluacio_2
0x037E       [5]    ?ICS?lstr5_evaluacio_2
0x0383       [5]    ?ICS?lstr10_evaluacio_2
0x0388       [5]    ?ICS?lstr9_evaluacio_2
0x038D       [5]    ?ICS?lstr8_evaluacio_2
0x0392       [5]    ?ICS?lstr1_evaluacio_2
0x0397       [5]    ?ICS?lstr4_evaluacio_2
0x039C       [5]    ?ICS?lstr3_evaluacio_2
0x03A1       [5]    ?ICS?lstr2_evaluacio_2
0x03A6       [3]    ?ICS?lstr18_evaluacio_2
0x03A9       [8]    ?ICS?lstr17_evaluacio_2
0x03B1       [2]    ?ICS_final
0x03B3       [5]    ?ICS?lstr19_evaluacio_2
0x03B8       [5]    ?ICS?lstr13_evaluacio_2
0x03BD       [5]    ?ICS?lstr12_evaluacio_2
0x03C2       [5]    ?ICS?lstr11_evaluacio_2
0x03C7       [5]    ?ICS?lstr16_evaluacio_2
0x03CC       [5]    ?ICS?lstr15_evaluacio_2
0x03D1       [5]    ?ICS?lstr14_evaluacio_2
