;  LST file generated by mikroListExporter - v.2.0 
; Date/Time: 15/02/2024 11:26:28
;----------------------------------------------

;Address Opcode 	ASM
0x0000	0x280C      	GOTO       12
___CC2DW:
;__Lib_System.c,71 :: 		
;__Lib_System.c,73 :: 		
_CC2DL_Loop1:
;__Lib_System.c,74 :: 		
0x0003	0x0012      	MOVIW      FSR0++ 
;__Lib_System.c,75 :: 		
0x0004	0x001E      	MOVWI      FSR1++ 
;__Lib_System.c,76 :: 		
0x0005	0x03F0      	DECF       R0, 1
;__Lib_System.c,77 :: 		
0x0006	0x1D03      	BTFSS      STATUS, 2
;__Lib_System.c,78 :: 		
0x0007	0x2803      	GOTO       _CC2DL_Loop1
;__Lib_System.c,79 :: 		
0x0008	0x03F1      	DECF       R1, 1
;__Lib_System.c,80 :: 		
0x0009	0x1D03      	BTFSS      STATUS, 2
;__Lib_System.c,81 :: 		
0x000A	0x2803      	GOTO       _CC2DL_Loop1
;__Lib_System.c,83 :: 		
L_end___CC2DW:
0x000B	0x0008      	RETURN
; end of ___CC2DW
_main:
;Program1_Debug.c,2 :: 		void main() {
;Program1_Debug.c,3 :: 		OSCCON = 0b11110000; // OSCCON.F7 === 8 ó 32 MHz Para que el clock opere a 8 MHz
0x000C	0x30F0      	MOVLW      240
0x000D	0x0021      	MOVLB      1
0x000E	0x0099      	MOVWF      OSCCON
;Program1_Debug.c,4 :: 		TRISA = 0; // Puerto A
0x000F	0x018C      	CLRF       TRISA
;Program1_Debug.c,6 :: 		ansela = 0;
0x0010	0x0023      	MOVLB      3
0x0011	0x018C      	CLRF       ANSELA
;Program1_Debug.c,8 :: 		while (1){
L_main0:
;Program1_Debug.c,9 :: 		LATA = 0;  // Saca por el puerto A un 0
0x0012	0x0022      	MOVLB      2
0x0013	0x018C      	CLRF       LATA
;Program1_Debug.c,14 :: 		LATA = 0B11111111;     // Pone todo el puerto A en 1
0x0014	0x30FF      	MOVLW      255
0x0015	0x008C      	MOVWF      LATA
;Program1_Debug.c,20 :: 		}
0x0016	0x2812      	GOTO       L_main0
;Program1_Debug.c,21 :: 		}
L_end_main:
0x0017	0x2817      	GOTO       $+0
; end of _main
Symbol List:
//** Routines locations **
//ADDRESS    SIZE    PROCEDURE
//----------------------------------------------
0x0003       [9]    ___CC2DW
0x000C      [12]    _main
//** Variables locations ** 
//ADDRESS    SIZE    VARIABLE
//----------------------------------------------
0x0000       [1]    INDF0
0x0001       [1]    INDF1
0x0003       [1]    STATUS
0x0004       [1]    FSR0L
0x0005       [1]    FSR0H
0x0006       [1]    FSR1L
0x0007       [1]    FSR1H
0x000A       [1]    PCLATH
0x0070       [1]    R0
0x0071       [1]    R1
0x0072       [1]    R2
0x0073       [1]    R3
0x0074       [1]    R4
0x0075       [1]    R5
0x0076       [1]    R6
0x0077       [1]    R7
0x0078       [1]    R8
0x0079       [1]    R9
0x007A       [1]    R10
0x007B       [1]    R11
0x007C       [1]    R12
0x007D       [1]    R13
0x007E       [1]    R14
0x007F       [1]    R15
0x008C       [1]    TRISA
0x0099       [1]    OSCCON
0x010C       [1]    LATA
0x018C       [1]    ANSELA
