;  LST file generated by mikroListExporter - v.2.0 
; Date/Time: 19/02/2024 15:21:26
;----------------------------------------------

;Address Opcode 	ASM
0x0000	0x2A9A      	GOTO       666
_zero:
;Parcial_1_2195533.c,6 :: 		void zero(){
;Parcial_1_2195533.c,7 :: 		PORTA.F0 = 1;
0x0003	0x0020      	MOVLB      0
0x0004	0x140C      	BSF        PORTA, 0
;Parcial_1_2195533.c,8 :: 		PORTA.F0 = 0;
0x0005	0x100C      	BCF        PORTA, 0
;Parcial_1_2195533.c,9 :: 		delay_us(1);
0x0006	0x3002      	MOVLW      2
0x0007	0x00FD      	MOVWF      R13
L_zero0:
0x0008	0x0BFD      	DECFSZ     R13, 1
0x0009	0x2808      	GOTO       L_zero0
0x000A	0x0000      	NOP
;Parcial_1_2195533.c,10 :: 		}
L_end_zero:
0x000B	0x0008      	RETURN
; end of _zero
_one:
;Parcial_1_2195533.c,12 :: 		void one(){
;Parcial_1_2195533.c,13 :: 		PORTA.F0 = 1;
0x000C	0x0020      	MOVLB      0
0x000D	0x140C      	BSF        PORTA, 0
;Parcial_1_2195533.c,14 :: 		delay_us(1);
0x000E	0x3002      	MOVLW      2
0x000F	0x00FD      	MOVWF      R13
L_one1:
0x0010	0x0BFD      	DECFSZ     R13, 1
0x0011	0x2810      	GOTO       L_one1
0x0012	0x0000      	NOP
;Parcial_1_2195533.c,15 :: 		PORTA.F0 = 0;
0x0013	0x100C      	BCF        PORTA, 0
;Parcial_1_2195533.c,16 :: 		}
L_end_one:
0x0014	0x0008      	RETURN
; end of _one
_AZ:
;Parcial_1_2195533.c,31 :: 		void AZ (void){ // COLOR AZUL
;Parcial_1_2195533.c,33 :: 		zero(); zero(); zero(); zero(); zero(); zero(); zero(); zero();
0x0015	0x2003      	CALL       _zero
0x0016	0x2003      	CALL       _zero
0x0017	0x2003      	CALL       _zero
0x0018	0x2003      	CALL       _zero
0x0019	0x2003      	CALL       _zero
0x001A	0x2003      	CALL       _zero
0x001B	0x2003      	CALL       _zero
0x001C	0x2003      	CALL       _zero
;Parcial_1_2195533.c,35 :: 		zero(); zero(); zero(); zero(); zero(); zero(); zero(); zero();
0x001D	0x2003      	CALL       _zero
0x001E	0x2003      	CALL       _zero
0x001F	0x2003      	CALL       _zero
0x0020	0x2003      	CALL       _zero
0x0021	0x2003      	CALL       _zero
0x0022	0x2003      	CALL       _zero
0x0023	0x2003      	CALL       _zero
0x0024	0x2003      	CALL       _zero
;Parcial_1_2195533.c,37 :: 		one(); one(); one(); one(); one(); one(); one(); one();
0x0025	0x200C      	CALL       _one
0x0026	0x200C      	CALL       _one
0x0027	0x200C      	CALL       _one
0x0028	0x200C      	CALL       _one
0x0029	0x200C      	CALL       _one
0x002A	0x200C      	CALL       _one
0x002B	0x200C      	CALL       _one
0x002C	0x200C      	CALL       _one
;Parcial_1_2195533.c,38 :: 		}
L_end_AZ:
0x002D	0x0008      	RETURN
; end of _AZ
_MR:
;Parcial_1_2195533.c,58 :: 		void MR (void){ // COLOR MORADO
;Parcial_1_2195533.c,60 :: 		zero(); zero(); zero(); zero(); zero(); zero(); zero(); zero();
0x002E	0x2003      	CALL       _zero
0x002F	0x2003      	CALL       _zero
0x0030	0x2003      	CALL       _zero
0x0031	0x2003      	CALL       _zero
0x0032	0x2003      	CALL       _zero
0x0033	0x2003      	CALL       _zero
0x0034	0x2003      	CALL       _zero
0x0035	0x2003      	CALL       _zero
;Parcial_1_2195533.c,62 :: 		one(); zero(); zero(); zero(); zero(); zero(); zero(); zero();
0x0036	0x200C      	CALL       _one
0x0037	0x2003      	CALL       _zero
0x0038	0x2003      	CALL       _zero
0x0039	0x2003      	CALL       _zero
0x003A	0x2003      	CALL       _zero
0x003B	0x2003      	CALL       _zero
0x003C	0x2003      	CALL       _zero
0x003D	0x2003      	CALL       _zero
;Parcial_1_2195533.c,64 :: 		one(); zero(); zero(); zero(); zero(); zero(); zero(); zero();
0x003E	0x200C      	CALL       _one
0x003F	0x2003      	CALL       _zero
0x0040	0x2003      	CALL       _zero
0x0041	0x2003      	CALL       _zero
0x0042	0x2003      	CALL       _zero
0x0043	0x2003      	CALL       _zero
0x0044	0x2003      	CALL       _zero
0x0045	0x2003      	CALL       _zero
;Parcial_1_2195533.c,65 :: 		}
L_end_MR:
0x0046	0x0008      	RETURN
; end of _MR
_TQ:
;Parcial_1_2195533.c,49 :: 		void TQ (void){ // COLOR TURQUESA
;Parcial_1_2195533.c,51 :: 		one(); zero(); zero(); zero(); zero(); zero(); zero(); zero();
0x0047	0x200C      	CALL       _one
0x0048	0x2003      	CALL       _zero
0x0049	0x2003      	CALL       _zero
0x004A	0x2003      	CALL       _zero
0x004B	0x2003      	CALL       _zero
0x004C	0x2003      	CALL       _zero
0x004D	0x2003      	CALL       _zero
0x004E	0x2003      	CALL       _zero
;Parcial_1_2195533.c,53 :: 		zero(); zero(); zero(); zero(); zero(); zero(); zero(); zero();
0x004F	0x2003      	CALL       _zero
0x0050	0x2003      	CALL       _zero
0x0051	0x2003      	CALL       _zero
0x0052	0x2003      	CALL       _zero
0x0053	0x2003      	CALL       _zero
0x0054	0x2003      	CALL       _zero
0x0055	0x2003      	CALL       _zero
0x0056	0x2003      	CALL       _zero
;Parcial_1_2195533.c,55 :: 		one(); zero(); zero(); zero(); zero(); zero(); zero(); zero();
0x0057	0x200C      	CALL       _one
0x0058	0x2003      	CALL       _zero
0x0059	0x2003      	CALL       _zero
0x005A	0x2003      	CALL       _zero
0x005B	0x2003      	CALL       _zero
0x005C	0x2003      	CALL       _zero
0x005D	0x2003      	CALL       _zero
0x005E	0x2003      	CALL       _zero
;Parcial_1_2195533.c,56 :: 		}
L_end_TQ:
0x005F	0x0008      	RETURN
; end of _TQ
_OL:
;Parcial_1_2195533.c,40 :: 		void OL (void){ // COLOR OLIVA
;Parcial_1_2195533.c,42 :: 		one(); zero(); zero(); zero(); zero(); zero(); zero(); zero();
0x0060	0x200C      	CALL       _one
0x0061	0x2003      	CALL       _zero
0x0062	0x2003      	CALL       _zero
0x0063	0x2003      	CALL       _zero
0x0064	0x2003      	CALL       _zero
0x0065	0x2003      	CALL       _zero
0x0066	0x2003      	CALL       _zero
0x0067	0x2003      	CALL       _zero
;Parcial_1_2195533.c,44 :: 		one(); zero(); zero(); zero(); zero(); zero(); zero(); zero();
0x0068	0x200C      	CALL       _one
0x0069	0x2003      	CALL       _zero
0x006A	0x2003      	CALL       _zero
0x006B	0x2003      	CALL       _zero
0x006C	0x2003      	CALL       _zero
0x006D	0x2003      	CALL       _zero
0x006E	0x2003      	CALL       _zero
0x006F	0x2003      	CALL       _zero
;Parcial_1_2195533.c,46 :: 		zero(); zero(); zero(); zero(); zero(); zero(); zero(); zero();
0x0070	0x2003      	CALL       _zero
0x0071	0x2003      	CALL       _zero
0x0072	0x2003      	CALL       _zero
0x0073	0x2003      	CALL       _zero
0x0074	0x2003      	CALL       _zero
0x0075	0x2003      	CALL       _zero
0x0076	0x2003      	CALL       _zero
0x0077	0x2003      	CALL       _zero
;Parcial_1_2195533.c,47 :: 		}
L_end_OL:
0x0078	0x0008      	RETURN
; end of _OL
_NG:
;Parcial_1_2195533.c,22 :: 		void NG (void){ // COLOR NEGRO
;Parcial_1_2195533.c,24 :: 		zero(); zero(); zero(); zero(); zero(); zero(); zero(); zero();
0x0079	0x2003      	CALL       _zero
0x007A	0x2003      	CALL       _zero
0x007B	0x2003      	CALL       _zero
0x007C	0x2003      	CALL       _zero
0x007D	0x2003      	CALL       _zero
0x007E	0x2003      	CALL       _zero
0x007F	0x2003      	CALL       _zero
0x0080	0x2003      	CALL       _zero
;Parcial_1_2195533.c,26 :: 		zero(); zero(); zero(); zero(); zero(); zero(); zero(); zero();
0x0081	0x2003      	CALL       _zero
0x0082	0x2003      	CALL       _zero
0x0083	0x2003      	CALL       _zero
0x0084	0x2003      	CALL       _zero
0x0085	0x2003      	CALL       _zero
0x0086	0x2003      	CALL       _zero
0x0087	0x2003      	CALL       _zero
0x0088	0x2003      	CALL       _zero
;Parcial_1_2195533.c,28 :: 		zero(); zero(); zero(); zero(); zero(); zero(); zero(); zero();
0x0089	0x2003      	CALL       _zero
0x008A	0x2003      	CALL       _zero
0x008B	0x2003      	CALL       _zero
0x008C	0x2003      	CALL       _zero
0x008D	0x2003      	CALL       _zero
0x008E	0x2003      	CALL       _zero
0x008F	0x2003      	CALL       _zero
0x0090	0x2003      	CALL       _zero
;Parcial_1_2195533.c,29 :: 		}
L_end_NG:
0x0091	0x0008      	RETURN
; end of _NG
_EEE:
;Parcial_1_2195533.c,100 :: 		void EEE(){  // LETRA E
;Parcial_1_2195533.c,101 :: 		NG(); NG(); NG(); NG(); NG(); NG(); NG(); NG();
0x0092	0x2079      	CALL       _NG
0x0093	0x2079      	CALL       _NG
0x0094	0x2079      	CALL       _NG
0x0095	0x2079      	CALL       _NG
0x0096	0x2079      	CALL       _NG
0x0097	0x2079      	CALL       _NG
0x0098	0x2079      	CALL       _NG
0x0099	0x2079      	CALL       _NG
;Parcial_1_2195533.c,102 :: 		NG(); NG(); OL(); OL(); OL(); OL(); OL(); OL();
0x009A	0x2079      	CALL       _NG
0x009B	0x2079      	CALL       _NG
0x009C	0x2060      	CALL       _OL
0x009D	0x2060      	CALL       _OL
0x009E	0x2060      	CALL       _OL
0x009F	0x2060      	CALL       _OL
0x00A0	0x2060      	CALL       _OL
0x00A1	0x2060      	CALL       _OL
;Parcial_1_2195533.c,103 :: 		NG(); NG(); OL(); OL(); OL(); OL(); OL(); OL();
0x00A2	0x2079      	CALL       _NG
0x00A3	0x2079      	CALL       _NG
0x00A4	0x2060      	CALL       _OL
0x00A5	0x2060      	CALL       _OL
0x00A6	0x2060      	CALL       _OL
0x00A7	0x2060      	CALL       _OL
0x00A8	0x2060      	CALL       _OL
0x00A9	0x2060      	CALL       _OL
;Parcial_1_2195533.c,104 :: 		NG(); NG(); OL(); OL(); OL(); OL(); OL(); OL();
0x00AA	0x2079      	CALL       _NG
0x00AB	0x2079      	CALL       _NG
0x00AC	0x2060      	CALL       _OL
0x00AD	0x2060      	CALL       _OL
0x00AE	0x2060      	CALL       _OL
0x00AF	0x2060      	CALL       _OL
0x00B0	0x2060      	CALL       _OL
0x00B1	0x2060      	CALL       _OL
;Parcial_1_2195533.c,105 :: 		NG(); NG(); NG(); NG(); NG(); NG(); OL(); OL();
0x00B2	0x2079      	CALL       _NG
0x00B3	0x2079      	CALL       _NG
0x00B4	0x2079      	CALL       _NG
0x00B5	0x2079      	CALL       _NG
0x00B6	0x2079      	CALL       _NG
0x00B7	0x2079      	CALL       _NG
0x00B8	0x2060      	CALL       _OL
0x00B9	0x2060      	CALL       _OL
;Parcial_1_2195533.c,106 :: 		NG(); NG(); OL(); OL(); OL(); OL(); OL(); OL();
0x00BA	0x2079      	CALL       _NG
0x00BB	0x2079      	CALL       _NG
0x00BC	0x2060      	CALL       _OL
0x00BD	0x2060      	CALL       _OL
0x00BE	0x2060      	CALL       _OL
0x00BF	0x2060      	CALL       _OL
0x00C0	0x2060      	CALL       _OL
0x00C1	0x2060      	CALL       _OL
;Parcial_1_2195533.c,107 :: 		NG(); NG(); OL(); OL(); OL(); OL(); OL(); OL();
0x00C2	0x2079      	CALL       _NG
0x00C3	0x2079      	CALL       _NG
0x00C4	0x2060      	CALL       _OL
0x00C5	0x2060      	CALL       _OL
0x00C6	0x2060      	CALL       _OL
0x00C7	0x2060      	CALL       _OL
0x00C8	0x2060      	CALL       _OL
0x00C9	0x2060      	CALL       _OL
;Parcial_1_2195533.c,108 :: 		NG(); NG(); NG(); NG(); NG(); NG(); NG(); NG();
0x00CA	0x2079      	CALL       _NG
0x00CB	0x2079      	CALL       _NG
0x00CC	0x2079      	CALL       _NG
0x00CD	0x2079      	CALL       _NG
0x00CE	0x2079      	CALL       _NG
0x00CF	0x2079      	CALL       _NG
0x00D0	0x2079      	CALL       _NG
0x00D1	0x2079      	CALL       _NG
;Parcial_1_2195533.c,109 :: 		}
L_end_EEE:
0x00D2	0x0008      	RETURN
; end of _EEE
_EME:
;Parcial_1_2195533.c,67 :: 		void EME(){  // LETRA M
;Parcial_1_2195533.c,68 :: 		NG(); NG(); TQ(); TQ(); TQ(); TQ(); NG(); NG();
0x00D3	0x2079      	CALL       _NG
0x00D4	0x2079      	CALL       _NG
0x00D5	0x2047      	CALL       _TQ
0x00D6	0x2047      	CALL       _TQ
0x00D7	0x2047      	CALL       _TQ
0x00D8	0x2047      	CALL       _TQ
0x00D9	0x2079      	CALL       _NG
0x00DA	0x2079      	CALL       _NG
;Parcial_1_2195533.c,69 :: 		NG(); NG(); NG(); TQ(); TQ(); NG(); NG(); NG();
0x00DB	0x2079      	CALL       _NG
0x00DC	0x2079      	CALL       _NG
0x00DD	0x2079      	CALL       _NG
0x00DE	0x2047      	CALL       _TQ
0x00DF	0x2047      	CALL       _TQ
0x00E0	0x2079      	CALL       _NG
0x00E1	0x2079      	CALL       _NG
0x00E2	0x2079      	CALL       _NG
;Parcial_1_2195533.c,70 :: 		NG(); NG(); NG(); NG(); NG(); NG(); NG(); NG();
0x00E3	0x2079      	CALL       _NG
0x00E4	0x2079      	CALL       _NG
0x00E5	0x2079      	CALL       _NG
0x00E6	0x2079      	CALL       _NG
0x00E7	0x2079      	CALL       _NG
0x00E8	0x2079      	CALL       _NG
0x00E9	0x2079      	CALL       _NG
0x00EA	0x2079      	CALL       _NG
;Parcial_1_2195533.c,71 :: 		NG(); NG(); TQ(); NG(); NG(); TQ(); NG(); NG();
0x00EB	0x2079      	CALL       _NG
0x00EC	0x2079      	CALL       _NG
0x00ED	0x2047      	CALL       _TQ
0x00EE	0x2079      	CALL       _NG
0x00EF	0x2079      	CALL       _NG
0x00F0	0x2047      	CALL       _TQ
0x00F1	0x2079      	CALL       _NG
0x00F2	0x2079      	CALL       _NG
;Parcial_1_2195533.c,72 :: 		NG(); NG(); TQ(); NG(); NG(); TQ(); NG(); NG();
0x00F3	0x2079      	CALL       _NG
0x00F4	0x2079      	CALL       _NG
0x00F5	0x2047      	CALL       _TQ
0x00F6	0x2079      	CALL       _NG
0x00F7	0x2079      	CALL       _NG
0x00F8	0x2047      	CALL       _TQ
0x00F9	0x2079      	CALL       _NG
0x00FA	0x2079      	CALL       _NG
;Parcial_1_2195533.c,73 :: 		NG(); NG(); TQ(); TQ(); TQ(); TQ(); NG(); NG();
0x00FB	0x2079      	CALL       _NG
0x00FC	0x2079      	CALL       _NG
0x00FD	0x2047      	CALL       _TQ
0x00FE	0x2047      	CALL       _TQ
0x00FF	0x2047      	CALL       _TQ
0x0100	0x2047      	CALL       _TQ
0x0101	0x2079      	CALL       _NG
0x0102	0x2079      	CALL       _NG
;Parcial_1_2195533.c,74 :: 		NG(); NG(); TQ(); TQ(); TQ(); TQ(); NG(); NG();
0x0103	0x2079      	CALL       _NG
0x0104	0x2079      	CALL       _NG
0x0105	0x2047      	CALL       _TQ
0x0106	0x2047      	CALL       _TQ
0x0107	0x2047      	CALL       _TQ
0x0108	0x2047      	CALL       _TQ
0x0109	0x2079      	CALL       _NG
0x010A	0x2079      	CALL       _NG
;Parcial_1_2195533.c,75 :: 		NG(); NG(); TQ(); TQ(); TQ(); TQ(); NG(); NG();
0x010B	0x2079      	CALL       _NG
0x010C	0x2079      	CALL       _NG
0x010D	0x2047      	CALL       _TQ
0x010E	0x2047      	CALL       _TQ
0x010F	0x2047      	CALL       _TQ
0x0110	0x2047      	CALL       _TQ
0x0111	0x2079      	CALL       _NG
0x0112	0x2079      	CALL       _NG
;Parcial_1_2195533.c,76 :: 		}
L_end_EME:
0x0113	0x0008      	RETURN
; end of _EME
_AAA:
;Parcial_1_2195533.c,78 :: 		void AAA(){  // LETRA A
;Parcial_1_2195533.c,79 :: 		NG(); NG(); NG(); NG(); NG(); NG(); NG(); NG();
0x0114	0x2079      	CALL       _NG
0x0115	0x2079      	CALL       _NG
0x0116	0x2079      	CALL       _NG
0x0117	0x2079      	CALL       _NG
0x0118	0x2079      	CALL       _NG
0x0119	0x2079      	CALL       _NG
0x011A	0x2079      	CALL       _NG
0x011B	0x2079      	CALL       _NG
;Parcial_1_2195533.c,80 :: 		NG(); NG(); OL(); OL(); OL(); OL(); NG(); NG();
0x011C	0x2079      	CALL       _NG
0x011D	0x2079      	CALL       _NG
0x011E	0x2060      	CALL       _OL
0x011F	0x2060      	CALL       _OL
0x0120	0x2060      	CALL       _OL
0x0121	0x2060      	CALL       _OL
0x0122	0x2079      	CALL       _NG
0x0123	0x2079      	CALL       _NG
;Parcial_1_2195533.c,81 :: 		NG(); NG(); OL(); OL(); OL(); OL(); NG(); NG();
0x0124	0x2079      	CALL       _NG
0x0125	0x2079      	CALL       _NG
0x0126	0x2060      	CALL       _OL
0x0127	0x2060      	CALL       _OL
0x0128	0x2060      	CALL       _OL
0x0129	0x2060      	CALL       _OL
0x012A	0x2079      	CALL       _NG
0x012B	0x2079      	CALL       _NG
;Parcial_1_2195533.c,82 :: 		NG(); NG(); OL(); OL(); OL(); OL(); NG(); NG();
0x012C	0x2079      	CALL       _NG
0x012D	0x2079      	CALL       _NG
0x012E	0x2060      	CALL       _OL
0x012F	0x2060      	CALL       _OL
0x0130	0x2060      	CALL       _OL
0x0131	0x2060      	CALL       _OL
0x0132	0x2079      	CALL       _NG
0x0133	0x2079      	CALL       _NG
;Parcial_1_2195533.c,83 :: 		NG(); NG(); NG(); NG(); NG(); NG(); NG(); NG();
0x0134	0x2079      	CALL       _NG
0x0135	0x2079      	CALL       _NG
0x0136	0x2079      	CALL       _NG
0x0137	0x2079      	CALL       _NG
0x0138	0x2079      	CALL       _NG
0x0139	0x2079      	CALL       _NG
0x013A	0x2079      	CALL       _NG
0x013B	0x2079      	CALL       _NG
;Parcial_1_2195533.c,84 :: 		NG(); NG(); OL(); OL(); OL(); OL(); NG(); NG();
0x013C	0x2079      	CALL       _NG
0x013D	0x2079      	CALL       _NG
0x013E	0x2060      	CALL       _OL
0x013F	0x2060      	CALL       _OL
0x0140	0x2060      	CALL       _OL
0x0141	0x2060      	CALL       _OL
0x0142	0x2079      	CALL       _NG
0x0143	0x2079      	CALL       _NG
;Parcial_1_2195533.c,85 :: 		NG(); NG(); OL(); OL(); OL(); OL(); NG(); NG();
0x0144	0x2079      	CALL       _NG
0x0145	0x2079      	CALL       _NG
0x0146	0x2060      	CALL       _OL
0x0147	0x2060      	CALL       _OL
0x0148	0x2060      	CALL       _OL
0x0149	0x2060      	CALL       _OL
0x014A	0x2079      	CALL       _NG
0x014B	0x2079      	CALL       _NG
;Parcial_1_2195533.c,86 :: 		NG(); NG(); OL(); OL(); OL(); OL(); NG(); NG();
0x014C	0x2079      	CALL       _NG
0x014D	0x2079      	CALL       _NG
0x014E	0x2060      	CALL       _OL
0x014F	0x2060      	CALL       _OL
0x0150	0x2060      	CALL       _OL
0x0151	0x2060      	CALL       _OL
0x0152	0x2079      	CALL       _NG
0x0153	0x2079      	CALL       _NG
;Parcial_1_2195533.c,87 :: 		}
L_end_AAA:
0x0154	0x0008      	RETURN
; end of _AAA
_EFE:
;Parcial_1_2195533.c,89 :: 		void EFE(){  // LETRA F
;Parcial_1_2195533.c,90 :: 		NG(); NG(); NG(); NG(); NG(); NG(); NG(); NG();
0x0155	0x2079      	CALL       _NG
0x0156	0x2079      	CALL       _NG
0x0157	0x2079      	CALL       _NG
0x0158	0x2079      	CALL       _NG
0x0159	0x2079      	CALL       _NG
0x015A	0x2079      	CALL       _NG
0x015B	0x2079      	CALL       _NG
0x015C	0x2079      	CALL       _NG
;Parcial_1_2195533.c,91 :: 		NG(); NG(); TQ(); TQ(); TQ(); TQ(); TQ(); TQ();
0x015D	0x2079      	CALL       _NG
0x015E	0x2079      	CALL       _NG
0x015F	0x2047      	CALL       _TQ
0x0160	0x2047      	CALL       _TQ
0x0161	0x2047      	CALL       _TQ
0x0162	0x2047      	CALL       _TQ
0x0163	0x2047      	CALL       _TQ
0x0164	0x2047      	CALL       _TQ
;Parcial_1_2195533.c,92 :: 		NG(); NG(); TQ(); TQ(); TQ(); TQ(); TQ(); TQ();
0x0165	0x2079      	CALL       _NG
0x0166	0x2079      	CALL       _NG
0x0167	0x2047      	CALL       _TQ
0x0168	0x2047      	CALL       _TQ
0x0169	0x2047      	CALL       _TQ
0x016A	0x2047      	CALL       _TQ
0x016B	0x2047      	CALL       _TQ
0x016C	0x2047      	CALL       _TQ
;Parcial_1_2195533.c,93 :: 		NG(); NG(); TQ(); TQ(); TQ(); TQ(); TQ(); TQ();
0x016D	0x2079      	CALL       _NG
0x016E	0x2079      	CALL       _NG
0x016F	0x2047      	CALL       _TQ
0x0170	0x2047      	CALL       _TQ
0x0171	0x2047      	CALL       _TQ
0x0172	0x2047      	CALL       _TQ
0x0173	0x2047      	CALL       _TQ
0x0174	0x2047      	CALL       _TQ
;Parcial_1_2195533.c,94 :: 		NG(); NG(); NG(); NG(); NG(); NG(); TQ(); TQ();
0x0175	0x2079      	CALL       _NG
0x0176	0x2079      	CALL       _NG
0x0177	0x2079      	CALL       _NG
0x0178	0x2079      	CALL       _NG
0x0179	0x2079      	CALL       _NG
0x017A	0x2079      	CALL       _NG
0x017B	0x2047      	CALL       _TQ
0x017C	0x2047      	CALL       _TQ
;Parcial_1_2195533.c,95 :: 		NG(); NG(); TQ(); TQ(); TQ(); TQ(); TQ(); TQ();
0x017D	0x2079      	CALL       _NG
0x017E	0x2079      	CALL       _NG
0x017F	0x2047      	CALL       _TQ
0x0180	0x2047      	CALL       _TQ
0x0181	0x2047      	CALL       _TQ
0x0182	0x2047      	CALL       _TQ
0x0183	0x2047      	CALL       _TQ
0x0184	0x2047      	CALL       _TQ
;Parcial_1_2195533.c,96 :: 		NG(); NG(); TQ(); TQ(); TQ(); TQ(); TQ(); TQ();
0x0185	0x2079      	CALL       _NG
0x0186	0x2079      	CALL       _NG
0x0187	0x2047      	CALL       _TQ
0x0188	0x2047      	CALL       _TQ
0x0189	0x2047      	CALL       _TQ
0x018A	0x2047      	CALL       _TQ
0x018B	0x2047      	CALL       _TQ
0x018C	0x2047      	CALL       _TQ
;Parcial_1_2195533.c,97 :: 		NG(); NG(); TQ(); TQ(); TQ(); TQ(); TQ(); TQ();
0x018D	0x2079      	CALL       _NG
0x018E	0x2079      	CALL       _NG
0x018F	0x2047      	CALL       _TQ
0x0190	0x2047      	CALL       _TQ
0x0191	0x2047      	CALL       _TQ
0x0192	0x2047      	CALL       _TQ
0x0193	0x2047      	CALL       _TQ
0x0194	0x2047      	CALL       _TQ
;Parcial_1_2195533.c,98 :: 		}
L_end_EFE:
0x0195	0x0008      	RETURN
; end of _EFE
_GGG:
;Parcial_1_2195533.c,133 :: 		void GGG(){  // LETRA G
;Parcial_1_2195533.c,134 :: 		NG(); NG(); NG(); NG(); NG(); NG(); NG(); NG();
0x0196	0x2079      	CALL       _NG
0x0197	0x2079      	CALL       _NG
0x0198	0x2079      	CALL       _NG
0x0199	0x2079      	CALL       _NG
0x019A	0x2079      	CALL       _NG
0x019B	0x2079      	CALL       _NG
0x019C	0x2079      	CALL       _NG
0x019D	0x2079      	CALL       _NG
;Parcial_1_2195533.c,135 :: 		NG(); NG(); AZ(); AZ(); AZ(); AZ(); AZ(); NG();
0x019E	0x2079      	CALL       _NG
0x019F	0x2079      	CALL       _NG
0x01A0	0x2015      	CALL       _AZ
0x01A1	0x2015      	CALL       _AZ
0x01A2	0x2015      	CALL       _AZ
0x01A3	0x2015      	CALL       _AZ
0x01A4	0x2015      	CALL       _AZ
0x01A5	0x2079      	CALL       _NG
;Parcial_1_2195533.c,136 :: 		NG(); NG(); AZ(); AZ(); AZ(); AZ(); AZ(); AZ();
0x01A6	0x2079      	CALL       _NG
0x01A7	0x2079      	CALL       _NG
0x01A8	0x2015      	CALL       _AZ
0x01A9	0x2015      	CALL       _AZ
0x01AA	0x2015      	CALL       _AZ
0x01AB	0x2015      	CALL       _AZ
0x01AC	0x2015      	CALL       _AZ
0x01AD	0x2015      	CALL       _AZ
;Parcial_1_2195533.c,137 :: 		NG(); NG(); AZ(); AZ(); AZ(); AZ(); AZ(); AZ();
0x01AE	0x2079      	CALL       _NG
0x01AF	0x2079      	CALL       _NG
0x01B0	0x2015      	CALL       _AZ
0x01B1	0x2015      	CALL       _AZ
0x01B2	0x2015      	CALL       _AZ
0x01B3	0x2015      	CALL       _AZ
0x01B4	0x2015      	CALL       _AZ
0x01B5	0x2015      	CALL       _AZ
;Parcial_1_2195533.c,138 :: 		NG(); NG(); AZ(); AZ(); NG(); NG(); NG(); NG();
0x01B6	0x2079      	CALL       _NG
0x01B7	0x2079      	CALL       _NG
0x01B8	0x2015      	CALL       _AZ
0x01B9	0x2015      	CALL       _AZ
0x01BA	0x2079      	CALL       _NG
0x01BB	0x2079      	CALL       _NG
0x01BC	0x2079      	CALL       _NG
0x01BD	0x2079      	CALL       _NG
;Parcial_1_2195533.c,139 :: 		NG(); NG(); AZ(); AZ(); AZ(); AZ(); AZ(); NG();
0x01BE	0x2079      	CALL       _NG
0x01BF	0x2079      	CALL       _NG
0x01C0	0x2015      	CALL       _AZ
0x01C1	0x2015      	CALL       _AZ
0x01C2	0x2015      	CALL       _AZ
0x01C3	0x2015      	CALL       _AZ
0x01C4	0x2015      	CALL       _AZ
0x01C5	0x2079      	CALL       _NG
;Parcial_1_2195533.c,140 :: 		NG(); NG(); AZ(); AZ(); AZ(); AZ(); AZ(); NG();
0x01C6	0x2079      	CALL       _NG
0x01C7	0x2079      	CALL       _NG
0x01C8	0x2015      	CALL       _AZ
0x01C9	0x2015      	CALL       _AZ
0x01CA	0x2015      	CALL       _AZ
0x01CB	0x2015      	CALL       _AZ
0x01CC	0x2015      	CALL       _AZ
0x01CD	0x2079      	CALL       _NG
;Parcial_1_2195533.c,141 :: 		NG(); NG(); NG(); NG(); NG(); NG(); NG(); NG();
0x01CE	0x2079      	CALL       _NG
0x01CF	0x2079      	CALL       _NG
0x01D0	0x2079      	CALL       _NG
0x01D1	0x2079      	CALL       _NG
0x01D2	0x2079      	CALL       _NG
0x01D3	0x2079      	CALL       _NG
0x01D4	0x2079      	CALL       _NG
0x01D5	0x2079      	CALL       _NG
;Parcial_1_2195533.c,142 :: 		}
L_end_GGG:
0x01D6	0x0008      	RETURN
; end of _GGG
_DD:
;Parcial_1_2195533.c,111 :: 		void DD(){  // LETRA D
;Parcial_1_2195533.c,112 :: 		NG(); NG(); NG(); NG(); NG(); NG(); NG(); AZ();
0x01D7	0x2079      	CALL       _NG
0x01D8	0x2079      	CALL       _NG
0x01D9	0x2079      	CALL       _NG
0x01DA	0x2079      	CALL       _NG
0x01DB	0x2079      	CALL       _NG
0x01DC	0x2079      	CALL       _NG
0x01DD	0x2079      	CALL       _NG
0x01DE	0x2015      	CALL       _AZ
;Parcial_1_2195533.c,113 :: 		NG(); NG(); AZ(); AZ(); AZ(); AZ(); NG(); NG();
0x01DF	0x2079      	CALL       _NG
0x01E0	0x2079      	CALL       _NG
0x01E1	0x2015      	CALL       _AZ
0x01E2	0x2015      	CALL       _AZ
0x01E3	0x2015      	CALL       _AZ
0x01E4	0x2015      	CALL       _AZ
0x01E5	0x2079      	CALL       _NG
0x01E6	0x2079      	CALL       _NG
;Parcial_1_2195533.c,114 :: 		NG(); NG(); AZ(); AZ(); AZ(); AZ(); AZ(); NG();
0x01E7	0x2079      	CALL       _NG
0x01E8	0x2079      	CALL       _NG
0x01E9	0x2015      	CALL       _AZ
0x01EA	0x2015      	CALL       _AZ
0x01EB	0x2015      	CALL       _AZ
0x01EC	0x2015      	CALL       _AZ
0x01ED	0x2015      	CALL       _AZ
0x01EE	0x2079      	CALL       _NG
;Parcial_1_2195533.c,115 :: 		NG(); NG(); AZ(); AZ(); AZ(); AZ(); AZ(); NG();
0x01EF	0x2079      	CALL       _NG
0x01F0	0x2079      	CALL       _NG
0x01F1	0x2015      	CALL       _AZ
0x01F2	0x2015      	CALL       _AZ
0x01F3	0x2015      	CALL       _AZ
0x01F4	0x2015      	CALL       _AZ
0x01F5	0x2015      	CALL       _AZ
0x01F6	0x2079      	CALL       _NG
;Parcial_1_2195533.c,116 :: 		NG(); NG(); AZ(); AZ(); AZ(); AZ(); AZ(); NG();
0x01F7	0x2079      	CALL       _NG
0x01F8	0x2079      	CALL       _NG
0x01F9	0x2015      	CALL       _AZ
0x01FA	0x2015      	CALL       _AZ
0x01FB	0x2015      	CALL       _AZ
0x01FC	0x2015      	CALL       _AZ
0x01FD	0x2015      	CALL       _AZ
0x01FE	0x2079      	CALL       _NG
;Parcial_1_2195533.c,117 :: 		NG(); NG(); AZ(); AZ(); AZ(); AZ(); AZ(); NG();
0x01FF	0x2079      	CALL       _NG
0x0200	0x2079      	CALL       _NG
0x0201	0x2015      	CALL       _AZ
0x0202	0x2015      	CALL       _AZ
0x0203	0x2015      	CALL       _AZ
0x0204	0x2015      	CALL       _AZ
0x0205	0x2015      	CALL       _AZ
0x0206	0x2079      	CALL       _NG
;Parcial_1_2195533.c,118 :: 		NG(); NG(); AZ(); AZ(); AZ(); AZ(); NG(); NG();
0x0207	0x2079      	CALL       _NG
0x0208	0x2079      	CALL       _NG
0x0209	0x2015      	CALL       _AZ
0x020A	0x2015      	CALL       _AZ
0x020B	0x2015      	CALL       _AZ
0x020C	0x2015      	CALL       _AZ
0x020D	0x2079      	CALL       _NG
0x020E	0x2079      	CALL       _NG
;Parcial_1_2195533.c,119 :: 		NG(); NG(); NG(); NG(); NG(); NG(); NG(); AZ();
0x020F	0x2079      	CALL       _NG
0x0210	0x2079      	CALL       _NG
0x0211	0x2079      	CALL       _NG
0x0212	0x2079      	CALL       _NG
0x0213	0x2079      	CALL       _NG
0x0214	0x2079      	CALL       _NG
0x0215	0x2079      	CALL       _NG
0x0216	0x2015      	CALL       _AZ
;Parcial_1_2195533.c,120 :: 		}
L_end_DD:
0x0217	0x0008      	RETURN
; end of _DD
_DDD:
;Parcial_1_2195533.c,144 :: 		void DDD(){  // LETRA D
;Parcial_1_2195533.c,145 :: 		NG(); NG(); NG(); NG(); NG(); NG(); NG(); MR();
0x0218	0x2079      	CALL       _NG
0x0219	0x2079      	CALL       _NG
0x021A	0x2079      	CALL       _NG
0x021B	0x2079      	CALL       _NG
0x021C	0x2079      	CALL       _NG
0x021D	0x2079      	CALL       _NG
0x021E	0x2079      	CALL       _NG
0x021F	0x202E      	CALL       _MR
;Parcial_1_2195533.c,146 :: 		NG(); NG(); MR(); MR(); MR(); MR(); NG(); NG();
0x0220	0x2079      	CALL       _NG
0x0221	0x2079      	CALL       _NG
0x0222	0x202E      	CALL       _MR
0x0223	0x202E      	CALL       _MR
0x0224	0x202E      	CALL       _MR
0x0225	0x202E      	CALL       _MR
0x0226	0x2079      	CALL       _NG
0x0227	0x2079      	CALL       _NG
;Parcial_1_2195533.c,147 :: 		NG(); NG(); MR(); MR(); MR(); MR(); MR(); NG();
0x0228	0x2079      	CALL       _NG
0x0229	0x2079      	CALL       _NG
0x022A	0x202E      	CALL       _MR
0x022B	0x202E      	CALL       _MR
0x022C	0x202E      	CALL       _MR
0x022D	0x202E      	CALL       _MR
0x022E	0x202E      	CALL       _MR
0x022F	0x2079      	CALL       _NG
;Parcial_1_2195533.c,148 :: 		NG(); NG(); MR(); MR(); MR(); MR(); MR(); NG();
0x0230	0x2079      	CALL       _NG
0x0231	0x2079      	CALL       _NG
0x0232	0x202E      	CALL       _MR
0x0233	0x202E      	CALL       _MR
0x0234	0x202E      	CALL       _MR
0x0235	0x202E      	CALL       _MR
0x0236	0x202E      	CALL       _MR
0x0237	0x2079      	CALL       _NG
;Parcial_1_2195533.c,149 :: 		NG(); NG(); MR(); MR(); MR(); MR(); MR(); NG();
0x0238	0x2079      	CALL       _NG
0x0239	0x2079      	CALL       _NG
0x023A	0x202E      	CALL       _MR
0x023B	0x202E      	CALL       _MR
0x023C	0x202E      	CALL       _MR
0x023D	0x202E      	CALL       _MR
0x023E	0x202E      	CALL       _MR
0x023F	0x2079      	CALL       _NG
;Parcial_1_2195533.c,150 :: 		NG(); NG(); MR(); MR(); MR(); MR(); MR(); NG();
0x0240	0x2079      	CALL       _NG
0x0241	0x2079      	CALL       _NG
0x0242	0x202E      	CALL       _MR
0x0243	0x202E      	CALL       _MR
0x0244	0x202E      	CALL       _MR
0x0245	0x202E      	CALL       _MR
0x0246	0x202E      	CALL       _MR
0x0247	0x2079      	CALL       _NG
;Parcial_1_2195533.c,151 :: 		NG(); NG(); MR(); MR(); MR(); MR(); NG(); NG();
0x0248	0x2079      	CALL       _NG
0x0249	0x2079      	CALL       _NG
0x024A	0x202E      	CALL       _MR
0x024B	0x202E      	CALL       _MR
0x024C	0x202E      	CALL       _MR
0x024D	0x202E      	CALL       _MR
0x024E	0x2079      	CALL       _NG
0x024F	0x2079      	CALL       _NG
;Parcial_1_2195533.c,152 :: 		NG(); NG(); NG(); NG(); NG(); NG(); NG(); MR();
0x0250	0x2079      	CALL       _NG
0x0251	0x2079      	CALL       _NG
0x0252	0x2079      	CALL       _NG
0x0253	0x2079      	CALL       _NG
0x0254	0x2079      	CALL       _NG
0x0255	0x2079      	CALL       _NG
0x0256	0x2079      	CALL       _NG
0x0257	0x202E      	CALL       _MR
;Parcial_1_2195533.c,153 :: 		}
L_end_DDD:
0x0258	0x0008      	RETURN
; end of _DDD
_AA:
;Parcial_1_2195533.c,122 :: 		void AA(){  // LETRA A
;Parcial_1_2195533.c,123 :: 		NG(); NG(); NG(); NG(); NG(); NG(); NG(); NG();
0x0259	0x2079      	CALL       _NG
0x025A	0x2079      	CALL       _NG
0x025B	0x2079      	CALL       _NG
0x025C	0x2079      	CALL       _NG
0x025D	0x2079      	CALL       _NG
0x025E	0x2079      	CALL       _NG
0x025F	0x2079      	CALL       _NG
0x0260	0x2079      	CALL       _NG
;Parcial_1_2195533.c,124 :: 		NG(); NG(); MR(); MR(); MR(); MR(); NG(); NG();
0x0261	0x2079      	CALL       _NG
0x0262	0x2079      	CALL       _NG
0x0263	0x202E      	CALL       _MR
0x0264	0x202E      	CALL       _MR
0x0265	0x202E      	CALL       _MR
0x0266	0x202E      	CALL       _MR
0x0267	0x2079      	CALL       _NG
0x0268	0x2079      	CALL       _NG
;Parcial_1_2195533.c,125 :: 		NG(); NG(); MR(); MR(); MR(); MR(); NG(); NG();
0x0269	0x2079      	CALL       _NG
0x026A	0x2079      	CALL       _NG
0x026B	0x202E      	CALL       _MR
0x026C	0x202E      	CALL       _MR
0x026D	0x202E      	CALL       _MR
0x026E	0x202E      	CALL       _MR
0x026F	0x2079      	CALL       _NG
0x0270	0x2079      	CALL       _NG
;Parcial_1_2195533.c,126 :: 		NG(); NG(); MR(); MR(); MR(); MR(); NG(); NG();
0x0271	0x2079      	CALL       _NG
0x0272	0x2079      	CALL       _NG
0x0273	0x202E      	CALL       _MR
0x0274	0x202E      	CALL       _MR
0x0275	0x202E      	CALL       _MR
0x0276	0x202E      	CALL       _MR
0x0277	0x2079      	CALL       _NG
0x0278	0x2079      	CALL       _NG
;Parcial_1_2195533.c,127 :: 		NG(); NG(); NG(); NG(); NG(); NG(); NG(); NG();
0x0279	0x2079      	CALL       _NG
0x027A	0x2079      	CALL       _NG
0x027B	0x2079      	CALL       _NG
0x027C	0x2079      	CALL       _NG
0x027D	0x2079      	CALL       _NG
0x027E	0x2079      	CALL       _NG
0x027F	0x2079      	CALL       _NG
0x0280	0x2079      	CALL       _NG
;Parcial_1_2195533.c,128 :: 		NG(); NG(); MR(); MR(); MR(); MR(); NG(); NG();
0x0281	0x2079      	CALL       _NG
0x0282	0x2079      	CALL       _NG
0x0283	0x202E      	CALL       _MR
0x0284	0x202E      	CALL       _MR
0x0285	0x202E      	CALL       _MR
0x0286	0x202E      	CALL       _MR
0x0287	0x2079      	CALL       _NG
0x0288	0x2079      	CALL       _NG
;Parcial_1_2195533.c,129 :: 		NG(); NG(); MR(); MR(); MR(); MR(); NG(); NG();
0x0289	0x2079      	CALL       _NG
0x028A	0x2079      	CALL       _NG
0x028B	0x202E      	CALL       _MR
0x028C	0x202E      	CALL       _MR
0x028D	0x202E      	CALL       _MR
0x028E	0x202E      	CALL       _MR
0x028F	0x2079      	CALL       _NG
0x0290	0x2079      	CALL       _NG
;Parcial_1_2195533.c,130 :: 		NG(); NG(); MR(); MR(); MR(); MR(); NG(); NG();
0x0291	0x2079      	CALL       _NG
0x0292	0x2079      	CALL       _NG
0x0293	0x202E      	CALL       _MR
0x0294	0x202E      	CALL       _MR
0x0295	0x202E      	CALL       _MR
0x0296	0x202E      	CALL       _MR
0x0297	0x2079      	CALL       _NG
0x0298	0x2079      	CALL       _NG
;Parcial_1_2195533.c,131 :: 		}
L_end_AA:
0x0299	0x0008      	RETURN
; end of _AA
_main:
;Parcial_1_2195533.c,155 :: 		void main() {
;Parcial_1_2195533.c,156 :: 		TRISA = 0;       // Todo el Puerto A de salida.
0x029A	0x0021      	MOVLB      1
0x029B	0x018C      	CLRF       TRISA
;Parcial_1_2195533.c,157 :: 		ANSELA = 0;      // Todos los pines del Puerto A son digitales.
0x029C	0x0023      	MOVLB      3
0x029D	0x018C      	CLRF       ANSELA
;Parcial_1_2195533.c,158 :: 		OSCCON = 0b11110011;  // Para que el clock opere a 32 MHz usando el PLL (8x4 MHz), debido a que
0x029E	0x30F3      	MOVLW      243
0x029F	0x0021      	MOVLB      1
0x02A0	0x0099      	MOVWF      OSCCON
;Parcial_1_2195533.c,161 :: 		LATA.F0 = 0;     // Se define el pin que se trabajará como salida (RA0).
0x02A1	0x0022      	MOVLB      2
0x02A2	0x100C      	BCF        LATA, 0
;Parcial_1_2195533.c,162 :: 		delay_us(50);    // Retraso de 50 us.
0x02A3	0x3085      	MOVLW      133
0x02A4	0x00FD      	MOVWF      R13
L_main2:
0x02A5	0x0BFD      	DECFSZ     R13, 1
0x02A6	0x2AA5      	GOTO       L_main2
;Parcial_1_2195533.c,163 :: 		while(1){        // Ciclo while para mostrar en las matrices los respectivos simbolos
L_main3:
;Parcial_1_2195533.c,164 :: 		EME();    // Muestra la letra M.
0x02A7	0x20D3      	CALL       _EME
;Parcial_1_2195533.c,165 :: 		AAA();    // Muestra la letra A.
0x02A8	0x2114      	CALL       _AAA
;Parcial_1_2195533.c,166 :: 		EFE();    // Muestra la letra F.
0x02A9	0x2155      	CALL       _EFE
;Parcial_1_2195533.c,167 :: 		EEE();    // Muestra la letra E.
0x02AA	0x2092      	CALL       _EEE
;Parcial_1_2195533.c,168 :: 		delay_us(50);    // Retraso de 50 us.
0x02AB	0x3085      	MOVLW      133
0x02AC	0x00FD      	MOVWF      R13
L_main5:
0x02AD	0x0BFD      	DECFSZ     R13, 1
0x02AE	0x2AAD      	GOTO       L_main5
;Parcial_1_2195533.c,169 :: 		delay_ms(1000);  // Retraso de 1000 ms.
0x02AF	0x3029      	MOVLW      41
0x02B0	0x00FB      	MOVWF      R11
0x02B1	0x3096      	MOVLW      150
0x02B2	0x00FC      	MOVWF      R12
0x02B3	0x307F      	MOVLW      127
0x02B4	0x00FD      	MOVWF      R13
L_main6:
0x02B5	0x0BFD      	DECFSZ     R13, 1
0x02B6	0x2AB5      	GOTO       L_main6
0x02B7	0x0BFC      	DECFSZ     R12, 1
0x02B8	0x2AB5      	GOTO       L_main6
0x02B9	0x0BFB      	DECFSZ     R11, 1
0x02BA	0x2AB5      	GOTO       L_main6
;Parcial_1_2195533.c,170 :: 		DD();     // Muestra la letra D.
0x02BB	0x21D7      	CALL       _DD
;Parcial_1_2195533.c,171 :: 		AA();     // Muestra la letra A.
0x02BC	0x2259      	CALL       _AA
;Parcial_1_2195533.c,172 :: 		GGG();    // Muestra la letra G.
0x02BD	0x2196      	CALL       _GGG
;Parcial_1_2195533.c,173 :: 		DDD();    // Muestra la letra D.
0x02BE	0x2218      	CALL       _DDD
;Parcial_1_2195533.c,174 :: 		delay_us(50);    // Retraso de 50 us.
0x02BF	0x3085      	MOVLW      133
0x02C0	0x00FD      	MOVWF      R13
L_main7:
0x02C1	0x0BFD      	DECFSZ     R13, 1
0x02C2	0x2AC1      	GOTO       L_main7
;Parcial_1_2195533.c,175 :: 		delay_ms(1000);  // Retraso de 1000 ms.
0x02C3	0x3029      	MOVLW      41
0x02C4	0x00FB      	MOVWF      R11
0x02C5	0x3096      	MOVLW      150
0x02C6	0x00FC      	MOVWF      R12
0x02C7	0x307F      	MOVLW      127
0x02C8	0x00FD      	MOVWF      R13
L_main8:
0x02C9	0x0BFD      	DECFSZ     R13, 1
0x02CA	0x2AC9      	GOTO       L_main8
0x02CB	0x0BFC      	DECFSZ     R12, 1
0x02CC	0x2AC9      	GOTO       L_main8
0x02CD	0x0BFB      	DECFSZ     R11, 1
0x02CE	0x2AC9      	GOTO       L_main8
;Parcial_1_2195533.c,176 :: 		EME();    // Muestra la letra M.
0x02CF	0x20D3      	CALL       _EME
;Parcial_1_2195533.c,177 :: 		EFE();    // Muestra la letra F.
0x02D0	0x2155      	CALL       _EFE
;Parcial_1_2195533.c,178 :: 		DD();     // Muestra la letra D.
0x02D1	0x21D7      	CALL       _DD
;Parcial_1_2195533.c,179 :: 		GGG();    // Muestra la letra G.
0x02D2	0x2196      	CALL       _GGG
;Parcial_1_2195533.c,180 :: 		delay_us(50);    // Retraso de 50 us.
0x02D3	0x3085      	MOVLW      133
0x02D4	0x00FD      	MOVWF      R13
L_main9:
0x02D5	0x0BFD      	DECFSZ     R13, 1
0x02D6	0x2AD5      	GOTO       L_main9
;Parcial_1_2195533.c,181 :: 		delay_ms(1000);  // Retraso de 1000 ms.
0x02D7	0x3029      	MOVLW      41
0x02D8	0x00FB      	MOVWF      R11
0x02D9	0x3096      	MOVLW      150
0x02DA	0x00FC      	MOVWF      R12
0x02DB	0x307F      	MOVLW      127
0x02DC	0x00FD      	MOVWF      R13
L_main10:
0x02DD	0x0BFD      	DECFSZ     R13, 1
0x02DE	0x2ADD      	GOTO       L_main10
0x02DF	0x0BFC      	DECFSZ     R12, 1
0x02E0	0x2ADD      	GOTO       L_main10
0x02E1	0x0BFB      	DECFSZ     R11, 1
0x02E2	0x2ADD      	GOTO       L_main10
;Parcial_1_2195533.c,182 :: 		DD();     // Muestra la letra D.
0x02E3	0x21D7      	CALL       _DD
;Parcial_1_2195533.c,183 :: 		AA();     // Muestra la letra A.
0x02E4	0x2259      	CALL       _AA
;Parcial_1_2195533.c,184 :: 		EME();    // Muestra la letra M.
0x02E5	0x20D3      	CALL       _EME
;Parcial_1_2195533.c,185 :: 		AAA();    // Muestra la letra A.
0x02E6	0x2114      	CALL       _AAA
;Parcial_1_2195533.c,186 :: 		delay_us(50);    // Retraso de 50 us.
0x02E7	0x3085      	MOVLW      133
0x02E8	0x00FD      	MOVWF      R13
L_main11:
0x02E9	0x0BFD      	DECFSZ     R13, 1
0x02EA	0x2AE9      	GOTO       L_main11
;Parcial_1_2195533.c,187 :: 		delay_ms(1000);  // Retraso de 1000 ms.
0x02EB	0x3029      	MOVLW      41
0x02EC	0x00FB      	MOVWF      R11
0x02ED	0x3096      	MOVLW      150
0x02EE	0x00FC      	MOVWF      R12
0x02EF	0x307F      	MOVLW      127
0x02F0	0x00FD      	MOVWF      R13
L_main12:
0x02F1	0x0BFD      	DECFSZ     R13, 1
0x02F2	0x2AF1      	GOTO       L_main12
0x02F3	0x0BFC      	DECFSZ     R12, 1
0x02F4	0x2AF1      	GOTO       L_main12
0x02F5	0x0BFB      	DECFSZ     R11, 1
0x02F6	0x2AF1      	GOTO       L_main12
;Parcial_1_2195533.c,188 :: 		}
0x02F7	0x2AA7      	GOTO       L_main3
;Parcial_1_2195533.c,189 :: 		}
L_end_main:
0x02F8	0x2AF8      	GOTO       $+0
; end of _main
Symbol List:
//** Routines locations **
//ADDRESS    SIZE    PROCEDURE
//----------------------------------------------
0x0003       [9]    _zero
0x000C       [9]    _one
0x0015      [25]    _AZ
0x002E      [25]    _MR
0x0047      [25]    _TQ
0x0060      [25]    _OL
0x0079      [25]    _NG
0x0092      [65]    _EEE
0x00D3      [65]    _EME
0x0114      [65]    _AAA
0x0155      [65]    _EFE
0x0196      [65]    _GGG
0x01D7      [65]    _DD
0x0218      [65]    _DDD
0x0259      [65]    _AA
0x029A      [95]    _main
//** Variables locations ** 
//ADDRESS    SIZE    VARIABLE
//----------------------------------------------
0x0000       [1]    INDF0
0x0001       [1]    INDF1
0x0003       [1]    STATUS
0x0004       [1]    FSR0L
0x0005       [1]    FSR0H
0x0006       [1]    FSR1L
0x0007       [1]    FSR1H
0x000A       [1]    PCLATH
0x000C       [1]    PORTA
0x0070       [1]    R0
0x0071       [1]    R1
0x0072       [1]    R2
0x0073       [1]    R3
0x0074       [1]    R4
0x0075       [1]    R5
0x0076       [1]    R6
0x0077       [1]    R7
0x0078       [1]    R8
0x0079       [1]    R9
0x007A       [1]    R10
0x007B       [1]    R11
0x007C       [1]    R12
0x007D       [1]    R13
0x007E       [1]    R14
0x007F       [1]    R15
0x008C       [1]    TRISA
0x0099       [1]    OSCCON
0x010C       [1]    LATA
0x018C       [1]    ANSELA
