;  LST file generated by mikroListExporter - v.2.0 
; Date/Time: 10/12/2018 8:54:38 a. m.
;----------------------------------------------

;Address Opcode 	ASM
0x0000	0x29AD      	GOTO       429
_Delay_22us:
;__Lib_Delays.c,15 :: 		void Delay_22us() {
;__Lib_Delays.c,16 :: 		Delay_us(22);
0x0003	0x300E      	MOVLW      14
0x0004	0x00FD      	MOVWF      R13
L_Delay_22us1:
0x0005	0x0BFD      	DECFSZ     R13, 1
0x0006	0x2805      	GOTO       L_Delay_22us1
0x0007	0x0000      	NOP
;__Lib_Delays.c,17 :: 		}
L_end_Delay_22us:
0x0008	0x0008      	RETURN
; end of _Delay_22us
_RES032:
;__Lib_MathDouble.c,123 :: 		
;__Lib_MathDouble.c,128 :: 		
0x0009	0x01F2      	CLRF       R2
;__Lib_MathDouble.c,129 :: 		
0x000A	0x01F1      	CLRF       R1
;__Lib_MathDouble.c,130 :: 		
0x000B	0x01F0      	CLRF       R0
;__Lib_MathDouble.c,131 :: 		
0x000C	0x01F8      	CLRF       R8
;__Lib_MathDouble.c,132 :: 		
0x000D	0x01F3      	CLRF       R3
;__Lib_MathDouble.c,133 :: 		
0x000E	0x3000      	MOVLW      0
;__Lib_MathDouble.c,135 :: 		
L_end_RES032:
0x000F	0x0008      	RETURN
; end of _RES032
_SETFUN32:
;__Lib_MathDouble.c,138 :: 		
;__Lib_MathDouble.c,145 :: 		
0x0010	0x157B      	BSF        R11, 2
;__Lib_MathDouble.c,146 :: 		
0x0011	0x1FFB      	BTFSS      R11, 7
;__Lib_MathDouble.c,147 :: 		
0x0012	0x281A      	GOTO       SETFUN32EEE
;__Lib_MathDouble.c,148 :: 		
0x0013	0x3001      	MOVLW      1
;__Lib_MathDouble.c,149 :: 		
0x0014	0x00F3      	MOVWF      R3
;__Lib_MathDouble.c,150 :: 		
0x0015	0x01F2      	CLRF       R2
;__Lib_MathDouble.c,151 :: 		
0x0016	0x01F1      	CLRF       R1
;__Lib_MathDouble.c,152 :: 		
0x0017	0x01F0      	CLRF       R0
;__Lib_MathDouble.c,153 :: 		
0x0018	0x0DFA      	RLF        R10, 1
;__Lib_MathDouble.c,154 :: 		
0x0019	0x0CF2      	RRF        R2, 1
;__Lib_MathDouble.c,155 :: 		
SETFUN32EEE:
;__Lib_MathDouble.c,156 :: 		
0x001A	0x30FF      	MOVLW      255
;__Lib_MathDouble.c,158 :: 		
L_end_SETFUN32:
0x001B	0x0008      	RETURN
; end of _SETFUN32
_FIXSIGN32:
;__Lib_MathDouble.c,112 :: 		
;__Lib_MathDouble.c,116 :: 		
0x001C	0x1FFA      	BTFSS      R10, 7
;__Lib_MathDouble.c,117 :: 		
0x001D	0x13F2      	BCF        R2, 7
;__Lib_MathDouble.c,118 :: 		
0x001E	0x3000      	MOVLW      0
;__Lib_MathDouble.c,120 :: 		
L_end_FIXSIGN32:
0x001F	0x0008      	RETURN
; end of _FIXSIGN32
_SETFDZ32:
;__Lib_MathDouble.c,102 :: 		
;__Lib_MathDouble.c,105 :: 		
0x0020	0x15FB      	BSF        R11, 3
;__Lib_MathDouble.c,106 :: 		
0x0021	0x30FF      	MOVLW      255
;__Lib_MathDouble.c,108 :: 		
L_end_SETFDZ32:
0x0022	0x0008      	RETURN
; end of _SETFDZ32
_ADC_Get_Sample:
;__Lib_ADC_B.c,47 :: 		
;__Lib_ADC_B.c,48 :: 		
0x0023	0x3083      	MOVLW      131
0x0024	0x0021      	MOVLB      1
0x0025	0x059D      	ANDWF      ADCON0, 1
;__Lib_ADC_B.c,49 :: 		
0x0026	0x0020      	MOVLB      0
0x0027	0x082C      	MOVF       FARG_ADC_Get_Sample_channel, 0
0x0028	0x00F0      	MOVWF      R0
0x0029	0x35F0      	LSLF       R0, 1
0x002A	0x35F0      	LSLF       R0, 1
0x002B	0x0870      	MOVF       R0, 0
0x002C	0x0021      	MOVLB      1
0x002D	0x049D      	IORWF       ADCON0, 1
;__Lib_ADC_B.c,52 :: 		
0x002E	0x2003      	CALL       _Delay_22us
;__Lib_ADC_B.c,55 :: 		
0x002F	0x149D      	BSF        ADCON0, 1
;__Lib_ADC_B.c,58 :: 		
L_ADC_Get_Sample4:
0x0030	0x1C9D      	BTFSS      ADCON0, 1
0x0031	0x2833      	GOTO       L_ADC_Get_Sample5
;__Lib_ADC_B.c,59 :: 		
0x0032	0x2830      	GOTO       L_ADC_Get_Sample4
L_ADC_Get_Sample5:
;__Lib_ADC_B.c,61 :: 		
0x0033	0x081C      	MOVF       ADRESH, 0
0x0034	0x00F1      	MOVWF      R1
0x0035	0x01F0      	CLRF       R0
0x0036	0x081B      	MOVF       ADRESL, 0
0x0037	0x04F0      	IORWF       R0, 1
0x0038	0x3000      	MOVLW      0
0x0039	0x04F1      	IORWF       R1, 1
;__Lib_ADC_B.c,62 :: 		
L_end_ADC_Get_Sample:
0x003A	0x0008      	RETURN
; end of _ADC_Get_Sample
_NRM3232:
;__Lib_MathDouble.c,167 :: 		
;__Lib_MathDouble.c,173 :: 		
;__Lib_MathDouble.c,175 :: 		
0x003B	0x01A0      	CLRF       __math_tempbD
;__Lib_MathDouble.c,176 :: 		
0x003C	0x0872      	MOVF       R2, 0
;__Lib_MathDouble.c,177 :: 		
0x003D	0x1D03      	BTFSS      STATUS, 2
;__Lib_MathDouble.c,178 :: 		
0x003E	0x2850      	GOTO       NORM3232
;__Lib_MathDouble.c,179 :: 		
0x003F	0x0871      	MOVF       R1, 0
;__Lib_MathDouble.c,180 :: 		
0x0040	0x00F2      	MOVWF      R2
;__Lib_MathDouble.c,181 :: 		
0x0041	0x0870      	MOVF       R0, 0
;__Lib_MathDouble.c,182 :: 		
0x0042	0x00F1      	MOVWF      R1
;__Lib_MathDouble.c,183 :: 		
0x0043	0x01F0      	CLRF       R0
;__Lib_MathDouble.c,184 :: 		
0x0044	0x15A0      	BSF        __math_tempbD, 3
;__Lib_MathDouble.c,186 :: 		
0x0045	0x0872      	MOVF       R2, 0
;__Lib_MathDouble.c,187 :: 		
0x0046	0x1D03      	BTFSS      STATUS, 2
;__Lib_MathDouble.c,188 :: 		
0x0047	0x2850      	GOTO       NORM3232
;__Lib_MathDouble.c,189 :: 		
0x0048	0x0871      	MOVF       R1, 0
;__Lib_MathDouble.c,190 :: 		
0x0049	0x00F2      	MOVWF      R2
;__Lib_MathDouble.c,191 :: 		
0x004A	0x01F1      	CLRF       R1
;__Lib_MathDouble.c,192 :: 		
0x004B	0x11A0      	BCF        __math_tempbD, 3
;__Lib_MathDouble.c,193 :: 		
0x004C	0x1620      	BSF        __math_tempbD, 4
;__Lib_MathDouble.c,195 :: 		
0x004D	0x0872      	MOVF       R2, 0
;__Lib_MathDouble.c,196 :: 		
0x004E	0x1903      	BTFSC      STATUS, 2
;__Lib_MathDouble.c,197 :: 		
0x004F	0x285E      	GOTO       JPNRES032
;__Lib_MathDouble.c,198 :: 		
NORM3232:
;__Lib_MathDouble.c,199 :: 		
0x0050	0x0820      	MOVF       __math_tempbD, 0
;__Lib_MathDouble.c,200 :: 		
0x0051	0x02F3      	SUBWF      R3, 1
;__Lib_MathDouble.c,201 :: 		
0x0052	0x1D03      	BTFSS      STATUS, 2
;__Lib_MathDouble.c,202 :: 		
0x0053	0x1C03      	BTFSS      STATUS, 0
;__Lib_MathDouble.c,203 :: 		
0x0054	0x2862      	GOTO       JPNSETFUN32
;__Lib_MathDouble.c,204 :: 		
0x0055	0x1003      	BCF        STATUS, 0
;__Lib_MathDouble.c,205 :: 		
NORM3232A:
;__Lib_MathDouble.c,206 :: 		
0x0056	0x1BF2      	BTFSC      R2, 7
;__Lib_MathDouble.c,207 :: 		
0x0057	0x2866      	GOTO       JMPNFIXSIGN32
;__Lib_MathDouble.c,208 :: 		
0x0058	0x0DF0      	RLF        R0, 1
;__Lib_MathDouble.c,209 :: 		
0x0059	0x0DF1      	RLF        R1, 1
;__Lib_MathDouble.c,210 :: 		
0x005A	0x0DF2      	RLF        R2, 1
;__Lib_MathDouble.c,211 :: 		
0x005B	0x0BF3      	DECFSZ     R3, 1
;__Lib_MathDouble.c,212 :: 		
0x005C	0x2856      	GOTO       NORM3232A
;__Lib_MathDouble.c,213 :: 		
0x005D	0x2862      	GOTO       JPNSETFUN32
;__Lib_MathDouble.c,214 :: 		
JPNRES032:
;__Lib_MathDouble.c,215 :: 		
0x005E	0x3001      	MOVLW      1
;__Lib_MathDouble.c,216 :: 		
0x005F	0x00FC      	MOVWF      R12
;__Lib_MathDouble.c,218 :: 		
0x0060	0x2009      	CALL       _RES032
;__Lib_MathDouble.c,220 :: 		
0x0061	0x2869      	GOTO       NORM32EEE
;__Lib_MathDouble.c,221 :: 		
JPNSETFUN32:
;__Lib_MathDouble.c,222 :: 		
0x0062	0x3002      	MOVLW      2
;__Lib_MathDouble.c,223 :: 		
0x0063	0x00FC      	MOVWF      R12
;__Lib_MathDouble.c,225 :: 		
0x0064	0x2010      	CALL       _SETFUN32
;__Lib_MathDouble.c,227 :: 		
0x0065	0x2869      	GOTO       NORM32EEE
;__Lib_MathDouble.c,228 :: 		
JMPNFIXSIGN32:
;__Lib_MathDouble.c,229 :: 		
0x0066	0x3004      	MOVLW      4
;__Lib_MathDouble.c,230 :: 		
0x0067	0x00FC      	MOVWF      R12
;__Lib_MathDouble.c,232 :: 		
0x0068	0x201C      	CALL       _FIXSIGN32
;__Lib_MathDouble.c,234 :: 		
NORM32EEE:
;__Lib_MathDouble.c,236 :: 		
L_end_NRM3232:
0x0069	0x0008      	RETURN
; end of _NRM3232
_SETFOV32:
;__Lib_MathDouble.c,79 :: 		
;__Lib_MathDouble.c,86 :: 		
0x006A	0x14FB      	BSF        R11, 1
;__Lib_MathDouble.c,87 :: 		
0x006B	0x1FFB      	BTFSS      R11, 7
;__Lib_MathDouble.c,88 :: 		
0x006C	0x2874      	GOTO       SETFOV32EEE
;__Lib_MathDouble.c,89 :: 		
0x006D	0x30FF      	MOVLW      255
;__Lib_MathDouble.c,90 :: 		
0x006E	0x00F3      	MOVWF      R3
;__Lib_MathDouble.c,91 :: 		
0x006F	0x00F2      	MOVWF      R2
;__Lib_MathDouble.c,92 :: 		
0x0070	0x00F1      	MOVWF      R1
;__Lib_MathDouble.c,93 :: 		
0x0071	0x00F0      	MOVWF      R0
;__Lib_MathDouble.c,94 :: 		
0x0072	0x0DFA      	RLF        R10, 1
;__Lib_MathDouble.c,95 :: 		
0x0073	0x0CF2      	RRF        R2, 1
;__Lib_MathDouble.c,96 :: 		
SETFOV32EEE:
;__Lib_MathDouble.c,97 :: 		
0x0074	0x30FF      	MOVLW      255
;__Lib_MathDouble.c,99 :: 		
L_end_SETFOV32:
0x0075	0x0008      	RETURN
; end of _SETFOV32
_SETIOV3224:
;__Lib_MathDouble.c,996 :: 		
;__Lib_MathDouble.c,1002 :: 		
0x0076	0x147B      	BSF        R11, 0
;__Lib_MathDouble.c,1003 :: 		
0x0077	0x1FFB      	BTFSS      R11, 7
;__Lib_MathDouble.c,1004 :: 		
0x0078	0x2881      	GOTO       SETIOV3224EEE
;__Lib_MathDouble.c,1006 :: 		
0x0079	0x01F2      	CLRF       R2
;__Lib_MathDouble.c,1007 :: 		
0x007A	0x1FFA      	BTFSS      R10, 7
;__Lib_MathDouble.c,1008 :: 		
0x007B	0x30FF      	MOVLW      255
;__Lib_MathDouble.c,1009 :: 		
0x007C	0x00F2      	MOVWF      R2
;__Lib_MathDouble.c,1010 :: 		
0x007D	0x00F1      	MOVWF      R1
;__Lib_MathDouble.c,1011 :: 		
0x007E	0x00F0      	MOVWF      R0
;__Lib_MathDouble.c,1012 :: 		
0x007F	0x0DFA      	RLF        R10, 1
;__Lib_MathDouble.c,1013 :: 		
0x0080	0x0CF2      	RRF        R2, 1
;__Lib_MathDouble.c,1014 :: 		
SETIOV3224EEE:
;__Lib_MathDouble.c,1015 :: 		
0x0081	0x30FF      	MOVLW      255
;__Lib_MathDouble.c,1017 :: 		
L_end_SETIOV3224:
0x0082	0x0008      	RETURN
; end of _SETIOV3224
_ADC_Init:
;__Lib_ADC_B.c,21 :: 		
;__Lib_ADC_B.c,22 :: 		
0x0083	0x3023      	MOVLW      _ADC_Get_Sample
0x0084	0x0020      	MOVLB      0
0x0085	0x00A1      	MOVWF      _ADC_Get_Sample_Ptr
0x0086	0x3000      	MOVLW      hi_addr(_ADC_Get_Sample)
0x0087	0x00A2      	MOVWF      _ADC_Get_Sample_Ptr+1
0x0088	0x302C      	MOVLW      FARG_ADC_Get_Sample_channel
0x0089	0x00A3      	MOVWF      _ADC_Get_Sample_Ptr+2
0x008A	0x3000      	MOVLW      hi_addr(FARG_ADC_Get_Sample_channel)
0x008B	0x00A4      	MOVWF      _ADC_Get_Sample_Ptr+3
;__Lib_ADC_B.c,23 :: 		
0x008C	0x30F0      	MOVLW      240
0x008D	0x0021      	MOVLB      1
0x008E	0x009E      	MOVWF      ADCON1
;__Lib_ADC_B.c,24 :: 		
0x008F	0x019D      	CLRF       ADCON0
;__Lib_ADC_B.c,25 :: 		
0x0090	0x141D      	BSF        ADCON0, 0
;__Lib_ADC_B.c,26 :: 		
L_end_ADC_Init:
0x0091	0x0008      	RETURN
; end of _ADC_Init
_double2byte:
;__Lib_MathDouble.c,1662 :: 		
;__Lib_MathDouble.c,1669 :: 		
0x0092	0x0020      	MOVLB      0
;__Lib_MathDouble.c,1671 :: 		
0x0093	0x01FB      	CLRF       R11
;__Lib_MathDouble.c,1672 :: 		
0x0094	0x01FC      	CLRF       R12
;__Lib_MathDouble.c,1673 :: 		
0x0095	0x01FA      	CLRF       R10
;__Lib_MathDouble.c,1675 :: 		
0x0096	0x0873      	MOVF       R3, 0
;__Lib_MathDouble.c,1676 :: 		
0x0097	0x1903      	BTFSC      STATUS, 2
;__Lib_MathDouble.c,1677 :: 		
0x0098	0x28BE      	GOTO       IRES008
;__Lib_MathDouble.c,1679 :: 		
0x0099	0x13FA      	BCF        R10, 7
;__Lib_MathDouble.c,1680 :: 		
0x009A	0x17F2      	BSF        R2, 7
;__Lib_MathDouble.c,1682 :: 		
0x009B	0x3086      	MOVLW      134
;__Lib_MathDouble.c,1683 :: 		
0x009C	0x02F3      	SUBWF      R3, 1
;__Lib_MathDouble.c,1684 :: 		
0x009D	0x1BF3      	BTFSC      R3, 7
;__Lib_MathDouble.c,1685 :: 		
0x009E	0x28A2      	GOTO       SETEXP08
;__Lib_MathDouble.c,1686 :: 		
0x009F	0x1903      	BTFSC      STATUS, 2
;__Lib_MathDouble.c,1687 :: 		
0x00A0	0x28A2      	GOTO       SETEXP08
;__Lib_MathDouble.c,1688 :: 		
0x00A1	0x28C0      	GOTO       SETIOV08
;__Lib_MathDouble.c,1689 :: 		
SETEXP08:
;__Lib_MathDouble.c,1690 :: 		
0x00A2	0x09F3      	COMF       R3, 1
;__Lib_MathDouble.c,1691 :: 		
0x00A3	0x0AF3      	INCF       R3, 1
;__Lib_MathDouble.c,1693 :: 		
0x00A4	0x3008      	MOVLW      8
;__Lib_MathDouble.c,1694 :: 		
0x00A5	0x0273      	SUBWF      R3, 0
;__Lib_MathDouble.c,1695 :: 		
0x00A6	0x1C03      	BTFSS      STATUS, 0
;__Lib_MathDouble.c,1696 :: 		
0x00A7	0x28AF      	GOTO       TSHIFT3208
;__Lib_MathDouble.c,1697 :: 		
0x00A8	0x00F3      	MOVWF      R3
;__Lib_MathDouble.c,1698 :: 		
0x00A9	0x0DF2      	RLF        R2, 1
;__Lib_MathDouble.c,1699 :: 		
0x00AA	0x01F2      	CLRF       R2
;__Lib_MathDouble.c,1701 :: 		
0x00AB	0x0873      	MOVF       R3, 0
;__Lib_MathDouble.c,1702 :: 		
0x00AC	0x1D03      	BTFSS      STATUS, 2
;__Lib_MathDouble.c,1703 :: 		
0x00AD	0x1003      	BCF        STATUS, 0
;__Lib_MathDouble.c,1704 :: 		
0x00AE	0x28B6      	GOTO       SHIFT3208OK
;__Lib_MathDouble.c,1705 :: 		
TSHIFT3208:
;__Lib_MathDouble.c,1706 :: 		
0x00AF	0x0873      	MOVF       R3, 0
;__Lib_MathDouble.c,1707 :: 		
0x00B0	0x1903      	BTFSC      STATUS, 2
;__Lib_MathDouble.c,1708 :: 		
0x00B1	0x28B6      	GOTO       SHIFT3208OK
;__Lib_MathDouble.c,1709 :: 		
SHIFT3208:
;__Lib_MathDouble.c,1710 :: 		
0x00B2	0x1003      	BCF        STATUS, 0
;__Lib_MathDouble.c,1711 :: 		
0x00B3	0x0CF2      	RRF        R2, 1
;__Lib_MathDouble.c,1712 :: 		
0x00B4	0x0BF3      	DECFSZ     R3, 1
;__Lib_MathDouble.c,1713 :: 		
0x00B5	0x28B2      	GOTO       SHIFT3208
;__Lib_MathDouble.c,1714 :: 		
SHIFT3208OK:
;__Lib_MathDouble.c,1715 :: 		
0x00B6	0x1B7B      	BTFSC      R11, 6
;__Lib_MathDouble.c,1716 :: 		
0x00B7	0x1C72      	BTFSS      R2, 0
;__Lib_MathDouble.c,1717 :: 		
0x00B8	0x28BE      	GOTO       INT3208OK
;__Lib_MathDouble.c,1718 :: 		
0x00B9	0x1C03      	BTFSS      STATUS, 0
;__Lib_MathDouble.c,1719 :: 		
0x00BA	0x28BE      	GOTO       INT3208OK
;__Lib_MathDouble.c,1720 :: 		
0x00BB	0x0AF2      	INCF       R2, 1
;__Lib_MathDouble.c,1721 :: 		
0x00BC	0x1903      	BTFSC      STATUS, 2
;__Lib_MathDouble.c,1722 :: 		
0x00BD	0x28C5      	GOTO       D2B_JPKSETIOV3224
;__Lib_MathDouble.c,1723 :: 		
INT3208OK:
;__Lib_MathDouble.c,1724 :: 		
IRES008:
;__Lib_MathDouble.c,1725 :: 		
0x00BE	0x01F1      	CLRF       R1
;__Lib_MathDouble.c,1726 :: 		
0x00BF	0x28C8      	GOTO       INT3208EOK
;__Lib_MathDouble.c,1727 :: 		
SETIOV08:
;__Lib_MathDouble.c,1728 :: 		
0x00C0	0x147B      	BSF        R11, 0
;__Lib_MathDouble.c,1729 :: 		
0x00C1	0x1FFB      	BTFSS      R11, 7
;__Lib_MathDouble.c,1730 :: 		
0x00C2	0x28CB      	GOTO       INT3208EER
;__Lib_MathDouble.c,1732 :: 		
0x00C3	0x01F1      	CLRF       R1
;__Lib_MathDouble.c,1733 :: 		
0x00C4	0x28CB      	GOTO       INT3208EER
;__Lib_MathDouble.c,1734 :: 		
D2B_JPKSETIOV3224:
;__Lib_MathDouble.c,1735 :: 		
0x00C5	0x3001      	MOVLW      1
;__Lib_MathDouble.c,1736 :: 		
0x00C6	0x00FC      	MOVWF      R12
;__Lib_MathDouble.c,1737 :: 		
0x00C7	0x28CD      	GOTO       INT3208EEE
;__Lib_MathDouble.c,1738 :: 		
INT3208EOK:
;__Lib_MathDouble.c,1739 :: 		
0x00C8	0x3000      	MOVLW      0
;__Lib_MathDouble.c,1740 :: 		
0x00C9	0x00FC      	MOVWF      R12
;__Lib_MathDouble.c,1741 :: 		
0x00CA	0x28CD      	GOTO       INT3208EEE
;__Lib_MathDouble.c,1742 :: 		
INT3208EER:
;__Lib_MathDouble.c,1743 :: 		
0x00CB	0x30FF      	MOVLW      255
;__Lib_MathDouble.c,1744 :: 		
0x00CC	0x00FC      	MOVWF      R12
;__Lib_MathDouble.c,1745 :: 		
INT3208EEE:
;__Lib_MathDouble.c,1748 :: 		
0x00CD	0x08FC      	MOVF       R12, 1
;__Lib_MathDouble.c,1750 :: 		
0x00CE	0x1903      	BTFSC      STATUS, 2
;__Lib_MathDouble.c,1751 :: 		
0x00CF	0x28D1      	GOTO       L_Double2Byte_0
;__Lib_MathDouble.c,1753 :: 		
0x00D0	0x2076      	CALL       _SETIOV3224
;__Lib_MathDouble.c,1755 :: 		
L_Double2Byte_0:
;__Lib_MathDouble.c,1756 :: 		
0x00D1	0x0872      	MOVF       R2, 0
;__Lib_MathDouble.c,1757 :: 		
0x00D2	0x00F0      	MOVWF      R0
;__Lib_MathDouble.c,1761 :: 		
L_end_double2byte:
0x00D3	0x0008      	RETURN
; end of _double2byte
_word2double:
;__Lib_MathDouble.c,1851 :: 		
;__Lib_MathDouble.c,1857 :: 		
0x00D4	0x0020      	MOVLB      0
;__Lib_MathDouble.c,1858 :: 		
0x00D5	0x0870      	MOVF       R0, 0
;__Lib_MathDouble.c,1859 :: 		
0x00D6	0x00F8      	MOVWF      R8
;__Lib_MathDouble.c,1860 :: 		
0x00D7	0x0871      	MOVF       R1, 0
;__Lib_MathDouble.c,1861 :: 		
0x00D8	0x00F0      	MOVWF      R0
;__Lib_MathDouble.c,1862 :: 		
0x00D9	0x01F1      	CLRF       R1
;__Lib_MathDouble.c,1863 :: 		
0x00DA	0x01F2      	CLRF       R2
;__Lib_MathDouble.c,1864 :: 		
0x00DB	0x01F3      	CLRF       R3
;__Lib_MathDouble.c,1867 :: 		
0x00DC	0x01FB      	CLRF       R11
;__Lib_MathDouble.c,1868 :: 		
0x00DD	0x01FC      	CLRF       R12
;__Lib_MathDouble.c,1870 :: 		
0x00DE	0x3096      	MOVLW      150
;__Lib_MathDouble.c,1871 :: 		
0x00DF	0x00F3      	MOVWF      R3
;__Lib_MathDouble.c,1872 :: 		
0x00E0	0x01FA      	CLRF       R10
;__Lib_MathDouble.c,1874 :: 		
0x00E1	0x0870      	MOVF       R0, 0
;__Lib_MathDouble.c,1875 :: 		
0x00E2	0x00F1      	MOVWF      R1
;__Lib_MathDouble.c,1876 :: 		
0x00E3	0x0878      	MOVF       R8, 0
;__Lib_MathDouble.c,1877 :: 		
0x00E4	0x00F0      	MOVWF      R0
;__Lib_MathDouble.c,1878 :: 		
0x00E5	0x01F8      	CLRF       R8
;__Lib_MathDouble.c,1879 :: 		
0x00E6	0x01F2      	CLRF       R2
;__Lib_MathDouble.c,1881 :: 		
0x00E7	0x203B      	CALL       _NRM3232
;__Lib_MathDouble.c,1882 :: 		
L_end_word2double:
0x00E8	0x0008      	RETURN
; end of _word2double
_Div_32x32_FP:
;__Lib_MathDouble.c,758 :: 		
;__Lib_MathDouble.c,770 :: 		
;__Lib_MathDouble.c,773 :: 		
0x00E9	0x0874      	MOVF       R4, 0
0x00EA	0x3A00      	XORLW      0
0x00EB	0x1D03      	BTFSS      STATUS, 2
0x00EC	0x2902      	GOTO       L_Div_32x32_FP7
;__Lib_MathDouble.c,774 :: 		
0x00ED	0x0875      	MOVF       R5, 0
0x00EE	0x3A00      	XORLW      0
0x00EF	0x1D03      	BTFSS      STATUS, 2
0x00F0	0x2902      	GOTO       L_Div_32x32_FP8
;__Lib_MathDouble.c,775 :: 		
0x00F1	0x0876      	MOVF       R6, 0
0x00F2	0x3A00      	XORLW      0
0x00F3	0x1D03      	BTFSS      STATUS, 2
0x00F4	0x2902      	GOTO       L_Div_32x32_FP9
;__Lib_MathDouble.c,776 :: 		
0x00F5	0x0877      	MOVF       R7, 0
0x00F6	0x3A00      	XORLW      0
0x00F7	0x1D03      	BTFSS      STATUS, 2
0x00F8	0x2902      	GOTO       L_Div_32x32_FP10
;__Lib_MathDouble.c,777 :: 		
0x00F9	0x30FF      	MOVLW      255
0x00FA	0x00F0      	MOVWF      R0
;__Lib_MathDouble.c,778 :: 		
0x00FB	0x30FF      	MOVLW      255
0x00FC	0x00F1      	MOVWF      R1
;__Lib_MathDouble.c,779 :: 		
0x00FD	0x307F      	MOVLW      127
0x00FE	0x00F2      	MOVWF      R2
;__Lib_MathDouble.c,780 :: 		
0x00FF	0x30FF      	MOVLW      255
0x0100	0x00F3      	MOVWF      R3
;__Lib_MathDouble.c,781 :: 		
0x0101	0x299C      	GOTO       L_end_Div_32x32_FP
;__Lib_MathDouble.c,782 :: 		
L_Div_32x32_FP10:
L_Div_32x32_FP9:
L_Div_32x32_FP8:
L_Div_32x32_FP7:
;__Lib_MathDouble.c,785 :: 		
0x0102	0x0020      	MOVLB      0
;__Lib_MathDouble.c,787 :: 		
0x0103	0x0877      	MOVF       R7, 0
;__Lib_MathDouble.c,788 :: 		
0x0104	0x1903      	BTFSC      STATUS, 2
;__Lib_MathDouble.c,789 :: 		
0x0105	0x2990      	GOTO       JPDSETFDZ32
;__Lib_MathDouble.c,791 :: 		
0x0106	0x0873      	MOVF       R3, 0
;__Lib_MathDouble.c,792 :: 		
0x0107	0x1903      	BTFSC      STATUS, 2
;__Lib_MathDouble.c,793 :: 		
0x0108	0x2993      	GOTO       JPDRES032
;__Lib_MathDouble.c,795 :: 		
0x0109	0x0872      	MOVF       R2, 0
;__Lib_MathDouble.c,796 :: 		
0x010A	0x0676      	XORWF      R6, 0
;__Lib_MathDouble.c,797 :: 		
0x010B	0x3980      	ANDLW      128
;__Lib_MathDouble.c,798 :: 		
0x010C	0x00FA      	MOVWF      R10
;__Lib_MathDouble.c,799 :: 		
0x010D	0x17F2      	BSF        R2, 7
;__Lib_MathDouble.c,800 :: 		
0x010E	0x17F6      	BSF        R6, 7
;__Lib_MathDouble.c,802 :: 		
0x010F	0x01A0      	CLRF       __math_tempbD
;__Lib_MathDouble.c,803 :: 		
0x0110	0x0872      	MOVF       R2, 0
;__Lib_MathDouble.c,804 :: 		
0x0111	0x00F8      	MOVWF      R8
;__Lib_MathDouble.c,805 :: 		
0x0112	0x0871      	MOVF       R1, 0
;__Lib_MathDouble.c,806 :: 		
0x0113	0x00FC      	MOVWF      R12
;__Lib_MathDouble.c,807 :: 		
0x0114	0x0870      	MOVF       R0, 0
;__Lib_MathDouble.c,808 :: 		
0x0115	0x00FD      	MOVWF      R13
;__Lib_MathDouble.c,810 :: 		
0x0116	0x0874      	MOVF       R4, 0
;__Lib_MathDouble.c,811 :: 		
0x0117	0x02FD      	SUBWF      R13, 1
;__Lib_MathDouble.c,812 :: 		
0x0118	0x0875      	MOVF       R5, 0
;__Lib_MathDouble.c,813 :: 		
0x0119	0x1C03      	BTFSS      STATUS, 0
;__Lib_MathDouble.c,814 :: 		
0x011A	0x0F75      	INCFSZ     R5, 0
;__Lib_MathDouble.c,816 :: 		
0x011B	0x02FC      	SUBWF      R12, 1
;__Lib_MathDouble.c,817 :: 		
0x011C	0x0876      	MOVF       R6, 0
;__Lib_MathDouble.c,818 :: 		
0x011D	0x1C03      	BTFSS      STATUS, 0
;__Lib_MathDouble.c,819 :: 		
0x011E	0x0F76      	INCFSZ     R6, 0
;__Lib_MathDouble.c,821 :: 		
0x011F	0x02F8      	SUBWF      R8, 1
;__Lib_MathDouble.c,822 :: 		
0x0120	0x01F8      	CLRF       R8
;__Lib_MathDouble.c,823 :: 		
0x0121	0x01FC      	CLRF       R12
;__Lib_MathDouble.c,824 :: 		
0x0122	0x01FD      	CLRF       R13
;__Lib_MathDouble.c,825 :: 		
0x0123	0x1C03      	BTFSS      STATUS, 0
;__Lib_MathDouble.c,826 :: 		
0x0124	0x292C      	GOTO       DALIGN32OK
;__Lib_MathDouble.c,828 :: 		
0x0125	0x1003      	BCF        STATUS, 0
;__Lib_MathDouble.c,829 :: 		
0x0126	0x0CF2      	RRF        R2, 1
;__Lib_MathDouble.c,830 :: 		
0x0127	0x0CF1      	RRF        R1, 1
;__Lib_MathDouble.c,831 :: 		
0x0128	0x0CF0      	RRF        R0, 1
;__Lib_MathDouble.c,832 :: 		
0x0129	0x0CF8      	RRF        R8, 1
;__Lib_MathDouble.c,833 :: 		
0x012A	0x3001      	MOVLW      1
;__Lib_MathDouble.c,834 :: 		
0x012B	0x00A0      	MOVWF      __math_tempbD
;__Lib_MathDouble.c,835 :: 		
DALIGN32OK:
;__Lib_MathDouble.c,836 :: 		
0x012C	0x0877      	MOVF       R7, 0
;__Lib_MathDouble.c,837 :: 		
0x012D	0x02F3      	SUBWF      R3, 1
;__Lib_MathDouble.c,838 :: 		
0x012E	0x1C03      	BTFSS      STATUS, 0
;__Lib_MathDouble.c,839 :: 		
0x012F	0x2936      	GOTO       ALTB32
;__Lib_MathDouble.c,841 :: 		
0x0130	0x307E      	MOVLW      126
;__Lib_MathDouble.c,842 :: 		
0x0131	0x0720      	ADDWF      __math_tempbD, 0
;__Lib_MathDouble.c,843 :: 		
0x0132	0x07F3      	ADDWF      R3, 1
;__Lib_MathDouble.c,844 :: 		
0x0133	0x1803      	BTFSC      STATUS, 0
;__Lib_MathDouble.c,845 :: 		
0x0134	0x2996      	GOTO       JPDSETFOV32
;__Lib_MathDouble.c,846 :: 		
0x0135	0x293B      	GOTO       DARGOK32
;__Lib_MathDouble.c,847 :: 		
ALTB32:
;__Lib_MathDouble.c,848 :: 		
0x0136	0x307E      	MOVLW      126
;__Lib_MathDouble.c,849 :: 		
0x0137	0x0720      	ADDWF      __math_tempbD, 0
;__Lib_MathDouble.c,850 :: 		
0x0138	0x07F3      	ADDWF      R3, 1
;__Lib_MathDouble.c,851 :: 		
0x0139	0x1C03      	BTFSS      STATUS, 0
;__Lib_MathDouble.c,852 :: 		
0x013A	0x2999      	GOTO       JPDSETFUN32
;__Lib_MathDouble.c,853 :: 		
DARGOK32:
;__Lib_MathDouble.c,854 :: 		
0x013B	0x3018      	MOVLW      24
;__Lib_MathDouble.c,856 :: 		
0x013C	0x07FA      	ADDWF      R10, 1
;__Lib_MathDouble.c,857 :: 		
DLOOP32:
;__Lib_MathDouble.c,858 :: 		
0x013D	0x0DFD      	RLF        R13, 1
;__Lib_MathDouble.c,859 :: 		
0x013E	0x0DFC      	RLF        R12, 1
;__Lib_MathDouble.c,860 :: 		
0x013F	0x0DF8      	RLF        R8, 1
;__Lib_MathDouble.c,861 :: 		
0x0140	0x0DF0      	RLF        R0, 1
;__Lib_MathDouble.c,862 :: 		
0x0141	0x0DF1      	RLF        R1, 1
;__Lib_MathDouble.c,863 :: 		
0x0142	0x0DF2      	RLF        R2, 1
;__Lib_MathDouble.c,864 :: 		
0x0143	0x0DA0      	RLF        __math_tempbD, 1
;__Lib_MathDouble.c,866 :: 		
0x0144	0x0874      	MOVF       R4, 0
;__Lib_MathDouble.c,867 :: 		
0x0145	0x02F0      	SUBWF      R0, 1
;__Lib_MathDouble.c,868 :: 		
0x0146	0x0875      	MOVF       R5, 0
;__Lib_MathDouble.c,869 :: 		
0x0147	0x1C03      	BTFSS      STATUS, 0
;__Lib_MathDouble.c,870 :: 		
0x0148	0x0F75      	INCFSZ     R5, 0
;__Lib_MathDouble.c,872 :: 		
0x0149	0x02F1      	SUBWF      R1, 1
;__Lib_MathDouble.c,873 :: 		
0x014A	0x0876      	MOVF       R6, 0
;__Lib_MathDouble.c,874 :: 		
0x014B	0x1C03      	BTFSS      STATUS, 0
;__Lib_MathDouble.c,875 :: 		
0x014C	0x0F76      	INCFSZ     R6, 0
;__Lib_MathDouble.c,877 :: 		
0x014D	0x02F2      	SUBWF      R2, 1
;__Lib_MathDouble.c,878 :: 		
0x014E	0x0D76      	RLF        R6, 0
;__Lib_MathDouble.c,879 :: 		
0x014F	0x04A0      	IORWF       __math_tempbD, 1
;__Lib_MathDouble.c,880 :: 		
0x0150	0x1C20      	BTFSS      __math_tempbD, 0
;__Lib_MathDouble.c,881 :: 		
0x0151	0x2954      	GOTO       DREST32
;__Lib_MathDouble.c,882 :: 		
0x0152	0x147D      	BSF        R13, 0
;__Lib_MathDouble.c,883 :: 		
0x0153	0x295F      	GOTO       DOK32
;__Lib_MathDouble.c,884 :: 		
DREST32:
;__Lib_MathDouble.c,885 :: 		
0x0154	0x0874      	MOVF       R4, 0
;__Lib_MathDouble.c,886 :: 		
0x0155	0x07F0      	ADDWF      R0, 1
;__Lib_MathDouble.c,887 :: 		
0x0156	0x0875      	MOVF       R5, 0
;__Lib_MathDouble.c,888 :: 		
0x0157	0x1803      	BTFSC      STATUS, 0
;__Lib_MathDouble.c,889 :: 		
0x0158	0x0F75      	INCFSZ     R5, 0
;__Lib_MathDouble.c,891 :: 		
0x0159	0x07F1      	ADDWF      R1, 1
;__Lib_MathDouble.c,892 :: 		
0x015A	0x0876      	MOVF       R6, 0
;__Lib_MathDouble.c,893 :: 		
0x015B	0x1803      	BTFSC      STATUS, 0
;__Lib_MathDouble.c,894 :: 		
0x015C	0x0A76      	INCF       R6, 0
;__Lib_MathDouble.c,895 :: 		
0x015D	0x07F2      	ADDWF      R2, 1
;__Lib_MathDouble.c,896 :: 		
0x015E	0x107D      	BCF        R13, 0
;__Lib_MathDouble.c,897 :: 		
DOK32:
;__Lib_MathDouble.c,899 :: 		
0x015F	0x03FA      	DECF       R10, 1
;__Lib_MathDouble.c,900 :: 		
0x0160	0x301F      	MOVLW      31
;__Lib_MathDouble.c,901 :: 		
0x0161	0x057A      	ANDWF      R10, 0
;__Lib_MathDouble.c,902 :: 		
0x0162	0x1D03      	BTFSS      STATUS, 2
;__Lib_MathDouble.c,903 :: 		
0x0163	0x293D      	GOTO       DLOOP32
;__Lib_MathDouble.c,905 :: 		
0x0164	0x1B7B      	BTFSC      R11, 6
;__Lib_MathDouble.c,906 :: 		
0x0165	0x1C7D      	BTFSS      R13, 0
;__Lib_MathDouble.c,907 :: 		
0x0166	0x2986      	GOTO       DIV32OK
;__Lib_MathDouble.c,908 :: 		
0x0167	0x1003      	BCF        STATUS, 0
;__Lib_MathDouble.c,909 :: 		
0x0168	0x0DF0      	RLF        R0, 1
;__Lib_MathDouble.c,910 :: 		
0x0169	0x0DF1      	RLF        R1, 1
;__Lib_MathDouble.c,911 :: 		
0x016A	0x0DF2      	RLF        R2, 1
;__Lib_MathDouble.c,912 :: 		
0x016B	0x0DA0      	RLF        __math_tempbD, 1
;__Lib_MathDouble.c,914 :: 		
0x016C	0x0874      	MOVF       R4, 0
;__Lib_MathDouble.c,915 :: 		
0x016D	0x02F0      	SUBWF      R0, 1
;__Lib_MathDouble.c,916 :: 		
0x016E	0x0875      	MOVF       R5, 0
;__Lib_MathDouble.c,917 :: 		
0x016F	0x1C03      	BTFSS      STATUS, 0
;__Lib_MathDouble.c,918 :: 		
0x0170	0x0F75      	INCFSZ     R5, 0
;__Lib_MathDouble.c,919 :: 		
0x0171	0x02F1      	SUBWF      R1, 1
;__Lib_MathDouble.c,920 :: 		
0x0172	0x0876      	MOVF       R6, 0
;__Lib_MathDouble.c,921 :: 		
0x0173	0x1C03      	BTFSS      STATUS, 0
;__Lib_MathDouble.c,922 :: 		
0x0174	0x0F76      	INCFSZ     R6, 0
;__Lib_MathDouble.c,923 :: 		
0x0175	0x02F2      	SUBWF      R2, 1
;__Lib_MathDouble.c,924 :: 		
0x0176	0x0D76      	RLF        R6, 0
;__Lib_MathDouble.c,925 :: 		
0x0177	0x0420      	IORWF       __math_tempbD, 0
;__Lib_MathDouble.c,926 :: 		
0x0178	0x3901      	ANDLW      1
;__Lib_MathDouble.c,927 :: 		
0x0179	0x07FD      	ADDWF      R13, 1
;__Lib_MathDouble.c,928 :: 		
0x017A	0x1803      	BTFSC      STATUS, 0
;__Lib_MathDouble.c,929 :: 		
0x017B	0x0AFC      	INCF       R12, 1
;__Lib_MathDouble.c,930 :: 		
0x017C	0x1903      	BTFSC      STATUS, 2
;__Lib_MathDouble.c,931 :: 		
0x017D	0x0AF8      	INCF       R8, 1
;__Lib_MathDouble.c,932 :: 		
0x017E	0x1D03      	BTFSS      STATUS, 2
;__Lib_MathDouble.c,933 :: 		
0x017F	0x2986      	GOTO       DIV32OK
;__Lib_MathDouble.c,934 :: 		
0x0180	0x0CF8      	RRF        R8, 1
;__Lib_MathDouble.c,935 :: 		
0x0181	0x0CFC      	RRF        R12, 1
;__Lib_MathDouble.c,936 :: 		
0x0182	0x0CFD      	RRF        R13, 1
;__Lib_MathDouble.c,937 :: 		
0x0183	0x0AF3      	INCF       R3, 1
;__Lib_MathDouble.c,938 :: 		
0x0184	0x1903      	BTFSC      STATUS, 2
;__Lib_MathDouble.c,939 :: 		
0x0185	0x2996      	GOTO       JPDSETFOV32
;__Lib_MathDouble.c,940 :: 		
DIV32OK:
;__Lib_MathDouble.c,941 :: 		
0x0186	0x1FFA      	BTFSS      R10, 7
;__Lib_MathDouble.c,942 :: 		
0x0187	0x13F8      	BCF        R8, 7
;__Lib_MathDouble.c,943 :: 		
0x0188	0x0878      	MOVF       R8, 0
;__Lib_MathDouble.c,944 :: 		
0x0189	0x00F2      	MOVWF      R2
;__Lib_MathDouble.c,945 :: 		
0x018A	0x087C      	MOVF       R12, 0
;__Lib_MathDouble.c,946 :: 		
0x018B	0x00F1      	MOVWF      R1
;__Lib_MathDouble.c,947 :: 		
0x018C	0x087D      	MOVF       R13, 0
;__Lib_MathDouble.c,948 :: 		
0x018D	0x00F0      	MOVWF      R0
;__Lib_MathDouble.c,950 :: 		
0x018E	0x3000      	MOVLW      0
;__Lib_MathDouble.c,952 :: 		
0x018F	0x299B      	GOTO       DIV32EEE
;__Lib_MathDouble.c,953 :: 		
JPDSETFDZ32:
;__Lib_MathDouble.c,954 :: 		
0x0190	0x3001      	MOVLW      1
;__Lib_MathDouble.c,957 :: 		
0x0191	0x2020      	CALL       _SETFDZ32
;__Lib_MathDouble.c,959 :: 		
0x0192	0x299B      	GOTO       DIV32EEE
;__Lib_MathDouble.c,960 :: 		
JPDRES032:
;__Lib_MathDouble.c,961 :: 		
0x0193	0x3002      	MOVLW      2
;__Lib_MathDouble.c,964 :: 		
0x0194	0x2009      	CALL       _RES032
;__Lib_MathDouble.c,966 :: 		
0x0195	0x299B      	GOTO       DIV32EEE
;__Lib_MathDouble.c,967 :: 		
JPDSETFOV32:
;__Lib_MathDouble.c,968 :: 		
0x0196	0x3004      	MOVLW      4
;__Lib_MathDouble.c,971 :: 		
0x0197	0x206A      	CALL       _SETFOV32
;__Lib_MathDouble.c,973 :: 		
0x0198	0x299B      	GOTO       DIV32EEE
;__Lib_MathDouble.c,974 :: 		
JPDSETFUN32:
;__Lib_MathDouble.c,975 :: 		
0x0199	0x3008      	MOVLW      8
;__Lib_MathDouble.c,978 :: 		
0x019A	0x2010      	CALL       _SETFUN32
;__Lib_MathDouble.c,980 :: 		
DIV32EEE:
;__Lib_MathDouble.c,981 :: 		
0x019B	0x0000      	NOP
;__Lib_MathDouble.c,990 :: 		
L_end_Div_32x32_FP:
0x019C	0x0008      	RETURN
; end of _Div_32x32_FP
_ADC_Read:
;__Lib_ADC_B.c,64 :: 		
;__Lib_ADC_B.c,66 :: 		
0x019D	0x2083      	CALL       _ADC_Init
;__Lib_ADC_B.c,67 :: 		
0x019E	0x0020      	MOVLB      0
0x019F	0x082B      	MOVF       FARG_ADC_Read_channel, 0
0x01A0	0x00AC      	MOVWF      FARG_ADC_Get_Sample_channel
0x01A1	0x2023      	CALL       _ADC_Get_Sample
;__Lib_ADC_B.c,68 :: 		
0x01A2	0x101D      	BCF        ADCON0, 0
;__Lib_ADC_B.c,69 :: 		
;__Lib_ADC_B.c,70 :: 		
L_end_ADC_Read:
0x01A3	0x0008      	RETURN
; end of _ADC_Read
___CC2DW:
;__Lib_System.c,71 :: 		
;__Lib_System.c,73 :: 		
_CC2DL_Loop1:
;__Lib_System.c,74 :: 		
0x01A4	0x0012      	MOVIW      FSR0++ 
;__Lib_System.c,75 :: 		
0x01A5	0x001E      	MOVWI      FSR1++ 
;__Lib_System.c,76 :: 		
0x01A6	0x03F0      	DECF       R0, 1
;__Lib_System.c,77 :: 		
0x01A7	0x1D03      	BTFSS      STATUS, 2
;__Lib_System.c,78 :: 		
0x01A8	0x29A4      	GOTO       _CC2DL_Loop1
;__Lib_System.c,79 :: 		
0x01A9	0x03F1      	DECF       R1, 1
;__Lib_System.c,80 :: 		
0x01AA	0x1D03      	BTFSS      STATUS, 2
;__Lib_System.c,81 :: 		
0x01AB	0x29A4      	GOTO       _CC2DL_Loop1
;__Lib_System.c,83 :: 		
L_end___CC2DW:
0x01AC	0x0008      	RETURN
; end of ___CC2DW
_main:
;dac_pwm.c,5 :: 		void main()
;dac_pwm.c,8 :: 		SCS1_bit=1;
0x01AD	0x0021      	MOVLB      1
0x01AE	0x1499      	BSF        SCS1_bit, BitPos(SCS1_bit+0)
;dac_pwm.c,9 :: 		SCS0_bit=0;
0x01AF	0x1019      	BCF        SCS0_bit, BitPos(SCS0_bit+0)
;dac_pwm.c,12 :: 		IRCF3_bit=1;
0x01B0	0x1719      	BSF        IRCF3_bit, BitPos(IRCF3_bit+0)
;dac_pwm.c,13 :: 		IRCF2_bit=1;
0x01B1	0x1699      	BSF        IRCF2_bit, BitPos(IRCF2_bit+0)
;dac_pwm.c,14 :: 		IRCF1_bit=1;
0x01B2	0x1619      	BSF        IRCF1_bit, BitPos(IRCF1_bit+0)
;dac_pwm.c,15 :: 		IRCF0_bit=0;
0x01B3	0x1199      	BCF        IRCF0_bit, BitPos(IRCF0_bit+0)
;dac_pwm.c,18 :: 		ansela=0;
0x01B4	0x0023      	MOVLB      3
0x01B5	0x018C      	CLRF       ANSELA
;dac_pwm.c,19 :: 		ANSELA.b1=1; //entrada analoga
0x01B6	0x148C      	BSF        ANSELA, 1
;dac_pwm.c,22 :: 		trisa.b1=1;
0x01B7	0x0021      	MOVLB      1
0x01B8	0x148C      	BSF        TRISA, 1
;dac_pwm.c,23 :: 		trisa.b0=1; //salida DAC
0x01B9	0x140C      	BSF        TRISA, 0
;dac_pwm.c,28 :: 		DACCON0=0;
0x01BA	0x0022      	MOVLB      2
0x01BB	0x0198      	CLRF       DACCON0
;dac_pwm.c,29 :: 		DACCON1=0;
0x01BC	0x0199      	CLRF       DACCON1
;dac_pwm.c,30 :: 		DACEN_bit=1; //HABILITA EL DAC
0x01BD	0x1798      	BSF        DACEN_bit, BitPos(DACEN_bit+0)
;dac_pwm.c,31 :: 		DACOE_bit=1; //CONECTA EL dac A RAO
0x01BE	0x1698      	BSF        DACOE_bit, BitPos(DACOE_bit+0)
;dac_pwm.c,33 :: 		while (1)
L_main0:
;dac_pwm.c,35 :: 		codigo=ADC_Read(1);
0x01BF	0x3001      	MOVLW      1
0x01C0	0x0020      	MOVLB      0
0x01C1	0x00AB      	MOVWF      FARG_ADC_Read_channel
0x01C2	0x219D      	CALL       _ADC_Read
0x01C3	0x0870      	MOVF       R0, 0
0x01C4	0x0020      	MOVLB      0
0x01C5	0x00A9      	MOVWF      _codigo
0x01C6	0x0871      	MOVF       R1, 0
0x01C7	0x00AA      	MOVWF      _codigo+1
;dac_pwm.c,36 :: 		dac=codigo/32.0;// para pasar a 5 bits
0x01C8	0x20D4      	CALL       _word2double
0x01C9	0x3000      	MOVLW      0
0x01CA	0x00F4      	MOVWF      R4
0x01CB	0x3000      	MOVLW      0
0x01CC	0x00F5      	MOVWF      R5
0x01CD	0x3000      	MOVLW      0
0x01CE	0x00F6      	MOVWF      R6
0x01CF	0x3084      	MOVLW      132
0x01D0	0x00F7      	MOVWF      R7
0x01D1	0x20E9      	CALL       _Div_32x32_FP
0x01D2	0x0870      	MOVF       R0, 0
0x01D3	0x00A5      	MOVWF      _dac
0x01D4	0x0871      	MOVF       R1, 0
0x01D5	0x00A6      	MOVWF      _dac+1
0x01D6	0x0872      	MOVF       R2, 0
0x01D7	0x00A7      	MOVWF      _dac+2
0x01D8	0x0873      	MOVF       R3, 0
0x01D9	0x00A8      	MOVWF      _dac+3
;dac_pwm.c,37 :: 		DACCON1=dac;
0x01DA	0x2092      	CALL       _double2byte
0x01DB	0x0870      	MOVF       R0, 0
0x01DC	0x0022      	MOVLB      2
0x01DD	0x0099      	MOVWF      DACCON1
;dac_pwm.c,39 :: 		}
0x01DE	0x29BF      	GOTO       L_main0
;dac_pwm.c,45 :: 		}
L_end_main:
0x01DF	0x29DF      	GOTO       $+0
; end of _main
Symbol List:
//** Routines locations **
//ADDRESS    SIZE    PROCEDURE
//----------------------------------------------
0x0003       [6]    _Delay_22us
0x0009       [7]    _RES032
0x0010      [12]    _SETFUN32
0x001C       [4]    _FIXSIGN32
0x0020       [3]    _SETFDZ32
0x0023      [24]    _ADC_Get_Sample
0x003B      [47]    _NRM3232
0x006A      [12]    _SETFOV32
0x0076      [13]    _SETIOV3224
0x0083      [15]    _ADC_Init
0x0092      [66]    _double2byte
0x00D4      [21]    _word2double
0x00E9     [180]    _Div_32x32_FP
0x019D       [7]    _ADC_Read
0x01A4       [9]    ___CC2DW
0x01AD      [51]    _main
//** Variables locations ** 
//ADDRESS    SIZE    VARIABLE
//----------------------------------------------
0x0000       [1]    INDF0
0x0001       [1]    INDF1
0x0003       [1]    STATUS
0x0004       [1]    FSR0L
0x0005       [1]    FSR0H
0x0006       [1]    FSR1L
0x0007       [1]    FSR1H
0x000A       [1]    PCLATH
0x0020       [1]    __math_tempbD
0x0021       [4]    _ADC_Get_Sample_Ptr
0x0025       [4]    _dac
0x0029       [2]    _codigo
0x002B       [1]    FARG_ADC_Read_channel
0x002C       [1]    FARG_ADC_Get_Sample_channel
0x0070       [1]    R0
0x0071       [1]    R1
0x0072       [1]    R2
0x0073       [1]    R3
0x0074       [1]    R4
0x0075       [1]    R5
0x0076       [1]    R6
0x0077       [1]    R7
0x0078       [1]    R8
0x0079       [1]    R9
0x007A       [1]    R10
0x007B       [1]    R11
0x007C       [1]    R12
0x007D       [1]    R13
0x007E       [1]    R14
0x007F       [1]    R15
0x008C       [1]    TRISA
0x0099       [0]    IRCF2_bit
0x0099       [0]    IRCF1_bit
0x0099       [0]    IRCF3_bit
0x0099       [0]    SCS0_bit
0x0099       [0]    IRCF0_bit
0x0099       [0]    SCS1_bit
0x009B       [1]    ADRESL
0x009C       [1]    ADRESH
0x009D       [1]    ADCON0
0x009E       [1]    ADCON1
0x0118       [0]    DACEN_bit
0x0118       [1]    DACCON0
0x0118       [0]    DACOE_bit
0x0119       [1]    DACCON1
0x018C       [1]    ANSELA
